@CulgiVersion: 5.0.1
MBF-Hybrid Simulation of box
Job Start time: Wed Sep 14 10:13:15 2011
----------------------------------------------------------------------------

Simulation Parameters:
----------------------

Field Diffusion: on
Bead Diffusion: on
Temperature: 0.1
Bead Diffusion frequency: 1
Field Diffusion frequency: 1
Time step: 0.01

DDFT Engine parameters: 
Field diffusion Method: EntropyFieldDynamics
Kappa: 15
Reference density: 1

NLESolverEngine parameters, DDFT Molecular Diffusion
Strict tolerance: On
Direction optimization Method: SteepestDescent
Starting Alpha: 0.5
Reset Alpha: On
Tolerance: 0.0001
Maximum Iterations: 25000
Maximum Line Iterations: 5

Gaussian chain interaction parameters:
---------------------------------------

Bead parameters:
Type  Volume  Diffusion  Viscosity  Expansion  ExtFieldConst  ChargeType  Charge  pK   Dielec  ImplIonInter  
A     1       1          1          0.1        1              Strong      0       N/A  1       0             
B     1       1          1          0.1        1              Strong      0       N/A  1       0             

Binary interaction parameters:
Type1  Type2  Chi       ChiL  
A      B      0.666667  0     

Soft core model interaction parameters:
---------------------------------------

Bead parameters:
Type  Mass  BondValence  Diffusion  Sigma  ExtFieldConst  ChargeType  Charge  pK   Dielec  ImplIonInter  
P     1     2            0.1        0.8    1              Strong      0       N/A  1       0             

Pair interaction parameters:
Type1  Type2  A   
P      P      25  

Mesoscopic bead-field hybrid interaction parameters:
----------------------------------------------------

Bead-Field coupling parameters:
Bead  Field  parameter  
P     A      12         
P     B      16         

System Details:
---------------

Box: 64 X 64 X 1
GAUSSIANCHAIN: bcp (A20B16):  (Average number density: 0.633789)
Overall gaussian beads number density: 0.633789
SOFTCOREMOLECULE: np: 2000 (Bead fraction: 0.435161)
Overall Soft-core bead number density: 0.488281

Initial Gaussian Chains Density Inhomogeneity: 5.85643e-15

Initial Explicit Charge: 0

Initial Energies:
Softcore molecules bond stretching energy: 0
Softcore molecules angle bending energy: 0
Softcore molecules torsional energy: 0
Softcore molecules non-bonded energy: 3200.83
Softcore molecules electrostatics energy: 0
Softcore molecules external potential energy: 0
Softcore molecules Potential energy: 20665.2
Gaussian total free energy: 4027.3
Gaussian ideal free energy: -363.408
Gaussian contact free energy: 270.834
Gaussian compressibility free energy: 4119.87
Gaussian electrostatic free energy: 0
Softcore molecules field coupling energy: 17464.4

Average Energies:
Softcore molecules bond stretching energy: 0
Softcore molecules angle bending energy: 0
Softcore molecules torsional energy: 0
Softcore molecules non-bonded energy: 1459.97
Softcore molecules electrostatics energy: 0
Softcore molecules external potential energy: 0
Softcore molecules Potential energy: 3318.14
Gaussian total free energy: 9589.78
Gaussian ideal free energy: -106.856
Gaussian contact free energy: 180.161
Gaussian compressibility free energy: 9516.47
Gaussian electrostatic free energy: 0
Softcore molecules field coupling energy: 1858.17

Average Explicit Charge: 0

Average Gaussian Chains Density Inhomogeneity: 0.35839

Final Energies:
Softcore molecules bond stretching energy: 0
Softcore molecules angle bending energy: 0
Softcore molecules torsional energy: 0
Softcore molecules non-bonded energy: 1431.48
Softcore molecules electrostatics energy: 0
Softcore molecules external potential energy: 0
Softcore molecules Potential energy: 3118.5
Gaussian total free energy: 9650.41
Gaussian ideal free energy: -110.189
Gaussian contact free energy: 175.373
Gaussian compressibility free energy: 9585.23
Gaussian electrostatic free energy: 0
Softcore molecules field coupling energy: 1687.01

Final Gaussian Chains Density Inhomogeneity: 0.362031

Iteration report, DDFT Molecular Diffusion
Number of solves: 1100000
Number of function calls: 11392708
Average number of iterations: 9.35701 (min 9, max 12)
Average end norm: 7.81217e-05 (min 4.84999e-05, max 0.0001)


Final Explicit Charge: 0

Time used by 1100000 calculation steps on 2 processors: 27 Hours 17 Minutes 45 Seconds.

