@CulgiVersion: 5.0.1
MBF-Hybrid Simulation of box
Job Start time: Wed Feb  1 18:30:28 2012
----------------------------------------------------------------------------

Simulation Parameters:
----------------------

Field Diffusion: off
Bead Diffusion: on
Temperature: 0.1
Bead Diffusion frequency: 1
Time step: 0.01

Soft core model interaction parameters:
---------------------------------------

Bead parameters:
Type  Mass  BondValence  Diffusion  Sigma  ExtFieldConst  ChargeType  Charge  pK   Dielec  ImplIonInter  
P     1     2            0.01       0.8    1              Strong      0       N/A  1       0             

Pair interaction parameters:
Type1  Type2  A   
P      P      10  

Mesoscopic bead-field hybrid interaction parameters:
----------------------------------------------------

Bead-Field coupling parameters:
Bead  Field  parameter  
P     A      0          
P     B      0          

System Details:
---------------

Box: 64 X 64 X 1
GAUSSIANCHAIN: bcp (A20B16):  (Average number density: 0.976562)
Overall gaussian beads number density: 0.976562
SOFTCOREMOLECULE: np: 256 (Bead fraction: 0.0601504)
Overall Soft-core bead number density: 0.0625

Initial Explicit Charge: 0

Initial Energies:
Softcore molecules bond stretching energy: 0
Softcore molecules angle bending energy: 0
Softcore molecules torsional energy: 0
Softcore molecules non-bonded energy: 4.86176
Softcore molecules electrostatics energy: 0
Softcore molecules external potential energy: 0
Softcore molecules Potential energy: 4.86176
Softcore molecules field coupling energy: 0

Average Energies:
Softcore molecules bond stretching energy: 0
Softcore molecules angle bending energy: 0
Softcore molecules torsional energy: 0
Softcore molecules non-bonded energy: 0.183928
Softcore molecules electrostatics energy: 0
Softcore molecules external potential energy: 0
Softcore molecules Potential energy: 0.183928
Softcore molecules field coupling energy: 0

Average Explicit Charge: 0

Final Energies:
Softcore molecules bond stretching energy: 0
Softcore molecules angle bending energy: 0
Softcore molecules torsional energy: 0
Softcore molecules non-bonded energy: 0.132292
Softcore molecules electrostatics energy: 0
Softcore molecules external potential energy: 0
Softcore molecules Potential energy: 0.132292
Softcore molecules field coupling energy: 0

Final Explicit Charge: 0

Time used by 100900 calculation steps on 4 processors: 0 Hours 0 Minutes 21 Seconds.

@CulgiVersion: 5.0.1
MBF-Hybrid Simulation of box
Job Start time: Wed Feb  1 18:30:49 2012
----------------------------------------------------------------------------

Simulation Parameters:
----------------------

Field Diffusion: on
Bead Diffusion: off
Field Diffusion frequency: 1
Time step: 0.01

DDFT Engine parameters: 
Field diffusion Method: EntropyFieldDynamics
Kappa: 15
Reference density: 1

NLESolverEngine parameters, DDFT Molecular Diffusion
Strict tolerance: On
Direction optimization Method: SteepestDescent
Starting Alpha: 0.5
Reset Alpha: On
Tolerance: 0.0001
Maximum Iterations: 25000
Maximum Line Iterations: 5

Gaussian chain interaction parameters:
---------------------------------------

Bead parameters:
Type  Volume  Diffusion  Viscosity  Expansion  ExtFieldConst  ChargeType  Charge  pK   Dielec  ImplIonInter  
A     1       1          1          0.1        1              Strong      0       N/A  1       0             
B     1       1          1          0.1        1              Strong      0       N/A  1       0             

Binary interaction parameters:
Type1  Type2  Chi  ChiL  
A      B      0    0     

Mesoscopic bead-field hybrid interaction parameters:
----------------------------------------------------

Bead-Field coupling parameters:
Bead  Field  parameter  
P     A      6          
P     B      6          

System Details:
---------------

Box: 64 X 64 X 1
GAUSSIANCHAIN: bcp (A20B16):  (Average number density: 0.976562)
Overall gaussian beads number density: 0.976562
SOFTCOREMOLECULE: np: 256 (Bead fraction: 0.0601504)
Overall Soft-core bead number density: 0.0625

Initial Gaussian Chains Density Inhomogeneity: 3.13638e-15

Initial Explicit Charge: 0

Initial Energies:
Gaussian total free energy: -495.04
Gaussian ideal free energy: -511.915
Gaussian contact free energy: 0
Gaussian compressibility free energy: 16.875
Gaussian electrostatic free energy: 0
Softcore molecules field coupling energy: 392.578

Average Energies:
Gaussian total free energy: -429.504
Gaussian ideal free energy: -510.309
Gaussian contact free energy: 0
Gaussian compressibility free energy: 80.8043
Gaussian electrostatic free energy: 0
Softcore molecules field coupling energy: 359.615

Average Explicit Charge: 0

Average Gaussian Chains Density Inhomogeneity: 0.0229175

Final Energies:
Gaussian total free energy: -429.523
Gaussian ideal free energy: -510.31
Gaussian contact free energy: 0
Gaussian compressibility free energy: 80.7873
Gaussian electrostatic free energy: 0
Softcore molecules field coupling energy: 359.587

Final Gaussian Chains Density Inhomogeneity: 0.0229116

Iteration report, DDFT Molecular Diffusion
Number of solves: 10000
Number of function calls: 56325
Average number of iterations: 4.6325 (min 4, max 6)
Average end norm: 6.83555e-05 (min 4.45673e-05, max 9.99959e-05)


Final Explicit Charge: 0

Time used by 10000 calculation steps on 4 processors: 0 Hours 3 Minutes 51 Seconds.

@CulgiVersion: 5.0.1
MBF-Hybrid Simulation of box
Job Start time: Wed Feb  1 18:34:40 2012
----------------------------------------------------------------------------

Simulation Parameters:
----------------------

Field Diffusion: on
Bead Diffusion: on
Temperature: 0.1
Bead Diffusion frequency: 1
Field Diffusion frequency: 1
Time step: 0.01

DDFT Engine parameters: 
Field diffusion Method: EntropyFieldDynamics
Kappa: 15
Reference density: 1

NLESolverEngine parameters, DDFT Molecular Diffusion
Strict tolerance: On
Direction optimization Method: SteepestDescent
Starting Alpha: 0.5
Reset Alpha: On
Tolerance: 0.0001
Maximum Iterations: 25000
Maximum Line Iterations: 5

Gaussian chain interaction parameters:
---------------------------------------

Bead parameters:
Type  Volume  Diffusion  Viscosity  Expansion  ExtFieldConst  ChargeType  Charge  pK   Dielec  ImplIonInter  
A     1       1          1          0.1        1              Strong      0       N/A  1       0             
B     1       1          1          0.1        1              Strong      0       N/A  1       0             

Binary interaction parameters:
Type1  Type2  Chi       ChiL  
A      B      0.666667  0     

Soft core model interaction parameters:
---------------------------------------

Bead parameters:
Type  Mass  BondValence  Diffusion  Sigma  ExtFieldConst  ChargeType  Charge  pK   Dielec  ImplIonInter  
P     1     2            0.01       0.8    1              Strong      0       N/A  1       0             

Pair interaction parameters:
Type1  Type2  A   
P      P      10  

Mesoscopic bead-field hybrid interaction parameters:
----------------------------------------------------

Bead-Field coupling parameters:
Bead  Field  parameter  
P     A      6          
P     B      12         

System Details:
---------------

Box: 64 X 64 X 1
GAUSSIANCHAIN: bcp (A20B16):  (Average number density: 0.976562)
Overall gaussian beads number density: 0.976562
SOFTCOREMOLECULE: np: 256 (Bead fraction: 0.0601504)
Overall Soft-core bead number density: 0.0625

Initial Gaussian Chains Density Inhomogeneity: 0.0229116

Initial Explicit Charge: 0

Initial Energies:
Softcore molecules bond stretching energy: 0
Softcore molecules angle bending energy: 0
Softcore molecules torsional energy: 0
Softcore molecules non-bonded energy: 0.132292
Softcore molecules electrostatics energy: 0
Softcore molecules external potential energy: 0
Softcore molecules Potential energy: 1977.94
Gaussian total free energy: 214.249
Gaussian ideal free energy: -510.31
Gaussian contact free energy: 643.772
Gaussian compressibility free energy: 80.7873
Gaussian electrostatic free energy: 0
Softcore molecules field coupling energy: 1977.81

Average Energies:
Softcore molecules bond stretching energy: 0
Softcore molecules angle bending energy: 0
Softcore molecules torsional energy: 0
Softcore molecules non-bonded energy: 15.1928
Softcore molecules electrostatics energy: 0
Softcore molecules external potential energy: 0
Softcore molecules Potential energy: 1208.23
Gaussian total free energy: 184.669
Gaussian ideal free energy: -240.34
Gaussian contact free energy: 256.626
Gaussian compressibility free energy: 168.383
Gaussian electrostatic free energy: 0
Softcore molecules field coupling energy: 1193.04

Average Explicit Charge: 0

Average Gaussian Chains Density Inhomogeneity: 0.395113

Final Energies:
Softcore molecules bond stretching energy: 0
Softcore molecules angle bending energy: 0
Softcore molecules torsional energy: 0
Softcore molecules non-bonded energy: 17.2071
Softcore molecules electrostatics energy: 0
Softcore molecules external potential energy: 0
Softcore molecules Potential energy: 1169.39
Gaussian total free energy: 195.984
Gaussian ideal free energy: -239.653
Gaussian contact free energy: 248.428
Gaussian compressibility free energy: 187.209
Gaussian electrostatic free energy: 0
Softcore molecules field coupling energy: 1152.18

Final Gaussian Chains Density Inhomogeneity: 0.398142

Iteration report, DDFT Molecular Diffusion
Number of solves: 1100000
Number of function calls: 8651592
Average number of iterations: 6.86508 (min 6, max 10)
Average end norm: 6.47295e-05 (min 4.74568e-05, max 9.99999e-05)


Final Explicit Charge: 0

Time used by 1100000 calculation steps on 4 processors: 11 Hours 3 Minutes 53 Seconds.

