@CulgiVersion: 6.0.0
MBF-Hybrid Simulation of box
Job Start time: Mon May 14 11:06:55 2012
----------------------------------------------------------------------------

Simulation Parameters:
----------------------

Field Diffusion: off
Bead Diffusion: on
Temperature: 0.01
Bead Diffusion frequency: 1
Time step: 0.01

Soft core model interaction parameters:
---------------------------------------

Bead parameters:
Type  Mass  BondValence  Diffusion  Sigma  ExtFieldConst  ChargeType  Charge  pK   Dielec  ImplIonInter  
C     1     2            0.04       0.8    1              Strong      0       N/A  1       0             
S     1     2            0.04       0.8    1              Strong      0       N/A  1       0             

Pair interaction parameters:
Type1  Type2  A   
C      C      10  
C      S      10  
S      S      10  

Mesoscopic bead-field hybrid interaction parameters:
----------------------------------------------------

Bead-Field coupling parameters:
Bead  Field  parameter  
C     A      0          
C     B      0          
S     A      0          
S     B      0          

System Details:
---------------

Box: 64 X 64 X 1
GAUSSIANCHAIN: bcp (A20B16):  (Average number density: 0.632812)
Overall gaussian beads number density: 0.632812
SOFTCORECOLLOID: np: 512 (Bead fraction: 0.64)
Overall Soft-core bead number density: 1.125


Initial Explicit Charge: 0

Initial Energies:
Softcore molecules bond stretching energy: 0
Softcore molecules angle bending energy: 0
Softcore molecules torsional energy: 0
Softcore molecules non-bonded energy: 6680
Softcore molecules electrostatics energy: 0
Softcore molecules external potential energy: 0
Softcore molecules Potential energy: 6680
Softcore molecules field coupling energy: 0

Average Energies:
Softcore molecules bond stretching energy: 0
Softcore molecules angle bending energy: 0
Softcore molecules torsional energy: 0
Softcore molecules non-bonded energy: 19.7033
Softcore molecules electrostatics energy: 0
Softcore molecules external potential energy: 0
Softcore molecules Potential energy: 19.7033
Softcore molecules field coupling energy: 0

Average Explicit Charge: 0

Final Energies:
Softcore molecules bond stretching energy: 0
Softcore molecules angle bending energy: 0
Softcore molecules torsional energy: 0
Softcore molecules non-bonded energy: 0.42044
Softcore molecules electrostatics energy: 0
Softcore molecules external potential energy: 0
Softcore molecules Potential energy: 0.42044
Softcore molecules field coupling energy: 0

Final Explicit Charge: 0

Time used by 100000 calculation steps on 1 processors: 0 Hours 5 Minutes 33 Seconds.

@CulgiVersion: 6.0.0
MBF-Hybrid Simulation of box
Job Start time: Mon May 14 11:12:29 2012
----------------------------------------------------------------------------

Simulation Parameters:
----------------------

Field Diffusion: on
Bead Diffusion: off
Field Diffusion frequency: 1
Time step: 0.01

DDFT Engine parameters: 
Field diffusion Method: EntropyFieldDynamics
Kappa: 15
Reference density: 1

NLESolverEngine parameters, DDFT Molecular Diffusion
Strict tolerance: On
Direction optimization Method: SteepestDescent
Starting Alpha: 0.5
Reset Alpha: On
Tolerance: 0.0001
Maximum Iterations: 25000
Maximum Line Iterations: 5

Gaussian chain interaction parameters:
---------------------------------------

Bead parameters:
Type  Volume  Diffusion  Viscosity  Expansion  ExtFieldConst  ChargeType  Charge  pK   Dielec  ImplIonInter  
A     1       1          1          0.1        1              Strong      0       N/A  1       0             
B     1       1          1          0.1        1              Strong      0       N/A  1       0             

Binary interaction parameters:
Type1  Type2  Chi  ChiL  
A      B      0    0     

Mesoscopic bead-field hybrid interaction parameters:
----------------------------------------------------

Bead-Field coupling parameters:
Bead  Field  parameter  
C     A      15         
C     B      15         
S     A      4          
S     B      4          

System Details:
---------------

Box: 64 X 64 X 1
GAUSSIANCHAIN: bcp (A20B16):  (Average number density: 0.632812)
Overall gaussian beads number density: 0.632812
SOFTCORECOLLOID: np: 512 (Bead fraction: 0.64)
Overall Soft-core bead number density: 1.125


Initial Gaussian Chains Density Inhomogeneity: 0

Initial Explicit Charge: 0

Initial Energies:
Gaussian total free energy: 3778.92
Gaussian ideal free energy: -362.959
Gaussian contact free energy: 0
Gaussian compressibility free energy: 4141.88
Gaussian electrostatic free energy: 0
Softcore molecules field coupling energy: 15228

Average Energies:
Gaussian total free energy: 7809.19
Gaussian ideal free energy: -158.55
Gaussian contact free energy: 0
Gaussian compressibility free energy: 7967.74
Gaussian electrostatic free energy: 0
Softcore molecules field coupling energy: 6603.12

Average Explicit Charge: 0

Average Gaussian Chains Density Inhomogeneity: 0.17645

Final Energies:
Gaussian total free energy: 7819.24
Gaussian ideal free energy: -158.299
Gaussian contact free energy: 0
Gaussian compressibility free energy: 7977.54
Gaussian electrostatic free energy: 0
Softcore molecules field coupling energy: 6589.21

Final Gaussian Chains Density Inhomogeneity: 0.17669

Iteration report, DDFT Molecular Diffusion
Number of solves: 10000
Number of function calls: 59951
Average number of iterations: 4.9951 (min 4, max 11)
Average end norm: 5.72695e-05 (min 4.66904e-05, max 9.99989e-05)


Final Explicit Charge: 0

Time used by 10000 calculation steps on 1 processors: 0 Hours 15 Minutes 32 Seconds.

@CulgiVersion: 6.0.0
MBF-Hybrid Simulation of box
Job Start time: Mon May 14 11:28:02 2012
----------------------------------------------------------------------------

Simulation Parameters:
----------------------

Field Diffusion: on
Bead Diffusion: on
Temperature: 0.01
Bead Diffusion frequency: 1
Field Diffusion frequency: 1
Time step: 0.01

DDFT Engine parameters: 
Field diffusion Method: EntropyFieldDynamics
Kappa: 15
Reference density: 1

NLESolverEngine parameters, DDFT Molecular Diffusion
Strict tolerance: On
Direction optimization Method: SteepestDescent
Starting Alpha: 0.5
Reset Alpha: On
Tolerance: 0.0001
Maximum Iterations: 25000
Maximum Line Iterations: 5

Gaussian chain interaction parameters:
---------------------------------------

Bead parameters:
Type  Volume  Diffusion  Viscosity  Expansion  ExtFieldConst  ChargeType  Charge  pK   Dielec  ImplIonInter  
A     1       1          1          0.1        1              Strong      0       N/A  1       0             
B     1       1          1          0.1        1              Strong      0       N/A  1       0             

Binary interaction parameters:
Type1  Type2  Chi       ChiL  
A      B      0.666667  0     

Soft core model interaction parameters:
---------------------------------------

Bead parameters:
Type  Mass  BondValence  Diffusion  Sigma  ExtFieldConst  ChargeType  Charge  pK   Dielec  ImplIonInter  
C     1     2            0.04       0.8    1              Strong      0       N/A  1       0             
S     1     2            0.04       0.8    1              Strong      0       N/A  1       0             

Pair interaction parameters:
Type1  Type2  A   
C      C      10  
C      S      10  
S      S      10  

Mesoscopic bead-field hybrid interaction parameters:
----------------------------------------------------

Bead-Field coupling parameters:
Bead  Field  parameter  
C     A      15         
C     B      15         
S     A      4          
S     B      8          

System Details:
---------------

Box: 64 X 64 X 1
GAUSSIANCHAIN: bcp (A20B16):  (Average number density: 0.632813)
Overall gaussian beads number density: 0.632813
SOFTCORECOLLOID: np: 512 (Bead fraction: 0.64)
Overall Soft-core bead number density: 1.125


Initial Gaussian Chains Density Inhomogeneity: 0.17669

Initial Explicit Charge: 0

Initial Energies:
Softcore molecules bond stretching energy: 0
Softcore molecules angle bending energy: 0
Softcore molecules torsional energy: 0
Softcore molecules non-bonded energy: 0.42044
Softcore molecules electrostatics energy: 0
Softcore molecules external potential energy: 0
Softcore molecules Potential energy: 8698.65
Gaussian total free energy: 8141.94
Gaussian ideal free energy: -158.299
Gaussian contact free energy: 322.692
Gaussian compressibility free energy: 7977.54
Gaussian electrostatic free energy: 0
Softcore molecules field coupling energy: 8698.23

Average Energies:
Softcore molecules bond stretching energy: 0
Softcore molecules angle bending energy: 0
Softcore molecules torsional energy: 0
Softcore molecules non-bonded energy: 420.422
Softcore molecules electrostatics energy: 0
Softcore molecules external potential energy: 0
Softcore molecules Potential energy: 4138.92
Gaussian total free energy: 8936.79
Gaussian ideal free energy: 123.328
Gaussian contact free energy: 189.13
Gaussian compressibility free energy: 8624.33
Gaussian electrostatic free energy: 0
Softcore molecules field coupling energy: 3718.5

Average Explicit Charge: 0

Average Gaussian Chains Density Inhomogeneity: 0.339765

Final Energies:
Softcore molecules bond stretching energy: 0
Softcore molecules angle bending energy: 0
Softcore molecules torsional energy: 0
Softcore molecules non-bonded energy: 477.897
Softcore molecules electrostatics energy: 0
Softcore molecules external potential energy: 0
Softcore molecules Potential energy: 3673.8
Gaussian total free energy: 8965.58
Gaussian ideal free energy: 93.0151
Gaussian contact free energy: 191.893
Gaussian compressibility free energy: 8680.67
Gaussian electrostatic free energy: 0
Softcore molecules field coupling energy: 3195.91

Final Gaussian Chains Density Inhomogeneity: 0.338725

Iteration report, DDFT Molecular Diffusion
Number of solves: 110000
Number of function calls: 840813
Average number of iterations: 6.64375 (min 6, max 12)
Average end norm: 6.95162e-05 (min 4.85618e-05, max 9.99998e-05)


Final Explicit Charge: 0

Plugins and corresponding results from this calculation:----------

Archive Plugin:
Archive mode: Text
Archive file name: tt1100_ts0.01.csa
Archive frequency: 100

Instant results Plugin:
Instant results file name: tt1100_ts0.01_Inst.ctf
Instant results frequency: 10

Time used by 110000 calculation steps on 1 processors: 3 Hours 48 Minutes 48 Seconds.

