@CulgiVersion: 6.0.0
MBF-Hybrid Simulation of box
Job Start time: Wed May  9 23:08:56 2012
----------------------------------------------------------------------------

Simulation Parameters:
----------------------

Field Diffusion: off
Bead Diffusion: on
Temperature: 0.01
Bead Diffusion frequency: 1
Time step: 0.01

Soft core model interaction parameters:
---------------------------------------

Bead parameters:
Type  Mass  BondValence  Diffusion  Sigma  ExtFieldConst  ChargeType  Charge  pK   Dielec  ImplIonInter  
C     1     2            0.04       0.8    1              Strong      0       N/A  1       0             
S     1     2            0.04       0.8    1              Strong      0       N/A  1       0             

Pair interaction parameters:
Type1  Type2  A   
C      C      10  
C      S      10  
S      S      10  

Mesoscopic bead-field hybrid interaction parameters:
----------------------------------------------------

Bead-Field coupling parameters:
Bead  Field  parameter  
C     A      0          
C     B      0          
S     A      0          
S     B      0          

System Details:
---------------

Box: 64 X 64 X 1
GAUSSIANCHAIN: bcp (A20B16):  (Average number density: 0.71875)
Overall gaussian beads number density: 0.71875
SOFTCORECOLLOID: np: 512 (Bead fraction: 0.610169)
Overall Soft-core bead number density: 1.125


Initial Explicit Charge: 0

Initial Energies:
Softcore molecules bond stretching energy: 0
Softcore molecules angle bending energy: 0
Softcore molecules torsional energy: 0
Softcore molecules non-bonded energy: 7535.73
Softcore molecules electrostatics energy: 0
Softcore molecules external potential energy: 0
Softcore molecules Potential energy: 7535.73
Softcore molecules field coupling energy: 0

Average Energies:
Softcore molecules bond stretching energy: 0
Softcore molecules angle bending energy: 0
Softcore molecules torsional energy: 0
Softcore molecules non-bonded energy: 254.699
Softcore molecules electrostatics energy: 0
Softcore molecules external potential energy: 0
Softcore molecules Potential energy: 254.699
Softcore molecules field coupling energy: 0

Average Explicit Charge: 0

Final Energies:
Softcore molecules bond stretching energy: 0
Softcore molecules angle bending energy: 0
Softcore molecules torsional energy: 0
Softcore molecules non-bonded energy: 17.306
Softcore molecules electrostatics energy: 0
Softcore molecules external potential energy: 0
Softcore molecules Potential energy: 17.306
Softcore molecules field coupling energy: 0

Final Explicit Charge: 0

Time used by 100000 calculation steps on 1 processors: 0 Hours 6 Minutes 28 Seconds.

@CulgiVersion: 6.0.0
MBF-Hybrid Simulation of box
Job Start time: Wed May  9 23:15:25 2012
----------------------------------------------------------------------------

Simulation Parameters:
----------------------

Field Diffusion: on
Bead Diffusion: off
Field Diffusion frequency: 1
Time step: 0.01

DDFT Engine parameters: 
Field diffusion Method: EntropyFieldDynamics
Kappa: 15
Reference density: 1

NLESolverEngine parameters, DDFT Molecular Diffusion
Strict tolerance: On
Direction optimization Method: SteepestDescent
Starting Alpha: 0.5
Reset Alpha: On
Tolerance: 0.0001
Maximum Iterations: 25000
Maximum Line Iterations: 5

Gaussian chain interaction parameters:
---------------------------------------

Bead parameters:
Type  Volume  Diffusion  Viscosity  Expansion  ExtFieldConst  ChargeType  Charge  pK   Dielec  ImplIonInter  
A     1       1          1          0.1        1              Strong      0       N/A  1       0             
B     1       1          1          0.1        1              Strong      0       N/A  1       0             

Binary interaction parameters:
Type1  Type2  Chi  ChiL  
A      B      0    0     

Mesoscopic bead-field hybrid interaction parameters:
----------------------------------------------------

Bead-Field coupling parameters:
Bead  Field  parameter  
C     A      4          
C     B      4          
S     A      4          
S     B      4          

System Details:
---------------

Box: 64 X 64 X 1
GAUSSIANCHAIN: bcp (A20B16):  (Average number density: 0.71875)
Overall gaussian beads number density: 0.71875
SOFTCORECOLLOID: np: 512 (Bead fraction: 0.610169)
Overall Soft-core bead number density: 1.125


Initial Gaussian Chains Density Inhomogeneity: 2.22045e-14

Initial Explicit Charge: 0

Initial Energies:
Gaussian total free energy: 2028.16
Gaussian ideal free energy: -401.836
Gaussian contact free energy: 0
Gaussian compressibility free energy: 2430
Gaussian electrostatic free energy: 0
Softcore molecules field coupling energy: 13248

Average Energies:
Gaussian total free energy: 4919.94
Gaussian ideal free energy: -310.195
Gaussian contact free energy: 0
Gaussian compressibility free energy: 5230.13
Gaussian electrostatic free energy: 0
Softcore molecules field coupling energy: 7393.51

Average Explicit Charge: 0

Average Gaussian Chains Density Inhomogeneity: 0.150961

Final Energies:
Gaussian total free energy: 4923.47
Gaussian ideal free energy: -310.121
Gaussian contact free energy: 0
Gaussian compressibility free energy: 5233.59
Gaussian electrostatic free energy: 0
Softcore molecules field coupling energy: 7388.49

Final Gaussian Chains Density Inhomogeneity: 0.151064

Iteration report, DDFT Molecular Diffusion
Number of solves: 10000
Number of function calls: 58408
Average number of iterations: 4.8408 (min 4, max 10)
Average end norm: 6.05732e-05 (min 4.62739e-05, max 9.99996e-05)


Final Explicit Charge: 0

Time used by 10000 calculation steps on 1 processors: 0 Hours 16 Minutes 18 Seconds.

@CulgiVersion: 6.0.0
MBF-Hybrid Simulation of box
Job Start time: Wed May  9 23:31:44 2012
----------------------------------------------------------------------------

Simulation Parameters:
----------------------

Field Diffusion: on
Bead Diffusion: on
Temperature: 0.01
Bead Diffusion frequency: 1
Field Diffusion frequency: 1
Time step: 0.01

DDFT Engine parameters: 
Field diffusion Method: EntropyFieldDynamics
Kappa: 15
Reference density: 1

NLESolverEngine parameters, DDFT Molecular Diffusion
Strict tolerance: On
Direction optimization Method: SteepestDescent
Starting Alpha: 0.5
Reset Alpha: On
Tolerance: 0.0001
Maximum Iterations: 25000
Maximum Line Iterations: 5

Gaussian chain interaction parameters:
---------------------------------------

Bead parameters:
Type  Volume  Diffusion  Viscosity  Expansion  ExtFieldConst  ChargeType  Charge  pK   Dielec  ImplIonInter  
A     1       1          1          0.1        1              Strong      0       N/A  1       0             
B     1       1          1          0.1        1              Strong      0       N/A  1       0             

Binary interaction parameters:
Type1  Type2  Chi  ChiL  
A      B      0.5  0     

Soft core model interaction parameters:
---------------------------------------

Bead parameters:
Type  Mass  BondValence  Diffusion  Sigma  ExtFieldConst  ChargeType  Charge  pK   Dielec  ImplIonInter  
C     1     2            0.04       0.8    1              Strong      0       N/A  1       0             
S     1     2            0.04       0.8    1              Strong      0       N/A  1       0             

Pair interaction parameters:
Type1  Type2  A   
C      C      10  
C      S      10  
S      S      10  

Mesoscopic bead-field hybrid interaction parameters:
----------------------------------------------------

Bead-Field coupling parameters:
Bead  Field  parameter  
C     A      4          
C     B      8          
S     A      4          
S     B      8          

System Details:
---------------

Box: 64 X 64 X 1
GAUSSIANCHAIN: bcp (A20B16):  (Average number density: 0.71875)
Overall gaussian beads number density: 0.71875
SOFTCORECOLLOID: np: 512 (Bead fraction: 0.610169)
Overall Soft-core bead number density: 1.125


Initial Gaussian Chains Density Inhomogeneity: 0.151064

Initial Explicit Charge: 0

Initial Energies:
Softcore molecules bond stretching energy: 0
Softcore molecules angle bending energy: 0
Softcore molecules torsional energy: 0
Softcore molecules non-bonded energy: 17.306
Softcore molecules electrostatics energy: 0
Softcore molecules external potential energy: 0
Softcore molecules Potential energy: 10705.4
Gaussian total free energy: 5215.68
Gaussian ideal free energy: -310.121
Gaussian contact free energy: 292.208
Gaussian compressibility free energy: 5233.59
Gaussian electrostatic free energy: 0
Softcore molecules field coupling energy: 10688.1

Average Energies:
Softcore molecules bond stretching energy: 0
Softcore molecules angle bending energy: 0
Softcore molecules torsional energy: 0
Softcore molecules non-bonded energy: 197.642
Softcore molecules electrostatics energy: 0
Softcore molecules external potential energy: 0
Softcore molecules Potential energy: 6528.21
Gaussian total free energy: 6113.45
Gaussian ideal free energy: 94.0042
Gaussian contact free energy: 159.441
Gaussian compressibility free energy: 5860.01
Gaussian electrostatic free energy: 0
Softcore molecules field coupling energy: 6330.56

Average Explicit Charge: 0

Average Gaussian Chains Density Inhomogeneity: 0.353249

Final Energies:
Softcore molecules bond stretching energy: 0
Softcore molecules angle bending energy: 0
Softcore molecules torsional energy: 0
Softcore molecules non-bonded energy: 307.647
Softcore molecules electrostatics energy: 0
Softcore molecules external potential energy: 0
Softcore molecules Potential energy: 6032.42
Gaussian total free energy: 6305.71
Gaussian ideal free energy: 83.7231
Gaussian contact free energy: 162.355
Gaussian compressibility free energy: 6059.64
Gaussian electrostatic free energy: 0
Softcore molecules field coupling energy: 5724.78

Final Gaussian Chains Density Inhomogeneity: 0.355688

Iteration report, DDFT Molecular Diffusion
Number of solves: 110000
Number of function calls: 677112
Average number of iterations: 5.1529 (min 5, max 161)
Average end norm: 8.17085e-05 (min 6.23682e-06, max 9.99987e-05)


Final Explicit Charge: 0

Plugins and corresponding results from this calculation:----------

Archive Plugin:
Archive mode: Text
Archive file name: tt1100_ts0.01.csa
Archive frequency: 100

Instant results Plugin:
Instant results file name: tt1100_ts0.01_Inst.ctf
Instant results frequency: 10

Time used by 110000 calculation steps on 1 processors: 3 Hours 25 Minutes 46 Seconds.

