@CulgiVersion: 6.0.0
MBF-Hybrid Simulation of box
Job Start time: Tue May  8 23:37:05 2012
----------------------------------------------------------------------------

Simulation Parameters:
----------------------

Field Diffusion: off
Bead Diffusion: on
Temperature: 0.1
Bead Diffusion frequency: 1
Time step: 0.01

Soft core model interaction parameters:
---------------------------------------

Bead parameters:
Type  Mass  BondValence  Diffusion  Sigma  ExtFieldConst  ChargeType  Charge  pK   Dielec  ImplIonInter  
C     1     2            0.04       0.8    1              Strong      0       N/A  1       0             
S     1     2            0.04       0.8    1              Strong      0       N/A  1       0             

Pair interaction parameters:
Type1  Type2  A   
C      C      10  
C      S      10  
S      S      10  

Mesoscopic bead-field hybrid interaction parameters:
----------------------------------------------------

Bead-Field coupling parameters:
Bead  Field  parameter  
C     A      0          
C     B      0          
S     A      0          
S     B      0          

System Details:
---------------

Box: 64 X 64 X 1
GAUSSIANCHAIN: bcp (A20B16):  (Average number density: 0.71875)
Overall gaussian beads number density: 0.71875
SOFTCORECOLLOID: np: 512 (Bead fraction: 0.610169)
Overall Soft-core bead number density: 1.125


Initial Explicit Charge: 0

Initial Energies:
Softcore molecules bond stretching energy: 0
Softcore molecules angle bending energy: 0
Softcore molecules torsional energy: 0
Softcore molecules non-bonded energy: 5843.98
Softcore molecules electrostatics energy: 0
Softcore molecules external potential energy: 0
Softcore molecules Potential energy: 5843.98
Softcore molecules field coupling energy: 0

Average Energies:
Softcore molecules bond stretching energy: 0
Softcore molecules angle bending energy: 0
Softcore molecules torsional energy: 0
Softcore molecules non-bonded energy: 1237.94
Softcore molecules electrostatics energy: 0
Softcore molecules external potential energy: 0
Softcore molecules Potential energy: 1237.94
Softcore molecules field coupling energy: 0

Average Explicit Charge: 0

Final Energies:
Softcore molecules bond stretching energy: 0
Softcore molecules angle bending energy: 0
Softcore molecules torsional energy: 0
Softcore molecules non-bonded energy: 271.791
Softcore molecules electrostatics energy: 0
Softcore molecules external potential energy: 0
Softcore molecules Potential energy: 271.791
Softcore molecules field coupling energy: 0

Final Explicit Charge: 0

Time used by 100000 calculation steps on 1 processors: 0 Hours 7 Minutes 0 Seconds.

@CulgiVersion: 6.0.0
MBF-Hybrid Simulation of box
Job Start time: Tue May  8 23:44:05 2012
----------------------------------------------------------------------------

Simulation Parameters:
----------------------

Field Diffusion: on
Bead Diffusion: off
Field Diffusion frequency: 1
Time step: 0.01

DDFT Engine parameters: 
Field diffusion Method: EntropyFieldDynamics
Kappa: 15
Reference density: 1

NLESolverEngine parameters, DDFT Molecular Diffusion
Strict tolerance: On
Direction optimization Method: SteepestDescent
Starting Alpha: 0.5
Reset Alpha: On
Tolerance: 0.0001
Maximum Iterations: 25000
Maximum Line Iterations: 5

Gaussian chain interaction parameters:
---------------------------------------

Bead parameters:
Type  Volume  Diffusion  Viscosity  Expansion  ExtFieldConst  ChargeType  Charge  pK   Dielec  ImplIonInter  
A     1       1          1          0.1        1              Strong      0       N/A  1       0             
B     1       1          1          0.1        1              Strong      0       N/A  1       0             

Binary interaction parameters:
Type1  Type2  Chi  ChiL  
A      B      0    0     

Mesoscopic bead-field hybrid interaction parameters:
----------------------------------------------------

Bead-Field coupling parameters:
Bead  Field  parameter  
C     A      4          
C     B      4          
S     A      4          
S     B      4          

System Details:
---------------

Box: 64 X 64 X 1
GAUSSIANCHAIN: bcp (A20B16):  (Average number density: 0.71875)
Overall gaussian beads number density: 0.71875
SOFTCORECOLLOID: np: 512 (Bead fraction: 0.610169)
Overall Soft-core bead number density: 1.125


Initial Gaussian Chains Density Inhomogeneity: 2.22045e-14

Initial Explicit Charge: 0

Initial Energies:
Gaussian total free energy: 2028.16
Gaussian ideal free energy: -401.836
Gaussian contact free energy: 0
Gaussian compressibility free energy: 2430
Gaussian electrostatic free energy: 0
Softcore molecules field coupling energy: 13248

Average Energies:
Gaussian total free energy: 5105.61
Gaussian ideal free energy: -293.04
Gaussian contact free energy: 0
Gaussian compressibility free energy: 5398.65
Gaussian electrostatic free energy: 0
Softcore molecules field coupling energy: 6952.35

Average Explicit Charge: 0

Average Gaussian Chains Density Inhomogeneity: 0.155436

Final Energies:
Gaussian total free energy: 5110.35
Gaussian ideal free energy: -292.916
Gaussian contact free energy: 0
Gaussian compressibility free energy: 5403.26
Gaussian electrostatic free energy: 0
Softcore molecules field coupling energy: 6945.3

Final Gaussian Chains Density Inhomogeneity: 0.155567

Iteration report, DDFT Molecular Diffusion
Number of solves: 10000
Number of function calls: 59085
Average number of iterations: 4.9085 (min 4, max 10)
Average end norm: 5.98621e-05 (min 4.72805e-05, max 9.99988e-05)


Final Explicit Charge: 0

Time used by 10000 calculation steps on 1 processors: 0 Hours 16 Minutes 11 Seconds.

@CulgiVersion: 6.0.0
MBF-Hybrid Simulation of box
Job Start time: Wed May  9 00:00:16 2012
----------------------------------------------------------------------------

Simulation Parameters:
----------------------

Field Diffusion: on
Bead Diffusion: on
Temperature: 0.1
Bead Diffusion frequency: 1
Field Diffusion frequency: 1
Time step: 0.01

DDFT Engine parameters: 
Field diffusion Method: EntropyFieldDynamics
Kappa: 15
Reference density: 1

NLESolverEngine parameters, DDFT Molecular Diffusion
Strict tolerance: On
Direction optimization Method: SteepestDescent
Starting Alpha: 0.5
Reset Alpha: On
Tolerance: 0.0001
Maximum Iterations: 25000
Maximum Line Iterations: 5

Gaussian chain interaction parameters:
---------------------------------------

Bead parameters:
Type  Volume  Diffusion  Viscosity  Expansion  ExtFieldConst  ChargeType  Charge  pK   Dielec  ImplIonInter  
A     1       1          1          0.1        1              Strong      0       N/A  1       0             
B     1       1          1          0.1        1              Strong      0       N/A  1       0             

Binary interaction parameters:
Type1  Type2  Chi       ChiL  
A      B      0.666667  0     

Soft core model interaction parameters:
---------------------------------------

Bead parameters:
Type  Mass  BondValence  Diffusion  Sigma  ExtFieldConst  ChargeType  Charge  pK   Dielec  ImplIonInter  
C     1     2            0.04       0.8    1              Strong      0       N/A  1       0             
S     1     2            0.04       0.8    1              Strong      0       N/A  1       0             

Pair interaction parameters:
Type1  Type2  A   
C      C      10  
C      S      10  
S      S      10  

Mesoscopic bead-field hybrid interaction parameters:
----------------------------------------------------

Bead-Field coupling parameters:
Bead  Field  parameter  
C     A      4          
C     B      8          
S     A      4          
S     B      8          

System Details:
---------------

Box: 64 X 64 X 1
GAUSSIANCHAIN: bcp (A20B16):  (Average number density: 0.71875)
Overall gaussian beads number density: 0.71875
SOFTCORECOLLOID: np: 512 (Bead fraction: 0.610169)
Overall Soft-core bead number density: 1.125


Initial Gaussian Chains Density Inhomogeneity: 0.155567

Initial Explicit Charge: 0

Initial Energies:
Softcore molecules bond stretching energy: 0
Softcore molecules angle bending energy: 0
Softcore molecules torsional energy: 0
Softcore molecules non-bonded energy: 271.791
Softcore molecules electrostatics energy: 0
Softcore molecules external potential energy: 0
Softcore molecules Potential energy: 10317.5
Gaussian total free energy: 5501.92
Gaussian ideal free energy: -292.916
Gaussian contact free energy: 391.572
Gaussian compressibility free energy: 5403.26
Gaussian electrostatic free energy: 0
Softcore molecules field coupling energy: 10045.7

Average Energies:
Softcore molecules bond stretching energy: 0
Softcore molecules angle bending energy: 0
Softcore molecules torsional energy: 0
Softcore molecules non-bonded energy: 234.949
Softcore molecules electrostatics energy: 0
Softcore molecules external potential energy: 0
Softcore molecules Potential energy: 7224.79
Gaussian total free energy: 5903.37
Gaussian ideal free energy: 131.417
Gaussian contact free energy: 184.066
Gaussian compressibility free energy: 5587.89
Gaussian electrostatic free energy: 0
Softcore molecules field coupling energy: 6989.84

Average Explicit Charge: 0

Average Gaussian Chains Density Inhomogeneity: 0.359904

Final Energies:
Softcore molecules bond stretching energy: 0
Softcore molecules angle bending energy: 0
Softcore molecules torsional energy: 0
Softcore molecules non-bonded energy: 211.554
Softcore molecules electrostatics energy: 0
Softcore molecules external potential energy: 0
Softcore molecules Potential energy: 7138.52
Gaussian total free energy: 5914.99
Gaussian ideal free energy: 130.906
Gaussian contact free energy: 183.737
Gaussian compressibility free energy: 5600.34
Gaussian electrostatic free energy: 0
Softcore molecules field coupling energy: 6926.96

Final Gaussian Chains Density Inhomogeneity: 0.360268

Iteration report, DDFT Molecular Diffusion
Number of solves: 110000
Number of function calls: 669432
Average number of iterations: 5.08569 (min 5, max 37)
Average end norm: 8.29869e-05 (min 3.92764e-05, max 9.99985e-05)


Final Explicit Charge: 0

Plugins and corresponding results from this calculation:----------

Archive Plugin:
Archive mode: Text
Archive file name: tt1100_ts0.01.csa
Archive frequency: 100

Instant results Plugin:
Instant results file name: tt1100_ts0.01_Inst.ctf
Instant results frequency: 10

Time used by 110000 calculation steps on 1 processors: 3 Hours 21 Minutes 40 Seconds.

