@CulgiVersion: 6.0.0
MBF-Hybrid Simulation of box
Job Start time: Sun May  6 23:26:41 2012
----------------------------------------------------------------------------

Simulation Parameters:
----------------------

Field Diffusion: off
Bead Diffusion: on
Temperature: 0.1
Bead Diffusion frequency: 1
Time step: 0.01

Soft core model interaction parameters:
---------------------------------------

Bead parameters:
Type  Mass  BondValence  Diffusion  Sigma  ExtFieldConst  ChargeType  Charge  pK   Dielec  ImplIonInter  
C     1     2            0.04       0.8    1              Strong      0       N/A  1       0             
S     1     2            0.04       0.8    1              Strong      0       N/A  1       0             

Pair interaction parameters:
Type1  Type2  A   
C      C      10  
C      S      10  
S      S      10  

Mesoscopic bead-field hybrid interaction parameters:
----------------------------------------------------

Bead-Field coupling parameters:
Bead  Field  parameter  
C     A      0          
C     B      0          
S     A      0          
S     B      0          

System Details:
---------------

Box: 64 X 64 X 1
GAUSSIANCHAIN: bcp (A20B16):  (Average number density: 0.973633)
Overall gaussian beads number density: 0.973633
SOFTCORECOLLOID: np: 128 (Bead fraction: 0.224125)
Overall Soft-core bead number density: 0.28125


Initial Explicit Charge: 0

Initial Energies:
Softcore molecules bond stretching energy: 0
Softcore molecules angle bending energy: 0
Softcore molecules torsional energy: 0
Softcore molecules non-bonded energy: 504.917
Softcore molecules electrostatics energy: 0
Softcore molecules external potential energy: 0
Softcore molecules Potential energy: 504.917
Softcore molecules field coupling energy: 0

Average Energies:
Softcore molecules bond stretching energy: 0
Softcore molecules angle bending energy: 0
Softcore molecules torsional energy: 0
Softcore molecules non-bonded energy: 10.6985
Softcore molecules electrostatics energy: 0
Softcore molecules external potential energy: 0
Softcore molecules Potential energy: 10.6985
Softcore molecules field coupling energy: 0

Average Explicit Charge: 0

Final Energies:
Softcore molecules bond stretching energy: 0
Softcore molecules angle bending energy: 0
Softcore molecules torsional energy: 0
Softcore molecules non-bonded energy: 0.857258
Softcore molecules electrostatics energy: 0
Softcore molecules external potential energy: 0
Softcore molecules Potential energy: 0.857258
Softcore molecules field coupling energy: 0

Final Explicit Charge: 0

Time used by 100000 calculation steps on 1 processors: 0 Hours 1 Minutes 13 Seconds.

@CulgiVersion: 6.0.0
MBF-Hybrid Simulation of box
Job Start time: Sun May  6 23:27:55 2012
----------------------------------------------------------------------------

Simulation Parameters:
----------------------

Field Diffusion: on
Bead Diffusion: off
Field Diffusion frequency: 1
Time step: 0.01

DDFT Engine parameters: 
Field diffusion Method: EntropyFieldDynamics
Kappa: 15
Reference density: 1

NLESolverEngine parameters, DDFT Molecular Diffusion
Strict tolerance: On
Direction optimization Method: SteepestDescent
Starting Alpha: 0.5
Reset Alpha: On
Tolerance: 0.0001
Maximum Iterations: 25000
Maximum Line Iterations: 5

Gaussian chain interaction parameters:
---------------------------------------

Bead parameters:
Type  Volume  Diffusion  Viscosity  Expansion  ExtFieldConst  ChargeType  Charge  pK   Dielec  ImplIonInter  
A     1       1          1          0.1        1              Strong      0       N/A  1       0             
B     1       1          1          0.1        1              Strong      0       N/A  1       0             

Binary interaction parameters:
Type1  Type2  Chi  ChiL  
A      B      0    0     

Mesoscopic bead-field hybrid interaction parameters:
----------------------------------------------------

Bead-Field coupling parameters:
Bead  Field  parameter  
C     A      1.5        
C     B      1.5        
S     A      1.5        
S     B      1.5        

System Details:
---------------

Box: 64 X 64 X 1
GAUSSIANCHAIN: bcp (A20B16):  (Average number density: 0.973633)
Overall gaussian beads number density: 0.973633
SOFTCORECOLLOID: np: 128 (Bead fraction: 0.224125)
Overall Soft-core bead number density: 0.28125


Initial Gaussian Chains Density Inhomogeneity: 4.28269e-14

Initial Explicit Charge: 0

Initial Energies:
Gaussian total free energy: -489.355
Gaussian ideal free energy: -510.712
Gaussian contact free energy: 0
Gaussian compressibility free energy: 21.3574
Gaussian electrostatic free energy: 0
Softcore molecules field coupling energy: 1682.44

Average Energies:
Gaussian total free energy: -345.902
Gaussian ideal free energy: -507.647
Gaussian contact free energy: 0
Gaussian compressibility free energy: 161.745
Gaussian electrostatic free energy: 0
Softcore molecules field coupling energy: 1395.13

Average Explicit Charge: 0

Average Gaussian Chains Density Inhomogeneity: 0.0338734

Final Energies:
Gaussian total free energy: -345.867
Gaussian ideal free energy: -507.647
Gaussian contact free energy: 0
Gaussian compressibility free energy: 161.78
Gaussian electrostatic free energy: 0
Softcore molecules field coupling energy: 1395.06

Final Gaussian Chains Density Inhomogeneity: 0.0338776

Iteration report, DDFT Molecular Diffusion
Number of solves: 10000
Number of function calls: 56400
Average number of iterations: 4.64 (min 4, max 7)
Average end norm: 6.80837e-05 (min 4.62777e-05, max 9.99999e-05)


Final Explicit Charge: 0

Time used by 10000 calculation steps on 1 processors: 0 Hours 13 Minutes 22 Seconds.

@CulgiVersion: 6.0.0
MBF-Hybrid Simulation of box
Job Start time: Sun May  6 23:41:17 2012
----------------------------------------------------------------------------

Simulation Parameters:
----------------------

Field Diffusion: on
Bead Diffusion: on
Temperature: 0.1
Bead Diffusion frequency: 1
Field Diffusion frequency: 1
Time step: 0.01

DDFT Engine parameters: 
Field diffusion Method: EntropyFieldDynamics
Kappa: 15
Reference density: 1

NLESolverEngine parameters, DDFT Molecular Diffusion
Strict tolerance: On
Direction optimization Method: SteepestDescent
Starting Alpha: 0.5
Reset Alpha: On
Tolerance: 0.0001
Maximum Iterations: 25000
Maximum Line Iterations: 5

Gaussian chain interaction parameters:
---------------------------------------

Bead parameters:
Type  Volume  Diffusion  Viscosity  Expansion  ExtFieldConst  ChargeType  Charge  pK   Dielec  ImplIonInter  
A     1       1          1          0.1        1              Strong      0       N/A  1       0             
B     1       1          1          0.1        1              Strong      0       N/A  1       0             

Binary interaction parameters:
Type1  Type2  Chi       ChiL  
A      B      0.666667  0     

Soft core model interaction parameters:
---------------------------------------

Bead parameters:
Type  Mass  BondValence  Diffusion  Sigma  ExtFieldConst  ChargeType  Charge  pK   Dielec  ImplIonInter  
C     1     2            0.04       0.8    1              Strong      0       N/A  1       0             
S     1     2            0.04       0.8    1              Strong      0       N/A  1       0             

Pair interaction parameters:
Type1  Type2  A   
C      C      10  
C      S      10  
S      S      10  

Mesoscopic bead-field hybrid interaction parameters:
----------------------------------------------------

Bead-Field coupling parameters:
Bead  Field  parameter  
C     A      1.5        
C     B      3          
S     A      1.5        
S     B      3          

System Details:
---------------

Box: 64 X 64 X 1
GAUSSIANCHAIN: bcp (A20B16):  (Average number density: 0.973633)
Overall gaussian beads number density: 0.973633
SOFTCORECOLLOID: np: 128 (Bead fraction: 0.224125)
Overall Soft-core bead number density: 0.28125


Initial Gaussian Chains Density Inhomogeneity: 0.0338776

Initial Explicit Charge: 0

Initial Energies:
Softcore molecules bond stretching energy: 0
Softcore molecules angle bending energy: 0
Softcore molecules torsional energy: 0
Softcore molecules non-bonded energy: 0.857258
Softcore molecules electrostatics energy: 0
Softcore molecules external potential energy: 0
Softcore molecules Potential energy: 2016.99
Gaussian total free energy: 295.222
Gaussian ideal free energy: -507.647
Gaussian contact free energy: 641.089
Gaussian compressibility free energy: 161.78
Gaussian electrostatic free energy: 0
Softcore molecules field coupling energy: 2016.14

Average Energies:
Softcore molecules bond stretching energy: 0
Softcore molecules angle bending energy: 0
Softcore molecules torsional energy: 0
Softcore molecules non-bonded energy: 0.73512
Softcore molecules electrostatics energy: 0
Softcore molecules external potential energy: 0
Softcore molecules Potential energy: 1415.92
Gaussian total free energy: 205.76
Gaussian ideal free energy: -227.89
Gaussian contact free energy: 274.584
Gaussian compressibility free energy: 159.066
Gaussian electrostatic free energy: 0
Softcore molecules field coupling energy: 1415.19

Average Explicit Charge: 0

Average Gaussian Chains Density Inhomogeneity: 0.387275

Final Energies:
Softcore molecules bond stretching energy: 0
Softcore molecules angle bending energy: 0
Softcore molecules torsional energy: 0
Softcore molecules non-bonded energy: 1.04668
Softcore molecules electrostatics energy: 0
Softcore molecules external potential energy: 0
Softcore molecules Potential energy: 1413.54
Gaussian total free energy: 202.181
Gaussian ideal free energy: -222.931
Gaussian contact free energy: 265.938
Gaussian compressibility free energy: 159.174
Gaussian electrostatic free energy: 0
Softcore molecules field coupling energy: 1412.5

Final Gaussian Chains Density Inhomogeneity: 0.390917

Iteration report, DDFT Molecular Diffusion
Number of solves: 110000
Number of function calls: 662229
Average number of iterations: 5.02026 (min 5, max 10)
Average end norm: 8.38743e-05 (min 4.88762e-05, max 9.99978e-05)


Final Explicit Charge: 0

Plugins and corresponding results from this calculation:----------

Archive Plugin:
Archive mode: Text
Archive file name: tt1100_ts0.01.csa
Archive frequency: 100

Instant results Plugin:
Instant results file name: tt1100_ts0.01_Inst.ctf
Instant results frequency: 10

Time used by 110000 calculation steps on 1 processors: 2 Hours 47 Minutes 0 Seconds.

