@CulgiVersion: 5.0.1
MBF-Hybrid Simulation of box
Job Start time: Fri Feb 10 08:20:55 2012
----------------------------------------------------------------------------

Simulation Parameters:
----------------------

Field Diffusion: off
Bead Diffusion: on
Temperature: 0.1
Bead Diffusion frequency: 1
Time step: 0.01

Soft core model interaction parameters:
---------------------------------------

Bead parameters:
Type  Mass  BondValence  Diffusion  Sigma  ExtFieldConst  ChargeType  Charge  pK   Dielec  ImplIonInter  
P     1     2            0.1        0.8    1              Strong      0       N/A  1       0             

Pair interaction parameters:
Type1  Type2  A   
P      P      10  

Mesoscopic bead-field hybrid interaction parameters:
----------------------------------------------------

Bead-Field coupling parameters:
Bead  Field  parameter  
P     A      0          
P     B      0          

System Details:
---------------

Box: 64 X 64 X 1
GAUSSIANCHAIN: bcp (A20B16):  (Average number density: 0.90625)
Overall gaussian beads number density: 0.90625
SOFTCOREMOLECULE: np: 1024 (Bead fraction: 0.216216)
Overall Soft-core bead number density: 0.25

Initial Explicit Charge: 0

Initial Energies:
Softcore molecules bond stretching energy: 0
Softcore molecules angle bending energy: 0
Softcore molecules torsional energy: 0
Softcore molecules non-bonded energy: 0.56147
Softcore molecules electrostatics energy: 0
Softcore molecules external potential energy: 0
Softcore molecules Potential energy: 0.56147
Softcore molecules field coupling energy: 0

Average Energies:
Softcore molecules bond stretching energy: 0
Softcore molecules angle bending energy: 0
Softcore molecules torsional energy: 0
Softcore molecules non-bonded energy: 5.41684
Softcore molecules electrostatics energy: 0
Softcore molecules external potential energy: 0
Softcore molecules Potential energy: 5.41684
Softcore molecules field coupling energy: 0

Average Explicit Charge: 0

Final Energies:
Softcore molecules bond stretching energy: 0
Softcore molecules angle bending energy: 0
Softcore molecules torsional energy: 0
Softcore molecules non-bonded energy: 5.77513
Softcore molecules electrostatics energy: 0
Softcore molecules external potential energy: 0
Softcore molecules Potential energy: 5.77513
Softcore molecules field coupling energy: 0

Final Explicit Charge: 0

Time used by 100900 calculation steps on 2 processors: 0 Hours 0 Minutes 59 Seconds.

@CulgiVersion: 5.0.1
MBF-Hybrid Simulation of box
Job Start time: Fri Feb 10 08:21:54 2012
----------------------------------------------------------------------------

Simulation Parameters:
----------------------

Field Diffusion: on
Bead Diffusion: off
Field Diffusion frequency: 1
Time step: 0.01

DDFT Engine parameters: 
Field diffusion Method: EntropyFieldDynamics
Kappa: 15
Reference density: 1

NLESolverEngine parameters, DDFT Molecular Diffusion
Strict tolerance: On
Direction optimization Method: SteepestDescent
Starting Alpha: 0.5
Reset Alpha: On
Tolerance: 0.0001
Maximum Iterations: 25000
Maximum Line Iterations: 5

Gaussian chain interaction parameters:
---------------------------------------

Bead parameters:
Type  Volume  Diffusion  Viscosity  Expansion  ExtFieldConst  ChargeType  Charge  pK   Dielec  ImplIonInter  
A     1       1          1          0.1        1              Strong      0       N/A  1       0             
B     1       1          1          0.1        1              Strong      0       N/A  1       0             

Binary interaction parameters:
Type1  Type2  Chi  ChiL  
A      B      0    0     

Mesoscopic bead-field hybrid interaction parameters:
----------------------------------------------------

Bead-Field coupling parameters:
Bead  Field  parameter  
P     A      6          
P     B      6          

System Details:
---------------

Box: 64 X 64 X 1
GAUSSIANCHAIN: bcp (A20B16):  (Average number density: 0.90625)
Overall gaussian beads number density: 0.90625
SOFTCOREMOLECULE: np: 1024 (Bead fraction: 0.216216)
Overall Soft-core bead number density: 0.25

Initial Gaussian Chains Density Inhomogeneity: 1.92901e-14

Initial Explicit Charge: 0

Initial Energies:
Gaussian total free energy: -212.762
Gaussian ideal free energy: -482.762
Gaussian contact free energy: 0
Gaussian compressibility free energy: 270
Gaussian electrostatic free energy: 0
Softcore molecules field coupling energy: 2702.44

Average Energies:
Gaussian total free energy: -29.1514
Gaussian ideal free energy: -477.928
Gaussian contact free energy: 0
Gaussian compressibility free energy: 448.777
Gaussian electrostatic free energy: 0
Softcore molecules field coupling energy: 2528.38

Average Explicit Charge: 0

Average Gaussian Chains Density Inhomogeneity: 0.0381991

Final Energies:
Gaussian total free energy: -29.141
Gaussian ideal free energy: -477.929
Gaussian contact free energy: 0
Gaussian compressibility free energy: 448.788
Gaussian electrostatic free energy: 0
Softcore molecules field coupling energy: 2528.34

Final Gaussian Chains Density Inhomogeneity: 0.0382058

Iteration report, DDFT Molecular Diffusion
Number of solves: 10000
Number of function calls: 56480
Average number of iterations: 4.648 (min 4, max 7)
Average end norm: 6.76077e-05 (min 4.73731e-05, max 9.99997e-05)


Final Explicit Charge: 0

Time used by 10000 calculation steps on 2 processors: 0 Hours 7 Minutes 3 Seconds.

@CulgiVersion: 5.0.1
MBF-Hybrid Simulation of box
Job Start time: Fri Feb 10 08:28:57 2012
----------------------------------------------------------------------------

Simulation Parameters:
----------------------

Field Diffusion: on
Bead Diffusion: on
Temperature: 0.1
Bead Diffusion frequency: 1
Field Diffusion frequency: 1
Time step: 0.01

DDFT Engine parameters: 
Field diffusion Method: EntropyFieldDynamics
Kappa: 15
Reference density: 1

NLESolverEngine parameters, DDFT Molecular Diffusion
Strict tolerance: On
Direction optimization Method: SteepestDescent
Starting Alpha: 0.5
Reset Alpha: On
Tolerance: 0.0001
Maximum Iterations: 25000
Maximum Line Iterations: 5

Gaussian chain interaction parameters:
---------------------------------------

Bead parameters:
Type  Volume  Diffusion  Viscosity  Expansion  ExtFieldConst  ChargeType  Charge  pK   Dielec  ImplIonInter  
A     1       1          1          0.1        1              Strong      0       N/A  1       0             
B     1       1          1          0.1        1              Strong      0       N/A  1       0             

Binary interaction parameters:
Type1  Type2  Chi       ChiL  
A      B      0.666667  0     

Soft core model interaction parameters:
---------------------------------------

Bead parameters:
Type  Mass  BondValence  Diffusion  Sigma  ExtFieldConst  ChargeType  Charge  pK   Dielec  ImplIonInter  
P     1     2            0.1        0.8    1              Strong      0       N/A  1       0             

Pair interaction parameters:
Type1  Type2  A   
P      P      10  

Mesoscopic bead-field hybrid interaction parameters:
----------------------------------------------------

Bead-Field coupling parameters:
Bead  Field  parameter  
P     A      6          
P     B      12         

System Details:
---------------

Box: 64 X 64 X 1
GAUSSIANCHAIN: bcp (A20B16):  (Average number density: 0.90625)
Overall gaussian beads number density: 0.90625
SOFTCOREMOLECULE: np: 1024 (Bead fraction: 0.216216)
Overall Soft-core bead number density: 0.25

Initial Gaussian Chains Density Inhomogeneity: 0.0382058

Initial Explicit Charge: 0

Initial Energies:
Softcore molecules bond stretching energy: 0
Softcore molecules angle bending energy: 0
Softcore molecules torsional energy: 0
Softcore molecules non-bonded energy: 5.77513
Softcore molecules electrostatics energy: 0
Softcore molecules external potential energy: 0
Softcore molecules Potential energy: 7518.81
Gaussian total free energy: 526.712
Gaussian ideal free energy: -477.929
Gaussian contact free energy: 555.853
Gaussian compressibility free energy: 448.788
Gaussian electrostatic free energy: 0
Softcore molecules field coupling energy: 7513.03

Average Energies:
Softcore molecules bond stretching energy: 0
Softcore molecules angle bending energy: 0
Softcore molecules torsional energy: 0
Softcore molecules non-bonded energy: 316.143
Softcore molecules electrostatics energy: 0
Softcore molecules external potential energy: 0
Softcore molecules Potential energy: 3557.68
Gaussian total free energy: 1443.88
Gaussian ideal free energy: -211.285
Gaussian contact free energy: 233.566
Gaussian compressibility free energy: 1421.6
Gaussian electrostatic free energy: 0
Softcore molecules field coupling energy: 3241.54

Average Explicit Charge: 0

Average Gaussian Chains Density Inhomogeneity: 0.382917

Final Energies:
Softcore molecules bond stretching energy: 0
Softcore molecules angle bending energy: 0
Softcore molecules torsional energy: 0
Softcore molecules non-bonded energy: 354.075
Softcore molecules electrostatics energy: 0
Softcore molecules external potential energy: 0
Softcore molecules Potential energy: 3420.18
Gaussian total free energy: 1522.62
Gaussian ideal free energy: -215.498
Gaussian contact free energy: 230.743
Gaussian compressibility free energy: 1507.37
Gaussian electrostatic free energy: 0
Softcore molecules field coupling energy: 3066.11

Final Gaussian Chains Density Inhomogeneity: 0.385234

Iteration report, DDFT Molecular Diffusion
Number of solves: 1100000
Number of function calls: 10647111
Average number of iterations: 8.67919 (min 8, max 10)
Average end norm: 6.75529e-05 (min 4.7679e-05, max 9.99999e-05)


Final Explicit Charge: 0

Time used by 1100000 calculation steps on 2 processors: 23 Hours 23 Minutes 6 Seconds.

