@CulgiVersion: 5.0.1
MBF-Hybrid Simulation of box
Job Start time: Fri Sep 30 06:14:53 2011
----------------------------------------------------------------------------

Simulation Parameters:
----------------------

Field Diffusion: on
Bead Diffusion: on
Temperature: 0.1
Bead Diffusion frequency: 1
Field Diffusion frequency: 1
Time step: 0.01

DDFT Engine parameters: 
Field diffusion Method: EntropyFieldDynamics
Kappa: 15
Reference density: 1

NLESolverEngine parameters, DDFT Molecular Diffusion
Strict tolerance: On
Direction optimization Method: SteepestDescent
Starting Alpha: 0.5
Reset Alpha: On
Tolerance: 0.0001
Maximum Iterations: 25000
Maximum Line Iterations: 5

Gaussian chain interaction parameters:
---------------------------------------

Bead parameters:
Type  Volume  Diffusion  Viscosity  Expansion  ExtFieldConst  ChargeType  Charge  pK   Dielec  ImplIonInter  
A     1       1          1          0.1        1              Strong      0       N/A  1       0             
B     1       1          1          0.1        1              Strong      0       N/A  1       0             

Binary interaction parameters:
Type1  Type2  Chi  ChiL  
A      B      0    0     

Soft core model interaction parameters:
---------------------------------------

Bead parameters:
Type  Mass  BondValence  Diffusion  Sigma  ExtFieldConst  ChargeType  Charge  pK   Dielec  ImplIonInter  
P     1     2            0          0.8    1              Strong      0       N/A  1       0             

Pair interaction parameters:
Type1  Type2  A   
P      P      25  

Mesoscopic bead-field hybrid interaction parameters:
----------------------------------------------------

Bead-Field coupling parameters:
Bead  Field  parameter  
P     A      10         
P     B      10         

System Details:
---------------

Box: 64 X 64 X 1
GAUSSIANCHAIN: bcp (A20B16):  (Average number density: 0.847412)
Overall gaussian beads number density: 0.847412
SOFTCOREMOLECULE: np: 1000 (Bead fraction: 0.223664)
Overall Soft-core bead number density: 0.244141

Initial Gaussian Chains Density Inhomogeneity: 1.06859e-14

Initial Explicit Charge: 0

Initial Energies:
Softcore molecules bond stretching energy: 0
Softcore molecules angle bending energy: 0
Softcore molecules torsional energy: 0
Softcore molecules non-bonded energy: 2.43465
Softcore molecules electrostatics energy: 0
Softcore molecules external potential energy: 0
Softcore molecules Potential energy: 8476.56
Gaussian total free energy: 257.365
Gaussian ideal free energy: -457.891
Gaussian contact free energy: 0
Gaussian compressibility free energy: 715.256
Gaussian electrostatic free energy: 0
Softcore molecules field coupling energy: 8474.12

Average Energies:
Softcore molecules bond stretching energy: 0
Softcore molecules angle bending energy: 0
Softcore molecules torsional energy: 0
Softcore molecules non-bonded energy: 2.43465
Softcore molecules electrostatics energy: 0
Softcore molecules external potential energy: 0
Softcore molecules Potential energy: 7885.71
Gaussian total free energy: 552.593
Gaussian ideal free energy: -446.304
Gaussian contact free energy: 0
Gaussian compressibility free energy: 998.897
Gaussian electrostatic free energy: 0
Softcore molecules field coupling energy: 7883.28

Average Explicit Charge: 0

Average Gaussian Chains Density Inhomogeneity: 0.0480837

Final Energies:
Softcore molecules bond stretching energy: 0
Softcore molecules angle bending energy: 0
Softcore molecules torsional energy: 0
Softcore molecules non-bonded energy: 2.43465
Softcore molecules electrostatics energy: 0
Softcore molecules external potential energy: 0
Softcore molecules Potential energy: 7885.58
Gaussian total free energy: 552.643
Gaussian ideal free energy: -446.302
Gaussian contact free energy: 0
Gaussian compressibility free energy: 998.944
Gaussian electrostatic free energy: 0
Softcore molecules field coupling energy: 7883.14

Final Gaussian Chains Density Inhomogeneity: 0.048088

Iteration report, DDFT Molecular Diffusion
Number of solves: 10000
Number of function calls: 56522
Average number of iterations: 4.6522 (min 4, max 7)
Average end norm: 6.75319e-05 (min 4.02053e-05, max 9.99999e-05)


Final Explicit Charge: 0

Time used by 10000 calculation steps on 2 processors: 0 Hours 7 Minutes 18 Seconds.

@CulgiVersion: 5.0.1
MBF-Hybrid Simulation of box
Job Start time: Fri Sep 30 06:22:11 2011
----------------------------------------------------------------------------

Simulation Parameters:
----------------------

Field Diffusion: on
Bead Diffusion: on
Temperature: 0.1
Bead Diffusion frequency: 1
Field Diffusion frequency: 1
Time step: 0.01

DDFT Engine parameters: 
Field diffusion Method: EntropyFieldDynamics
Kappa: 15
Reference density: 1

NLESolverEngine parameters, DDFT Molecular Diffusion
Strict tolerance: On
Direction optimization Method: SteepestDescent
Starting Alpha: 0.5
Reset Alpha: On
Tolerance: 0.0001
Maximum Iterations: 25000
Maximum Line Iterations: 5

Gaussian chain interaction parameters:
---------------------------------------

Bead parameters:
Type  Volume  Diffusion  Viscosity  Expansion  ExtFieldConst  ChargeType  Charge  pK   Dielec  ImplIonInter  
A     1       1          1          0.1        1              Strong      0       N/A  1       0             
B     1       1          1          0.1        1              Strong      0       N/A  1       0             

Binary interaction parameters:
Type1  Type2  Chi       ChiL  
A      B      0.666667  0     

Soft core model interaction parameters:
---------------------------------------

Bead parameters:
Type  Mass  BondValence  Diffusion  Sigma  ExtFieldConst  ChargeType  Charge  pK   Dielec  ImplIonInter  
P     1     2            0.1        0.8    1              Strong      0       N/A  1       0             

Pair interaction parameters:
Type1  Type2  A   
P      P      25  

Mesoscopic bead-field hybrid interaction parameters:
----------------------------------------------------

Bead-Field coupling parameters:
Bead  Field  parameter  
P     A      10         
P     B      18         

System Details:
---------------

Box: 64 X 64 X 1
GAUSSIANCHAIN: bcp (A20B16):  (Average number density: 0.847412)
Overall gaussian beads number density: 0.847412
SOFTCOREMOLECULE: np: 1000 (Bead fraction: 0.223664)
Overall Soft-core bead number density: 0.244141

Initial Gaussian Chains Density Inhomogeneity: 0.048088

Initial Explicit Charge: 0

Initial Energies:
Softcore molecules bond stretching energy: 0
Softcore molecules angle bending energy: 0
Softcore molecules torsional energy: 0
Softcore molecules non-bonded energy: 2.43465
Softcore molecules electrostatics energy: 0
Softcore molecules external potential energy: 0
Softcore molecules Potential energy: 10689.4
Gaussian total free energy: 1039.21
Gaussian ideal free energy: -446.302
Gaussian contact free energy: 486.562
Gaussian compressibility free energy: 998.944
Gaussian electrostatic free energy: 0
Softcore molecules field coupling energy: 10686.9

Average Energies:
Softcore molecules bond stretching energy: 0
Softcore molecules angle bending energy: 0
Softcore molecules torsional energy: 0
Softcore molecules non-bonded energy: 650.083
Softcore molecules electrostatics energy: 0
Softcore molecules external potential energy: 0
Softcore molecules Potential energy: 2543.65
Gaussian total free energy: 3899.51
Gaussian ideal free energy: -191.991
Gaussian contact free energy: 226.971
Gaussian compressibility free energy: 3864.53
Gaussian electrostatic free energy: 0
Softcore molecules field coupling energy: 1893.57

Average Explicit Charge: 0

Average Gaussian Chains Density Inhomogeneity: 0.394501

Final Energies:
Softcore molecules bond stretching energy: 0
Softcore molecules angle bending energy: 0
Softcore molecules torsional energy: 0
Softcore molecules non-bonded energy: 661.045
Softcore molecules electrostatics energy: 0
Softcore molecules external potential energy: 0
Softcore molecules Potential energy: 2338.22
Gaussian total free energy: 4010.78
Gaussian ideal free energy: -189.775
Gaussian contact free energy: 218.833
Gaussian compressibility free energy: 3981.72
Gaussian electrostatic free energy: 0
Softcore molecules field coupling energy: 1677.18

Final Gaussian Chains Density Inhomogeneity: 0.399727

Iteration report, DDFT Molecular Diffusion
Number of solves: 5500000
Number of function calls: 56958220
Average number of iterations: 9.35604 (min 8, max 10)
Average end norm: 7.71116e-05 (min 4.82114e-05, max 0.0001)


Final Explicit Charge: 0

Time used by 5500000 calculation steps on 2 processors: 132 Hours 19 Minutes 58 Seconds.

