@CulgiVersion: 5.0.1
MBF-Hybrid Simulation of box
Job Start time: Tue Sep 13 02:28:27 2011
----------------------------------------------------------------------------

Simulation Parameters:
----------------------

Field Diffusion: on
Bead Diffusion: on
Temperature: 0.1
Bead Diffusion frequency: 1
Field Diffusion frequency: 1
Time step: 0.01

DDFT Engine parameters: 
Field diffusion Method: EntropyFieldDynamics
Kappa: 15
Reference density: 1

NLESolverEngine parameters, DDFT Molecular Diffusion
Strict tolerance: On
Direction optimization Method: SteepestDescent
Starting Alpha: 0.5
Reset Alpha: On
Tolerance: 0.0001
Maximum Iterations: 25000
Maximum Line Iterations: 5

Gaussian chain interaction parameters:
---------------------------------------

Bead parameters:
Type  Volume  Diffusion  Viscosity  Expansion  ExtFieldConst  ChargeType  Charge  pK   Dielec  ImplIonInter  
A     1       1          1          0.1        1              Strong      0       N/A  1       0             
B     1       1          1          0.1        1              Strong      0       N/A  1       0             

Binary interaction parameters:
Type1  Type2  Chi  ChiL  
A      B      1    0     

Soft core model interaction parameters:
---------------------------------------

Bead parameters:
Type  Mass  BondValence  Diffusion  Sigma  ExtFieldConst  ChargeType  Charge  pK   Dielec  ImplIonInter  
P     1     2            0.1        0.8    1              Strong      0       N/A  1       0             

Pair interaction parameters:
Type1  Type2  A   
P      P      25  

Mesoscopic bead-field hybrid interaction parameters:
----------------------------------------------------

Bead-Field coupling parameters:
Bead  Field  parameter  
P     A      8          
P     B      16         

System Details:
---------------

Box: 64 X 64 X 1
GAUSSIANCHAIN: bcp (A20B16):  (Average number density: 0.755859)
Overall gaussian beads number density: 0.755859
SOFTCOREMOLECULE: np: 2000 (Bead fraction: 0.392465)
Overall Soft-core bead number density: 0.488281

Initial Gaussian Chains Density Inhomogeneity: 0

Initial Explicit Charge: 0

Initial Energies:
Softcore molecules bond stretching energy: 0
Softcore molecules angle bending energy: 0
Softcore molecules torsional energy: 0
Softcore molecules non-bonded energy: 3192.83
Softcore molecules electrostatics energy: 0
Softcore molecules external potential energy: 0
Softcore molecules Potential energy: 20661.6
Gaussian total free energy: 1990.61
Gaussian ideal free energy: -418.254
Gaussian contact free energy: 577.812
Gaussian compressibility free energy: 1831.05
Gaussian electrostatic free energy: 0
Softcore molecules field coupling energy: 17468.8

Average Energies:
Softcore molecules bond stretching energy: 0
Softcore molecules angle bending energy: 0
Softcore molecules torsional energy: 0
Softcore molecules non-bonded energy: 598.897
Softcore molecules electrostatics energy: 0
Softcore molecules external potential energy: 0
Softcore molecules Potential energy: 6619.67
Gaussian total free energy: 4961.51
Gaussian ideal free energy: -106.179
Gaussian contact free energy: 222.801
Gaussian compressibility free energy: 4844.89
Gaussian electrostatic free energy: 0
Softcore molecules field coupling energy: 6020.77

Average Explicit Charge: 0

Average Gaussian Chains Density Inhomogeneity: 0.380082

Final Energies:
Softcore molecules bond stretching energy: 0
Softcore molecules angle bending energy: 0
Softcore molecules torsional energy: 0
Softcore molecules non-bonded energy: 613.572
Softcore molecules electrostatics energy: 0
Softcore molecules external potential energy: 0
Softcore molecules Potential energy: 6385.98
Gaussian total free energy: 5085.54
Gaussian ideal free energy: -105.095
Gaussian contact free energy: 213.052
Gaussian compressibility free energy: 4977.59
Gaussian electrostatic free energy: 0
Softcore molecules field coupling energy: 5772.4

Final Gaussian Chains Density Inhomogeneity: 0.385067

Iteration report, DDFT Molecular Diffusion
Number of solves: 1100000
Number of function calls: 10957306
Average number of iterations: 8.96102 (min 8, max 56)
Average end norm: 5.85284e-05 (min 3.34036e-06, max 0.0001)


Final Explicit Charge: 0

Time used by 1100000 calculation steps on 4 processors: 14 Hours 6 Minutes 43 Seconds.

