@CulgiVersion: 6.0.0
MBF-Hybrid Simulation of box
Job Start time: Wed May 16 17:34:49 2012
----------------------------------------------------------------------------

Simulation Parameters:
----------------------

Field Diffusion: off
Bead Diffusion: on
Temperature: 0.01
Bead Diffusion frequency: 1
Time step: 0.01

Soft core model interaction parameters:
---------------------------------------

Bead parameters:
Type  Mass  BondValence  Diffusion  Sigma  ExtFieldConst  ChargeType  Charge  pK   Dielec  ImplIonInter  
C     1     2            0.04       0.8    1              Strong      0       N/A  1       0             
S     1     2            0.04       0.8    1              Strong      0       N/A  1       0             

Pair interaction parameters:
Type1  Type2  A   
C      C      10  
C      S      10  
S      S      10  

Mesoscopic bead-field hybrid interaction parameters:
----------------------------------------------------

Bead-Field coupling parameters:
Bead  Field  parameter  
C     A      0          
C     B      0          
S     A      0          
S     B      0          

System Details:
---------------

Box: 64 X 64 X 1
GAUSSIANCHAIN: bcp (A20B16):  (Average number density: 0.796875)
Overall gaussian beads number density: 0.796875
SOFTCORECOLLOID: np: 256 (Bead fraction: 0.413793)
Overall Soft-core bead number density: 0.5625


Initial Explicit Charge: 0

Initial Energies:
Softcore molecules bond stretching energy: 0
Softcore molecules angle bending energy: 0
Softcore molecules torsional energy: 0
Softcore molecules non-bonded energy: 1859.76
Softcore molecules electrostatics energy: 0
Softcore molecules external potential energy: 0
Softcore molecules Potential energy: 1859.76
Softcore molecules field coupling energy: 0

Average Energies:
Softcore molecules bond stretching energy: 0
Softcore molecules angle bending energy: 0
Softcore molecules torsional energy: 0
Softcore molecules non-bonded energy: 32.2353
Softcore molecules electrostatics energy: 0
Softcore molecules external potential energy: 0
Softcore molecules Potential energy: 32.2353
Softcore molecules field coupling energy: 0

Average Explicit Charge: 0

Final Energies:
Softcore molecules bond stretching energy: 0
Softcore molecules angle bending energy: 0
Softcore molecules torsional energy: 0
Softcore molecules non-bonded energy: 0.236518
Softcore molecules electrostatics energy: 0
Softcore molecules external potential energy: 0
Softcore molecules Potential energy: 0.236518
Softcore molecules field coupling energy: 0

Final Explicit Charge: 0

Time used by 100000 calculation steps on 1 processors: 0 Hours 2 Minutes 35 Seconds.

@CulgiVersion: 6.0.0
MBF-Hybrid Simulation of box
Job Start time: Wed May 16 17:37:24 2012
----------------------------------------------------------------------------

Simulation Parameters:
----------------------

Field Diffusion: on
Bead Diffusion: off
Field Diffusion frequency: 1
Time step: 0.01

DDFT Engine parameters: 
Field diffusion Method: EntropyFieldDynamics
Kappa: 15
Reference density: 1

NLESolverEngine parameters, DDFT Molecular Diffusion
Strict tolerance: On
Direction optimization Method: SteepestDescent
Starting Alpha: 0.5
Reset Alpha: On
Tolerance: 0.0001
Maximum Iterations: 25000
Maximum Line Iterations: 5

Gaussian chain interaction parameters:
---------------------------------------

Bead parameters:
Type  Volume  Diffusion  Viscosity  Expansion  ExtFieldConst  ChargeType  Charge  pK   Dielec  ImplIonInter  
A     1       1          1          0.1        1              Strong      0       N/A  1       0             
B     1       1          1          0.1        1              Strong      0       N/A  1       0             

Binary interaction parameters:
Type1  Type2  Chi  ChiL  
A      B      0    0     

Mesoscopic bead-field hybrid interaction parameters:
----------------------------------------------------

Bead-Field coupling parameters:
Bead  Field  parameter  
C     A      20         
C     B      20         
S     A      4          
S     B      4          

System Details:
---------------

Box: 64 X 64 X 1
GAUSSIANCHAIN: bcp (A20B16):  (Average number density: 0.796875)
Overall gaussian beads number density: 0.796875
SOFTCORECOLLOID: np: 256 (Bead fraction: 0.413793)
Overall Soft-core bead number density: 0.5625


Initial Gaussian Chains Density Inhomogeneity: 1.80411e-14

Initial Explicit Charge: 0

Initial Energies:
Gaussian total free energy: 831.341
Gaussian ideal free energy: -436.159
Gaussian contact free energy: 0
Gaussian compressibility free energy: 1267.5
Gaussian electrostatic free energy: 0
Softcore molecules field coupling energy: 10608

Average Energies:
Gaussian total free energy: 3044.02
Gaussian ideal free energy: -361.473
Gaussian contact free energy: 0
Gaussian compressibility free energy: 3405.49
Gaussian electrostatic free energy: 0
Softcore molecules field coupling energy: 6107.42

Average Explicit Charge: 0

Average Gaussian Chains Density Inhomogeneity: 0.131915

Final Energies:
Gaussian total free energy: 3046.01
Gaussian ideal free energy: -361.416
Gaussian contact free energy: 0
Gaussian compressibility free energy: 3407.43
Gaussian electrostatic free energy: 0
Softcore molecules field coupling energy: 6104.3

Final Gaussian Chains Density Inhomogeneity: 0.131982

Iteration report, DDFT Molecular Diffusion
Number of solves: 10000
Number of function calls: 57451
Average number of iterations: 4.7451 (min 4, max 10)
Average end norm: 6.44897e-05 (min 4.69363e-05, max 9.99958e-05)


Final Explicit Charge: 0

Time used by 10000 calculation steps on 1 processors: 0 Hours 14 Minutes 8 Seconds.

@CulgiVersion: 6.0.0
MBF-Hybrid Simulation of box
Job Start time: Wed May 16 17:51:32 2012
----------------------------------------------------------------------------

Simulation Parameters:
----------------------

Field Diffusion: on
Bead Diffusion: on
Temperature: 0.01
Bead Diffusion frequency: 1
Field Diffusion frequency: 1
Time step: 0.01

DDFT Engine parameters: 
Field diffusion Method: EntropyFieldDynamics
Kappa: 15
Reference density: 1

NLESolverEngine parameters, DDFT Molecular Diffusion
Strict tolerance: On
Direction optimization Method: SteepestDescent
Starting Alpha: 0.5
Reset Alpha: On
Tolerance: 0.0001
Maximum Iterations: 25000
Maximum Line Iterations: 5

Gaussian chain interaction parameters:
---------------------------------------

Bead parameters:
Type  Volume  Diffusion  Viscosity  Expansion  ExtFieldConst  ChargeType  Charge  pK   Dielec  ImplIonInter  
A     1       1          1          0.1        1              Strong      0       N/A  1       0             
B     1       1          1          0.1        1              Strong      0       N/A  1       0             

Binary interaction parameters:
Type1  Type2  Chi       ChiL  
A      B      0.666667  0     

Soft core model interaction parameters:
---------------------------------------

Bead parameters:
Type  Mass  BondValence  Diffusion  Sigma  ExtFieldConst  ChargeType  Charge  pK   Dielec  ImplIonInter  
C     1     2            0.04       0.8    1              Strong      0       N/A  1       0             
S     1     2            0.04       0.8    1              Strong      0       N/A  1       0             

Pair interaction parameters:
Type1  Type2  A   
C      C      10  
C      S      10  
S      S      10  

Mesoscopic bead-field hybrid interaction parameters:
----------------------------------------------------

Bead-Field coupling parameters:
Bead  Field  parameter  
C     A      20         
C     B      20         
S     A      4          
S     B      8          

System Details:
---------------

Box: 64 X 64 X 1
GAUSSIANCHAIN: bcp (A20B16):  (Average number density: 0.796875)
Overall gaussian beads number density: 0.796875
SOFTCORECOLLOID: np: 256 (Bead fraction: 0.413793)
Overall Soft-core bead number density: 0.5625


Initial Gaussian Chains Density Inhomogeneity: 0.131982

Initial Explicit Charge: 0

Initial Energies:
Softcore molecules bond stretching energy: 0
Softcore molecules angle bending energy: 0
Softcore molecules torsional energy: 0
Softcore molecules non-bonded energy: 0.236518
Softcore molecules electrostatics energy: 0
Softcore molecules external potential energy: 0
Softcore molecules Potential energy: 8015.94
Gaussian total free energy: 3504.95
Gaussian ideal free energy: -361.416
Gaussian contact free energy: 458.938
Gaussian compressibility free energy: 3407.43
Gaussian electrostatic free energy: 0
Softcore molecules field coupling energy: 8015.7

Average Energies:
Softcore molecules bond stretching energy: 0
Softcore molecules angle bending energy: 0
Softcore molecules torsional energy: 0
Softcore molecules non-bonded energy: 153.963
Softcore molecules electrostatics energy: 0
Softcore molecules external potential energy: 0
Softcore molecules Potential energy: 5490.89
Gaussian total free energy: 3991.1
Gaussian ideal free energy: -43.6268
Gaussian contact free energy: 208.629
Gaussian compressibility free energy: 3826.1
Gaussian electrostatic free energy: 0
Softcore molecules field coupling energy: 5336.92

Average Explicit Charge: 0

Average Gaussian Chains Density Inhomogeneity: 0.367808

Final Energies:
Softcore molecules bond stretching energy: 0
Softcore molecules angle bending energy: 0
Softcore molecules torsional energy: 0
Softcore molecules non-bonded energy: 208.697
Softcore molecules electrostatics energy: 0
Softcore molecules external potential energy: 0
Softcore molecules Potential energy: 5247.32
Gaussian total free energy: 4092.74
Gaussian ideal free energy: -65.6869
Gaussian contact free energy: 208.916
Gaussian compressibility free energy: 3949.51
Gaussian electrostatic free energy: 0
Softcore molecules field coupling energy: 5038.63

Final Gaussian Chains Density Inhomogeneity: 0.368911

Iteration report, DDFT Molecular Diffusion
Number of solves: 110000
Number of function calls: 678063
Average number of iterations: 5.16421 (min 5, max 10)
Average end norm: 8.19229e-05 (min 4.16628e-05, max 9.99999e-05)


Final Explicit Charge: 0

Plugins and corresponding results from this calculation:----------

Archive Plugin:
Archive mode: Text
Archive file name: tt1100_ts0.01_np8.csa
Archive frequency: 100

Instant results Plugin:
Instant results file name: tt1100_ts0.01_np8_Inst.ctf
Instant results frequency: 10

Time used by 110000 calculation steps on 1 processors: 3 Hours 3 Minutes 52 Seconds.

