@CulgiVersion: 5.0.1
MBF-Hybrid Simulation of box
Job Start time: Fri Feb 10 06:30:47 2012
----------------------------------------------------------------------------

Simulation Parameters:
----------------------

Field Diffusion: off
Bead Diffusion: on
Temperature: 0.1
Bead Diffusion frequency: 1
Time step: 0.01

Soft core model interaction parameters:
---------------------------------------

Bead parameters:
Type  Mass  BondValence  Diffusion  Sigma  ExtFieldConst  ChargeType  Charge  pK   Dielec  ImplIonInter  
P     1     2            0.1        0.8    1              Strong      0       N/A  1       0             

Pair interaction parameters:
Type1  Type2  A   
P      P      10  

Mesoscopic bead-field hybrid interaction parameters:
----------------------------------------------------

Bead-Field coupling parameters:
Bead  Field  parameter  
P     A      0          
P     B      0          

System Details:
---------------

Box: 64 X 64 X 1
GAUSSIANCHAIN: bcp (A20B16):  (Average number density: 0.953125)
Overall gaussian beads number density: 0.953125
SOFTCOREMOLECULE: np: 512 (Bead fraction: 0.115942)
Overall Soft-core bead number density: 0.125

Initial Explicit Charge: 0

Initial Energies:
Softcore molecules bond stretching energy: 0
Softcore molecules angle bending energy: 0
Softcore molecules torsional energy: 0
Softcore molecules non-bonded energy: 1.52185
Softcore molecules electrostatics energy: 0
Softcore molecules external potential energy: 0
Softcore molecules Potential energy: 1.52185
Softcore molecules field coupling energy: 0

Average Energies:
Softcore molecules bond stretching energy: 0
Softcore molecules angle bending energy: 0
Softcore molecules torsional energy: 0
Softcore molecules non-bonded energy: 1.14883
Softcore molecules electrostatics energy: 0
Softcore molecules external potential energy: 0
Softcore molecules Potential energy: 1.14883
Softcore molecules field coupling energy: 0

Average Explicit Charge: 0

Final Energies:
Softcore molecules bond stretching energy: 0
Softcore molecules angle bending energy: 0
Softcore molecules torsional energy: 0
Softcore molecules non-bonded energy: 0.385463
Softcore molecules electrostatics energy: 0
Softcore molecules external potential energy: 0
Softcore molecules Potential energy: 0.385463
Softcore molecules field coupling energy: 0

Final Explicit Charge: 0

Time used by 100900 calculation steps on 2 processors: 0 Hours 0 Minutes 37 Seconds.

@CulgiVersion: 5.0.1
MBF-Hybrid Simulation of box
Job Start time: Fri Feb 10 06:31:24 2012
----------------------------------------------------------------------------

Simulation Parameters:
----------------------

Field Diffusion: on
Bead Diffusion: off
Field Diffusion frequency: 1
Time step: 0.01

DDFT Engine parameters: 
Field diffusion Method: EntropyFieldDynamics
Kappa: 15
Reference density: 1

NLESolverEngine parameters, DDFT Molecular Diffusion
Strict tolerance: On
Direction optimization Method: SteepestDescent
Starting Alpha: 0.5
Reset Alpha: On
Tolerance: 0.0001
Maximum Iterations: 25000
Maximum Line Iterations: 5

Gaussian chain interaction parameters:
---------------------------------------

Bead parameters:
Type  Volume  Diffusion  Viscosity  Expansion  ExtFieldConst  ChargeType  Charge  pK   Dielec  ImplIonInter  
A     1       1          1          0.1        1              Strong      0       N/A  1       0             
B     1       1          1          0.1        1              Strong      0       N/A  1       0             

Binary interaction parameters:
Type1  Type2  Chi  ChiL  
A      B      0    0     

Mesoscopic bead-field hybrid interaction parameters:
----------------------------------------------------

Bead-Field coupling parameters:
Bead  Field  parameter  
P     A      6          
P     B      6          

System Details:
---------------

Box: 64 X 64 X 1
GAUSSIANCHAIN: bcp (A20B16):  (Average number density: 0.953125)
Overall gaussian beads number density: 0.953125
SOFTCOREMOLECULE: np: 512 (Bead fraction: 0.115942)
Overall Soft-core bead number density: 0.125

Initial Gaussian Chains Density Inhomogeneity: 1.77636e-14

Initial Explicit Charge: 0

Initial Energies:
Gaussian total free energy: -434.763
Gaussian ideal free energy: -502.263
Gaussian contact free energy: 0
Gaussian compressibility free energy: 67.5
Gaussian electrostatic free energy: 0
Softcore molecules field coupling energy: 1435.41

Average Energies:
Gaussian total free energy: -319.474
Gaussian ideal free energy: -499.376
Gaussian contact free energy: 0
Gaussian compressibility free energy: 179.901
Gaussian electrostatic free energy: 0
Softcore molecules field coupling energy: 1322.34

Average Explicit Charge: 0

Average Gaussian Chains Density Inhomogeneity: 0.0303221

Final Energies:
Gaussian total free energy: -319.497
Gaussian ideal free energy: -499.377
Gaussian contact free energy: 0
Gaussian compressibility free energy: 179.88
Gaussian electrostatic free energy: 0
Softcore molecules field coupling energy: 1322.33

Final Gaussian Chains Density Inhomogeneity: 0.0303242

Iteration report, DDFT Molecular Diffusion
Number of solves: 10000
Number of function calls: 56359
Average number of iterations: 4.6359 (min 4, max 6)
Average end norm: 6.81794e-05 (min 4.39126e-05, max 9.99983e-05)


Final Explicit Charge: 0

Time used by 10000 calculation steps on 2 processors: 0 Hours 6 Minutes 51 Seconds.

@CulgiVersion: 5.0.1
MBF-Hybrid Simulation of box
Job Start time: Fri Feb 10 06:38:15 2012
----------------------------------------------------------------------------

Simulation Parameters:
----------------------

Field Diffusion: on
Bead Diffusion: on
Temperature: 0.1
Bead Diffusion frequency: 1
Field Diffusion frequency: 1
Time step: 0.01

DDFT Engine parameters: 
Field diffusion Method: EntropyFieldDynamics
Kappa: 15
Reference density: 1

NLESolverEngine parameters, DDFT Molecular Diffusion
Strict tolerance: On
Direction optimization Method: SteepestDescent
Starting Alpha: 0.5
Reset Alpha: On
Tolerance: 0.0001
Maximum Iterations: 25000
Maximum Line Iterations: 5

Gaussian chain interaction parameters:
---------------------------------------

Bead parameters:
Type  Volume  Diffusion  Viscosity  Expansion  ExtFieldConst  ChargeType  Charge  pK   Dielec  ImplIonInter  
A     1       1          1          0.1        1              Strong      0       N/A  1       0             
B     1       1          1          0.1        1              Strong      0       N/A  1       0             

Binary interaction parameters:
Type1  Type2  Chi       ChiL  
A      B      0.666667  0     

Soft core model interaction parameters:
---------------------------------------

Bead parameters:
Type  Mass  BondValence  Diffusion  Sigma  ExtFieldConst  ChargeType  Charge  pK   Dielec  ImplIonInter  
P     1     2            0.1        0.8    1              Strong      0       N/A  1       0             

Pair interaction parameters:
Type1  Type2  A   
P      P      10  

Mesoscopic bead-field hybrid interaction parameters:
----------------------------------------------------

Bead-Field coupling parameters:
Bead  Field  parameter  
P     A      6          
P     B      12         

System Details:
---------------

Box: 64 X 64 X 1
GAUSSIANCHAIN: bcp (A20B16):  (Average number density: 0.953125)
Overall gaussian beads number density: 0.953125
SOFTCOREMOLECULE: np: 512 (Bead fraction: 0.115942)
Overall Soft-core bead number density: 0.125

Initial Gaussian Chains Density Inhomogeneity: 0.0303242

Initial Explicit Charge: 0

Initial Energies:
Softcore molecules bond stretching energy: 0
Softcore molecules angle bending energy: 0
Softcore molecules torsional energy: 0
Softcore molecules non-bonded energy: 0.385463
Softcore molecules electrostatics energy: 0
Softcore molecules external potential energy: 0
Softcore molecules Potential energy: 3897.45
Gaussian total free energy: 294.359
Gaussian ideal free energy: -499.377
Gaussian contact free energy: 613.855
Gaussian compressibility free energy: 179.88
Gaussian electrostatic free energy: 0
Softcore molecules field coupling energy: 3897.07

Average Energies:
Softcore molecules bond stretching energy: 0
Softcore molecules angle bending energy: 0
Softcore molecules torsional energy: 0
Softcore molecules non-bonded energy: 104.079
Softcore molecules electrostatics energy: 0
Softcore molecules external potential energy: 0
Softcore molecules Potential energy: 1973.96
Gaussian total free energy: 604.518
Gaussian ideal free energy: -233.665
Gaussian contact free energy: 249.001
Gaussian compressibility free energy: 589.182
Gaussian electrostatic free energy: 0
Softcore molecules field coupling energy: 1869.88

Average Explicit Charge: 0

Average Gaussian Chains Density Inhomogeneity: 0.391126

Final Energies:
Softcore molecules bond stretching energy: 0
Softcore molecules angle bending energy: 0
Softcore molecules torsional energy: 0
Softcore molecules non-bonded energy: 110.494
Softcore molecules electrostatics energy: 0
Softcore molecules external potential energy: 0
Softcore molecules Potential energy: 1923.62
Gaussian total free energy: 626.582
Gaussian ideal free energy: -234.415
Gaussian contact free energy: 245.637
Gaussian compressibility free energy: 615.359
Gaussian electrostatic free energy: 0
Softcore molecules field coupling energy: 1813.12

Final Gaussian Chains Density Inhomogeneity: 0.392691

Iteration report, DDFT Molecular Diffusion
Number of solves: 1100000
Number of function calls: 10198435
Average number of iterations: 8.2713 (min 8, max 10)
Average end norm: 7.86784e-05 (min 4.77779e-05, max 0.0001)


Final Explicit Charge: 0

Time used by 1100000 calculation steps on 2 processors: 22 Hours 12 Minutes 3 Seconds.

