@CulgiVersion: 6.0.0
MBF-Hybrid Simulation of box
Job Start time: Sun May 13 19:54:19 2012
----------------------------------------------------------------------------

Simulation Parameters:
----------------------

Field Diffusion: off
Bead Diffusion: on
Temperature: 0.01
Bead Diffusion frequency: 1
Time step: 0.01

Soft core model interaction parameters:
---------------------------------------

Bead parameters:
Type  Mass  BondValence  Diffusion  Sigma  ExtFieldConst  ChargeType  Charge  pK   Dielec  ImplIonInter  
C     1     2            0.04       0.8    1              Strong      0       N/A  1       0             
S     1     2            0.04       0.8    1              Strong      0       N/A  1       0             

Pair interaction parameters:
Type1  Type2  A   
C      C      25  
C      S      25  
S      S      25  

Mesoscopic bead-field hybrid interaction parameters:
----------------------------------------------------

Bead-Field coupling parameters:
Bead  Field  parameter  
C     A      0          
C     B      0          
S     A      0          
S     B      0          

System Details:
---------------

Box: 64 X 64 X 1
GAUSSIANCHAIN: bcp (A20B16):  (Average number density: 0.859375)
Overall gaussian beads number density: 0.859375
SOFTCORECOLLOID: np: 256 (Bead fraction: 0.395604)
Overall Soft-core bead number density: 0.5625


Initial Explicit Charge: 0

Initial Energies:
Softcore molecules bond stretching energy: 0
Softcore molecules angle bending energy: 0
Softcore molecules torsional energy: 0
Softcore molecules non-bonded energy: 5516.12
Softcore molecules electrostatics energy: 0
Softcore molecules external potential energy: 0
Softcore molecules Potential energy: 5516.12
Softcore molecules field coupling energy: 0

Average Energies:
Softcore molecules bond stretching energy: 0
Softcore molecules angle bending energy: 0
Softcore molecules torsional energy: 0
Softcore molecules non-bonded energy: 6.04375
Softcore molecules electrostatics energy: 0
Softcore molecules external potential energy: 0
Softcore molecules Potential energy: 6.04375
Softcore molecules field coupling energy: 0

Average Explicit Charge: 0

Final Energies:
Softcore molecules bond stretching energy: 0
Softcore molecules angle bending energy: 0
Softcore molecules torsional energy: 0
Softcore molecules non-bonded energy: 0.111707
Softcore molecules electrostatics energy: 0
Softcore molecules external potential energy: 0
Softcore molecules Potential energy: 0.111707
Softcore molecules field coupling energy: 0

Final Explicit Charge: 0

Time used by 100000 calculation steps on 1 processors: 0 Hours 2 Minutes 32 Seconds.

@CulgiVersion: 6.0.0
MBF-Hybrid Simulation of box
Job Start time: Sun May 13 19:56:52 2012
----------------------------------------------------------------------------

Simulation Parameters:
----------------------

Field Diffusion: on
Bead Diffusion: off
Field Diffusion frequency: 1
Time step: 0.01

DDFT Engine parameters: 
Field diffusion Method: EntropyFieldDynamics
Kappa: 15
Reference density: 1

NLESolverEngine parameters, DDFT Molecular Diffusion
Strict tolerance: On
Direction optimization Method: SteepestDescent
Starting Alpha: 0.5
Reset Alpha: On
Tolerance: 0.0001
Maximum Iterations: 25000
Maximum Line Iterations: 5

Gaussian chain interaction parameters:
---------------------------------------

Bead parameters:
Type  Volume  Diffusion  Viscosity  Expansion  ExtFieldConst  ChargeType  Charge  pK   Dielec  ImplIonInter  
A     1       1          1          0.1        1              Strong      0       N/A  1       0             
B     1       1          1          0.1        1              Strong      0       N/A  1       0             

Binary interaction parameters:
Type1  Type2  Chi  ChiL  
A      B      0    0     

Mesoscopic bead-field hybrid interaction parameters:
----------------------------------------------------

Bead-Field coupling parameters:
Bead  Field  parameter  
C     A      4          
C     B      4          
S     A      4          
S     B      4          

System Details:
---------------

Box: 64 X 64 X 1
GAUSSIANCHAIN: bcp (A20B16):  (Average number density: 0.859375)
Overall gaussian beads number density: 0.859375
SOFTCORECOLLOID: np: 256 (Bead fraction: 0.395604)
Overall Soft-core bead number density: 0.5625


Initial Gaussian Chains Density Inhomogeneity: 3.5083e-14

Initial Explicit Charge: 0

Initial Energies:
Gaussian total free energy: 144.515
Gaussian ideal free energy: -462.985
Gaussian contact free energy: 0
Gaussian compressibility free energy: 607.5
Gaussian electrostatic free energy: 0
Softcore molecules field coupling energy: 7920

Average Energies:
Gaussian total free energy: 1906.63
Gaussian ideal free energy: -409.651
Gaussian contact free energy: 0
Gaussian compressibility free energy: 2316.29
Gaussian electrostatic free energy: 0
Softcore molecules field coupling energy: 4353.77

Average Explicit Charge: 0

Average Gaussian Chains Density Inhomogeneity: 0.117939

Final Energies:
Gaussian total free energy: 1908.01
Gaussian ideal free energy: -409.618
Gaussian contact free energy: 0
Gaussian compressibility free energy: 2317.63
Gaussian electrostatic free energy: 0
Softcore molecules field coupling energy: 4351.55

Final Gaussian Chains Density Inhomogeneity: 0.117992

Iteration report, DDFT Molecular Diffusion
Number of solves: 10000
Number of function calls: 57153
Average number of iterations: 4.7153 (min 4, max 10)
Average end norm: 6.54451e-05 (min 4.40209e-05, max 9.99995e-05)


Final Explicit Charge: 0

Time used by 10000 calculation steps on 1 processors: 0 Hours 14 Minutes 6 Seconds.

@CulgiVersion: 6.0.0
MBF-Hybrid Simulation of box
Job Start time: Sun May 13 20:10:59 2012
----------------------------------------------------------------------------

Simulation Parameters:
----------------------

Field Diffusion: on
Bead Diffusion: on
Temperature: 0.01
Bead Diffusion frequency: 1
Field Diffusion frequency: 1
Time step: 0.01

DDFT Engine parameters: 
Field diffusion Method: EntropyFieldDynamics
Kappa: 15
Reference density: 1

NLESolverEngine parameters, DDFT Molecular Diffusion
Strict tolerance: On
Direction optimization Method: SteepestDescent
Starting Alpha: 0.5
Reset Alpha: On
Tolerance: 0.0001
Maximum Iterations: 25000
Maximum Line Iterations: 5

Gaussian chain interaction parameters:
---------------------------------------

Bead parameters:
Type  Volume  Diffusion  Viscosity  Expansion  ExtFieldConst  ChargeType  Charge  pK   Dielec  ImplIonInter  
A     1       1          1          0.1        1              Strong      0       N/A  1       0             
B     1       1          1          0.1        1              Strong      0       N/A  1       0             

Binary interaction parameters:
Type1  Type2  Chi       ChiL  
A      B      0.666667  0     

Soft core model interaction parameters:
---------------------------------------

Bead parameters:
Type  Mass  BondValence  Diffusion  Sigma  ExtFieldConst  ChargeType  Charge  pK   Dielec  ImplIonInter  
C     1     2            0.04       0.8    1              Strong      0       N/A  1       0             
S     1     2            0.04       0.8    1              Strong      0       N/A  1       0             

Pair interaction parameters:
Type1  Type2  A   
C      C      25  
C      S      25  
S      S      25  

Mesoscopic bead-field hybrid interaction parameters:
----------------------------------------------------

Bead-Field coupling parameters:
Bead  Field  parameter  
C     A      4          
C     B      8          
S     A      4          
S     B      8          

System Details:
---------------

Box: 64 X 64 X 1
GAUSSIANCHAIN: bcp (A20B16):  (Average number density: 0.859375)
Overall gaussian beads number density: 0.859375
SOFTCORECOLLOID: np: 256 (Bead fraction: 0.395604)
Overall Soft-core bead number density: 0.5625


Initial Gaussian Chains Density Inhomogeneity: 0.117992

Initial Explicit Charge: 0

Initial Energies:
Softcore molecules bond stretching energy: 0
Softcore molecules angle bending energy: 0
Softcore molecules torsional energy: 0
Softcore molecules non-bonded energy: 0.111707
Softcore molecules electrostatics energy: 0
Softcore molecules external potential energy: 0
Softcore molecules Potential energy: 6293.82
Gaussian total free energy: 2430.46
Gaussian ideal free energy: -409.618
Gaussian contact free energy: 522.452
Gaussian compressibility free energy: 2317.63
Gaussian electrostatic free energy: 0
Softcore molecules field coupling energy: 6293.71

Average Energies:
Softcore molecules bond stretching energy: 0
Softcore molecules angle bending energy: 0
Softcore molecules torsional energy: 0
Softcore molecules non-bonded energy: 58.3921
Softcore molecules electrostatics energy: 0
Softcore molecules external potential energy: 0
Softcore molecules Potential energy: 3707.03
Gaussian total free energy: 2803.37
Gaussian ideal free energy: -88.7412
Gaussian contact free energy: 242.877
Gaussian compressibility free energy: 2649.24
Gaussian electrostatic free energy: 0
Softcore molecules field coupling energy: 3648.63

Average Explicit Charge: 0

Average Gaussian Chains Density Inhomogeneity: 0.376438

Final Energies:
Softcore molecules bond stretching energy: 0
Softcore molecules angle bending energy: 0
Softcore molecules torsional energy: 0
Softcore molecules non-bonded energy: 67
Softcore molecules electrostatics energy: 0
Softcore molecules external potential energy: 0
Softcore molecules Potential energy: 3564.13
Gaussian total free energy: 2855.44
Gaussian ideal free energy: -92.633
Gaussian contact free energy: 240.916
Gaussian compressibility free energy: 2707.15
Gaussian electrostatic free energy: 0
Softcore molecules field coupling energy: 3497.13

Final Gaussian Chains Density Inhomogeneity: 0.378159

Iteration report, DDFT Molecular Diffusion
Number of solves: 110000
Number of function calls: 765477
Average number of iterations: 5.95888 (min 5, max 12)
Average end norm: 6.24479e-05 (min 4.499e-05, max 9.99996e-05)


Final Explicit Charge: 0

Plugins and corresponding results from this calculation:----------

Archive Plugin:
Archive mode: Text
Archive file name: tt1100_ts0.01.csa
Archive frequency: 100

Instant results Plugin:
Instant results file name: tt1100_ts0.01_Inst.ctf
Instant results frequency: 10

Time used by 110000 calculation steps on 1 processors: 3 Hours 21 Minutes 28 Seconds.

