@CulgiVersion: 5.0.1
MBF-Hybrid Simulation of box
Job Start time: Sat Sep 24 09:39:38 2011
----------------------------------------------------------------------------

Simulation Parameters:
----------------------

Field Diffusion: on
Bead Diffusion: on
Temperature: 0.1
Bead Diffusion frequency: 1
Field Diffusion frequency: 1
Time step: 0.01

DDFT Engine parameters: 
Field diffusion Method: EntropyFieldDynamics
Kappa: 30
Reference density: 1

NLESolverEngine parameters, DDFT Molecular Diffusion
Strict tolerance: On
Direction optimization Method: SteepestDescent
Starting Alpha: 0.5
Reset Alpha: On
Tolerance: 0.0001
Maximum Iterations: 25000
Maximum Line Iterations: 5

Gaussian chain interaction parameters:
---------------------------------------

Bead parameters:
Type  Volume  Diffusion  Viscosity  Expansion  ExtFieldConst  ChargeType  Charge  pK   Dielec  ImplIonInter  
A     1       1          1          0.1        1              Strong      0       N/A  1       0             
B     1       1          1          0.1        1              Strong      0       N/A  1       0             

Binary interaction parameters:
Type1  Type2  Chi       ChiL  
A      B      0.666667  0     

Soft core model interaction parameters:
---------------------------------------

Bead parameters:
Type  Mass  BondValence  Diffusion  Sigma  ExtFieldConst  ChargeType  Charge  pK   Dielec  ImplIonInter  
P     1     2            0.1        0.8    1              Strong      0       N/A  1       0             

Pair interaction parameters:
Type1  Type2  A   
P      P      25  

Mesoscopic bead-field hybrid interaction parameters:
----------------------------------------------------

Bead-Field coupling parameters:
Bead  Field  parameter  
P     A      8          
P     B      27         

System Details:
---------------

Box: 64 X 64 X 1
GAUSSIANCHAIN: bcp (A20B16):  (Average number density: 0.936996)
Overall gaussian beads number density: 0.936996
SOFTCOREMOLECULE: np: 1000 (Bead fraction: 0.2067)
Overall Soft-core bead number density: 0.244141

Initial Gaussian Chains Density Inhomogeneity: 1.02696e-15

Initial Explicit Charge: 0

Initial Energies:
Softcore molecules bond stretching energy: 0
Softcore molecules angle bending energy: 0
Softcore molecules torsional energy: 0
Softcore molecules non-bonded energy: 873.738
Softcore molecules electrostatics energy: 0
Softcore molecules external potential energy: 0
Softcore molecules Potential energy: 16282.1
Gaussian total free energy: 340.259
Gaussian ideal free energy: -495.584
Gaussian contact free energy: 591.956
Gaussian compressibility free energy: 243.887
Gaussian electrostatic free energy: 0
Softcore molecules field coupling energy: 15408.4

Average Energies:
Softcore molecules bond stretching energy: 0
Softcore molecules angle bending energy: 0
Softcore molecules torsional energy: 0
Softcore molecules non-bonded energy: 83.6626
Softcore molecules electrostatics energy: 0
Softcore molecules external potential energy: 0
Softcore molecules Potential energy: 6190.63
Gaussian total free energy: 993.641
Gaussian ideal free energy: -171.267
Gaussian contact free energy: 213.363
Gaussian compressibility free energy: 951.545
Gaussian electrostatic free energy: 0
Softcore molecules field coupling energy: 6106.97

Average Explicit Charge: 0

Average Gaussian Chains Density Inhomogeneity: 0.394948

Final Energies:
Softcore molecules bond stretching energy: 0
Softcore molecules angle bending energy: 0
Softcore molecules torsional energy: 0
Softcore molecules non-bonded energy: 83.7701
Softcore molecules electrostatics energy: 0
Softcore molecules external potential energy: 0
Softcore molecules Potential energy: 6119.76
Gaussian total free energy: 1008.14
Gaussian ideal free energy: -179.492
Gaussian contact free energy: 211.971
Gaussian compressibility free energy: 975.659
Gaussian electrostatic free energy: 0
Softcore molecules field coupling energy: 6035.99

Final Gaussian Chains Density Inhomogeneity: 0.393924

Iteration report, DDFT Molecular Diffusion
Number of solves: 1100000
Number of function calls: 12136693
Average number of iterations: 10.0234 (min 9, max 418)
Average end norm: 6.50968e-05 (min 1.6869e-06, max 9.99988e-05)


Final Explicit Charge: 0

Time used by 1100000 calculation steps on 4 processors: 15 Hours 3 Minutes 52 Seconds.

