@CulgiVersion: 6.0.0
MBF-Hybrid Simulation of box
Job Start time: Wed Mar 14 13:45:55 2012
----------------------------------------------------------------------------

Simulation Parameters:
----------------------

Field Diffusion: off
Bead Diffusion: on
Temperature: 0.1
Bead Diffusion frequency: 1
Time step: 0.01

Soft core model interaction parameters:
---------------------------------------

Bead parameters:
Type  Mass  BondValence  Diffusion  Sigma  ExtFieldConst  ChargeType  Charge  pK   Dielec  ImplIonInter  
C     1     2            0.04       0.8    1              Strong      0       N/A  1       0             
S     1     2            0.04       0.8    1              Strong      0       N/A  1       0             

Pair interaction parameters:
Type1  Type2  A   
C      C      20  
C      S      20  
S      S      20  

Mesoscopic bead-field hybrid interaction parameters:
----------------------------------------------------

Bead-Field coupling parameters:
Bead  Field  parameter  
C     A      0          
C     B      0          
S     A      0          
S     B      0          

System Details:
---------------

Box: 64 X 64 X 1
GAUSSIANCHAIN: bcp (A20B16):  (Average number density: 0.789063)
Overall gaussian beads number density: 0.789063
SOFTCORECOLLOID: np: 512 (Bead fraction: 0.587755)
Overall Soft-core bead number density: 1.125


Initial Explicit Charge: 0

Initial Energies:
Softcore molecules bond stretching energy: 0
Softcore molecules angle bending energy: 0
Softcore molecules torsional energy: 0
Softcore molecules non-bonded energy: 14378.6
Softcore molecules electrostatics energy: 0
Softcore molecules external potential energy: 0
Softcore molecules Potential energy: 14378.6
Softcore molecules field coupling energy: 0

Average Energies:
Softcore molecules bond stretching energy: 0
Softcore molecules angle bending energy: 0
Softcore molecules torsional energy: 0
Softcore molecules non-bonded energy: 4.78744
Softcore molecules electrostatics energy: 0
Softcore molecules external potential energy: 0
Softcore molecules Potential energy: 4.78744
Softcore molecules field coupling energy: 0

Average Explicit Charge: 0

Final Energies:
Softcore molecules bond stretching energy: 0
Softcore molecules angle bending energy: 0
Softcore molecules torsional energy: 0
Softcore molecules non-bonded energy: 2.01183
Softcore molecules electrostatics energy: 0
Softcore molecules external potential energy: 0
Softcore molecules Potential energy: 2.01183
Softcore molecules field coupling energy: 0

Final Explicit Charge: 0

Time used by 100000 calculation steps on 1 processors: 0 Hours 5 Minutes 25 Seconds.

@CulgiVersion: 6.0.0
MBF-Hybrid Simulation of box
Job Start time: Wed Mar 14 13:51:20 2012
----------------------------------------------------------------------------

Simulation Parameters:
----------------------

Field Diffusion: on
Bead Diffusion: off
Field Diffusion frequency: 1
Time step: 0.01

DDFT Engine parameters: 
Field diffusion Method: EntropyFieldDynamics
Kappa: 15
Reference density: 1

NLESolverEngine parameters, DDFT Molecular Diffusion
Strict tolerance: On
Direction optimization Method: SteepestDescent
Starting Alpha: 0.5
Reset Alpha: On
Tolerance: 0.0001
Maximum Iterations: 25000
Maximum Line Iterations: 5

Gaussian chain interaction parameters:
---------------------------------------

Bead parameters:
Type  Volume  Diffusion  Viscosity  Expansion  ExtFieldConst  ChargeType  Charge  pK   Dielec  ImplIonInter  
A     1       1          1          0.1        1              Strong      0       N/A  1       0             
B     1       1          1          0.1        1              Strong      0       N/A  1       0             

Binary interaction parameters:
Type1  Type2  Chi  ChiL  
A      B      0    0     

Mesoscopic bead-field hybrid interaction parameters:
----------------------------------------------------

Bead-Field coupling parameters:
Bead  Field  parameter  
C     A      3          
C     B      3          
S     A      3          
S     B      3          

System Details:
---------------

Box: 64 X 64 X 1
GAUSSIANCHAIN: bcp (A20B16):  (Average number density: 0.789063)
Overall gaussian beads number density: 0.789063
SOFTCORECOLLOID: np: 512 (Bead fraction: 0.587755)
Overall Soft-core bead number density: 1.125


Initial Gaussian Chains Density Inhomogeneity: 2.92266e-14

Initial Explicit Charge: 0

Initial Energies:
Gaussian total free energy: 934.108
Gaussian ideal free energy: -432.767
Gaussian contact free energy: 0
Gaussian compressibility free energy: 1366.88
Gaussian electrostatic free energy: 0
Softcore molecules field coupling energy: 10908

Average Energies:
Gaussian total free energy: 2265.57
Gaussian ideal free energy: -387.06
Gaussian contact free energy: 0
Gaussian compressibility free energy: 2652.63
Gaussian electrostatic free energy: 0
Softcore molecules field coupling energy: 8233.38

Average Explicit Charge: 0

Average Gaussian Chains Density Inhomogeneity: 0.102307

Final Energies:
Gaussian total free energy: 2266.42
Gaussian ideal free energy: -387.037
Gaussian contact free energy: 0
Gaussian compressibility free energy: 2653.46
Gaussian electrostatic free energy: 0
Softcore molecules field coupling energy: 8232.08

Final Gaussian Chains Density Inhomogeneity: 0.102344

Iteration report, DDFT Molecular Diffusion
Number of solves: 10000
Number of function calls: 56955
Average number of iterations: 4.6955 (min 4, max 9)
Average end norm: 6.57574e-05 (min 4.21734e-05, max 9.99991e-05)


Final Explicit Charge: 0

Time used by 10000 calculation steps on 1 processors: 0 Hours 16 Minutes 7 Seconds.

@CulgiVersion: 6.0.0
MBF-Hybrid Simulation of box
Job Start time: Wed Mar 14 14:07:27 2012
----------------------------------------------------------------------------

Simulation Parameters:
----------------------

Field Diffusion: on
Bead Diffusion: on
Temperature: 0.1
Bead Diffusion frequency: 1
Field Diffusion frequency: 1
Time step: 0.01

DDFT Engine parameters: 
Field diffusion Method: EntropyFieldDynamics
Kappa: 15
Reference density: 1

NLESolverEngine parameters, DDFT Molecular Diffusion
Strict tolerance: On
Direction optimization Method: SteepestDescent
Starting Alpha: 0.5
Reset Alpha: On
Tolerance: 0.0001
Maximum Iterations: 25000
Maximum Line Iterations: 5

Gaussian chain interaction parameters:
---------------------------------------

Bead parameters:
Type  Volume  Diffusion  Viscosity  Expansion  ExtFieldConst  ChargeType  Charge  pK   Dielec  ImplIonInter  
A     1       1          1          0.1        1              Strong      0       N/A  1       0             
B     1       1          1          0.1        1              Strong      0       N/A  1       0             

Binary interaction parameters:
Type1  Type2  Chi       ChiL  
A      B      0.666667  0     

Soft core model interaction parameters:
---------------------------------------

Bead parameters:
Type  Mass  BondValence  Diffusion  Sigma  ExtFieldConst  ChargeType  Charge  pK   Dielec  ImplIonInter  
C     1     2            0.04       0.8    1              Strong      0       N/A  1       0             
S     1     2            0.04       0.8    1              Strong      0       N/A  1       0             

Pair interaction parameters:
Type1  Type2  A   
C      C      20  
C      S      20  
S      S      20  

Mesoscopic bead-field hybrid interaction parameters:
----------------------------------------------------

Bead-Field coupling parameters:
Bead  Field  parameter  
C     A      3          
C     B      6          
S     A      3          
S     B      6          

System Details:
---------------

Box: 64 X 64 X 1
GAUSSIANCHAIN: bcp (A20B16):  (Average number density: 0.789062)
Overall gaussian beads number density: 0.789062
SOFTCORECOLLOID: np: 512 (Bead fraction: 0.587755)
Overall Soft-core bead number density: 1.125


Initial Gaussian Chains Density Inhomogeneity: 0.102344

Initial Explicit Charge: 0

Initial Energies:
Softcore molecules bond stretching energy: 0
Softcore molecules angle bending energy: 0
Softcore molecules torsional energy: 0
Softcore molecules non-bonded energy: 2.01183
Softcore molecules electrostatics energy: 0
Softcore molecules external potential energy: 0
Softcore molecules Potential energy: 11899.6
Gaussian total free energy: 2701.71
Gaussian ideal free energy: -387.037
Gaussian contact free energy: 435.291
Gaussian compressibility free energy: 2653.46
Gaussian electrostatic free energy: 0
Softcore molecules field coupling energy: 11897.6

Average Energies:
Softcore molecules bond stretching energy: 0
Softcore molecules angle bending energy: 0
Softcore molecules torsional energy: 0
Softcore molecules non-bonded energy: 192.878
Softcore molecules electrostatics energy: 0
Softcore molecules external potential energy: 0
Softcore molecules Potential energy: 5647.9
Gaussian total free energy: 4120.12
Gaussian ideal free energy: -137.89
Gaussian contact free energy: 204.598
Gaussian compressibility free energy: 4053.41
Gaussian electrostatic free energy: 0
Softcore molecules field coupling energy: 5455.03

Average Explicit Charge: 0

Average Gaussian Chains Density Inhomogeneity: 0.363941

Final Energies:
Softcore molecules bond stretching energy: 0
Softcore molecules angle bending energy: 0
Softcore molecules torsional energy: 0
Softcore molecules non-bonded energy: 207.404
Softcore molecules electrostatics energy: 0
Softcore molecules external potential energy: 0
Softcore molecules Potential energy: 5486
Gaussian total free energy: 4193.33
Gaussian ideal free energy: -147.718
Gaussian contact free energy: 201.453
Gaussian compressibility free energy: 4139.59
Gaussian electrostatic free energy: 0
Softcore molecules field coupling energy: 5278.59

Final Gaussian Chains Density Inhomogeneity: 0.36633

Iteration report, DDFT Molecular Diffusion
Number of solves: 1100000
Number of function calls: 9903422
Average number of iterations: 8.00311 (min 8, max 11)
Average end norm: 7.152e-05 (min 4.84689e-05, max 9.99982e-05)


Final Explicit Charge: 0

Plugins and corresponding results from this calculation:----------

Archive Plugin:
Archive mode: Text
Archive file name: tt11000.csa
Archive frequency: 100

Instant results Plugin:
Instant results file name: tt11000_Inst.ctf
Instant results frequency: 10

Time used by 1100000 calculation steps on 1 processors: 47 Hours 8 Minutes 47 Seconds.

