@CulgiVersion: 5.0.1
MBF-Hybrid Simulation of box
Job Start time: Thu Aug 25 15:34:55 2011
----------------------------------------------------------------------------

Simulation Parameters:
----------------------

Field Diffusion: on
Bead Diffusion: on
Temperature: 1
Bead Diffusion frequency: 1
Field Diffusion frequency: 1
Time step: 0.01

DDFT Engine parameters: 
Field diffusion Method: EntropyFieldDynamics
Kappa: 15
Reference density: 1

NLESolverEngine parameters, DDFT Molecular Diffusion
Strict tolerance: On
Direction optimization Method: SteepestDescent
Starting Alpha: 0.5
Reset Alpha: On
Tolerance: 0.0001
Maximum Iterations: 25000
Maximum Line Iterations: 5

Gaussian chain interaction parameters:
---------------------------------------

Bead parameters:
Type  Volume  Diffusion  Viscosity  Expansion  ExtFieldConst  ChargeType  Charge  pK   Dielec  ImplIonInter  
A     1       1          1          0.01       1              Strong      0       N/A  1       0             
B     1       1          1          0.01       1              Strong      0       N/A  1       0             

Binary interaction parameters:
Type1  Type2  Chi       ChiL  
A      B      0.666667  0     

Soft core model interaction parameters:
---------------------------------------

Bead parameters:
Type  Mass  BondValence  Diffusion  Sigma  ExtFieldConst  ChargeType  Charge  pK   Dielec  ImplIonInter  
P     1     2            0.01       0.8    1              Strong      0       N/A  1       0             

Pair interaction parameters:
Type1  Type2  A   
P      P      25  

Mesoscopic bead-field hybrid interaction parameters:
----------------------------------------------------

Bead-Field coupling parameters:
Bead  Field  parameter  
P     A      16         
P     B      18         

System Details:
---------------

Box: 64 X 64 X 1
GAUSSIANCHAIN: bcp (A20B16):  (Average number density: 1)
Overall gaussian beads number density: 1
SOFTCOREMOLECULE: np: 1 (Bead fraction: 0.000244081)
Overall Soft-core bead number density: 0.000244141

Initial Gaussian Chains Density Inhomogeneity: 5.55112e-15

Initial Explicit Charge: 0

Initial Energies:
Softcore molecules bond stretching energy: 0
Softcore molecules angle bending energy: 0
Softcore molecules torsional energy: 0
Softcore molecules non-bonded energy: 0
Softcore molecules electrostatics energy: 0
Softcore molecules external potential energy: 0
Softcore molecules Potential energy: 16.8889
Gaussian total free energy: 152.736
Gaussian ideal free energy: -521.503
Gaussian contact free energy: 674.239
Gaussian compressibility free energy: 0
Gaussian electrostatic free energy: 0
Softcore molecules field coupling energy: 16.8889

Average Energies:
Softcore molecules bond stretching energy: 0
Softcore molecules angle bending energy: 0
Softcore molecules torsional energy: 0
Softcore molecules non-bonded energy: 0
Softcore molecules electrostatics energy: 0
Softcore molecules external potential energy: 0
Softcore molecules Potential energy: 11.8712
Gaussian total free energy: 8.21185
Gaussian ideal free energy: -258.495
Gaussian contact free energy: 263.866
Gaussian compressibility free energy: 2.84113
Gaussian electrostatic free energy: 0
Softcore molecules field coupling energy: 11.8712

Average Explicit Charge: 0

Average Gaussian Chains Density Inhomogeneity: 0.401646

Final Energies:
Softcore molecules bond stretching energy: 0
Softcore molecules angle bending energy: 0
Softcore molecules torsional energy: 0
Softcore molecules non-bonded energy: 0
Softcore molecules electrostatics energy: 0
Softcore molecules external potential energy: 0
Softcore molecules Potential energy: 12.2676
Gaussian total free energy: 6.95113
Gaussian ideal free energy: -256.784
Gaussian contact free energy: 261.214
Gaussian compressibility free energy: 2.52097
Gaussian electrostatic free energy: 0
Softcore molecules field coupling energy: 12.2676

Final Gaussian Chains Density Inhomogeneity: 0.402904

Iteration report, DDFT Molecular Diffusion
Number of solves: 1100000
Number of function calls: 6353113
Average number of iterations: 4.77556 (min 2, max 8)
Average end norm: 6.81031e-05 (min 3.03265e-05, max 0.0001)


Final Explicit Charge: 0

Time used by 1100000 calculation steps on 8 processors: 5 Hours 20 Minutes 36 Seconds.

