@CulgiVersion: 5.0.1
MBF-Hybrid Simulation of box
Job Start time: Tue Sep 27 14:27:46 2011
----------------------------------------------------------------------------

Simulation Parameters:
----------------------

Field Diffusion: on
Bead Diffusion: on
Temperature: 0.1
Bead Diffusion frequency: 1
Field Diffusion frequency: 1
Time step: 0.01

DDFT Engine parameters: 
Field diffusion Method: EntropyFieldDynamics
Kappa: 15
Reference density: 1

NLESolverEngine parameters, DDFT Molecular Diffusion
Strict tolerance: On
Direction optimization Method: SteepestDescent
Starting Alpha: 0.5
Reset Alpha: On
Tolerance: 0.0001
Maximum Iterations: 25000
Maximum Line Iterations: 5

Gaussian chain interaction parameters:
---------------------------------------

Bead parameters:
Type  Volume  Diffusion  Viscosity  Expansion  ExtFieldConst  ChargeType  Charge  pK   Dielec  ImplIonInter  
A     1       1          1          0.1        1              Strong      0       N/A  1       0             
B     1       1          1          0.1        1              Strong      0       N/A  1       0             

Binary interaction parameters:
Type1  Type2  Chi  ChiL  
A      B      0    0     

Soft core model interaction parameters:
---------------------------------------

Bead parameters:
Type  Mass  BondValence  Diffusion  Sigma  ExtFieldConst  ChargeType  Charge  pK   Dielec  ImplIonInter  
P     1     2            0          0.8    1              Strong      0       N/A  1       0             

Pair interaction parameters:
Type1  Type2  A   
P      P      25  

Mesoscopic bead-field hybrid interaction parameters:
----------------------------------------------------

Bead-Field coupling parameters:
Bead  Field  parameter  
P     A      7          
P     B      7          

System Details:
---------------

Box: 64 X 64 X 1
GAUSSIANCHAIN: bcp (A20B16):  (Average number density: 0.893188)
Overall gaussian beads number density: 0.893188
SOFTCOREMOLECULE: np: 1000 (Bead fraction: 0.214661)
Overall Soft-core bead number density: 0.244141

Initial Gaussian Chains Density Inhomogeneity: 0

Initial Explicit Charge: 0

Initial Energies:
Softcore molecules bond stretching energy: 0
Softcore molecules angle bending energy: 0
Softcore molecules torsional energy: 0
Softcore molecules non-bonded energy: 801.433
Softcore molecules electrostatics energy: 0
Softcore molecules external potential energy: 0
Softcore molecules Potential energy: 7053.75
Gaussian total free energy: -126.804
Gaussian ideal free energy: -477.279
Gaussian contact free energy: 0
Gaussian compressibility free energy: 350.475
Gaussian electrostatic free energy: 0
Softcore molecules field coupling energy: 6252.32

Average Energies:
Softcore molecules bond stretching energy: 0
Softcore molecules angle bending energy: 0
Softcore molecules torsional energy: 0
Softcore molecules non-bonded energy: 801.433
Softcore molecules electrostatics energy: 0
Softcore molecules external potential energy: 0
Softcore molecules Potential energy: 6266.48
Gaussian total free energy: 266.08
Gaussian ideal free energy: -466.587
Gaussian contact free energy: 0
Gaussian compressibility free energy: 732.667
Gaussian electrostatic free energy: 0
Softcore molecules field coupling energy: 5465.05

Average Explicit Charge: 0

Average Gaussian Chains Density Inhomogeneity: 0.0558073

Final Energies:
Softcore molecules bond stretching energy: 0
Softcore molecules angle bending energy: 0
Softcore molecules torsional energy: 0
Softcore molecules non-bonded energy: 801.433
Softcore molecules electrostatics energy: 0
Softcore molecules external potential energy: 0
Softcore molecules Potential energy: 6266.12
Gaussian total free energy: 266.324
Gaussian ideal free energy: -466.582
Gaussian contact free energy: 0
Gaussian compressibility free energy: 732.906
Gaussian electrostatic free energy: 0
Softcore molecules field coupling energy: 5464.69

Final Gaussian Chains Density Inhomogeneity: 0.055826

Iteration report, DDFT Molecular Diffusion
Number of solves: 10000
Number of function calls: 56601
Average number of iterations: 4.6601 (min 4, max 8)
Average end norm: 6.72576e-05 (min 4.49383e-05, max 9.99977e-05)


Final Explicit Charge: 0

Time used by 10000 calculation steps on 2 processors: 0 Hours 7 Minutes 29 Seconds.

@CulgiVersion: 5.0.1
MBF-Hybrid Simulation of box
Job Start time: Tue Sep 27 14:35:15 2011
----------------------------------------------------------------------------

Simulation Parameters:
----------------------

Field Diffusion: on
Bead Diffusion: on
Temperature: 0.1
Bead Diffusion frequency: 1
Field Diffusion frequency: 1
Time step: 0.01

DDFT Engine parameters: 
Field diffusion Method: EntropyFieldDynamics
Kappa: 15
Reference density: 1

NLESolverEngine parameters, DDFT Molecular Diffusion
Strict tolerance: On
Direction optimization Method: SteepestDescent
Starting Alpha: 0.5
Reset Alpha: On
Tolerance: 0.0001
Maximum Iterations: 25000
Maximum Line Iterations: 5

Gaussian chain interaction parameters:
---------------------------------------

Bead parameters:
Type  Volume  Diffusion  Viscosity  Expansion  ExtFieldConst  ChargeType  Charge  pK   Dielec  ImplIonInter  
A     1       1          1          0.1        1              Strong      0       N/A  1       0             
B     1       1          1          0.1        1              Strong      0       N/A  1       0             

Binary interaction parameters:
Type1  Type2  Chi       ChiL  
A      B      0.666667  0     

Soft core model interaction parameters:
---------------------------------------

Bead parameters:
Type  Mass  BondValence  Diffusion  Sigma  ExtFieldConst  ChargeType  Charge  pK   Dielec  ImplIonInter  
P     1     2            0.1        0.8    1              Strong      0       N/A  1       0             

Pair interaction parameters:
Type1  Type2  A   
P      P      25  

Mesoscopic bead-field hybrid interaction parameters:
----------------------------------------------------

Bead-Field coupling parameters:
Bead  Field  parameter  
P     A      7          
P     B      14         

System Details:
---------------

Box: 64 X 64 X 1
GAUSSIANCHAIN: bcp (A20B16):  (Average number density: 0.893188)
Overall gaussian beads number density: 0.893188
SOFTCOREMOLECULE: np: 1000 (Bead fraction: 0.214661)
Overall Soft-core bead number density: 0.244141

Initial Gaussian Chains Density Inhomogeneity: 0.055826

Initial Explicit Charge: 0

Initial Energies:
Softcore molecules bond stretching energy: 0
Softcore molecules angle bending energy: 0
Softcore molecules torsional energy: 0
Softcore molecules non-bonded energy: 801.433
Softcore molecules electrostatics energy: 0
Softcore molecules external potential energy: 0
Softcore molecules Potential energy: 8697.24
Gaussian total free energy: 808.919
Gaussian ideal free energy: -466.582
Gaussian contact free energy: 542.595
Gaussian compressibility free energy: 732.906
Gaussian electrostatic free energy: 0
Softcore molecules field coupling energy: 7895.81

Average Energies:
Softcore molecules bond stretching energy: 0
Softcore molecules angle bending energy: 0
Softcore molecules torsional energy: 0
Softcore molecules non-bonded energy: 159.248
Softcore molecules electrostatics energy: 0
Softcore molecules external potential energy: 0
Softcore molecules Potential energy: 3906.82
Gaussian total free energy: 1614
Gaussian ideal free energy: -202.742
Gaussian contact free energy: 224.4
Gaussian compressibility free energy: 1592.34
Gaussian electrostatic free energy: 0
Softcore molecules field coupling energy: 3747.57

Average Explicit Charge: 0

Average Gaussian Chains Density Inhomogeneity: 0.380751

Final Energies:
Softcore molecules bond stretching energy: 0
Softcore molecules angle bending energy: 0
Softcore molecules torsional energy: 0
Softcore molecules non-bonded energy: 163.682
Softcore molecules electrostatics energy: 0
Softcore molecules external potential energy: 0
Softcore molecules Potential energy: 3827.26
Gaussian total free energy: 1649.73
Gaussian ideal free energy: -203.474
Gaussian contact free energy: 220.172
Gaussian compressibility free energy: 1633.03
Gaussian electrostatic free energy: 0
Softcore molecules field coupling energy: 3663.58

Final Gaussian Chains Density Inhomogeneity: 0.382873

Iteration report, DDFT Molecular Diffusion
Number of solves: 1100000
Number of function calls: 10213976
Average number of iterations: 8.28543 (min 8, max 11)
Average end norm: 7.95209e-05 (min 4.78035e-05, max 0.0001)


Final Explicit Charge: 0

Time used by 1100000 calculation steps on 2 processors: 23 Hours 42 Minutes 38 Seconds.

