@CulgiVersion: 6.0.0
MBF-Hybrid Simulation of box
Job Start time: Tue May 29 15:31:45 2012
----------------------------------------------------------------------------

Simulation Parameters:
----------------------

Field Diffusion: off
Bead Diffusion: on
Temperature: 0.01
Bead Diffusion frequency: 1
Time step: 0.01

Soft core model interaction parameters:
---------------------------------------

Bead parameters:
Type  Mass  BondValence  Diffusion  Sigma  ExtFieldConst  ChargeType  Charge  pK   Dielec  ImplIonInter  
C     1     2            0.04       0.8    1              Strong      0       N/A  1       0             
S     1     2            0.04       0.8    1              Strong      0       N/A  1       0             

Pair interaction parameters:
Type1  Type2  A   
C      C      10  
C      S      10  
S      S      10  

Mesoscopic bead-field hybrid interaction parameters:
----------------------------------------------------

Bead-Field coupling parameters:
Bead  Field  parameter  
C     A      0          
C     B      0          
S     A      0          
S     B      0          

System Details:
---------------

Box: 64 X 64 X 1
GAUSSIANCHAIN: bcp (A20B16):  (Average number density: 0.746094)
Overall gaussian beads number density: 0.746094
SOFTCORECOLLOID: np: 256 (Bead fraction: 0.429851)
Overall Soft-core bead number density: 0.5625


Initial Explicit Charge: 0

Initial Energies:
Softcore molecules bond stretching energy: 0
Softcore molecules angle bending energy: 0
Softcore molecules torsional energy: 0
Softcore molecules non-bonded energy: 1707.14
Softcore molecules electrostatics energy: 0
Softcore molecules external potential energy: 0
Softcore molecules Potential energy: 1707.14
Softcore molecules field coupling energy: 0

Average Energies:
Softcore molecules bond stretching energy: 0
Softcore molecules angle bending energy: 0
Softcore molecules torsional energy: 0
Softcore molecules non-bonded energy: 31.7785
Softcore molecules electrostatics energy: 0
Softcore molecules external potential energy: 0
Softcore molecules Potential energy: 31.7785
Softcore molecules field coupling energy: 0

Average Explicit Charge: 0

Final Energies:
Softcore molecules bond stretching energy: 0
Softcore molecules angle bending energy: 0
Softcore molecules torsional energy: 0
Softcore molecules non-bonded energy: 0.296431
Softcore molecules electrostatics energy: 0
Softcore molecules external potential energy: 0
Softcore molecules Potential energy: 0.296431
Softcore molecules field coupling energy: 0

Final Explicit Charge: 0

Time used by 100000 calculation steps on 1 processors: 0 Hours 2 Minutes 36 Seconds.

@CulgiVersion: 6.0.0
MBF-Hybrid Simulation of box
Job Start time: Tue May 29 15:34:21 2012
----------------------------------------------------------------------------

Simulation Parameters:
----------------------

Field Diffusion: on
Bead Diffusion: off
Field Diffusion frequency: 1
Time step: 0.01

DDFT Engine parameters: 
Field diffusion Method: EntropyFieldDynamics
Kappa: 15
Reference density: 1

NLESolverEngine parameters, DDFT Molecular Diffusion
Strict tolerance: On
Direction optimization Method: SteepestDescent
Starting Alpha: 0.5
Reset Alpha: On
Tolerance: 0.0001
Maximum Iterations: 25000
Maximum Line Iterations: 5

Gaussian chain interaction parameters:
---------------------------------------

Bead parameters:
Type  Volume  Diffusion  Viscosity  Expansion  ExtFieldConst  ChargeType  Charge  pK   Dielec  ImplIonInter  
A     1       1          1          0.01       1              Strong      0       N/A  1       0             
B     1       1          1          0.01       1              Strong      0       N/A  1       0             

Binary interaction parameters:
Type1  Type2  Chi  ChiL  
A      B      0    0     

Mesoscopic bead-field hybrid interaction parameters:
----------------------------------------------------

Bead-Field coupling parameters:
Bead  Field  parameter  
C     A      25         
C     B      25         
S     A      5          
S     B      5          

System Details:
---------------

Box: 64 X 64 X 1
GAUSSIANCHAIN: bcp (A20B16):  (Average number density: 0.746094)
Overall gaussian beads number density: 0.746094
SOFTCORECOLLOID: np: 256 (Bead fraction: 0.429851)
Overall Soft-core bead number density: 0.5625


Initial Gaussian Chains Density Inhomogeneity: 3.15303e-14

Initial Explicit Charge: 0

Initial Energies:
Gaussian total free energy: 1566.51
Gaussian ideal free energy: -413.954
Gaussian contact free energy: 0
Gaussian compressibility free energy: 1980.47
Gaussian electrostatic free energy: 0
Softcore molecules field coupling energy: 12415

Average Energies:
Gaussian total free energy: 4686.23
Gaussian ideal free energy: -283.221
Gaussian contact free energy: 0
Gaussian compressibility free energy: 4969.45
Gaussian electrostatic free energy: 0
Softcore molecules field coupling energy: 5807.27

Average Explicit Charge: 0

Average Gaussian Chains Density Inhomogeneity: 0.155954

Final Energies:
Gaussian total free energy: 4693.12
Gaussian ideal free energy: -283.051
Gaussian contact free energy: 0
Gaussian compressibility free energy: 4976.17
Gaussian electrostatic free energy: 0
Softcore molecules field coupling energy: 5797.6

Final Gaussian Chains Density Inhomogeneity: 0.156141

Iteration report, DDFT Molecular Diffusion
Number of solves: 10000
Number of function calls: 25887
Average number of iterations: 1.5887 (min 1, max 11)
Average end norm: 8.09375e-05 (min 4.18879e-05, max 9.99984e-05)


Final Explicit Charge: 0

Time used by 10000 calculation steps on 1 processors: 0 Hours 7 Minutes 31 Seconds.

@CulgiVersion: 6.0.0
MBF-Hybrid Simulation of box
Job Start time: Tue May 29 15:41:52 2012
----------------------------------------------------------------------------

Simulation Parameters:
----------------------

Field Diffusion: on
Bead Diffusion: on
Temperature: 0.01
Bead Diffusion frequency: 1
Field Diffusion frequency: 1
Time step: 0.01

DDFT Engine parameters: 
Field diffusion Method: EntropyFieldDynamics
Kappa: 15
Reference density: 1

NLESolverEngine parameters, DDFT Molecular Diffusion
Strict tolerance: On
Direction optimization Method: SteepestDescent
Starting Alpha: 0.5
Reset Alpha: On
Tolerance: 0.0001
Maximum Iterations: 25000
Maximum Line Iterations: 5

Gaussian chain interaction parameters:
---------------------------------------

Bead parameters:
Type  Volume  Diffusion  Viscosity  Expansion  ExtFieldConst  ChargeType  Charge  pK   Dielec  ImplIonInter  
A     1       1          1          0.01       1              Strong      0       N/A  1       0             
B     1       1          1          0.01       1              Strong      0       N/A  1       0             

Binary interaction parameters:
Type1  Type2  Chi       ChiL  
A      B      0.666667  0     

Soft core model interaction parameters:
---------------------------------------

Bead parameters:
Type  Mass  BondValence  Diffusion  Sigma  ExtFieldConst  ChargeType  Charge  pK   Dielec  ImplIonInter  
C     1     2            0.04       0.8    1              Strong      0       N/A  1       0             
S     1     2            0.04       0.8    1              Strong      0       N/A  1       0             

Pair interaction parameters:
Type1  Type2  A   
C      C      10  
C      S      10  
S      S      10  

Mesoscopic bead-field hybrid interaction parameters:
----------------------------------------------------

Bead-Field coupling parameters:
Bead  Field  parameter  
C     A      25         
C     B      25         
S     A      5          
S     B      6          

System Details:
---------------

Box: 64 X 64 X 1
GAUSSIANCHAIN: bcp (A20B16):  (Average number density: 0.746094)
Overall gaussian beads number density: 0.746094
SOFTCORECOLLOID: np: 256 (Bead fraction: 0.429851)
Overall Soft-core bead number density: 0.5625


Initial Gaussian Chains Density Inhomogeneity: 0.156141

Initial Explicit Charge: 0

Initial Energies:
Softcore molecules bond stretching energy: 0
Softcore molecules angle bending energy: 0
Softcore molecules torsional energy: 0
Softcore molecules non-bonded energy: 0.296431
Softcore molecules electrostatics energy: 0
Softcore molecules external potential energy: 0
Softcore molecules Potential energy: 6182.23
Gaussian total free energy: 5112.18
Gaussian ideal free energy: -283.051
Gaussian contact free energy: 419.056
Gaussian compressibility free energy: 4976.17
Gaussian electrostatic free energy: 0
Softcore molecules field coupling energy: 6181.93

Average Energies:
Softcore molecules bond stretching energy: 0
Softcore molecules angle bending energy: 0
Softcore molecules torsional energy: 0
Softcore molecules non-bonded energy: 354.104
Softcore molecules electrostatics energy: 0
Softcore molecules external potential energy: 0
Softcore molecules Potential energy: 4523.48
Gaussian total free energy: 5876.88
Gaussian ideal free energy: -83.2695
Gaussian contact free energy: 213.927
Gaussian compressibility free energy: 5746.22
Gaussian electrostatic free energy: 0
Softcore molecules field coupling energy: 4169.38

Average Explicit Charge: 0

Average Gaussian Chains Density Inhomogeneity: 0.35652

Final Energies:
Softcore molecules bond stretching energy: 0
Softcore molecules angle bending energy: 0
Softcore molecules torsional energy: 0
Softcore molecules non-bonded energy: 463.721
Softcore molecules electrostatics energy: 0
Softcore molecules external potential energy: 0
Softcore molecules Potential energy: 4120.14
Gaussian total free energy: 6093.83
Gaussian ideal free energy: -86.947
Gaussian contact free energy: 213.934
Gaussian compressibility free energy: 5966.84
Gaussian electrostatic free energy: 0
Softcore molecules field coupling energy: 3656.42

Final Gaussian Chains Density Inhomogeneity: 0.362309

Iteration report, DDFT Molecular Diffusion
Number of solves: 110000
Number of function calls: 748479
Average number of iterations: 5.80435 (min 4, max 8)
Average end norm: 7.15853e-05 (min 4.14723e-05, max 9.99992e-05)


Final Explicit Charge: 0

Plugins and corresponding results from this calculation:----------

Archive Plugin:
Archive mode: Text
Archive file name: tt1100_ts0.01_np8.csa
Archive frequency: 100

Instant results Plugin:
Instant results file name: tt1100_ts0.01_np8_Inst.ctf
Instant results frequency: 10

Time used by 110000 calculation steps on 1 processors: 3 Hours 22 Minutes 25 Seconds.

