@CulgiVersion: 5.0.1
MBF-Hybrid Simulation of box
Job Start time: Wed Feb 15 20:53:39 2012
----------------------------------------------------------------------------

Simulation Parameters:
----------------------

Field Diffusion: off
Bead Diffusion: on
Temperature: 0.2
Bead Diffusion frequency: 1
Time step: 0.01

Soft core model interaction parameters:
---------------------------------------

Bead parameters:
Type  Mass  BondValence  Diffusion  Sigma  ExtFieldConst  ChargeType  Charge  pK   Dielec  ImplIonInter  
P     1     2            0.0001     0.8    1              Strong      0       N/A  1       0             

Pair interaction parameters:
Type1  Type2  A   
P      P      20  

Mesoscopic bead-field hybrid interaction parameters:
----------------------------------------------------

Bead-Field coupling parameters:
Bead  Field  parameter  
P     A      0          
P     B      0          

System Details:
---------------

Box: 64 X 64 X 1
GAUSSIANCHAIN: bcp (A20B16):  (Average number density: 0.953125)
Overall gaussian beads number density: 0.953125
SOFTCOREMOLECULE: np: 512 (Bead fraction: 0.115942)
Overall Soft-core bead number density: 0.125

Initial Explicit Charge: 0

Initial Energies:
Softcore molecules bond stretching energy: 0
Softcore molecules angle bending energy: 0
Softcore molecules torsional energy: 0
Softcore molecules non-bonded energy: 3.97034
Softcore molecules electrostatics energy: 0
Softcore molecules external potential energy: 0
Softcore molecules Potential energy: 3.97034
Softcore molecules field coupling energy: 0

Average Energies:
Softcore molecules bond stretching energy: 0
Softcore molecules angle bending energy: 0
Softcore molecules torsional energy: 0
Softcore molecules non-bonded energy: 1.42491
Softcore molecules electrostatics energy: 0
Softcore molecules external potential energy: 0
Softcore molecules Potential energy: 1.42491
Softcore molecules field coupling energy: 0

Average Explicit Charge: 0

Final Energies:
Softcore molecules bond stretching energy: 0
Softcore molecules angle bending energy: 0
Softcore molecules torsional energy: 0
Softcore molecules non-bonded energy: 2.02083
Softcore molecules electrostatics energy: 0
Softcore molecules external potential energy: 0
Softcore molecules Potential energy: 2.02083
Softcore molecules field coupling energy: 0

Final Explicit Charge: 0

Time used by 100900 calculation steps on 4 processors: 0 Hours 0 Minutes 25 Seconds.

@CulgiVersion: 5.0.1
MBF-Hybrid Simulation of box
Job Start time: Wed Feb 15 20:54:04 2012
----------------------------------------------------------------------------

Simulation Parameters:
----------------------

Field Diffusion: on
Bead Diffusion: off
Field Diffusion frequency: 1
Time step: 0.01

DDFT Engine parameters: 
Field diffusion Method: EntropyFieldDynamics
Kappa: 15
Reference density: 1

NLESolverEngine parameters, DDFT Molecular Diffusion
Strict tolerance: On
Direction optimization Method: SteepestDescent
Starting Alpha: 0.5
Reset Alpha: On
Tolerance: 0.0001
Maximum Iterations: 25000
Maximum Line Iterations: 5

Gaussian chain interaction parameters:
---------------------------------------

Bead parameters:
Type  Volume  Diffusion  Viscosity  Expansion  ExtFieldConst  ChargeType  Charge  pK   Dielec  ImplIonInter  
A     1       1          1          0.05       1              Strong      0       N/A  1       0             
B     1       1          1          0.05       1              Strong      0       N/A  1       0             

Binary interaction parameters:
Type1  Type2  Chi  ChiL  
A      B      0    0     

Mesoscopic bead-field hybrid interaction parameters:
----------------------------------------------------

Bead-Field coupling parameters:
Bead  Field  parameter  
P     A      6          
P     B      6          

System Details:
---------------

Box: 64 X 64 X 1
GAUSSIANCHAIN: bcp (A20B16):  (Average number density: 0.953125)
Overall gaussian beads number density: 0.953125
SOFTCOREMOLECULE: np: 512 (Bead fraction: 0.115942)
Overall Soft-core bead number density: 0.125

Initial Gaussian Chains Density Inhomogeneity: 1.03806e-14

Initial Explicit Charge: 0

Initial Energies:
Gaussian total free energy: -434.763
Gaussian ideal free energy: -502.263
Gaussian contact free energy: 0
Gaussian compressibility free energy: 67.5
Gaussian electrostatic free energy: 0
Softcore molecules field coupling energy: 726.281

Average Energies:
Gaussian total free energy: -338.651
Gaussian ideal free energy: -499.313
Gaussian contact free energy: 0
Gaussian compressibility free energy: 160.662
Gaussian electrostatic free energy: 0
Softcore molecules field coupling energy: 679.749

Average Explicit Charge: 0

Average Gaussian Chains Density Inhomogeneity: 0.027555

Final Energies:
Gaussian total free energy: -338.646
Gaussian ideal free energy: -499.313
Gaussian contact free energy: 0
Gaussian compressibility free energy: 160.668
Gaussian electrostatic free energy: 0
Softcore molecules field coupling energy: 679.738

Final Gaussian Chains Density Inhomogeneity: 0.027556

Iteration report, DDFT Molecular Diffusion
Number of solves: 10000
Number of function calls: 48087
Average number of iterations: 3.8087 (min 3, max 6)
Average end norm: 6.08605e-05 (min 3.96253e-05, max 9.99994e-05)


Final Explicit Charge: 0

Time used by 10000 calculation steps on 4 processors: 0 Hours 3 Minutes 21 Seconds.

@CulgiVersion: 5.0.1
MBF-Hybrid Simulation of box
Job Start time: Wed Feb 15 20:57:25 2012
----------------------------------------------------------------------------

Simulation Parameters:
----------------------

Field Diffusion: on
Bead Diffusion: on
Temperature: 0.2
Bead Diffusion frequency: 1
Field Diffusion frequency: 1
Time step: 0.01

DDFT Engine parameters: 
Field diffusion Method: EntropyFieldDynamics
Kappa: 15
Reference density: 1

NLESolverEngine parameters, DDFT Molecular Diffusion
Strict tolerance: On
Direction optimization Method: SteepestDescent
Starting Alpha: 0.5
Reset Alpha: On
Tolerance: 0.0001
Maximum Iterations: 25000
Maximum Line Iterations: 5

Gaussian chain interaction parameters:
---------------------------------------

Bead parameters:
Type  Volume  Diffusion  Viscosity  Expansion  ExtFieldConst  ChargeType  Charge  pK   Dielec  ImplIonInter  
A     1       1          1          0.05       1              Strong      0       N/A  1       0             
B     1       1          1          0.05       1              Strong      0       N/A  1       0             

Binary interaction parameters:
Type1  Type2  Chi       ChiL  
A      B      0.666667  0     

Soft core model interaction parameters:
---------------------------------------

Bead parameters:
Type  Mass  BondValence  Diffusion  Sigma  ExtFieldConst  ChargeType  Charge  pK   Dielec  ImplIonInter  
P     1     2            0.0001     0.8    1              Strong      0       N/A  1       0             

Pair interaction parameters:
Type1  Type2  A   
P      P      20  

Mesoscopic bead-field hybrid interaction parameters:
----------------------------------------------------

Bead-Field coupling parameters:
Bead  Field  parameter  
P     A      6          
P     B      12         

System Details:
---------------

Box: 64 X 64 X 1
GAUSSIANCHAIN: bcp (A20B16):  (Average number density: 0.953125)
Overall gaussian beads number density: 0.953125
SOFTCOREMOLECULE: np: 512 (Bead fraction: 0.115942)
Overall Soft-core bead number density: 0.125

Initial Gaussian Chains Density Inhomogeneity: 0.027556

Initial Explicit Charge: 0

Initial Energies:
Softcore molecules bond stretching energy: 0
Softcore molecules angle bending energy: 0
Softcore molecules torsional energy: 0
Softcore molecules non-bonded energy: 2.02083
Softcore molecules electrostatics energy: 0
Softcore molecules external potential energy: 0
Softcore molecules Potential energy: 3953.9
Gaussian total free energy: 274.776
Gaussian ideal free energy: -499.313
Gaussian contact free energy: 613.422
Gaussian compressibility free energy: 160.668
Gaussian electrostatic free energy: 0
Softcore molecules field coupling energy: 3951.88

Average Energies:
Softcore molecules bond stretching energy: 0
Softcore molecules angle bending energy: 0
Softcore molecules torsional energy: 0
Softcore molecules non-bonded energy: 8.40828
Softcore molecules electrostatics energy: 0
Softcore molecules external potential energy: 0
Softcore molecules Potential energy: 2832.31
Gaussian total free energy: 401.116
Gaussian ideal free energy: -131.593
Gaussian contact free energy: 309.509
Gaussian compressibility free energy: 223.199
Gaussian electrostatic free energy: 0
Softcore molecules field coupling energy: 2823.9

Average Explicit Charge: 0

Average Gaussian Chains Density Inhomogeneity: 0.37674

Final Energies:
Softcore molecules bond stretching energy: 0
Softcore molecules angle bending energy: 0
Softcore molecules torsional energy: 0
Softcore molecules non-bonded energy: 11.4773
Softcore molecules electrostatics energy: 0
Softcore molecules external potential energy: 0
Softcore molecules Potential energy: 2722.07
Gaussian total free energy: 372.618
Gaussian ideal free energy: -152.719
Gaussian contact free energy: 290.623
Gaussian compressibility free energy: 234.714
Gaussian electrostatic free energy: 0
Softcore molecules field coupling energy: 2710.59

Final Gaussian Chains Density Inhomogeneity: 0.38123

Iteration report, DDFT Molecular Diffusion
Number of solves: 1100000
Number of function calls: 6303552
Average number of iterations: 4.7305 (min 4, max 10)
Average end norm: 6.94621e-05 (min 4.46487e-05, max 0.0001)


Final Explicit Charge: 0

Time used by 1100000 calculation steps on 4 processors: 8 Hours 16 Minutes 40 Seconds.

