@CulgiVersion: 5.0.1
MBF-Hybrid Simulation of box
Job Start time: Wed Feb 15 15:56:59 2012
----------------------------------------------------------------------------

Simulation Parameters:
----------------------

Field Diffusion: off
Bead Diffusion: on
Temperature: 0.2
Bead Diffusion frequency: 1
Time step: 0.01

Soft core model interaction parameters:
---------------------------------------

Bead parameters:
Type  Mass  BondValence  Diffusion  Sigma  ExtFieldConst  ChargeType  Charge  pK   Dielec  ImplIonInter  
P     1     2            0.0001     0.8    1              Strong      0       N/A  1       0             

Pair interaction parameters:
Type1  Type2  A   
P      P      10  

Mesoscopic bead-field hybrid interaction parameters:
----------------------------------------------------

Bead-Field coupling parameters:
Bead  Field  parameter  
P     A      0          
P     B      0          

System Details:
---------------

Box: 64 X 64 X 1
GAUSSIANCHAIN: bcp (A20B16):  (Average number density: 0.953125)
Overall gaussian beads number density: 0.953125
SOFTCOREMOLECULE: np: 512 (Bead fraction: 0.115942)
Overall Soft-core bead number density: 0.125

Initial Explicit Charge: 0

Initial Energies:
Softcore molecules bond stretching energy: 0
Softcore molecules angle bending energy: 0
Softcore molecules torsional energy: 0
Softcore molecules non-bonded energy: 4.01896
Softcore molecules electrostatics energy: 0
Softcore molecules external potential energy: 0
Softcore molecules Potential energy: 4.01896
Softcore molecules field coupling energy: 0

Average Energies:
Softcore molecules bond stretching energy: 0
Softcore molecules angle bending energy: 0
Softcore molecules torsional energy: 0
Softcore molecules non-bonded energy: 1.89847
Softcore molecules electrostatics energy: 0
Softcore molecules external potential energy: 0
Softcore molecules Potential energy: 1.89847
Softcore molecules field coupling energy: 0

Average Explicit Charge: 0

Final Energies:
Softcore molecules bond stretching energy: 0
Softcore molecules angle bending energy: 0
Softcore molecules torsional energy: 0
Softcore molecules non-bonded energy: 0.975998
Softcore molecules electrostatics energy: 0
Softcore molecules external potential energy: 0
Softcore molecules Potential energy: 0.975998
Softcore molecules field coupling energy: 0

Final Explicit Charge: 0

Time used by 100900 calculation steps on 4 processors: 0 Hours 0 Minutes 27 Seconds.

@CulgiVersion: 5.0.1
MBF-Hybrid Simulation of box
Job Start time: Wed Feb 15 15:57:26 2012
----------------------------------------------------------------------------

Simulation Parameters:
----------------------

Field Diffusion: on
Bead Diffusion: off
Field Diffusion frequency: 1
Time step: 0.01

DDFT Engine parameters: 
Field diffusion Method: EntropyFieldDynamics
Kappa: 15
Reference density: 1

NLESolverEngine parameters, DDFT Molecular Diffusion
Strict tolerance: On
Direction optimization Method: SteepestDescent
Starting Alpha: 0.5
Reset Alpha: On
Tolerance: 0.0001
Maximum Iterations: 25000
Maximum Line Iterations: 5

Gaussian chain interaction parameters:
---------------------------------------

Bead parameters:
Type  Volume  Diffusion  Viscosity  Expansion  ExtFieldConst  ChargeType  Charge  pK   Dielec  ImplIonInter  
A     1       1          1          0.05       1              Strong      0       N/A  1       0             
B     1       1          1          0.05       1              Strong      0       N/A  1       0             

Binary interaction parameters:
Type1  Type2  Chi  ChiL  
A      B      0    0     

Mesoscopic bead-field hybrid interaction parameters:
----------------------------------------------------

Bead-Field coupling parameters:
Bead  Field  parameter  
P     A      6          
P     B      6          

System Details:
---------------

Box: 64 X 64 X 1
GAUSSIANCHAIN: bcp (A20B16):  (Average number density: 0.953125)
Overall gaussian beads number density: 0.953125
SOFTCOREMOLECULE: np: 512 (Bead fraction: 0.115942)
Overall Soft-core bead number density: 0.125

Initial Gaussian Chains Density Inhomogeneity: 1.03806e-14

Initial Explicit Charge: 0

Initial Energies:
Gaussian total free energy: -434.763
Gaussian ideal free energy: -502.263
Gaussian contact free energy: 0
Gaussian compressibility free energy: 67.5
Gaussian electrostatic free energy: 0
Softcore molecules field coupling energy: 737.719

Average Energies:
Gaussian total free energy: -334.575
Gaussian ideal free energy: -499.312
Gaussian contact free energy: 0
Gaussian compressibility free energy: 164.737
Gaussian electrostatic free energy: 0
Softcore molecules field coupling energy: 687.149

Average Explicit Charge: 0

Average Gaussian Chains Density Inhomogeneity: 0.0281501

Final Energies:
Gaussian total free energy: -334.598
Gaussian ideal free energy: -499.313
Gaussian contact free energy: 0
Gaussian compressibility free energy: 164.715
Gaussian electrostatic free energy: 0
Softcore molecules field coupling energy: 687.149

Final Gaussian Chains Density Inhomogeneity: 0.028149

Iteration report, DDFT Molecular Diffusion
Number of solves: 10000
Number of function calls: 48067
Average number of iterations: 3.8067 (min 3, max 6)
Average end norm: 6.09641e-05 (min 4.12677e-05, max 9.99997e-05)


Final Explicit Charge: 0

Time used by 10000 calculation steps on 4 processors: 0 Hours 3 Minutes 20 Seconds.

@CulgiVersion: 5.0.1
MBF-Hybrid Simulation of box
Job Start time: Wed Feb 15 16:00:46 2012
----------------------------------------------------------------------------

Simulation Parameters:
----------------------

Field Diffusion: on
Bead Diffusion: on
Temperature: 0.2
Bead Diffusion frequency: 1
Field Diffusion frequency: 1
Time step: 0.01

DDFT Engine parameters: 
Field diffusion Method: EntropyFieldDynamics
Kappa: 15
Reference density: 1

NLESolverEngine parameters, DDFT Molecular Diffusion
Strict tolerance: On
Direction optimization Method: SteepestDescent
Starting Alpha: 0.5
Reset Alpha: On
Tolerance: 0.0001
Maximum Iterations: 25000
Maximum Line Iterations: 5

Gaussian chain interaction parameters:
---------------------------------------

Bead parameters:
Type  Volume  Diffusion  Viscosity  Expansion  ExtFieldConst  ChargeType  Charge  pK   Dielec  ImplIonInter  
A     1       1          1          0.05       1              Strong      0       N/A  1       0             
B     1       1          1          0.05       1              Strong      0       N/A  1       0             

Binary interaction parameters:
Type1  Type2  Chi       ChiL  
A      B      0.666667  0     

Soft core model interaction parameters:
---------------------------------------

Bead parameters:
Type  Mass  BondValence  Diffusion  Sigma  ExtFieldConst  ChargeType  Charge  pK   Dielec  ImplIonInter  
P     1     2            0.0001     0.8    1              Strong      0       N/A  1       0             

Pair interaction parameters:
Type1  Type2  A   
P      P      10  

Mesoscopic bead-field hybrid interaction parameters:
----------------------------------------------------

Bead-Field coupling parameters:
Bead  Field  parameter  
P     A      6          
P     B      12         

System Details:
---------------

Box: 64 X 64 X 1
GAUSSIANCHAIN: bcp (A20B16):  (Average number density: 0.953125)
Overall gaussian beads number density: 0.953125
SOFTCOREMOLECULE: np: 512 (Bead fraction: 0.115942)
Overall Soft-core bead number density: 0.125

Initial Gaussian Chains Density Inhomogeneity: 0.028149

Initial Explicit Charge: 0

Initial Energies:
Softcore molecules bond stretching energy: 0
Softcore molecules angle bending energy: 0
Softcore molecules torsional energy: 0
Softcore molecules non-bonded energy: 0.975998
Softcore molecules electrostatics energy: 0
Softcore molecules external potential energy: 0
Softcore molecules Potential energy: 3941.04
Gaussian total free energy: 278.905
Gaussian ideal free energy: -499.313
Gaussian contact free energy: 613.503
Gaussian compressibility free energy: 164.715
Gaussian electrostatic free energy: 0
Softcore molecules field coupling energy: 3940.06

Average Energies:
Softcore molecules bond stretching energy: 0
Softcore molecules angle bending energy: 0
Softcore molecules torsional energy: 0
Softcore molecules non-bonded energy: 10.9047
Softcore molecules electrostatics energy: 0
Softcore molecules external potential energy: 0
Softcore molecules Potential energy: 2812.81
Gaussian total free energy: 405.287
Gaussian ideal free energy: -132.507
Gaussian contact free energy: 308.91
Gaussian compressibility free energy: 228.885
Gaussian electrostatic free energy: 0
Softcore molecules field coupling energy: 2801.91

Average Explicit Charge: 0

Average Gaussian Chains Density Inhomogeneity: 0.376757

Final Energies:
Softcore molecules bond stretching energy: 0
Softcore molecules angle bending energy: 0
Softcore molecules torsional energy: 0
Softcore molecules non-bonded energy: 18.1633
Softcore molecules electrostatics energy: 0
Softcore molecules external potential energy: 0
Softcore molecules Potential energy: 2702.3
Gaussian total free energy: 378.782
Gaussian ideal free energy: -151.852
Gaussian contact free energy: 283.734
Gaussian compressibility free energy: 246.9
Gaussian electrostatic free energy: 0
Softcore molecules field coupling energy: 2684.14

Final Gaussian Chains Density Inhomogeneity: 0.383688

Iteration report, DDFT Molecular Diffusion
Number of solves: 1100000
Number of function calls: 6309690
Average number of iterations: 4.73608 (min 4, max 10)
Average end norm: 6.9351e-05 (min 4.4971e-05, max 0.0001)


Final Explicit Charge: 0

Time used by 1100000 calculation steps on 4 processors: 8 Hours 31 Minutes 35 Seconds.

