@CulgiVersion: 5.0.1
MBF-Hybrid Simulation of box
Job Start time: Mon Sep 19 18:51:20 2011
----------------------------------------------------------------------------

Simulation Parameters:
----------------------

Field Diffusion: on
Bead Diffusion: on
Temperature: 0.1
Bead Diffusion frequency: 1
Field Diffusion frequency: 1
Time step: 0.01

DDFT Engine parameters: 
Field diffusion Method: EntropyFieldDynamics
Kappa: 30
Reference density: 1

NLESolverEngine parameters, DDFT Molecular Diffusion
Strict tolerance: On
Direction optimization Method: SteepestDescent
Starting Alpha: 0.5
Reset Alpha: On
Tolerance: 0.0001
Maximum Iterations: 25000
Maximum Line Iterations: 5

Gaussian chain interaction parameters:
---------------------------------------

Bead parameters:
Type  Volume  Diffusion  Viscosity  Expansion  ExtFieldConst  ChargeType  Charge  pK   Dielec  ImplIonInter  
A     1       1          1          0.1        1              Strong      0       N/A  1       0             
B     1       1          1          0.1        1              Strong      0       N/A  1       0             

Binary interaction parameters:
Type1  Type2  Chi       ChiL  
A      B      0.666667  0     

Soft core model interaction parameters:
---------------------------------------

Bead parameters:
Type  Mass  BondValence  Diffusion  Sigma  ExtFieldConst  ChargeType  Charge  pK   Dielec  ImplIonInter  
P     1     2            0.1        0.8    1              Strong      0       N/A  1       0             

Pair interaction parameters:
Type1  Type2  A   
P      P      25  

Mesoscopic bead-field hybrid interaction parameters:
----------------------------------------------------

Bead-Field coupling parameters:
Bead  Field  parameter  
P     A      21         
P     B      27         

System Details:
---------------

Box: 64 X 64 X 1
GAUSSIANCHAIN: bcp (A20B16):  (Average number density: 0.834614)
Overall gaussian beads number density: 0.834614
SOFTCOREMOLECULE: np: 1000 (Bead fraction: 0.226317)
Overall Soft-core bead number density: 0.244141

Initial Gaussian Chains Density Inhomogeneity: 9.9365e-15

Initial Explicit Charge: 0

Initial Energies:
Softcore molecules bond stretching energy: 0
Softcore molecules angle bending energy: 0
Softcore molecules torsional energy: 0
Softcore molecules non-bonded energy: 755.534
Softcore molecules electrostatics energy: 0
Softcore molecules external potential energy: 0
Softcore molecules Potential energy: 20508.1
Gaussian total free energy: 1697.77
Gaussian ideal free energy: -452.421
Gaussian contact free energy: 469.662
Gaussian compressibility free energy: 1680.53
Gaussian electrostatic free energy: 0
Softcore molecules field coupling energy: 19752.5

Average Energies:
Softcore molecules bond stretching energy: 0
Softcore molecules angle bending energy: 0
Softcore molecules torsional energy: 0
Softcore molecules non-bonded energy: 1819.61
Softcore molecules electrostatics energy: 0
Softcore molecules external potential energy: 0
Softcore molecules Potential energy: 5819.67
Gaussian total free energy: 7428.54
Gaussian ideal free energy: -128.424
Gaussian contact free energy: 248.224
Gaussian compressibility free energy: 7308.75
Gaussian electrostatic free energy: 0
Softcore molecules field coupling energy: 4000.07

Average Explicit Charge: 0

Average Gaussian Chains Density Inhomogeneity: 0.372393

Final Energies:
Softcore molecules bond stretching energy: 0
Softcore molecules angle bending energy: 0
Softcore molecules torsional energy: 0
Softcore molecules non-bonded energy: 1882.84
Softcore molecules electrostatics energy: 0
Softcore molecules external potential energy: 0
Softcore molecules Potential energy: 5688.03
Gaussian total free energy: 7431.43
Gaussian ideal free energy: -132.611
Gaussian contact free energy: 244.293
Gaussian compressibility free energy: 7319.75
Gaussian electrostatic free energy: 0
Softcore molecules field coupling energy: 3805.19

Final Gaussian Chains Density Inhomogeneity: 0.373828

Iteration report, DDFT Molecular Diffusion
Number of solves: 1100000
Number of function calls: 12165103
Average number of iterations: 10.0592 (min 9, max 14)
Average end norm: 7.86734e-05 (min 4.672e-05, max 9.99999e-05)


Final Explicit Charge: 0

Time used by 1100000 calculation steps on 2 processors: 27 Hours 13 Minutes 37 Seconds.

