@CulgiVersion: 5.0.1
MBF-Hybrid Simulation of box
Job Start time: Thu Sep  8 01:14:05 2011
----------------------------------------------------------------------------

Simulation Parameters:
----------------------

Field Diffusion: on
Bead Diffusion: on
Temperature: 0.1
Bead Diffusion frequency: 1
Field Diffusion frequency: 1
Time step: 0.01

DDFT Engine parameters: 
Field diffusion Method: EntropyFieldDynamics
Kappa: 15
Reference density: 1

NLESolverEngine parameters, DDFT Molecular Diffusion
Strict tolerance: On
Direction optimization Method: SteepestDescent
Starting Alpha: 0.5
Reset Alpha: On
Tolerance: 0.0001
Maximum Iterations: 25000
Maximum Line Iterations: 5

Gaussian chain interaction parameters:
---------------------------------------

Bead parameters:
Type  Volume  Diffusion  Viscosity  Expansion  ExtFieldConst  ChargeType  Charge  pK   Dielec  ImplIonInter  
A     1       1          1          0.1        1              Strong      0       N/A  1       0             
B     1       1          1          0.1        1              Strong      0       N/A  1       0             

Binary interaction parameters:
Type1  Type2  Chi       ChiL  
A      B      0.666667  0     

Soft core model interaction parameters:
---------------------------------------

Bead parameters:
Type  Mass  BondValence  Diffusion  Sigma  ExtFieldConst  ChargeType  Charge  pK   Dielec  ImplIonInter  
P     1     2            1          0.8    1              Strong      0       N/A  1       0             

Pair interaction parameters:
Type1  Type2  A   
P      P      25  

Mesoscopic bead-field hybrid interaction parameters:
----------------------------------------------------

Bead-Field coupling parameters:
Bead  Field  parameter  
P     A      16         
P     B      24         

System Details:
---------------

Box: 64 X 64 X 1
GAUSSIANCHAIN: bcp (A20B16):  (Average number density: 0.975586)
Overall gaussian beads number density: 0.975586
SOFTCOREMOLECULE: np: 100 (Bead fraction: 0.0244141)
Overall Soft-core bead number density: 0.0244141

Initial Gaussian Chains Density Inhomogeneity: 0

Initial Explicit Charge: 0

Initial Energies:
Softcore molecules bond stretching energy: 0
Softcore molecules angle bending energy: 0
Softcore molecules torsional energy: 0
Softcore molecules non-bonded energy: 13.1061
Softcore molecules electrostatics energy: 0
Softcore molecules external potential energy: 0
Softcore molecules Potential energy: 1920.92
Gaussian total free energy: 148.515
Gaussian ideal free energy: -511.514
Gaussian contact free energy: 641.719
Gaussian compressibility free energy: 18.3105
Gaussian electrostatic free energy: 0
Softcore molecules field coupling energy: 1907.81

Average Energies:
Softcore molecules bond stretching energy: 0
Softcore molecules angle bending energy: 0
Softcore molecules torsional energy: 0
Softcore molecules non-bonded energy: 59.0759
Softcore molecules electrostatics energy: 0
Softcore molecules external potential energy: 0
Softcore molecules Potential energy: 519.661
Gaussian total free energy: 518.237
Gaussian ideal free energy: -237.718
Gaussian contact free energy: 262.328
Gaussian compressibility free energy: 493.627
Gaussian electrostatic free energy: 0
Softcore molecules field coupling energy: 460.585

Average Explicit Charge: 0

Average Gaussian Chains Density Inhomogeneity: 0.397357

Final Energies:
Softcore molecules bond stretching energy: 0
Softcore molecules angle bending energy: 0
Softcore molecules torsional energy: 0
Softcore molecules non-bonded energy: 58.5194
Softcore molecules electrostatics energy: 0
Softcore molecules external potential energy: 0
Softcore molecules Potential energy: 482.037
Gaussian total free energy: 532.257
Gaussian ideal free energy: -235.365
Gaussian contact free energy: 258.265
Gaussian compressibility free energy: 509.358
Gaussian electrostatic free energy: 0
Softcore molecules field coupling energy: 423.518

Final Gaussian Chains Density Inhomogeneity: 0.399273

Iteration report, DDFT Molecular Diffusion
Number of solves: 1100000
Number of function calls: 12024729
Average number of iterations: 9.93157 (min 8, max 11)
Average end norm: 6.74613e-05 (min 4.71341e-05, max 9.99999e-05)


Final Explicit Charge: 0

Time used by 1100000 calculation steps on 8 processors: 9 Hours 32 Minutes 39 Seconds.

