@CulgiVersion: 5.0.1
MBF-Hybrid Simulation of box
Job Start time: Sun Sep 18 22:49:33 2011
----------------------------------------------------------------------------

Simulation Parameters:
----------------------

Field Diffusion: on
Bead Diffusion: on
Temperature: 0.1
Bead Diffusion frequency: 1
Field Diffusion frequency: 1
Time step: 0.01

DDFT Engine parameters: 
Field diffusion Method: EntropyFieldDynamics
Kappa: 15
Reference density: 1

NLESolverEngine parameters, DDFT Molecular Diffusion
Strict tolerance: On
Direction optimization Method: SteepestDescent
Starting Alpha: 0.5
Reset Alpha: On
Tolerance: 0.0001
Maximum Iterations: 25000
Maximum Line Iterations: 5

Gaussian chain interaction parameters:
---------------------------------------

Bead parameters:
Type  Volume  Diffusion  Viscosity  Expansion  ExtFieldConst  ChargeType  Charge  pK   Dielec  ImplIonInter  
A     1       1          1          0.1        1              Strong      0       N/A  1       0             
B     1       1          1          0.1        1              Strong      0       N/A  1       0             

Binary interaction parameters:
Type1  Type2  Chi       ChiL  
A      B      0.666667  0     

Soft core model interaction parameters:
---------------------------------------

Bead parameters:
Type  Mass  BondValence  Diffusion  Sigma  ExtFieldConst  ChargeType  Charge  pK   Dielec  ImplIonInter  
P     1     2            0.01       0.8    1              Strong      0       N/A  1       0             

Pair interaction parameters:
Type1  Type2  A   
P      P      25  

Mesoscopic bead-field hybrid interaction parameters:
----------------------------------------------------

Bead-Field coupling parameters:
Bead  Field  parameter  
P     A      7          
P     B      14         

System Details:
---------------

Box: 64 X 64 X 1
GAUSSIANCHAIN: bcp (A20B16):  (Average number density: 0.893188)
Overall gaussian beads number density: 0.893188
SOFTCOREMOLECULE: np: 1000 (Bead fraction: 0.214661)
Overall Soft-core bead number density: 0.244141

Initial Gaussian Chains Density Inhomogeneity: 0

Initial Explicit Charge: 0

Initial Energies:
Softcore molecules bond stretching energy: 0
Softcore molecules angle bending energy: 0
Softcore molecules torsional energy: 0
Softcore molecules non-bonded energy: 796.141
Softcore molecules electrostatics energy: 0
Softcore molecules external potential energy: 0
Softcore molecules Potential energy: 9827.27
Gaussian total free energy: 411.094
Gaussian ideal free energy: -477.279
Gaussian contact free energy: 537.898
Gaussian compressibility free energy: 350.475
Gaussian electrostatic free energy: 0
Softcore molecules field coupling energy: 9031.13

Average Energies:
Softcore molecules bond stretching energy: 0
Softcore molecules angle bending energy: 0
Softcore molecules torsional energy: 0
Softcore molecules non-bonded energy: 129.069
Softcore molecules electrostatics energy: 0
Softcore molecules external potential energy: 0
Softcore molecules Potential energy: 4239.4
Gaussian total free energy: 1458.77
Gaussian ideal free energy: -190.536
Gaussian contact free energy: 236.529
Gaussian compressibility free energy: 1412.78
Gaussian electrostatic free energy: 0
Softcore molecules field coupling energy: 4110.33

Average Explicit Charge: 0

Average Gaussian Chains Density Inhomogeneity: 0.373974

Final Energies:
Softcore molecules bond stretching energy: 0
Softcore molecules angle bending energy: 0
Softcore molecules torsional energy: 0
Softcore molecules non-bonded energy: 149.593
Softcore molecules electrostatics energy: 0
Softcore molecules external potential energy: 0
Softcore molecules Potential energy: 4032.69
Gaussian total free energy: 1545.26
Gaussian ideal free energy: -205.077
Gaussian contact free energy: 230.861
Gaussian compressibility free energy: 1519.47
Gaussian electrostatic free energy: 0
Softcore molecules field coupling energy: 3883.09

Final Gaussian Chains Density Inhomogeneity: 0.37663

Iteration report, DDFT Molecular Diffusion
Number of solves: 1100000
Number of function calls: 8889938
Average number of iterations: 7.08176 (min 7, max 11)
Average end norm: 8.13321e-05 (min 4.80582e-05, max 9.99999e-05)


Final Explicit Charge: 0

Time used by 1100000 calculation steps on 4 processors: 11 Hours 32 Minutes 10 Seconds.

