@CulgiVersion: 5.0.1
MBF-Hybrid Simulation of box
Job Start time: Wed Sep 14 10:10:27 2011
----------------------------------------------------------------------------

Simulation Parameters:
----------------------

Field Diffusion: on
Bead Diffusion: on
Temperature: 0.1
Bead Diffusion frequency: 1
Field Diffusion frequency: 1
Time step: 0.01

DDFT Engine parameters: 
Field diffusion Method: EntropyFieldDynamics
Kappa: 15
Reference density: 1

NLESolverEngine parameters, DDFT Molecular Diffusion
Strict tolerance: On
Direction optimization Method: SteepestDescent
Starting Alpha: 0.5
Reset Alpha: On
Tolerance: 0.0001
Maximum Iterations: 25000
Maximum Line Iterations: 5

Gaussian chain interaction parameters:
---------------------------------------

Bead parameters:
Type  Volume  Diffusion  Viscosity  Expansion  ExtFieldConst  ChargeType  Charge  pK   Dielec  ImplIonInter  
A     1       1          1          0.1        1              Strong      0       N/A  1       0             
B     1       1          1          0.1        1              Strong      0       N/A  1       0             

Binary interaction parameters:
Type1  Type2  Chi       ChiL  
A      B      0.666667  0     

Soft core model interaction parameters:
---------------------------------------

Bead parameters:
Type  Mass  BondValence  Diffusion  Sigma  ExtFieldConst  ChargeType  Charge  pK   Dielec  ImplIonInter  
P     1     2            0.1        0.8    1              Strong      0       N/A  1       0             

Pair interaction parameters:
Type1  Type2  A   
P      P      25  

Mesoscopic bead-field hybrid interaction parameters:
----------------------------------------------------

Bead-Field coupling parameters:
Bead  Field  parameter  
P     A      10         
P     B      18         

System Details:
---------------

Box: 64 X 64 X 1
GAUSSIANCHAIN: bcp (A20B16):  (Average number density: 0.847412)
Overall gaussian beads number density: 0.847412
SOFTCOREMOLECULE: np: 1000 (Bead fraction: 0.223664)
Overall Soft-core bead number density: 0.244141

Initial Gaussian Chains Density Inhomogeneity: 5.41234e-15

Initial Explicit Charge: 0

Initial Energies:
Softcore molecules bond stretching energy: 0
Softcore molecules angle bending energy: 0
Softcore molecules torsional energy: 0
Softcore molecules non-bonded energy: 828.119
Softcore molecules electrostatics energy: 0
Softcore molecules external potential energy: 0
Softcore molecules Potential energy: 12315.3
Gaussian total free energy: 741.54
Gaussian ideal free energy: -457.891
Gaussian contact free energy: 484.176
Gaussian compressibility free energy: 715.256
Gaussian electrostatic free energy: 0
Softcore molecules field coupling energy: 11487.1

Average Energies:
Softcore molecules bond stretching energy: 0
Softcore molecules angle bending energy: 0
Softcore molecules torsional energy: 0
Softcore molecules non-bonded energy: 602.409
Softcore molecules electrostatics energy: 0
Softcore molecules external potential energy: 0
Softcore molecules Potential energy: 2840.81
Gaussian total free energy: 3749.73
Gaussian ideal free energy: -185.964
Gaussian contact free energy: 231.541
Gaussian compressibility free energy: 3704.15
Gaussian electrostatic free energy: 0
Softcore molecules field coupling energy: 2238.4

Average Explicit Charge: 0

Average Gaussian Chains Density Inhomogeneity: 0.389753

Final Energies:
Softcore molecules bond stretching energy: 0
Softcore molecules angle bending energy: 0
Softcore molecules torsional energy: 0
Softcore molecules non-bonded energy: 654.309
Softcore molecules electrostatics energy: 0
Softcore molecules external potential energy: 0
Softcore molecules Potential energy: 2583.44
Gaussian total free energy: 3884.03
Gaussian ideal free energy: -189.306
Gaussian contact free energy: 224.498
Gaussian compressibility free energy: 3848.84
Gaussian electrostatic free energy: 0
Softcore molecules field coupling energy: 1929.13

Final Gaussian Chains Density Inhomogeneity: 0.39514

Iteration report, DDFT Molecular Diffusion
Number of solves: 1100000
Number of function calls: 11324697
Average number of iterations: 9.29518 (min 8, max 12)
Average end norm: 7.81361e-05 (min 4.82226e-05, max 9.99999e-05)


Final Explicit Charge: 0

Time used by 1100000 calculation steps on 4 processors: 15 Hours 44 Minutes 41 Seconds.

