@CulgiVersion: 6.0.0
MBF-Hybrid Simulation of box
Job Start time: Wed Mar 14 14:17:38 2012
----------------------------------------------------------------------------

Simulation Parameters:
----------------------

Field Diffusion: off
Bead Diffusion: on
Temperature: 0.1
Bead Diffusion frequency: 1
Time step: 0.01

Soft core model interaction parameters:
---------------------------------------

Bead parameters:
Type  Mass  BondValence  Diffusion  Sigma  ExtFieldConst  ChargeType  Charge  pK   Dielec  ImplIonInter  
C     1     2            0.04       0.8    1              Strong      0       N/A  1       0             
S     1     2            0.04       0.8    1              Strong      0       N/A  1       0             

Pair interaction parameters:
Type1  Type2  A   
C      C      15  
C      S      15  
S      S      15  

Mesoscopic bead-field hybrid interaction parameters:
----------------------------------------------------

Bead-Field coupling parameters:
Bead  Field  parameter  
C     A      0          
C     B      0          
S     A      0          
S     B      0          

System Details:
---------------

Box: 64 X 64 X 1
GAUSSIANCHAIN: bcp (A22B14):  (Average number density: 0.789062)
Overall gaussian beads number density: 0.789062
SOFTCORECOLLOID: np: 512 (Bead fraction: 0.587755)
Overall Soft-core bead number density: 1.125


Initial Explicit Charge: 0

Initial Energies:
Softcore molecules bond stretching energy: 0
Softcore molecules angle bending energy: 0
Softcore molecules torsional energy: 0
Softcore molecules non-bonded energy: 14325.7
Softcore molecules electrostatics energy: 0
Softcore molecules external potential energy: 0
Softcore molecules Potential energy: 14325.7
Softcore molecules field coupling energy: 0

Average Energies:
Softcore molecules bond stretching energy: 0
Softcore molecules angle bending energy: 0
Softcore molecules torsional energy: 0
Softcore molecules non-bonded energy: 5.91141
Softcore molecules electrostatics energy: 0
Softcore molecules external potential energy: 0
Softcore molecules Potential energy: 5.91141
Softcore molecules field coupling energy: 0

Average Explicit Charge: 0

Final Energies:
Softcore molecules bond stretching energy: 0
Softcore molecules angle bending energy: 0
Softcore molecules torsional energy: 0
Softcore molecules non-bonded energy: 2.83831
Softcore molecules electrostatics energy: 0
Softcore molecules external potential energy: 0
Softcore molecules Potential energy: 2.83831
Softcore molecules field coupling energy: 0

Final Explicit Charge: 0

Time used by 100000 calculation steps on 1 processors: 0 Hours 5 Minutes 2 Seconds.

@CulgiVersion: 6.0.0
MBF-Hybrid Simulation of box
Job Start time: Wed Mar 14 14:22:40 2012
----------------------------------------------------------------------------

Simulation Parameters:
----------------------

Field Diffusion: on
Bead Diffusion: off
Field Diffusion frequency: 1
Time step: 0.01

DDFT Engine parameters: 
Field diffusion Method: EntropyFieldDynamics
Kappa: 15
Reference density: 1

NLESolverEngine parameters, DDFT Molecular Diffusion
Strict tolerance: On
Direction optimization Method: SteepestDescent
Starting Alpha: 0.5
Reset Alpha: On
Tolerance: 0.0001
Maximum Iterations: 25000
Maximum Line Iterations: 5

Gaussian chain interaction parameters:
---------------------------------------

Bead parameters:
Type  Volume  Diffusion  Viscosity  Expansion  ExtFieldConst  ChargeType  Charge  pK   Dielec  ImplIonInter  
A     1       1          1          0.1        1              Strong      0       N/A  1       0             
B     1       1          1          0.1        1              Strong      0       N/A  1       0             

Binary interaction parameters:
Type1  Type2  Chi  ChiL  
A      B      0    0     

Mesoscopic bead-field hybrid interaction parameters:
----------------------------------------------------

Bead-Field coupling parameters:
Bead  Field  parameter  
C     A      3          
C     B      3          
S     A      3          
S     B      3          

System Details:
---------------

Box: 64 X 64 X 1
GAUSSIANCHAIN: bcp (A22B14):  (Average number density: 0.789062)
Overall gaussian beads number density: 0.789062
SOFTCORECOLLOID: np: 512 (Bead fraction: 0.587755)
Overall Soft-core bead number density: 1.125


Initial Gaussian Chains Density Inhomogeneity: 2.05946e-14

Initial Explicit Charge: 0

Initial Energies:
Gaussian total free energy: 934.108
Gaussian ideal free energy: -432.767
Gaussian contact free energy: 0
Gaussian compressibility free energy: 1366.88
Gaussian electrostatic free energy: 0
Softcore molecules field coupling energy: 10908

Average Energies:
Gaussian total free energy: 2269.04
Gaussian ideal free energy: -387.457
Gaussian contact free energy: 0
Gaussian compressibility free energy: 2656.5
Gaussian electrostatic free energy: 0
Softcore molecules field coupling energy: 8226.66

Average Explicit Charge: 0

Average Gaussian Chains Density Inhomogeneity: 0.102464

Final Energies:
Gaussian total free energy: 2269.37
Gaussian ideal free energy: -387.451
Gaussian contact free energy: 0
Gaussian compressibility free energy: 2656.82
Gaussian electrostatic free energy: 0
Softcore molecules field coupling energy: 8225.87

Final Gaussian Chains Density Inhomogeneity: 0.102481

Iteration report, DDFT Molecular Diffusion
Number of solves: 10000
Number of function calls: 59880
Average number of iterations: 4.988 (min 4, max 9)
Average end norm: 5.54909e-05 (min 4.18096e-05, max 9.99876e-05)


Final Explicit Charge: 0

Time used by 10000 calculation steps on 1 processors: 0 Hours 15 Minutes 46 Seconds.

@CulgiVersion: 6.0.0
MBF-Hybrid Simulation of box
Job Start time: Wed Mar 14 14:38:26 2012
----------------------------------------------------------------------------

Simulation Parameters:
----------------------

Field Diffusion: on
Bead Diffusion: on
Temperature: 0.1
Bead Diffusion frequency: 1
Field Diffusion frequency: 1
Time step: 0.01

DDFT Engine parameters: 
Field diffusion Method: EntropyFieldDynamics
Kappa: 15
Reference density: 1

NLESolverEngine parameters, DDFT Molecular Diffusion
Strict tolerance: On
Direction optimization Method: SteepestDescent
Starting Alpha: 0.5
Reset Alpha: On
Tolerance: 0.0001
Maximum Iterations: 25000
Maximum Line Iterations: 5

Gaussian chain interaction parameters:
---------------------------------------

Bead parameters:
Type  Volume  Diffusion  Viscosity  Expansion  ExtFieldConst  ChargeType  Charge  pK   Dielec  ImplIonInter  
A     1       1          1          0.1        1              Strong      0       N/A  1       0             
B     1       1          1          0.1        1              Strong      0       N/A  1       0             

Binary interaction parameters:
Type1  Type2  Chi       ChiL  
A      B      0.666667  0     

Soft core model interaction parameters:
---------------------------------------

Bead parameters:
Type  Mass  BondValence  Diffusion  Sigma  ExtFieldConst  ChargeType  Charge  pK   Dielec  ImplIonInter  
C     1     2            0.04       0.8    1              Strong      0       N/A  1       0             
S     1     2            0.04       0.8    1              Strong      0       N/A  1       0             

Pair interaction parameters:
Type1  Type2  A   
C      C      15  
C      S      15  
S      S      15  

Mesoscopic bead-field hybrid interaction parameters:
----------------------------------------------------

Bead-Field coupling parameters:
Bead  Field  parameter  
C     A      3          
C     B      6          
S     A      3          
S     B      6          

System Details:
---------------

Box: 64 X 64 X 1
GAUSSIANCHAIN: bcp (A22B14):  (Average number density: 0.789062)
Overall gaussian beads number density: 0.789062
SOFTCORECOLLOID: np: 512 (Bead fraction: 0.587755)
Overall Soft-core bead number density: 1.125


Initial Gaussian Chains Density Inhomogeneity: 0.102481

Initial Explicit Charge: 0

Initial Energies:
Softcore molecules bond stretching energy: 0
Softcore molecules angle bending energy: 0
Softcore molecules torsional energy: 0
Softcore molecules non-bonded energy: 2.83831
Softcore molecules electrostatics energy: 0
Softcore molecules external potential energy: 0
Softcore molecules Potential energy: 11440.9
Gaussian total free energy: 2688.42
Gaussian ideal free energy: -387.451
Gaussian contact free energy: 419.047
Gaussian compressibility free energy: 2656.82
Gaussian electrostatic free energy: 0
Softcore molecules field coupling energy: 11438

Average Energies:
Softcore molecules bond stretching energy: 0
Softcore molecules angle bending energy: 0
Softcore molecules torsional energy: 0
Softcore molecules non-bonded energy: 228.69
Softcore molecules electrostatics energy: 0
Softcore molecules external potential energy: 0
Softcore molecules Potential energy: 5589.47
Gaussian total free energy: 4154.65
Gaussian ideal free energy: -148.085
Gaussian contact free energy: 212.368
Gaussian compressibility free energy: 4090.37
Gaussian electrostatic free energy: 0
Softcore molecules field coupling energy: 5360.78

Average Explicit Charge: 0

Average Gaussian Chains Density Inhomogeneity: 0.353852

Final Energies:
Softcore molecules bond stretching energy: 0
Softcore molecules angle bending energy: 0
Softcore molecules torsional energy: 0
Softcore molecules non-bonded energy: 242.903
Softcore molecules electrostatics energy: 0
Softcore molecules external potential energy: 0
Softcore molecules Potential energy: 5361.79
Gaussian total free energy: 4251.9
Gaussian ideal free energy: -162.692
Gaussian contact free energy: 206.546
Gaussian compressibility free energy: 4208.05
Gaussian electrostatic free energy: 0
Softcore molecules field coupling energy: 5118.89

Final Gaussian Chains Density Inhomogeneity: 0.357831

Iteration report, DDFT Molecular Diffusion
Number of solves: 1100000
Number of function calls: 9910036
Average number of iterations: 8.00909 (min 8, max 248)
Average end norm: 7.44993e-05 (min 7.25721e-06, max 9.9999e-05)


Final Explicit Charge: 0

Plugins and corresponding results from this calculation:----------

Archive Plugin:
Archive mode: Text
Archive file name: tt11000.csa
Archive frequency: 100

Instant results Plugin:
Instant results file name: tt11000_Inst.ctf
Instant results frequency: 10

Time used by 1100000 calculation steps on 1 processors: 46 Hours 58 Minutes 8 Seconds.

