@CulgiVersion: 6.0.0
MBF-Hybrid Simulation of box
Job Start time: Wed Mar 14 15:16:33 2012
----------------------------------------------------------------------------

Simulation Parameters:
----------------------

Field Diffusion: off
Bead Diffusion: on
Temperature: 0.5
Bead Diffusion frequency: 1
Time step: 0.01

Soft core model interaction parameters:
---------------------------------------

Bead parameters:
Type  Mass  BondValence  Diffusion  Sigma  ExtFieldConst  ChargeType  Charge  pK   Dielec  ImplIonInter  
C     1     2            0.04       0.8    1              Strong      0       N/A  1       0             
S     1     2            0.04       0.8    1              Strong      0       N/A  1       0             

Pair interaction parameters:
Type1  Type2  A   
C      C      20  
C      S      20  
S      S      20  

Mesoscopic bead-field hybrid interaction parameters:
----------------------------------------------------

Bead-Field coupling parameters:
Bead  Field  parameter  
C     A      0          
C     B      0          
S     A      0          
S     B      0          

System Details:
---------------

Box: 64 X 64 X 1
GAUSSIANCHAIN: bcp (A20B16):  (Average number density: 0.929688)
Overall gaussian beads number density: 0.929688
SOFTCORECOLLOID: np: 256 (Bead fraction: 0.376963)
Overall Soft-core bead number density: 0.5625


Initial Explicit Charge: 0

Initial Energies:
Softcore molecules bond stretching energy: 0
Softcore molecules angle bending energy: 0
Softcore molecules torsional energy: 0
Softcore molecules non-bonded energy: 3036.97
Softcore molecules electrostatics energy: 0
Softcore molecules external potential energy: 0
Softcore molecules Potential energy: 3036.97
Softcore molecules field coupling energy: 0

Average Energies:
Softcore molecules bond stretching energy: 0
Softcore molecules angle bending energy: 0
Softcore molecules torsional energy: 0
Softcore molecules non-bonded energy: 3.52968
Softcore molecules electrostatics energy: 0
Softcore molecules external potential energy: 0
Softcore molecules Potential energy: 3.52968
Softcore molecules field coupling energy: 0

Average Explicit Charge: 0

Final Energies:
Softcore molecules bond stretching energy: 0
Softcore molecules angle bending energy: 0
Softcore molecules torsional energy: 0
Softcore molecules non-bonded energy: 2.93705
Softcore molecules electrostatics energy: 0
Softcore molecules external potential energy: 0
Softcore molecules Potential energy: 2.93705
Softcore molecules field coupling energy: 0

Final Explicit Charge: 0

Time used by 100000 calculation steps on 1 processors: 0 Hours 2 Minutes 13 Seconds.

@CulgiVersion: 6.0.0
MBF-Hybrid Simulation of box
Job Start time: Wed Mar 14 15:18:46 2012
----------------------------------------------------------------------------

Simulation Parameters:
----------------------

Field Diffusion: on
Bead Diffusion: off
Field Diffusion frequency: 1
Time step: 0.01

DDFT Engine parameters: 
Field diffusion Method: EntropyFieldDynamics
Kappa: 15
Reference density: 1

NLESolverEngine parameters, DDFT Molecular Diffusion
Strict tolerance: On
Direction optimization Method: SteepestDescent
Starting Alpha: 0.5
Reset Alpha: On
Tolerance: 0.0001
Maximum Iterations: 25000
Maximum Line Iterations: 5

Gaussian chain interaction parameters:
---------------------------------------

Bead parameters:
Type  Volume  Diffusion  Viscosity  Expansion  ExtFieldConst  ChargeType  Charge  pK   Dielec  ImplIonInter  
A     1       1          1          0.01       1              Strong      0       N/A  1       0             
B     1       1          1          0.01       1              Strong      0       N/A  1       0             

Binary interaction parameters:
Type1  Type2  Chi  ChiL  
A      B      0    0     

Mesoscopic bead-field hybrid interaction parameters:
----------------------------------------------------

Bead-Field coupling parameters:
Bead  Field  parameter  
C     A      2          
C     B      2          
S     A      2          
S     B      2          

System Details:
---------------

Box: 64 X 64 X 1
GAUSSIANCHAIN: bcp (A20B16):  (Average number density: 0.929688)
Overall gaussian beads number density: 0.929688
SOFTCORECOLLOID: np: 256 (Bead fraction: 0.376963)
Overall Soft-core bead number density: 0.5625


Initial Gaussian Chains Density Inhomogeneity: 4.00791e-14

Initial Explicit Charge: 0

Initial Energies:
Gaussian total free energy: -340.671
Gaussian ideal free energy: -492.546
Gaussian contact free energy: 0
Gaussian compressibility free energy: 151.875
Gaussian electrostatic free energy: 0
Softcore molecules field coupling energy: 4284

Average Energies:
Gaussian total free energy: 81.8563
Gaussian ideal free energy: -481.675
Gaussian contact free energy: 0
Gaussian compressibility free energy: 563.531
Gaussian electrostatic free energy: 0
Softcore molecules field coupling energy: 3436.94

Average Explicit Charge: 0

Average Gaussian Chains Density Inhomogeneity: 0.0578788

Final Energies:
Gaussian total free energy: 81.9674
Gaussian ideal free energy: -481.672
Gaussian contact free energy: 0
Gaussian compressibility free energy: 563.64
Gaussian electrostatic free energy: 0
Softcore molecules field coupling energy: 3436.7

Final Gaussian Chains Density Inhomogeneity: 0.0578884

Iteration report, DDFT Molecular Diffusion
Number of solves: 10000
Number of function calls: 21616
Average number of iterations: 1.1616 (min 1, max 8)
Average end norm: 8.60218e-05 (min 3.56876e-05, max 9.9996e-05)


Final Explicit Charge: 0

Time used by 10000 calculation steps on 1 processors: 0 Hours 6 Minutes 25 Seconds.

@CulgiVersion: 6.0.0
MBF-Hybrid Simulation of box
Job Start time: Wed Mar 14 15:25:11 2012
----------------------------------------------------------------------------

Simulation Parameters:
----------------------

Field Diffusion: on
Bead Diffusion: on
Temperature: 0.5
Bead Diffusion frequency: 1
Field Diffusion frequency: 1
Time step: 0.01

DDFT Engine parameters: 
Field diffusion Method: EntropyFieldDynamics
Kappa: 15
Reference density: 1

NLESolverEngine parameters, DDFT Molecular Diffusion
Strict tolerance: On
Direction optimization Method: SteepestDescent
Starting Alpha: 0.5
Reset Alpha: On
Tolerance: 0.0001
Maximum Iterations: 25000
Maximum Line Iterations: 5

Gaussian chain interaction parameters:
---------------------------------------

Bead parameters:
Type  Volume  Diffusion  Viscosity  Expansion  ExtFieldConst  ChargeType  Charge  pK   Dielec  ImplIonInter  
A     1       1          1          0.01       1              Strong      0       N/A  1       0             
B     1       1          1          0.01       1              Strong      0       N/A  1       0             

Binary interaction parameters:
Type1  Type2  Chi       ChiL  
A      B      0.666667  0     

Soft core model interaction parameters:
---------------------------------------

Bead parameters:
Type  Mass  BondValence  Diffusion  Sigma  ExtFieldConst  ChargeType  Charge  pK   Dielec  ImplIonInter  
C     1     2            0.04       0.8    1              Strong      0       N/A  1       0             
S     1     2            0.04       0.8    1              Strong      0       N/A  1       0             

Pair interaction parameters:
Type1  Type2  A   
C      C      20  
C      S      20  
S      S      20  

Mesoscopic bead-field hybrid interaction parameters:
----------------------------------------------------

Bead-Field coupling parameters:
Bead  Field  parameter  
C     A      2          
C     B      4          
S     A      2          
S     B      4          

System Details:
---------------

Box: 64 X 64 X 1
GAUSSIANCHAIN: bcp (A20B16):  (Average number density: 0.929687)
Overall gaussian beads number density: 0.929687
SOFTCORECOLLOID: np: 256 (Bead fraction: 0.376963)
Overall Soft-core bead number density: 0.5625


Initial Gaussian Chains Density Inhomogeneity: 0.0578884

Initial Explicit Charge: 0

Initial Energies:
Softcore molecules bond stretching energy: 0
Softcore molecules angle bending energy: 0
Softcore molecules torsional energy: 0
Softcore molecules non-bonded energy: 2.93705
Softcore molecules electrostatics energy: 0
Softcore molecules external potential energy: 0
Softcore molecules Potential energy: 4969.56
Gaussian total free energy: 669.976
Gaussian ideal free energy: -481.672
Gaussian contact free energy: 588.009
Gaussian compressibility free energy: 563.64
Gaussian electrostatic free energy: 0
Softcore molecules field coupling energy: 4966.62

Average Energies:
Softcore molecules bond stretching energy: 0
Softcore molecules angle bending energy: 0
Softcore molecules torsional energy: 0
Softcore molecules non-bonded energy: 19.4069
Softcore molecules electrostatics energy: 0
Softcore molecules external potential energy: 0
Softcore molecules Potential energy: 3334.97
Gaussian total free energy: 698.693
Gaussian ideal free energy: -167.403
Gaussian contact free energy: 223.123
Gaussian compressibility free energy: 642.974
Gaussian electrostatic free energy: 0
Softcore molecules field coupling energy: 3315.56

Average Explicit Charge: 0

Average Gaussian Chains Density Inhomogeneity: 0.390191

Final Energies:
Softcore molecules bond stretching energy: 0
Softcore molecules angle bending energy: 0
Softcore molecules torsional energy: 0
Softcore molecules non-bonded energy: 16.9769
Softcore molecules electrostatics energy: 0
Softcore molecules external potential energy: 0
Softcore molecules Potential energy: 3328.9
Gaussian total free energy: 695.5
Gaussian ideal free energy: -169.756
Gaussian contact free energy: 225.079
Gaussian compressibility free energy: 640.177
Gaussian electrostatic free energy: 0
Softcore molecules field coupling energy: 3311.93

Final Gaussian Chains Density Inhomogeneity: 0.388956

Iteration report, DDFT Molecular Diffusion
Number of solves: 1100000
Number of function calls: 10118373
Average number of iterations: 8.19852 (min 8, max 11)
Average end norm: 8.10224e-05 (min 4.85534e-05, max 0.0001)


Final Explicit Charge: 0

Plugins and corresponding results from this calculation:----------

Archive Plugin:
Archive mode: Text
Archive file name: tt11000.csa
Archive frequency: 100

Instant results Plugin:
Instant results file name: tt11000_Inst.ctf
Instant results frequency: 10

Time used by 1100000 calculation steps on 1 processors: 43 Hours 43 Minutes 4 Seconds.

