@CulgiVersion: 6.0.0
MBF-Hybrid Simulation of box
Job Start time: Sun May  6 23:26:38 2012
----------------------------------------------------------------------------

Simulation Parameters:
----------------------

Field Diffusion: off
Bead Diffusion: on
Temperature: 0.1
Bead Diffusion frequency: 1
Time step: 0.01

Soft core model interaction parameters:
---------------------------------------

Bead parameters:
Type  Mass  BondValence  Diffusion  Sigma  ExtFieldConst  ChargeType  Charge  pK   Dielec  ImplIonInter  
C     1     2            0.04       0.8    1              Strong      0       N/A  1       0             
S     1     2            0.04       0.8    1              Strong      0       N/A  1       0             

Pair interaction parameters:
Type1  Type2  A   
C      C      10  
C      S      10  
S      S      10  

Mesoscopic bead-field hybrid interaction parameters:
----------------------------------------------------

Bead-Field coupling parameters:
Bead  Field  parameter  
C     A      0          
C     B      0          
S     A      0          
S     B      0          

System Details:
---------------

Box: 64 X 64 X 1
GAUSSIANCHAIN: bcp (A20B16):  (Average number density: 0.973633)
Overall gaussian beads number density: 0.973633
SOFTCORECOLLOID: np: 128 (Bead fraction: 0.224125)
Overall Soft-core bead number density: 0.28125


Initial Explicit Charge: 0

Initial Energies:
Softcore molecules bond stretching energy: 0
Softcore molecules angle bending energy: 0
Softcore molecules torsional energy: 0
Softcore molecules non-bonded energy: 439.236
Softcore molecules electrostatics energy: 0
Softcore molecules external potential energy: 0
Softcore molecules Potential energy: 439.236
Softcore molecules field coupling energy: 0

Average Energies:
Softcore molecules bond stretching energy: 0
Softcore molecules angle bending energy: 0
Softcore molecules torsional energy: 0
Softcore molecules non-bonded energy: 83.8716
Softcore molecules electrostatics energy: 0
Softcore molecules external potential energy: 0
Softcore molecules Potential energy: 83.8716
Softcore molecules field coupling energy: 0

Average Explicit Charge: 0

Final Energies:
Softcore molecules bond stretching energy: 0
Softcore molecules angle bending energy: 0
Softcore molecules torsional energy: 0
Softcore molecules non-bonded energy: 14.1662
Softcore molecules electrostatics energy: 0
Softcore molecules external potential energy: 0
Softcore molecules Potential energy: 14.1662
Softcore molecules field coupling energy: 0

Final Explicit Charge: 0

Time used by 100000 calculation steps on 1 processors: 0 Hours 1 Minutes 16 Seconds.

@CulgiVersion: 6.0.0
MBF-Hybrid Simulation of box
Job Start time: Sun May  6 23:27:54 2012
----------------------------------------------------------------------------

Simulation Parameters:
----------------------

Field Diffusion: on
Bead Diffusion: off
Field Diffusion frequency: 1
Time step: 0.01

DDFT Engine parameters: 
Field diffusion Method: EntropyFieldDynamics
Kappa: 15
Reference density: 1

NLESolverEngine parameters, DDFT Molecular Diffusion
Strict tolerance: On
Direction optimization Method: SteepestDescent
Starting Alpha: 0.5
Reset Alpha: On
Tolerance: 0.0001
Maximum Iterations: 25000
Maximum Line Iterations: 5

Gaussian chain interaction parameters:
---------------------------------------

Bead parameters:
Type  Volume  Diffusion  Viscosity  Expansion  ExtFieldConst  ChargeType  Charge  pK   Dielec  ImplIonInter  
A     1       1          1          0.1        1              Strong      0       N/A  1       0             
B     1       1          1          0.1        1              Strong      0       N/A  1       0             

Binary interaction parameters:
Type1  Type2  Chi  ChiL  
A      B      0    0     

Mesoscopic bead-field hybrid interaction parameters:
----------------------------------------------------

Bead-Field coupling parameters:
Bead  Field  parameter  
C     A      1.5        
C     B      1.5        
S     A      1.5        
S     B      1.5        

System Details:
---------------

Box: 64 X 64 X 1
GAUSSIANCHAIN: bcp (A20B16):  (Average number density: 0.973633)
Overall gaussian beads number density: 0.973633
SOFTCORECOLLOID: np: 128 (Bead fraction: 0.224125)
Overall Soft-core bead number density: 0.28125


Initial Gaussian Chains Density Inhomogeneity: 4.28269e-14

Initial Explicit Charge: 0

Initial Energies:
Gaussian total free energy: -489.355
Gaussian ideal free energy: -510.712
Gaussian contact free energy: 0
Gaussian compressibility free energy: 21.3574
Gaussian electrostatic free energy: 0
Softcore molecules field coupling energy: 1682.44

Average Energies:
Gaussian total free energy: -341.698
Gaussian ideal free energy: -507.669
Gaussian contact free energy: 0
Gaussian compressibility free energy: 165.97
Gaussian electrostatic free energy: 0
Softcore molecules field coupling energy: 1386.72

Average Explicit Charge: 0

Average Gaussian Chains Density Inhomogeneity: 0.0343773

Final Energies:
Gaussian total free energy: -341.609
Gaussian ideal free energy: -507.668
Gaussian contact free energy: 0
Gaussian compressibility free energy: 166.059
Gaussian electrostatic free energy: 0
Softcore molecules field coupling energy: 1386.59

Final Gaussian Chains Density Inhomogeneity: 0.0343888

Iteration report, DDFT Molecular Diffusion
Number of solves: 10000
Number of function calls: 56432
Average number of iterations: 4.6432 (min 4, max 7)
Average end norm: 6.78996e-05 (min 4.10443e-05, max 9.99989e-05)


Final Explicit Charge: 0

Time used by 10000 calculation steps on 1 processors: 0 Hours 13 Minutes 21 Seconds.

@CulgiVersion: 6.0.0
MBF-Hybrid Simulation of box
Job Start time: Sun May  6 23:41:16 2012
----------------------------------------------------------------------------

Simulation Parameters:
----------------------

Field Diffusion: on
Bead Diffusion: on
Temperature: 0.1
Bead Diffusion frequency: 1
Field Diffusion frequency: 1
Time step: 0.01

DDFT Engine parameters: 
Field diffusion Method: EntropyFieldDynamics
Kappa: 15
Reference density: 1

NLESolverEngine parameters, DDFT Molecular Diffusion
Strict tolerance: On
Direction optimization Method: SteepestDescent
Starting Alpha: 0.5
Reset Alpha: On
Tolerance: 0.0001
Maximum Iterations: 25000
Maximum Line Iterations: 5

Gaussian chain interaction parameters:
---------------------------------------

Bead parameters:
Type  Volume  Diffusion  Viscosity  Expansion  ExtFieldConst  ChargeType  Charge  pK   Dielec  ImplIonInter  
A     1       1          1          0.1        1              Strong      0       N/A  1       0             
B     1       1          1          0.1        1              Strong      0       N/A  1       0             

Binary interaction parameters:
Type1  Type2  Chi       ChiL  
A      B      0.666667  0     

Soft core model interaction parameters:
---------------------------------------

Bead parameters:
Type  Mass  BondValence  Diffusion  Sigma  ExtFieldConst  ChargeType  Charge  pK   Dielec  ImplIonInter  
C     1     2            0.04       0.8    1              Strong      0       N/A  1       0             
S     1     2            0.04       0.8    1              Strong      0       N/A  1       0             

Pair interaction parameters:
Type1  Type2  A   
C      C      10  
C      S      10  
S      S      10  

Mesoscopic bead-field hybrid interaction parameters:
----------------------------------------------------

Bead-Field coupling parameters:
Bead  Field  parameter  
C     A      1.5        
C     B      3          
S     A      1.5        
S     B      3          

System Details:
---------------

Box: 64 X 64 X 1
GAUSSIANCHAIN: bcp (A20B16):  (Average number density: 0.973633)
Overall gaussian beads number density: 0.973633
SOFTCORECOLLOID: np: 128 (Bead fraction: 0.224125)
Overall Soft-core bead number density: 0.28125


Initial Gaussian Chains Density Inhomogeneity: 0.0343888

Initial Explicit Charge: 0

Initial Energies:
Softcore molecules bond stretching energy: 0
Softcore molecules angle bending energy: 0
Softcore molecules torsional energy: 0
Softcore molecules non-bonded energy: 14.1662
Softcore molecules electrostatics energy: 0
Softcore molecules external potential energy: 0
Softcore molecules Potential energy: 2018.12
Gaussian total free energy: 299.58
Gaussian ideal free energy: -507.668
Gaussian contact free energy: 641.189
Gaussian compressibility free energy: 166.059
Gaussian electrostatic free energy: 0
Softcore molecules field coupling energy: 2003.95

Average Energies:
Softcore molecules bond stretching energy: 0
Softcore molecules angle bending energy: 0
Softcore molecules torsional energy: 0
Softcore molecules non-bonded energy: 8.00636
Softcore molecules electrostatics energy: 0
Softcore molecules external potential energy: 0
Softcore molecules Potential energy: 1418.1
Gaussian total free energy: 205.534
Gaussian ideal free energy: -231.822
Gaussian contact free energy: 275.739
Gaussian compressibility free energy: 161.617
Gaussian electrostatic free energy: 0
Softcore molecules field coupling energy: 1410.1

Average Explicit Charge: 0

Average Gaussian Chains Density Inhomogeneity: 0.386944

Final Energies:
Softcore molecules bond stretching energy: 0
Softcore molecules angle bending energy: 0
Softcore molecules torsional energy: 0
Softcore molecules non-bonded energy: 5.29149
Softcore molecules electrostatics energy: 0
Softcore molecules external potential energy: 0
Softcore molecules Potential energy: 1415.12
Gaussian total free energy: 201.389
Gaussian ideal free energy: -228.462
Gaussian contact free energy: 269.297
Gaussian compressibility free energy: 160.554
Gaussian electrostatic free energy: 0
Softcore molecules field coupling energy: 1409.83

Final Gaussian Chains Density Inhomogeneity: 0.389821

Iteration report, DDFT Molecular Diffusion
Number of solves: 110000
Number of function calls: 661652
Average number of iterations: 5.01502 (min 5, max 10)
Average end norm: 8.28796e-05 (min 4.9248e-05, max 9.99986e-05)


Final Explicit Charge: 0

Plugins and corresponding results from this calculation:----------

Archive Plugin:
Archive mode: Text
Archive file name: tt1100_ts0.01.csa
Archive frequency: 100

Instant results Plugin:
Instant results file name: tt1100_ts0.01_Inst.ctf
Instant results frequency: 10

Time used by 110000 calculation steps on 1 processors: 2 Hours 47 Minutes 7 Seconds.

