@CulgiVersion: 6.0.0
MBF-Hybrid Simulation of box
Job Start time: Mon Mar  5 14:57:26 2012
----------------------------------------------------------------------------

Simulation Parameters:
----------------------

Field Diffusion: off
Bead Diffusion: on
Temperature: 0.1
Bead Diffusion frequency: 1
Time step: 0.01

Soft core model interaction parameters:
---------------------------------------

Bead parameters:
Type  Mass  BondValence  Diffusion  Sigma  ExtFieldConst  ChargeType  Charge  pK   Dielec  ImplIonInter  
C     1     2            0.04       0.8    1              Strong      0       N/A  1       0             
S     1     2            0.04       0.8    1              Strong      0       N/A  1       0             

Pair interaction parameters:
Type1  Type2  A   
C      C      25  
C      S      25  
S      S      25  

Mesoscopic bead-field hybrid interaction parameters:
----------------------------------------------------

Bead-Field coupling parameters:
Bead  Field  parameter  
C     A      0          
C     B      0          
S     A      0          
S     B      0          

System Details:
---------------

Box: 64 X 64 X 1
GAUSSIANCHAIN: bcp (A20B16):  (Average number density: 0.894531)
Overall gaussian beads number density: 0.894531
SOFTCORECOLLOID: np: 768 (Bead fraction: 0.653555)
Overall Soft-core bead number density: 1.6875


Initial Explicit Charge: 0

Initial Energies:
Softcore molecules bond stretching energy: 0
Softcore molecules angle bending energy: 0
Softcore molecules torsional energy: 0
Softcore molecules non-bonded energy: 40208.3
Softcore molecules electrostatics energy: 0
Softcore molecules external potential energy: 0
Softcore molecules Potential energy: 40208.3
Softcore molecules field coupling energy: 0

Average Energies:
Softcore molecules bond stretching energy: 0
Softcore molecules angle bending energy: 0
Softcore molecules torsional energy: 0
Softcore molecules non-bonded energy: 69.7865
Softcore molecules electrostatics energy: 0
Softcore molecules external potential energy: 0
Softcore molecules Potential energy: 69.7865
Softcore molecules field coupling energy: 0

Average Explicit Charge: 0

Final Energies:
Softcore molecules bond stretching energy: 0
Softcore molecules angle bending energy: 0
Softcore molecules torsional energy: 0
Softcore molecules non-bonded energy: 9.92766
Softcore molecules electrostatics energy: 0
Softcore molecules external potential energy: 0
Softcore molecules Potential energy: 9.92766
Softcore molecules field coupling energy: 0

Final Explicit Charge: 0

Time used by 100900 calculation steps on 1 processors: 0 Hours 9 Minutes 11 Seconds.

@CulgiVersion: 6.0.0
MBF-Hybrid Simulation of box
Job Start time: Mon Mar  5 15:06:37 2012
----------------------------------------------------------------------------

Simulation Parameters:
----------------------

Field Diffusion: on
Bead Diffusion: off
Field Diffusion frequency: 1
Time step: 0.01

DDFT Engine parameters: 
Field diffusion Method: EntropyFieldDynamics
Kappa: 15
Reference density: 1

NLESolverEngine parameters, DDFT Molecular Diffusion
Strict tolerance: On
Direction optimization Method: SteepestDescent
Starting Alpha: 0.5
Reset Alpha: On
Tolerance: 0.0001
Maximum Iterations: 25000
Maximum Line Iterations: 5

Gaussian chain interaction parameters:
---------------------------------------

Bead parameters:
Type  Volume  Diffusion  Viscosity  Expansion  ExtFieldConst  ChargeType  Charge  pK   Dielec  ImplIonInter  
A     1       1          1          0.1        1              Strong      0       N/A  1       0             
B     1       1          1          0.1        1              Strong      0       N/A  1       0             

Binary interaction parameters:
Type1  Type2  Chi  ChiL  
A      B      0    0     

Mesoscopic bead-field hybrid interaction parameters:
----------------------------------------------------

Bead-Field coupling parameters:
Bead  Field  parameter  
C     A      1          
C     B      1          
S     A      1          
S     B      1          

System Details:
---------------

Box: 64 X 64 X 1
GAUSSIANCHAIN: bcp (A20B16):  (Average number density: 0.894531)
Overall gaussian beads number density: 0.894531
SOFTCORECOLLOID: np: 768 (Bead fraction: 0.653555)
Overall Soft-core bead number density: 1.6875


Initial Gaussian Chains Density Inhomogeneity: 3.76921e-14

Initial Explicit Charge: 0

Initial Energies:
Gaussian total free energy: -136.125
Gaussian ideal free energy: -477.844
Gaussian contact free energy: 0
Gaussian compressibility free energy: 341.719
Gaussian electrostatic free energy: 0
Softcore molecules field coupling energy: 6183

Average Energies:
Gaussian total free energy: 24.5454
Gaussian ideal free energy: -473.754
Gaussian contact free energy: 0
Gaussian compressibility free energy: 498.3
Gaussian electrostatic free energy: 0
Softcore molecules field coupling energy: 5861.64

Average Explicit Charge: 0

Average Gaussian Chains Density Inhomogeneity: 0.0357549

Final Energies:
Gaussian total free energy: 24.5829
Gaussian ideal free energy: -473.752
Gaussian contact free energy: 0
Gaussian compressibility free energy: 498.335
Gaussian electrostatic free energy: 0
Softcore molecules field coupling energy: 5861.56

Final Gaussian Chains Density Inhomogeneity: 0.035763

Iteration report, DDFT Molecular Diffusion
Number of solves: 10000
Number of function calls: 56428
Average number of iterations: 4.6428 (min 4, max 6)
Average end norm: 6.78987e-05 (min 4.32585e-05, max 9.99999e-05)


Final Explicit Charge: 0

Time used by 10000 calculation steps on 1 processors: 0 Hours 16 Minutes 26 Seconds.

@CulgiVersion: 6.0.0
MBF-Hybrid Simulation of box
Job Start time: Mon Mar  5 15:23:03 2012
----------------------------------------------------------------------------

Simulation Parameters:
----------------------

Field Diffusion: on
Bead Diffusion: on
Temperature: 0.1
Bead Diffusion frequency: 1
Field Diffusion frequency: 1
Time step: 0.01

DDFT Engine parameters: 
Field diffusion Method: EntropyFieldDynamics
Kappa: 15
Reference density: 1

NLESolverEngine parameters, DDFT Molecular Diffusion
Strict tolerance: On
Direction optimization Method: SteepestDescent
Starting Alpha: 0.5
Reset Alpha: On
Tolerance: 0.0001
Maximum Iterations: 25000
Maximum Line Iterations: 5

Gaussian chain interaction parameters:
---------------------------------------

Bead parameters:
Type  Volume  Diffusion  Viscosity  Expansion  ExtFieldConst  ChargeType  Charge  pK   Dielec  ImplIonInter  
A     1       1          1          0.1        1              Strong      0       N/A  1       0             
B     1       1          1          0.1        1              Strong      0       N/A  1       0             

Binary interaction parameters:
Type1  Type2  Chi       ChiL  
A      B      0.666667  0     

Soft core model interaction parameters:
---------------------------------------

Bead parameters:
Type  Mass  BondValence  Diffusion  Sigma  ExtFieldConst  ChargeType  Charge  pK   Dielec  ImplIonInter  
C     1     2            0.04       0.8    1              Strong      0       N/A  1       0             
S     1     2            0.04       0.8    1              Strong      0       N/A  1       0             

Pair interaction parameters:
Type1  Type2  A   
C      C      25  
C      S      25  
S      S      25  

Mesoscopic bead-field hybrid interaction parameters:
----------------------------------------------------

Bead-Field coupling parameters:
Bead  Field  parameter  
C     A      1          
C     B      2          
S     A      1          
S     B      2          

System Details:
---------------

Box: 64 X 64 X 1
GAUSSIANCHAIN: bcp (A20B16):  (Average number density: 0.894531)
Overall gaussian beads number density: 0.894531
SOFTCORECOLLOID: np: 768 (Bead fraction: 0.653555)
Overall Soft-core bead number density: 1.6875


Initial Gaussian Chains Density Inhomogeneity: 0.035763

Initial Explicit Charge: 0

Initial Energies:
Softcore molecules bond stretching energy: 0
Softcore molecules angle bending energy: 0
Softcore molecules torsional energy: 0
Softcore molecules non-bonded energy: 9.92766
Softcore molecules electrostatics energy: 0
Softcore molecules external potential energy: 0
Softcore molecules Potential energy: 8477.53
Gaussian total free energy: 566.06
Gaussian ideal free energy: -473.752
Gaussian contact free energy: 541.477
Gaussian compressibility free energy: 498.335
Gaussian electrostatic free energy: 0
Softcore molecules field coupling energy: 8467.6

Average Energies:
Softcore molecules bond stretching energy: 0
Softcore molecules angle bending energy: 0
Softcore molecules torsional energy: 0
Softcore molecules non-bonded energy: 62.8419
Softcore molecules electrostatics energy: 0
Softcore molecules external potential energy: 0
Softcore molecules Potential energy: 5872.14
Gaussian total free energy: 879.429
Gaussian ideal free energy: -24.8133
Gaussian contact free energy: 171.089
Gaussian compressibility free energy: 733.153
Gaussian electrostatic free energy: 0
Softcore molecules field coupling energy: 5809.3

Average Explicit Charge: 0

Average Gaussian Chains Density Inhomogeneity: 0.403983

Final Energies:
Softcore molecules bond stretching energy: 0
Softcore molecules angle bending energy: 0
Softcore molecules torsional energy: 0
Softcore molecules non-bonded energy: 60.6401
Softcore molecules electrostatics energy: 0
Softcore molecules external potential energy: 0
Softcore molecules Potential energy: 5779.56
Gaussian total free energy: 849.979
Gaussian ideal free energy: -38.5241
Gaussian contact free energy: 157.258
Gaussian compressibility free energy: 731.245
Gaussian electrostatic free energy: 0
Softcore molecules field coupling energy: 5718.92

Final Gaussian Chains Density Inhomogeneity: 0.40608

Iteration report, DDFT Molecular Diffusion
Number of solves: 1100000
Number of function calls: 7565668
Average number of iterations: 5.87788 (min 5, max 10)
Average end norm: 6.04874e-05 (min 4.80199e-05, max 0.0001)


Final Explicit Charge: 0

Plugins and corresponding results from this calculation:----------

Archive Plugin:
Archive mode: Text
Archive file name: tt11000.csa
Archive frequency: 100

Instant results Plugin:
Instant results file name: tt11000_Inst.ctf
Instant results frequency: 10

Time used by 1100000 calculation steps on 1 processors: 40 Hours 38 Minutes 10 Seconds.

