@CulgiVersion: 5.0.1
MBF-Hybrid Simulation of box
Job Start time: Fri Sep 30 06:13:52 2011
----------------------------------------------------------------------------

Simulation Parameters:
----------------------

Field Diffusion: on
Bead Diffusion: on
Temperature: 0.1
Bead Diffusion frequency: 1
Field Diffusion frequency: 1
Time step: 0.01

DDFT Engine parameters: 
Field diffusion Method: EntropyFieldDynamics
Kappa: 15
Reference density: 1

NLESolverEngine parameters, DDFT Molecular Diffusion
Strict tolerance: On
Direction optimization Method: SteepestDescent
Starting Alpha: 0.5
Reset Alpha: On
Tolerance: 0.0001
Maximum Iterations: 25000
Maximum Line Iterations: 5

Gaussian chain interaction parameters:
---------------------------------------

Bead parameters:
Type  Volume  Diffusion  Viscosity  Expansion  ExtFieldConst  ChargeType  Charge  pK   Dielec  ImplIonInter  
A     1       1          1          0.1        1              Strong      0       N/A  1       0             
B     1       1          1          0.1        1              Strong      0       N/A  1       0             

Binary interaction parameters:
Type1  Type2  Chi  ChiL  
A      B      0    0     

Soft core model interaction parameters:
---------------------------------------

Bead parameters:
Type  Mass  BondValence  Diffusion  Sigma  ExtFieldConst  ChargeType  Charge  pK   Dielec  ImplIonInter  
P     1     2            0          0.8    1              Strong      0       N/A  1       0             

Pair interaction parameters:
Type1  Type2  A   
P      P      25  

Mesoscopic bead-field hybrid interaction parameters:
----------------------------------------------------

Bead-Field coupling parameters:
Bead  Field  parameter  
P     A      7          
P     B      7          

System Details:
---------------

Box: 64 X 64 X 1
GAUSSIANCHAIN: bcp (A20B16):  (Average number density: 0.839783)
Overall gaussian beads number density: 0.839783
SOFTCOREMOLECULE: np: 1500 (Bead fraction: 0.303659)
Overall Soft-core bead number density: 0.366211

Initial Gaussian Chains Density Inhomogeneity: 1.68476e-14

Initial Explicit Charge: 0

Initial Energies:
Softcore molecules bond stretching energy: 0
Softcore molecules angle bending energy: 0
Softcore molecules torsional energy: 0
Softcore molecules non-bonded energy: 3.91239
Softcore molecules electrostatics energy: 0
Softcore molecules external potential energy: 0
Softcore molecules Potential energy: 8821.63
Gaussian total free energy: 333.937
Gaussian ideal free energy: -454.633
Gaussian contact free energy: 0
Gaussian compressibility free energy: 788.569
Gaussian electrostatic free energy: 0
Softcore molecules field coupling energy: 8817.72

Average Energies:
Softcore molecules bond stretching energy: 0
Softcore molecules angle bending energy: 0
Softcore molecules torsional energy: 0
Softcore molecules non-bonded energy: 3.91239
Softcore molecules electrostatics energy: 0
Softcore molecules external potential energy: 0
Softcore molecules Potential energy: 8587.19
Gaussian total free energy: 451.175
Gaussian ideal free energy: -449.959
Gaussian contact free energy: 0
Gaussian compressibility free energy: 901.135
Gaussian electrostatic free energy: 0
Softcore molecules field coupling energy: 8583.27

Average Explicit Charge: 0

Average Gaussian Chains Density Inhomogeneity: 0.0303272

Final Energies:
Softcore molecules bond stretching energy: 0
Softcore molecules angle bending energy: 0
Softcore molecules torsional energy: 0
Softcore molecules non-bonded energy: 3.91239
Softcore molecules electrostatics energy: 0
Softcore molecules external potential energy: 0
Softcore molecules Potential energy: 8587.12
Gaussian total free energy: 451.214
Gaussian ideal free energy: -449.958
Gaussian contact free energy: 0
Gaussian compressibility free energy: 901.173
Gaussian electrostatic free energy: 0
Softcore molecules field coupling energy: 8583.2

Final Gaussian Chains Density Inhomogeneity: 0.0303336

Iteration report, DDFT Molecular Diffusion
Number of solves: 10000
Number of function calls: 56489
Average number of iterations: 4.6489 (min 4, max 7)
Average end norm: 6.76035e-05 (min 4.53656e-05, max 9.99995e-05)


Final Explicit Charge: 0

Time used by 10000 calculation steps on 2 processors: 0 Hours 7 Minutes 35 Seconds.

@CulgiVersion: 5.0.1
MBF-Hybrid Simulation of box
Job Start time: Fri Sep 30 06:21:27 2011
----------------------------------------------------------------------------

Simulation Parameters:
----------------------

Field Diffusion: on
Bead Diffusion: on
Temperature: 0.1
Bead Diffusion frequency: 1
Field Diffusion frequency: 1
Time step: 0.01

DDFT Engine parameters: 
Field diffusion Method: EntropyFieldDynamics
Kappa: 15
Reference density: 1

NLESolverEngine parameters, DDFT Molecular Diffusion
Strict tolerance: On
Direction optimization Method: SteepestDescent
Starting Alpha: 0.5
Reset Alpha: On
Tolerance: 0.0001
Maximum Iterations: 25000
Maximum Line Iterations: 5

Gaussian chain interaction parameters:
---------------------------------------

Bead parameters:
Type  Volume  Diffusion  Viscosity  Expansion  ExtFieldConst  ChargeType  Charge  pK   Dielec  ImplIonInter  
A     1       1          1          0.1        1              Strong      0       N/A  1       0             
B     1       1          1          0.1        1              Strong      0       N/A  1       0             

Binary interaction parameters:
Type1  Type2  Chi       ChiL  
A      B      0.666667  0     

Soft core model interaction parameters:
---------------------------------------

Bead parameters:
Type  Mass  BondValence  Diffusion  Sigma  ExtFieldConst  ChargeType  Charge  pK   Dielec  ImplIonInter  
P     1     2            0.1        0.8    1              Strong      0       N/A  1       0             

Pair interaction parameters:
Type1  Type2  A   
P      P      25  

Mesoscopic bead-field hybrid interaction parameters:
----------------------------------------------------

Bead-Field coupling parameters:
Bead  Field  parameter  
P     A      7          
P     B      14         

System Details:
---------------

Box: 64 X 64 X 1
GAUSSIANCHAIN: bcp (A20B16):  (Average number density: 0.839783)
Overall gaussian beads number density: 0.839783
SOFTCOREMOLECULE: np: 1500 (Bead fraction: 0.303659)
Overall Soft-core bead number density: 0.366211

Initial Gaussian Chains Density Inhomogeneity: 0.0303336

Initial Explicit Charge: 0

Initial Energies:
Softcore molecules bond stretching energy: 0
Softcore molecules angle bending energy: 0
Softcore molecules torsional energy: 0
Softcore molecules non-bonded energy: 3.91239
Softcore molecules electrostatics energy: 0
Softcore molecules external potential energy: 0
Softcore molecules Potential energy: 12402.3
Gaussian total free energy: 927.604
Gaussian ideal free energy: -449.958
Gaussian contact free energy: 476.39
Gaussian compressibility free energy: 901.173
Gaussian electrostatic free energy: 0
Softcore molecules field coupling energy: 12398.4

Average Energies:
Softcore molecules bond stretching energy: 0
Softcore molecules angle bending energy: 0
Softcore molecules torsional energy: 0
Softcore molecules non-bonded energy: 281.173
Softcore molecules electrostatics energy: 0
Softcore molecules external potential energy: 0
Softcore molecules Potential energy: 5398.1
Gaussian total free energy: 2664.11
Gaussian ideal free energy: -170.336
Gaussian contact free energy: 200.012
Gaussian compressibility free energy: 2634.44
Gaussian electrostatic free energy: 0
Softcore molecules field coupling energy: 5116.93

Average Explicit Charge: 0

Average Gaussian Chains Density Inhomogeneity: 0.372651

Final Energies:
Softcore molecules bond stretching energy: 0
Softcore molecules angle bending energy: 0
Softcore molecules torsional energy: 0
Softcore molecules non-bonded energy: 294.228
Softcore molecules electrostatics energy: 0
Softcore molecules external potential energy: 0
Softcore molecules Potential energy: 5302.86
Gaussian total free energy: 2726.83
Gaussian ideal free energy: -167.616
Gaussian contact free energy: 198.044
Gaussian compressibility free energy: 2696.4
Gaussian electrostatic free energy: 0
Softcore molecules field coupling energy: 5008.64

Final Gaussian Chains Density Inhomogeneity: 0.374855

Iteration report, DDFT Molecular Diffusion
Number of solves: 5500000
Number of function calls: 51416303
Average number of iterations: 8.34842 (min 8, max 9)
Average end norm: 7.81307e-05 (min 4.75518e-05, max 0.0001)


Final Explicit Charge: 0

Time used by 5500000 calculation steps on 2 processors: 123 Hours 54 Minutes 48 Seconds.

