@CulgiVersion: 5.0.1
MBF-Hybrid Simulation of box
Job Start time: Tue Sep 13 02:27:37 2011
----------------------------------------------------------------------------

Simulation Parameters:
----------------------

Field Diffusion: on
Bead Diffusion: on
Temperature: 0.1
Bead Diffusion frequency: 1
Field Diffusion frequency: 1
Time step: 0.01

DDFT Engine parameters: 
Field diffusion Method: EntropyFieldDynamics
Kappa: 15
Reference density: 1

NLESolverEngine parameters, DDFT Molecular Diffusion
Strict tolerance: On
Direction optimization Method: SteepestDescent
Starting Alpha: 0.5
Reset Alpha: On
Tolerance: 0.0001
Maximum Iterations: 25000
Maximum Line Iterations: 5

Gaussian chain interaction parameters:
---------------------------------------

Bead parameters:
Type  Volume  Diffusion  Viscosity  Expansion  ExtFieldConst  ChargeType  Charge  pK   Dielec  ImplIonInter  
A     1       1          1          0.1        1              Strong      0       N/A  1       0             
B     1       1          1          0.1        1              Strong      0       N/A  1       0             

Binary interaction parameters:
Type1  Type2  Chi       ChiL  
A      B      0.666667  0     

Soft core model interaction parameters:
---------------------------------------

Bead parameters:
Type  Mass  BondValence  Diffusion  Sigma  ExtFieldConst  ChargeType  Charge  pK   Dielec  ImplIonInter  
P     1     2            0.1        0.8    1              Strong      0       N/A  1       0             

Pair interaction parameters:
Type1  Type2  A   
P      P      25  

Mesoscopic bead-field hybrid interaction parameters:
----------------------------------------------------

Bead-Field coupling parameters:
Bead  Field  parameter  
P     A      4          
P     B      8          

System Details:
---------------

Box: 64 X 64 X 1
GAUSSIANCHAIN: bcp (A20B16):  (Average number density: 0.938965)
Overall gaussian beads number density: 0.938965
SOFTCOREMOLECULE: np: 1000 (Bead fraction: 0.206356)
Overall Soft-core bead number density: 0.244141

Initial Gaussian Chains Density Inhomogeneity: 2.77556e-15

Initial Explicit Charge: 0

Initial Energies:
Softcore molecules bond stretching energy: 0
Softcore molecules angle bending energy: 0
Softcore molecules torsional energy: 0
Softcore molecules non-bonded energy: 901.052
Softcore molecules electrostatics energy: 0
Softcore molecules external potential energy: 0
Softcore molecules Potential energy: 6326.18
Gaussian total free energy: 212.486
Gaussian ideal free energy: -496.401
Gaussian contact free energy: 594.446
Gaussian compressibility free energy: 114.441
Gaussian electrostatic free energy: 0
Softcore molecules field coupling energy: 5425.13

Average Energies:
Softcore molecules bond stretching energy: 0
Softcore molecules angle bending energy: 0
Softcore molecules torsional energy: 0
Softcore molecules non-bonded energy: 27.4038
Softcore molecules electrostatics energy: 0
Softcore molecules external potential energy: 0
Softcore molecules Potential energy: 3343.98
Gaussian total free energy: 371.711
Gaussian ideal free energy: -169.627
Gaussian contact free energy: 197.755
Gaussian compressibility free energy: 343.583
Gaussian electrostatic free energy: 0
Softcore molecules field coupling energy: 3316.58

Average Explicit Charge: 0

Average Gaussian Chains Density Inhomogeneity: 0.399633

Final Energies:
Softcore molecules bond stretching energy: 0
Softcore molecules angle bending energy: 0
Softcore molecules torsional energy: 0
Softcore molecules non-bonded energy: 28.3719
Softcore molecules electrostatics energy: 0
Softcore molecules external potential energy: 0
Softcore molecules Potential energy: 3343.1
Gaussian total free energy: 367.448
Gaussian ideal free energy: -167.72
Gaussian contact free energy: 192.695
Gaussian compressibility free energy: 342.473
Gaussian electrostatic free energy: 0
Softcore molecules field coupling energy: 3314.73

Final Gaussian Chains Density Inhomogeneity: 0.401106

Iteration report, DDFT Molecular Diffusion
Number of solves: 1100000
Number of function calls: 9879338
Average number of iterations: 7.98122 (min 7, max 10)
Average end norm: 6.04921e-05 (min 4.86011e-05, max 9.99999e-05)


Final Explicit Charge: 0

Time used by 1100000 calculation steps on 8 processors: 8 Hours 7 Minutes 13 Seconds.

