@CulgiVersion: 6.0.0
MBF-Hybrid Simulation of box
Job Start time: Wed Mar 14 13:43:04 2012
----------------------------------------------------------------------------

Simulation Parameters:
----------------------

Field Diffusion: off
Bead Diffusion: on
Temperature: 0.1
Bead Diffusion frequency: 1
Time step: 0.01

Soft core model interaction parameters:
---------------------------------------

Bead parameters:
Type  Mass  BondValence  Diffusion  Sigma  ExtFieldConst  ChargeType  Charge  pK   Dielec  ImplIonInter  
C     1     2            0.04       0.8    1              Strong      0       N/A  1       0             
S     1     2            0.04       0.8    1              Strong      0       N/A  1       0             

Pair interaction parameters:
Type1  Type2  A   
C      C      20  
C      S      20  
S      S      20  

Mesoscopic bead-field hybrid interaction parameters:
----------------------------------------------------

Bead-Field coupling parameters:
Bead  Field  parameter  
C     A      0          
C     B      0          
S     A      0          
S     B      0          

System Details:
---------------

Box: 64 X 64 X 1
GAUSSIANCHAIN: bcp (A20B16):  (Average number density: 0.683594)
Overall gaussian beads number density: 0.683594
SOFTCORECOLLOID: np: 768 (Bead fraction: 0.711697)
Overall Soft-core bead number density: 1.6875


Initial Explicit Charge: 0

Initial Energies:
Softcore molecules bond stretching energy: 0
Softcore molecules angle bending energy: 0
Softcore molecules torsional energy: 0
Softcore molecules non-bonded energy: 33415.1
Softcore molecules electrostatics energy: 0
Softcore molecules external potential energy: 0
Softcore molecules Potential energy: 33415.1
Softcore molecules field coupling energy: 0

Average Energies:
Softcore molecules bond stretching energy: 0
Softcore molecules angle bending energy: 0
Softcore molecules torsional energy: 0
Softcore molecules non-bonded energy: 14.4478
Softcore molecules electrostatics energy: 0
Softcore molecules external potential energy: 0
Softcore molecules Potential energy: 14.4478
Softcore molecules field coupling energy: 0

Average Explicit Charge: 0

Final Energies:
Softcore molecules bond stretching energy: 0
Softcore molecules angle bending energy: 0
Softcore molecules torsional energy: 0
Softcore molecules non-bonded energy: 7.25366
Softcore molecules electrostatics energy: 0
Softcore molecules external potential energy: 0
Softcore molecules Potential energy: 7.25366
Softcore molecules field coupling energy: 0

Final Explicit Charge: 0

Time used by 100000 calculation steps on 1 processors: 0 Hours 9 Minutes 26 Seconds.

@CulgiVersion: 6.0.0
MBF-Hybrid Simulation of box
Job Start time: Wed Mar 14 13:52:31 2012
----------------------------------------------------------------------------

Simulation Parameters:
----------------------

Field Diffusion: on
Bead Diffusion: off
Field Diffusion frequency: 1
Time step: 0.01

DDFT Engine parameters: 
Field diffusion Method: EntropyFieldDynamics
Kappa: 15
Reference density: 1

NLESolverEngine parameters, DDFT Molecular Diffusion
Strict tolerance: On
Direction optimization Method: SteepestDescent
Starting Alpha: 0.5
Reset Alpha: On
Tolerance: 0.0001
Maximum Iterations: 25000
Maximum Line Iterations: 5

Gaussian chain interaction parameters:
---------------------------------------

Bead parameters:
Type  Volume  Diffusion  Viscosity  Expansion  ExtFieldConst  ChargeType  Charge  pK   Dielec  ImplIonInter  
A     1       1          1          0.1        1              Strong      0       N/A  1       0             
B     1       1          1          0.1        1              Strong      0       N/A  1       0             

Binary interaction parameters:
Type1  Type2  Chi  ChiL  
A      B      0    0     

Mesoscopic bead-field hybrid interaction parameters:
----------------------------------------------------

Bead-Field coupling parameters:
Bead  Field  parameter  
C     A      3          
C     B      3          
S     A      3          
S     B      3          

System Details:
---------------

Box: 64 X 64 X 1
GAUSSIANCHAIN: bcp (A20B16):  (Average number density: 0.683594)
Overall gaussian beads number density: 0.683594
SOFTCORECOLLOID: np: 768 (Bead fraction: 0.711697)
Overall Soft-core bead number density: 1.6875


Initial Gaussian Chains Density Inhomogeneity: 1.81521e-14

Initial Explicit Charge: 0

Initial Energies:
Gaussian total free energy: 2689.39
Gaussian ideal free energy: -386.082
Gaussian contact free energy: 0
Gaussian compressibility free energy: 3075.47
Gaussian electrostatic free energy: 0
Softcore molecules field coupling energy: 14175

Average Energies:
Gaussian total free energy: 3958.65
Gaussian ideal free energy: -334.606
Gaussian contact free energy: 0
Gaussian compressibility free energy: 4293.26
Gaussian electrostatic free energy: 0
Softcore molecules field coupling energy: 11628.7

Average Explicit Charge: 0

Average Gaussian Chains Density Inhomogeneity: 0.099563

Final Energies:
Gaussian total free energy: 3959.4
Gaussian ideal free energy: -334.574
Gaussian contact free energy: 0
Gaussian compressibility free energy: 4293.97
Gaussian electrostatic free energy: 0
Softcore molecules field coupling energy: 11627.5

Final Gaussian Chains Density Inhomogeneity: 0.099597

Iteration report, DDFT Molecular Diffusion
Number of solves: 10000
Number of function calls: 57300
Average number of iterations: 4.73 (min 4, max 9)
Average end norm: 6.42256e-05 (min 4.64473e-05, max 9.99992e-05)


Final Explicit Charge: 0

Time used by 10000 calculation steps on 1 processors: 0 Hours 17 Minutes 2 Seconds.

@CulgiVersion: 6.0.0
MBF-Hybrid Simulation of box
Job Start time: Wed Mar 14 14:09:33 2012
----------------------------------------------------------------------------

Simulation Parameters:
----------------------

Field Diffusion: on
Bead Diffusion: on
Temperature: 0.1
Bead Diffusion frequency: 1
Field Diffusion frequency: 1
Time step: 0.01

DDFT Engine parameters: 
Field diffusion Method: EntropyFieldDynamics
Kappa: 15
Reference density: 1

NLESolverEngine parameters, DDFT Molecular Diffusion
Strict tolerance: On
Direction optimization Method: SteepestDescent
Starting Alpha: 0.5
Reset Alpha: On
Tolerance: 0.0001
Maximum Iterations: 25000
Maximum Line Iterations: 5

Gaussian chain interaction parameters:
---------------------------------------

Bead parameters:
Type  Volume  Diffusion  Viscosity  Expansion  ExtFieldConst  ChargeType  Charge  pK   Dielec  ImplIonInter  
A     1       1          1          0.1        1              Strong      0       N/A  1       0             
B     1       1          1          0.1        1              Strong      0       N/A  1       0             

Binary interaction parameters:
Type1  Type2  Chi       ChiL  
A      B      0.666667  0     

Soft core model interaction parameters:
---------------------------------------

Bead parameters:
Type  Mass  BondValence  Diffusion  Sigma  ExtFieldConst  ChargeType  Charge  pK   Dielec  ImplIonInter  
C     1     2            0.04       0.8    1              Strong      0       N/A  1       0             
S     1     2            0.04       0.8    1              Strong      0       N/A  1       0             

Pair interaction parameters:
Type1  Type2  A   
C      C      20  
C      S      20  
S      S      20  

Mesoscopic bead-field hybrid interaction parameters:
----------------------------------------------------

Bead-Field coupling parameters:
Bead  Field  parameter  
C     A      3          
C     B      6          
S     A      3          
S     B      6          

System Details:
---------------

Box: 64 X 64 X 1
GAUSSIANCHAIN: bcp (A20B16):  (Average number density: 0.683594)
Overall gaussian beads number density: 0.683594
SOFTCORECOLLOID: np: 768 (Bead fraction: 0.711697)
Overall Soft-core bead number density: 1.6875


Initial Gaussian Chains Density Inhomogeneity: 0.099597

Initial Explicit Charge: 0

Initial Energies:
Softcore molecules bond stretching energy: 0
Softcore molecules angle bending energy: 0
Softcore molecules torsional energy: 0
Softcore molecules non-bonded energy: 7.25366
Softcore molecules electrostatics energy: 0
Softcore molecules external potential energy: 0
Softcore molecules Potential energy: 16808.5
Gaussian total free energy: 4288.07
Gaussian ideal free energy: -334.574
Gaussian contact free energy: 328.67
Gaussian compressibility free energy: 4293.97
Gaussian electrostatic free energy: 0
Softcore molecules field coupling energy: 16801.2

Average Energies:
Softcore molecules bond stretching energy: 0
Softcore molecules angle bending energy: 0
Softcore molecules torsional energy: 0
Softcore molecules non-bonded energy: 340.134
Softcore molecules electrostatics energy: 0
Softcore molecules external potential energy: 0
Softcore molecules Potential energy: 8063.81
Gaussian total free energy: 6426.03
Gaussian ideal free energy: -48.1507
Gaussian contact free energy: 165.375
Gaussian compressibility free energy: 6308.81
Gaussian electrostatic free energy: 0
Softcore molecules field coupling energy: 7723.68

Average Explicit Charge: 0

Average Gaussian Chains Density Inhomogeneity: 0.341564

Final Energies:
Softcore molecules bond stretching energy: 0
Softcore molecules angle bending energy: 0
Softcore molecules torsional energy: 0
Softcore molecules non-bonded energy: 361.906
Softcore molecules electrostatics energy: 0
Softcore molecules external potential energy: 0
Softcore molecules Potential energy: 7816.62
Gaussian total free energy: 6520.34
Gaussian ideal free energy: -67.7611
Gaussian contact free energy: 162.2
Gaussian compressibility free energy: 6425.9
Gaussian electrostatic free energy: 0
Softcore molecules field coupling energy: 7454.71

Final Gaussian Chains Density Inhomogeneity: 0.343712

Iteration report, DDFT Molecular Diffusion
Number of solves: 1100000
Number of function calls: 9905133
Average number of iterations: 8.00467 (min 8, max 13)
Average end norm: 7.38876e-05 (min 4.82633e-05, max 9.99987e-05)


Final Explicit Charge: 0

Plugins and corresponding results from this calculation:----------

Archive Plugin:
Archive mode: Text
Archive file name: tt11000.csa
Archive frequency: 100

Instant results Plugin:
Instant results file name: tt11000_Inst.ctf
Instant results frequency: 10

Time used by 1100000 calculation steps on 1 processors: 50 Hours 16 Minutes 14 Seconds.

