@CulgiVersion: 5.0.1
MBF-Hybrid Simulation of box
Job Start time: Wed Sep 14 10:13:06 2011
----------------------------------------------------------------------------

Simulation Parameters:
----------------------

Field Diffusion: on
Bead Diffusion: on
Temperature: 0.1
Bead Diffusion frequency: 1
Field Diffusion frequency: 1
Time step: 0.01

DDFT Engine parameters: 
Field diffusion Method: EntropyFieldDynamics
Kappa: 15
Reference density: 1

NLESolverEngine parameters, DDFT Molecular Diffusion
Strict tolerance: On
Direction optimization Method: SteepestDescent
Starting Alpha: 0.5
Reset Alpha: On
Tolerance: 0.0001
Maximum Iterations: 25000
Maximum Line Iterations: 5

Gaussian chain interaction parameters:
---------------------------------------

Bead parameters:
Type  Volume  Diffusion  Viscosity  Expansion  ExtFieldConst  ChargeType  Charge  pK   Dielec  ImplIonInter  
A     1       1          1          0.1        1              Strong      0       N/A  1       0             
B     1       1          1          0.1        1              Strong      0       N/A  1       0             

Binary interaction parameters:
Type1  Type2  Chi       ChiL  
A      B      0.666667  0     

Soft core model interaction parameters:
---------------------------------------

Bead parameters:
Type  Mass  BondValence  Diffusion  Sigma  ExtFieldConst  ChargeType  Charge  pK   Dielec  ImplIonInter  
P     1     2            0.1        0.8    1              Strong      0       N/A  1       0             

Pair interaction parameters:
Type1  Type2  A   
P      P      25  

Mesoscopic bead-field hybrid interaction parameters:
----------------------------------------------------

Bead-Field coupling parameters:
Bead  Field  parameter  
P     A      12         
P     B      16         

System Details:
---------------

Box: 64 X 64 X 1
GAUSSIANCHAIN: bcp (A20B16):  (Average number density: 0.816895)
Overall gaussian beads number density: 0.816895
SOFTCOREMOLECULE: np: 1000 (Bead fraction: 0.230097)
Overall Soft-core bead number density: 0.244141

Initial Gaussian Chains Density Inhomogeneity: 1.65701e-14

Initial Explicit Charge: 0

Initial Energies:
Softcore molecules bond stretching energy: 0
Softcore molecules angle bending energy: 0
Softcore molecules torsional energy: 0
Softcore molecules non-bonded energy: 860.425
Softcore molecules electrostatics energy: 0
Softcore molecules external potential energy: 0
Softcore molecules Potential energy: 12115.4
Gaussian total free energy: 1035.09
Gaussian ideal free energy: -444.81
Gaussian contact free energy: 449.931
Gaussian compressibility free energy: 1029.97
Gaussian electrostatic free energy: 0
Softcore molecules field coupling energy: 11255

Average Energies:
Softcore molecules bond stretching energy: 0
Softcore molecules angle bending energy: 0
Softcore molecules torsional energy: 0
Softcore molecules non-bonded energy: 708.101
Softcore molecules electrostatics energy: 0
Softcore molecules external potential energy: 0
Softcore molecules Potential energy: 2602.42
Gaussian total free energy: 4480.67
Gaussian ideal free energy: -162.455
Gaussian contact free energy: 231.015
Gaussian compressibility free energy: 4412.11
Gaussian electrostatic free energy: 0
Softcore molecules field coupling energy: 1894.32

Average Explicit Charge: 0

Average Gaussian Chains Density Inhomogeneity: 0.380979

Final Energies:
Softcore molecules bond stretching energy: 0
Softcore molecules angle bending energy: 0
Softcore molecules torsional energy: 0
Softcore molecules non-bonded energy: 743.673
Softcore molecules electrostatics energy: 0
Softcore molecules external potential energy: 0
Softcore molecules Potential energy: 2325.47
Gaussian total free energy: 4550.21
Gaussian ideal free energy: -166.739
Gaussian contact free energy: 221.05
Gaussian compressibility free energy: 4495.9
Gaussian electrostatic free energy: 0
Softcore molecules field coupling energy: 1581.8

Final Gaussian Chains Density Inhomogeneity: 0.386808

Iteration report, DDFT Molecular Diffusion
Number of solves: 1100000
Number of function calls: 11170388
Average number of iterations: 9.1549 (min 8, max 11)
Average end norm: 8.09785e-05 (min 4.7353e-05, max 0.0001)


Final Explicit Charge: 0

Time used by 1100000 calculation steps on 2 processors: 25 Hours 34 Minutes 23 Seconds.

