@CulgiVersion: 6.0.0
MBF-Hybrid Simulation of box
Job Start time: Sat Apr 14 17:31:54 2012
----------------------------------------------------------------------------

Simulation Parameters:
----------------------

Field Diffusion: off
Bead Diffusion: on
Temperature: 0.1
Bead Diffusion frequency: 1
Time step: 0.01

Soft core model interaction parameters:
---------------------------------------

Bead parameters:
Type  Mass  BondValence  Diffusion  Sigma  ExtFieldConst  ChargeType  Charge  pK   Dielec  ImplIonInter  
C     1     2            0.04       0.8    1              Strong      0       N/A  1       0             
S     1     2            0.04       0.8    1              Strong      0       N/A  1       0             

Pair interaction parameters:
Type1  Type2  A   
C      C      10  
C      S      10  
S      S      10  

Mesoscopic bead-field hybrid interaction parameters:
----------------------------------------------------

Bead-Field coupling parameters:
Bead  Field  parameter  
C     A      0          
C     B      0          
S     A      0          
S     B      0          

System Details:
---------------

Box: 64 X 64 X 1
GAUSSIANCHAIN: bcp (A20B16):  (Average number density: 0.96371)
Overall gaussian beads number density: 0.96371
SOFTCORECOLLOID: np: 256 (Bead fraction: 0.36856)
Overall Soft-core bead number density: 0.5625


Initial Explicit Charge: 0

Initial Energies:
Softcore molecules bond stretching energy: 0
Softcore molecules angle bending energy: 0
Softcore molecules torsional energy: 0
Softcore molecules non-bonded energy: 1600.73
Softcore molecules electrostatics energy: 0
Softcore molecules external potential energy: 0
Softcore molecules Potential energy: 1600.73
Softcore molecules field coupling energy: 0

Average Energies:
Softcore molecules bond stretching energy: 0
Softcore molecules angle bending energy: 0
Softcore molecules torsional energy: 0
Softcore molecules non-bonded energy: 1.0115
Softcore molecules electrostatics energy: 0
Softcore molecules external potential energy: 0
Softcore molecules Potential energy: 1.0115
Softcore molecules field coupling energy: 0

Average Explicit Charge: 0

Final Energies:
Softcore molecules bond stretching energy: 0
Softcore molecules angle bending energy: 0
Softcore molecules torsional energy: 0
Softcore molecules non-bonded energy: 0.608269
Softcore molecules electrostatics energy: 0
Softcore molecules external potential energy: 0
Softcore molecules Potential energy: 0.608269
Softcore molecules field coupling energy: 0

Final Explicit Charge: 0

Time used by 100000 calculation steps on 1 processors: 0 Hours 2 Minutes 24 Seconds.

@CulgiVersion: 6.0.0
MBF-Hybrid Simulation of box
Job Start time: Sat Apr 14 17:34:18 2012
----------------------------------------------------------------------------

Simulation Parameters:
----------------------

Field Diffusion: on
Bead Diffusion: off
Field Diffusion frequency: 1
Time step: 0.01

DDFT Engine parameters: 
Field diffusion Method: EntropyFieldDynamics
Kappa: 30
Reference density: 1

NLESolverEngine parameters, DDFT Molecular Diffusion
Strict tolerance: On
Direction optimization Method: SteepestDescent
Starting Alpha: 0.5
Reset Alpha: On
Tolerance: 0.0001
Maximum Iterations: 25000
Maximum Line Iterations: 5

Gaussian chain interaction parameters:
---------------------------------------

Bead parameters:
Type  Volume  Diffusion  Viscosity  Expansion  ExtFieldConst  ChargeType  Charge  pK   Dielec  ImplIonInter  
A     1       1          1          0.1        1              Strong      0       N/A  1       0             
B     1       1          1          0.1        1              Strong      0       N/A  1       0             

Binary interaction parameters:
Type1  Type2  Chi  ChiL  
A      B      0    0     

Mesoscopic bead-field hybrid interaction parameters:
----------------------------------------------------

Bead-Field coupling parameters:
Bead  Field  parameter  
C     A      2          
C     B      2          
S     A      2          
S     B      2          

System Details:
---------------

Box: 64 X 64 X 1
GAUSSIANCHAIN: bcp (A20B16):  (Average number density: 0.96371)
Overall gaussian beads number density: 0.96371
SOFTCORECOLLOID: np: 256 (Bead fraction: 0.36856)
Overall Soft-core bead number density: 0.5625


Initial Gaussian Chains Density Inhomogeneity: 1.68476e-14

Initial Explicit Charge: 0

Initial Energies:
Gaussian total free energy: -425.715
Gaussian ideal free energy: -506.63
Gaussian contact free energy: 0
Gaussian compressibility free energy: 80.9157
Gaussian electrostatic free energy: 0
Softcore molecules field coupling energy: 4440.77

Average Energies:
Gaussian total free energy: -209.242
Gaussian ideal free energy: -504.159
Gaussian contact free energy: 0
Gaussian compressibility free energy: 294.916
Gaussian electrostatic free energy: 0
Softcore molecules field coupling energy: 4007.74

Average Explicit Charge: 0

Average Gaussian Chains Density Inhomogeneity: 0.0295908

Final Energies:
Gaussian total free energy: -209.234
Gaussian ideal free energy: -504.159
Gaussian contact free energy: 0
Gaussian compressibility free energy: 294.925
Gaussian electrostatic free energy: 0
Softcore molecules field coupling energy: 4007.68

Final Gaussian Chains Density Inhomogeneity: 0.029589

Iteration report, DDFT Molecular Diffusion
Number of solves: 10000
Number of function calls: 56499
Average number of iterations: 4.6499 (min 4, max 5)
Average end norm: 6.76691e-05 (min 4.88736e-05, max 9.99996e-05)


Final Explicit Charge: 0

Time used by 10000 calculation steps on 1 processors: 0 Hours 14 Minutes 8 Seconds.

@CulgiVersion: 6.0.0
MBF-Hybrid Simulation of box
Job Start time: Sat Apr 14 17:48:27 2012
----------------------------------------------------------------------------

Simulation Parameters:
----------------------

Field Diffusion: on
Bead Diffusion: on
Temperature: 0.1
Bead Diffusion frequency: 1
Field Diffusion frequency: 1
Time step: 0.01

DDFT Engine parameters: 
Field diffusion Method: EntropyFieldDynamics
Kappa: 30
Reference density: 1

NLESolverEngine parameters, DDFT Molecular Diffusion
Strict tolerance: On
Direction optimization Method: SteepestDescent
Starting Alpha: 0.5
Reset Alpha: On
Tolerance: 0.0001
Maximum Iterations: 25000
Maximum Line Iterations: 5

Gaussian chain interaction parameters:
---------------------------------------

Bead parameters:
Type  Volume  Diffusion  Viscosity  Expansion  ExtFieldConst  ChargeType  Charge  pK   Dielec  ImplIonInter  
A     1       1          1          0.1        1              Strong      0       N/A  1       0             
B     1       1          1          0.1        1              Strong      0       N/A  1       0             

Binary interaction parameters:
Type1  Type2  Chi       ChiL  
A      B      0.666667  0     

Soft core model interaction parameters:
---------------------------------------

Bead parameters:
Type  Mass  BondValence  Diffusion  Sigma  ExtFieldConst  ChargeType  Charge  pK   Dielec  ImplIonInter  
C     1     2            0.04       0.8    1              Strong      0       N/A  1       0             
S     1     2            0.04       0.8    1              Strong      0       N/A  1       0             

Pair interaction parameters:
Type1  Type2  A   
C      C      10  
C      S      10  
S      S      10  

Mesoscopic bead-field hybrid interaction parameters:
----------------------------------------------------

Bead-Field coupling parameters:
Bead  Field  parameter  
C     A      2          
C     B      4          
S     A      2          
S     B      4          

System Details:
---------------

Box: 64 X 64 X 1
GAUSSIANCHAIN: bcp (A20B16):  (Average number density: 0.96371)
Overall gaussian beads number density: 0.96371
SOFTCORECOLLOID: np: 256 (Bead fraction: 0.36856)
Overall Soft-core bead number density: 0.5625


Initial Gaussian Chains Density Inhomogeneity: 0.029589

Initial Explicit Charge: 0

Initial Energies:
Softcore molecules bond stretching energy: 0
Softcore molecules angle bending energy: 0
Softcore molecules torsional energy: 0
Softcore molecules non-bonded energy: 0.608269
Softcore molecules electrostatics energy: 0
Softcore molecules external potential energy: 0
Softcore molecules Potential energy: 5791.21
Gaussian total free energy: 418.337
Gaussian ideal free energy: -504.159
Gaussian contact free energy: 627.572
Gaussian compressibility free energy: 294.925
Gaussian electrostatic free energy: 0
Softcore molecules field coupling energy: 5790.6

Average Energies:
Softcore molecules bond stretching energy: 0
Softcore molecules angle bending energy: 0
Softcore molecules torsional energy: 0
Softcore molecules non-bonded energy: 12.3507
Softcore molecules electrostatics energy: 0
Softcore molecules external potential energy: 0
Softcore molecules Potential energy: 3858.53
Gaussian total free energy: 407.071
Gaussian ideal free energy: -203.975
Gaussian contact free energy: 232.076
Gaussian compressibility free energy: 378.97
Gaussian electrostatic free energy: 0
Softcore molecules field coupling energy: 3846.18

Average Explicit Charge: 0

Average Gaussian Chains Density Inhomogeneity: 0.398162

Final Energies:
Softcore molecules bond stretching energy: 0
Softcore molecules angle bending energy: 0
Softcore molecules torsional energy: 0
Softcore molecules non-bonded energy: 12.7199
Softcore molecules electrostatics energy: 0
Softcore molecules external potential energy: 0
Softcore molecules Potential energy: 3832.78
Gaussian total free energy: 412.425
Gaussian ideal free energy: -206.427
Gaussian contact free energy: 227.789
Gaussian compressibility free energy: 391.063
Gaussian electrostatic free energy: 0
Softcore molecules field coupling energy: 3820.06

Final Gaussian Chains Density Inhomogeneity: 0.399259

Iteration report, DDFT Molecular Diffusion
Number of solves: 1100000
Number of function calls: 9008917
Average number of iterations: 7.18985 (min 7, max 25)
Average end norm: 8.09962e-05 (min 3.37299e-05, max 0.0001)


Final Explicit Charge: 0

Plugins and corresponding results from this calculation:----------

Archive Plugin:
Archive mode: Text
Archive file name: tt11000.csa
Archive frequency: 100

Instant results Plugin:
Instant results file name: tt11000_Inst.ctf
Instant results frequency: 10

Time used by 1100000 calculation steps on 1 processors: 38 Hours 48 Minutes 55 Seconds.

