@CulgiVersion: 5.0.1
MBF-Hybrid Simulation of box
Job Start time: Tue Sep 27 14:28:03 2011
----------------------------------------------------------------------------

Simulation Parameters:
----------------------

Field Diffusion: on
Bead Diffusion: on
Temperature: 0.1
Bead Diffusion frequency: 1
Field Diffusion frequency: 1
Time step: 0.01

DDFT Engine parameters: 
Field diffusion Method: EntropyFieldDynamics
Kappa: 15
Reference density: 1

NLESolverEngine parameters, DDFT Molecular Diffusion
Strict tolerance: On
Direction optimization Method: SteepestDescent
Starting Alpha: 0.5
Reset Alpha: On
Tolerance: 0.0001
Maximum Iterations: 25000
Maximum Line Iterations: 5

Gaussian chain interaction parameters:
---------------------------------------

Bead parameters:
Type  Volume  Diffusion  Viscosity  Expansion  ExtFieldConst  ChargeType  Charge  pK   Dielec  ImplIonInter  
A     1       1          1          0.1        1              Strong      0       N/A  1       0             
B     1       1          1          0.1        1              Strong      0       N/A  1       0             

Binary interaction parameters:
Type1  Type2  Chi  ChiL  
A      B      0    0     

Soft core model interaction parameters:
---------------------------------------

Bead parameters:
Type  Mass  BondValence  Diffusion  Sigma  ExtFieldConst  ChargeType  Charge  pK   Dielec  ImplIonInter  
P     1     2            0          0.8    1              Strong      0       N/A  1       0             

Pair interaction parameters:
Type1  Type2  A   
P      P      25  

Mesoscopic bead-field hybrid interaction parameters:
----------------------------------------------------

Bead-Field coupling parameters:
Bead  Field  parameter  
P     A      10         
P     B      10         

System Details:
---------------

Box: 64 X 64 X 1
GAUSSIANCHAIN: bcp (A20B16):  (Average number density: 0.847412)
Overall gaussian beads number density: 0.847412
SOFTCOREMOLECULE: np: 1000 (Bead fraction: 0.223664)
Overall Soft-core bead number density: 0.244141

Initial Gaussian Chains Density Inhomogeneity: 1.06859e-14

Initial Explicit Charge: 0

Initial Energies:
Softcore molecules bond stretching energy: 0
Softcore molecules angle bending energy: 0
Softcore molecules torsional energy: 0
Softcore molecules non-bonded energy: 904.857
Softcore molecules electrostatics energy: 0
Softcore molecules external potential energy: 0
Softcore molecules Potential energy: 9378.98
Gaussian total free energy: 257.365
Gaussian ideal free energy: -457.891
Gaussian contact free energy: 0
Gaussian compressibility free energy: 715.256
Gaussian electrostatic free energy: 0
Softcore molecules field coupling energy: 8474.12

Average Energies:
Softcore molecules bond stretching energy: 0
Softcore molecules angle bending energy: 0
Softcore molecules torsional energy: 0
Softcore molecules non-bonded energy: 904.857
Softcore molecules electrostatics energy: 0
Softcore molecules external potential energy: 0
Softcore molecules Potential energy: 7644.67
Gaussian total free energy: 1118.23
Gaussian ideal free energy: -431.918
Gaussian contact free energy: 0
Gaussian compressibility free energy: 1550.15
Gaussian electrostatic free energy: 0
Softcore molecules field coupling energy: 6739.81

Average Explicit Charge: 0

Average Gaussian Chains Density Inhomogeneity: 0.0824503

Final Energies:
Softcore molecules bond stretching energy: 0
Softcore molecules angle bending energy: 0
Softcore molecules torsional energy: 0
Softcore molecules non-bonded energy: 904.857
Softcore molecules electrostatics energy: 0
Softcore molecules external potential energy: 0
Softcore molecules Potential energy: 7643.91
Gaussian total free energy: 1118.55
Gaussian ideal free energy: -431.903
Gaussian contact free energy: 0
Gaussian compressibility free energy: 1550.46
Gaussian electrostatic free energy: 0
Softcore molecules field coupling energy: 6739.06

Final Gaussian Chains Density Inhomogeneity: 0.0824697

Iteration report, DDFT Molecular Diffusion
Number of solves: 10000
Number of function calls: 57160
Average number of iterations: 4.716 (min 4, max 9)
Average end norm: 6.66251e-05 (min 4.73529e-05, max 9.99986e-05)


Final Explicit Charge: 0

Time used by 10000 calculation steps on 2 processors: 0 Hours 7 Minutes 25 Seconds.

@CulgiVersion: 5.0.1
MBF-Hybrid Simulation of box
Job Start time: Tue Sep 27 14:35:28 2011
----------------------------------------------------------------------------

Simulation Parameters:
----------------------

Field Diffusion: on
Bead Diffusion: on
Temperature: 0.1
Bead Diffusion frequency: 1
Field Diffusion frequency: 1
Time step: 0.01

DDFT Engine parameters: 
Field diffusion Method: EntropyFieldDynamics
Kappa: 15
Reference density: 1

NLESolverEngine parameters, DDFT Molecular Diffusion
Strict tolerance: On
Direction optimization Method: SteepestDescent
Starting Alpha: 0.5
Reset Alpha: On
Tolerance: 0.0001
Maximum Iterations: 25000
Maximum Line Iterations: 5

Gaussian chain interaction parameters:
---------------------------------------

Bead parameters:
Type  Volume  Diffusion  Viscosity  Expansion  ExtFieldConst  ChargeType  Charge  pK   Dielec  ImplIonInter  
A     1       1          1          0.1        1              Strong      0       N/A  1       0             
B     1       1          1          0.1        1              Strong      0       N/A  1       0             

Binary interaction parameters:
Type1  Type2  Chi       ChiL  
A      B      0.666667  0     

Soft core model interaction parameters:
---------------------------------------

Bead parameters:
Type  Mass  BondValence  Diffusion  Sigma  ExtFieldConst  ChargeType  Charge  pK   Dielec  ImplIonInter  
P     1     2            0.1        0.8    1              Strong      0       N/A  1       0             

Pair interaction parameters:
Type1  Type2  A   
P      P      25  

Mesoscopic bead-field hybrid interaction parameters:
----------------------------------------------------

Bead-Field coupling parameters:
Bead  Field  parameter  
P     A      10         
P     B      18         

System Details:
---------------

Box: 64 X 64 X 1
GAUSSIANCHAIN: bcp (A20B16):  (Average number density: 0.847412)
Overall gaussian beads number density: 0.847412
SOFTCOREMOLECULE: np: 1000 (Bead fraction: 0.223664)
Overall Soft-core bead number density: 0.244141

Initial Gaussian Chains Density Inhomogeneity: 0.0824697

Initial Explicit Charge: 0

Initial Energies:
Softcore molecules bond stretching energy: 0
Softcore molecules angle bending energy: 0
Softcore molecules torsional energy: 0
Softcore molecules non-bonded energy: 904.857
Softcore molecules electrostatics energy: 0
Softcore molecules external potential energy: 0
Softcore molecules Potential energy: 10043.5
Gaussian total free energy: 1613.51
Gaussian ideal free energy: -431.903
Gaussian contact free energy: 494.96
Gaussian compressibility free energy: 1550.46
Gaussian electrostatic free energy: 0
Softcore molecules field coupling energy: 9138.62

Average Energies:
Softcore molecules bond stretching energy: 0
Softcore molecules angle bending energy: 0
Softcore molecules torsional energy: 0
Softcore molecules non-bonded energy: 611.965
Softcore molecules electrostatics energy: 0
Softcore molecules external potential energy: 0
Softcore molecules Potential energy: 2780.12
Gaussian total free energy: 3781.14
Gaussian ideal free energy: -188.028
Gaussian contact free energy: 231.829
Gaussian compressibility free energy: 3737.34
Gaussian electrostatic free energy: 0
Softcore molecules field coupling energy: 2168.15

Average Explicit Charge: 0

Average Gaussian Chains Density Inhomogeneity: 0.39025

Final Energies:
Softcore molecules bond stretching energy: 0
Softcore molecules angle bending energy: 0
Softcore molecules torsional energy: 0
Softcore molecules non-bonded energy: 671.417
Softcore molecules electrostatics energy: 0
Softcore molecules external potential energy: 0
Softcore molecules Potential energy: 2483.51
Gaussian total free energy: 3930.7
Gaussian ideal free energy: -190.909
Gaussian contact free energy: 223.066
Gaussian compressibility free energy: 3898.54
Gaussian electrostatic free energy: 0
Softcore molecules field coupling energy: 1812.1

Final Gaussian Chains Density Inhomogeneity: 0.396651

Iteration report, DDFT Molecular Diffusion
Number of solves: 1100000
Number of function calls: 11328179
Average number of iterations: 9.29834 (min 8, max 11)
Average end norm: 7.80939e-05 (min 4.8202e-05, max 9.99999e-05)


Final Explicit Charge: 0

Time used by 1100000 calculation steps on 2 processors: 26 Hours 6 Minutes 51 Seconds.

