@CulgiVersion: 5.0.1
MBF-Hybrid Simulation of box
Job Start time: Fri Sep 30 06:12:44 2011
----------------------------------------------------------------------------

Simulation Parameters:
----------------------

Field Diffusion: on
Bead Diffusion: on
Temperature: 0.1
Bead Diffusion frequency: 1
Field Diffusion frequency: 1
Time step: 0.01

DDFT Engine parameters: 
Field diffusion Method: EntropyFieldDynamics
Kappa: 15
Reference density: 1

NLESolverEngine parameters, DDFT Molecular Diffusion
Strict tolerance: On
Direction optimization Method: SteepestDescent
Starting Alpha: 0.5
Reset Alpha: On
Tolerance: 0.0001
Maximum Iterations: 25000
Maximum Line Iterations: 5

Gaussian chain interaction parameters:
---------------------------------------

Bead parameters:
Type  Volume  Diffusion  Viscosity  Expansion  ExtFieldConst  ChargeType  Charge  pK   Dielec  ImplIonInter  
A     1       1          1          0.1        1              Strong      0       N/A  1       0             
B     1       1          1          0.1        1              Strong      0       N/A  1       0             

Binary interaction parameters:
Type1  Type2  Chi  ChiL  
A      B      0    0     

Soft core model interaction parameters:
---------------------------------------

Bead parameters:
Type  Mass  BondValence  Diffusion  Sigma  ExtFieldConst  ChargeType  Charge  pK   Dielec  ImplIonInter  
P     1     2            0          0.8    1              Strong      0       N/A  1       0             

Pair interaction parameters:
Type1  Type2  A   
P      P      25  

Mesoscopic bead-field hybrid interaction parameters:
----------------------------------------------------

Bead-Field coupling parameters:
Bead  Field  parameter  
P     A      7          
P     B      7          

System Details:
---------------

Box: 64 X 64 X 1
GAUSSIANCHAIN: bcp (A20B16):  (Average number density: 0.893188)
Overall gaussian beads number density: 0.893188
SOFTCOREMOLECULE: np: 1000 (Bead fraction: 0.214661)
Overall Soft-core bead number density: 0.244141

Initial Gaussian Chains Density Inhomogeneity: 0

Initial Explicit Charge: 0

Initial Energies:
Softcore molecules bond stretching energy: 0
Softcore molecules angle bending energy: 0
Softcore molecules torsional energy: 0
Softcore molecules non-bonded energy: 1.32194
Softcore molecules electrostatics energy: 0
Softcore molecules external potential energy: 0
Softcore molecules Potential energy: 6253.64
Gaussian total free energy: -126.804
Gaussian ideal free energy: -477.279
Gaussian contact free energy: 0
Gaussian compressibility free energy: 350.475
Gaussian electrostatic free energy: 0
Softcore molecules field coupling energy: 6252.32

Average Energies:
Softcore molecules bond stretching energy: 0
Softcore molecules angle bending energy: 0
Softcore molecules torsional energy: 0
Softcore molecules non-bonded energy: 1.32194
Softcore molecules electrostatics energy: 0
Softcore molecules external potential energy: 0
Softcore molecules Potential energy: 5977.87
Gaussian total free energy: 11.0635
Gaussian ideal free energy: -472.081
Gaussian contact free energy: 0
Gaussian compressibility free energy: 483.144
Gaussian electrostatic free energy: 0
Softcore molecules field coupling energy: 5976.55

Average Explicit Charge: 0

Average Gaussian Chains Density Inhomogeneity: 0.0329213

Final Energies:
Softcore molecules bond stretching energy: 0
Softcore molecules angle bending energy: 0
Softcore molecules torsional energy: 0
Softcore molecules non-bonded energy: 1.32194
Softcore molecules electrostatics energy: 0
Softcore molecules external potential energy: 0
Softcore molecules Potential energy: 5977.85
Gaussian total free energy: 11.0479
Gaussian ideal free energy: -472.082
Gaussian contact free energy: 0
Gaussian compressibility free energy: 483.129
Gaussian electrostatic free energy: 0
Softcore molecules field coupling energy: 5976.52

Final Gaussian Chains Density Inhomogeneity: 0.0329225

Iteration report, DDFT Molecular Diffusion
Number of solves: 10000
Number of function calls: 56429
Average number of iterations: 4.6429 (min 4, max 7)
Average end norm: 6.78663e-05 (min 3.61447e-05, max 9.99956e-05)


Final Explicit Charge: 0

Time used by 10000 calculation steps on 2 processors: 0 Hours 7 Minutes 23 Seconds.

@CulgiVersion: 5.0.1
MBF-Hybrid Simulation of box
Job Start time: Fri Sep 30 06:20:07 2011
----------------------------------------------------------------------------

Simulation Parameters:
----------------------

Field Diffusion: on
Bead Diffusion: on
Temperature: 0.1
Bead Diffusion frequency: 1
Field Diffusion frequency: 1
Time step: 0.01

DDFT Engine parameters: 
Field diffusion Method: EntropyFieldDynamics
Kappa: 15
Reference density: 1

NLESolverEngine parameters, DDFT Molecular Diffusion
Strict tolerance: On
Direction optimization Method: SteepestDescent
Starting Alpha: 0.5
Reset Alpha: On
Tolerance: 0.0001
Maximum Iterations: 25000
Maximum Line Iterations: 5

Gaussian chain interaction parameters:
---------------------------------------

Bead parameters:
Type  Volume  Diffusion  Viscosity  Expansion  ExtFieldConst  ChargeType  Charge  pK   Dielec  ImplIonInter  
A     1       1          1          0.1        1              Strong      0       N/A  1       0             
B     1       1          1          0.1        1              Strong      0       N/A  1       0             

Binary interaction parameters:
Type1  Type2  Chi       ChiL  
A      B      0.666667  0     

Soft core model interaction parameters:
---------------------------------------

Bead parameters:
Type  Mass  BondValence  Diffusion  Sigma  ExtFieldConst  ChargeType  Charge  pK   Dielec  ImplIonInter  
P     1     2            0.1        0.8    1              Strong      0       N/A  1       0             

Pair interaction parameters:
Type1  Type2  A   
P      P      25  

Mesoscopic bead-field hybrid interaction parameters:
----------------------------------------------------

Bead-Field coupling parameters:
Bead  Field  parameter  
P     A      7          
P     B      14         

System Details:
---------------

Box: 64 X 64 X 1
GAUSSIANCHAIN: bcp (A20B16):  (Average number density: 0.893188)
Overall gaussian beads number density: 0.893188
SOFTCOREMOLECULE: np: 1000 (Bead fraction: 0.214661)
Overall Soft-core bead number density: 0.244141

Initial Gaussian Chains Density Inhomogeneity: 0.0329225

Initial Explicit Charge: 0

Initial Energies:
Softcore molecules bond stretching energy: 0
Softcore molecules angle bending energy: 0
Softcore molecules torsional energy: 0
Softcore molecules non-bonded energy: 1.32194
Softcore molecules electrostatics energy: 0
Softcore molecules external potential energy: 0
Softcore molecules Potential energy: 8634.62
Gaussian total free energy: 550.029
Gaussian ideal free energy: -472.082
Gaussian contact free energy: 538.981
Gaussian compressibility free energy: 483.129
Gaussian electrostatic free energy: 0
Softcore molecules field coupling energy: 8633.3

Average Energies:
Softcore molecules bond stretching energy: 0
Softcore molecules angle bending energy: 0
Softcore molecules torsional energy: 0
Softcore molecules non-bonded energy: 168.195
Softcore molecules electrostatics energy: 0
Softcore molecules external potential energy: 0
Softcore molecules Potential energy: 3800.2
Gaussian total free energy: 1666.96
Gaussian ideal free energy: -202.832
Gaussian contact free energy: 219.772
Gaussian compressibility free energy: 1650.02
Gaussian electrostatic free energy: 0
Softcore molecules field coupling energy: 3632.01

Average Explicit Charge: 0

Average Gaussian Chains Density Inhomogeneity: 0.383482

Final Energies:
Softcore molecules bond stretching energy: 0
Softcore molecules angle bending energy: 0
Softcore molecules torsional energy: 0
Softcore molecules non-bonded energy: 171.464
Softcore molecules electrostatics energy: 0
Softcore molecules external potential energy: 0
Softcore molecules Potential energy: 3733.82
Gaussian total free energy: 1701.35
Gaussian ideal free energy: -201.518
Gaussian contact free energy: 216.202
Gaussian compressibility free energy: 1686.67
Gaussian electrostatic free energy: 0
Softcore molecules field coupling energy: 3562.36

Final Gaussian Chains Density Inhomogeneity: 0.385348

Iteration report, DDFT Molecular Diffusion
Number of solves: 5500000
Number of function calls: 50998523
Average number of iterations: 8.27246 (min 8, max 10)
Average end norm: 7.98458e-05 (min 4.77397e-05, max 0.0001)


Final Explicit Charge: 0

Time used by 5500000 calculation steps on 2 processors: 120 Hours 35 Minutes 33 Seconds.

