@CulgiVersion: 5.0.1
MBF-Hybrid Simulation of box
Job Start time: Tue Sep 27 14:27:41 2011
----------------------------------------------------------------------------

Simulation Parameters:
----------------------

Field Diffusion: on
Bead Diffusion: on
Temperature: 0.1
Bead Diffusion frequency: 1
Field Diffusion frequency: 1
Time step: 0.01

DDFT Engine parameters: 
Field diffusion Method: EntropyFieldDynamics
Kappa: 15
Reference density: 1

NLESolverEngine parameters, DDFT Molecular Diffusion
Strict tolerance: On
Direction optimization Method: SteepestDescent
Starting Alpha: 0.5
Reset Alpha: On
Tolerance: 0.0001
Maximum Iterations: 25000
Maximum Line Iterations: 5

Gaussian chain interaction parameters:
---------------------------------------

Bead parameters:
Type  Volume  Diffusion  Viscosity  Expansion  ExtFieldConst  ChargeType  Charge  pK   Dielec  ImplIonInter  
A     1       1          1          0.1        1              Strong      0       N/A  1       0             
B     1       1          1          0.1        1              Strong      0       N/A  1       0             

Binary interaction parameters:
Type1  Type2  Chi  ChiL  
A      B      0    0     

Soft core model interaction parameters:
---------------------------------------

Bead parameters:
Type  Mass  BondValence  Diffusion  Sigma  ExtFieldConst  ChargeType  Charge  pK   Dielec  ImplIonInter  
P     1     2            0          0.8    1              Strong      0       N/A  1       0             

Pair interaction parameters:
Type1  Type2  A   
P      P      25  

Mesoscopic bead-field hybrid interaction parameters:
----------------------------------------------------

Bead-Field coupling parameters:
Bead  Field  parameter  
P     A      6          
P     B      6          

System Details:
---------------

Box: 64 X 64 X 1
GAUSSIANCHAIN: bcp (A20B16):  (Average number density: 0.908447)
Overall gaussian beads number density: 0.908447
SOFTCOREMOLECULE: np: 1000 (Bead fraction: 0.21182)
Overall Soft-core bead number density: 0.244141

Initial Gaussian Chains Density Inhomogeneity: 1.93456e-14

Initial Explicit Charge: 0

Initial Energies:
Softcore molecules bond stretching energy: 0
Softcore molecules angle bending energy: 0
Softcore molecules torsional energy: 0
Softcore molecules non-bonded energy: 773.112
Softcore molecules electrostatics energy: 0
Softcore molecules external potential energy: 0
Softcore molecules Potential energy: 6223.8
Gaussian total free energy: -226.19
Gaussian ideal free energy: -483.682
Gaussian contact free energy: 0
Gaussian compressibility free energy: 257.492
Gaussian electrostatic free energy: 0
Softcore molecules field coupling energy: 5450.68

Average Energies:
Softcore molecules bond stretching energy: 0
Softcore molecules angle bending energy: 0
Softcore molecules torsional energy: 0
Softcore molecules non-bonded energy: 773.112
Softcore molecules electrostatics energy: 0
Softcore molecules external potential energy: 0
Softcore molecules Potential energy: 5630.65
Gaussian total free energy: 69.9762
Gaussian ideal free energy: -476.279
Gaussian contact free energy: 0
Gaussian compressibility free energy: 546.256
Gaussian electrostatic free energy: 0
Softcore molecules field coupling energy: 4857.53

Average Explicit Charge: 0

Average Gaussian Chains Density Inhomogeneity: 0.0485208

Final Energies:
Softcore molecules bond stretching energy: 0
Softcore molecules angle bending energy: 0
Softcore molecules torsional energy: 0
Softcore molecules non-bonded energy: 773.112
Softcore molecules electrostatics energy: 0
Softcore molecules external potential energy: 0
Softcore molecules Potential energy: 5630.52
Gaussian total free energy: 70.0179
Gaussian ideal free energy: -476.28
Gaussian contact free energy: 0
Gaussian compressibility free energy: 546.298
Gaussian electrostatic free energy: 0
Softcore molecules field coupling energy: 4857.41

Final Gaussian Chains Density Inhomogeneity: 0.0485265

Iteration report, DDFT Molecular Diffusion
Number of solves: 10000
Number of function calls: 56510
Average number of iterations: 4.651 (min 4, max 8)
Average end norm: 6.76593e-05 (min 4.68042e-05, max 9.99973e-05)


Final Explicit Charge: 0

Time used by 10000 calculation steps on 2 processors: 0 Hours 7 Minutes 33 Seconds.

@CulgiVersion: 5.0.1
MBF-Hybrid Simulation of box
Job Start time: Tue Sep 27 14:35:14 2011
----------------------------------------------------------------------------

Simulation Parameters:
----------------------

Field Diffusion: on
Bead Diffusion: on
Temperature: 0.1
Bead Diffusion frequency: 1
Field Diffusion frequency: 1
Time step: 0.01

DDFT Engine parameters: 
Field diffusion Method: EntropyFieldDynamics
Kappa: 15
Reference density: 1

NLESolverEngine parameters, DDFT Molecular Diffusion
Strict tolerance: On
Direction optimization Method: SteepestDescent
Starting Alpha: 0.5
Reset Alpha: On
Tolerance: 0.0001
Maximum Iterations: 25000
Maximum Line Iterations: 5

Gaussian chain interaction parameters:
---------------------------------------

Bead parameters:
Type  Volume  Diffusion  Viscosity  Expansion  ExtFieldConst  ChargeType  Charge  pK   Dielec  ImplIonInter  
A     1       1          1          0.1        1              Strong      0       N/A  1       0             
B     1       1          1          0.1        1              Strong      0       N/A  1       0             

Binary interaction parameters:
Type1  Type2  Chi       ChiL  
A      B      0.666667  0     

Soft core model interaction parameters:
---------------------------------------

Bead parameters:
Type  Mass  BondValence  Diffusion  Sigma  ExtFieldConst  ChargeType  Charge  pK   Dielec  ImplIonInter  
P     1     2            0.1        0.8    1              Strong      0       N/A  1       0             

Pair interaction parameters:
Type1  Type2  A   
P      P      25  

Mesoscopic bead-field hybrid interaction parameters:
----------------------------------------------------

Bead-Field coupling parameters:
Bead  Field  parameter  
P     A      6          
P     B      12         

System Details:
---------------

Box: 64 X 64 X 1
GAUSSIANCHAIN: bcp (A20B16):  (Average number density: 0.908447)
Overall gaussian beads number density: 0.908447
SOFTCOREMOLECULE: np: 1000 (Bead fraction: 0.21182)
Overall Soft-core bead number density: 0.244141

Initial Gaussian Chains Density Inhomogeneity: 0.0485265

Initial Explicit Charge: 0

Initial Energies:
Softcore molecules bond stretching energy: 0
Softcore molecules angle bending energy: 0
Softcore molecules torsional energy: 0
Softcore molecules non-bonded energy: 773.112
Softcore molecules electrostatics energy: 0
Softcore molecules external potential energy: 0
Softcore molecules Potential energy: 7791.3
Gaussian total free energy: 630.136
Gaussian ideal free energy: -476.28
Gaussian contact free energy: 560.118
Gaussian compressibility free energy: 546.298
Gaussian electrostatic free energy: 0
Softcore molecules field coupling energy: 7018.19

Average Energies:
Softcore molecules bond stretching energy: 0
Softcore molecules angle bending energy: 0
Softcore molecules torsional energy: 0
Softcore molecules non-bonded energy: 96.1045
Softcore molecules electrostatics energy: 0
Softcore molecules external potential energy: 0
Softcore molecules Potential energy: 3932.97
Gaussian total free energy: 1083.45
Gaussian ideal free energy: -199.29
Gaussian contact free energy: 222.41
Gaussian compressibility free energy: 1060.33
Gaussian electrostatic free energy: 0
Softcore molecules field coupling energy: 3836.87

Average Explicit Charge: 0

Average Gaussian Chains Density Inhomogeneity: 0.381291

Final Energies:
Softcore molecules bond stretching energy: 0
Softcore molecules angle bending energy: 0
Softcore molecules torsional energy: 0
Softcore molecules non-bonded energy: 101.588
Softcore molecules electrostatics energy: 0
Softcore molecules external potential energy: 0
Softcore molecules Potential energy: 3857.54
Gaussian total free energy: 1121.15
Gaussian ideal free energy: -196.647
Gaussian contact free energy: 218.361
Gaussian compressibility free energy: 1099.43
Gaussian electrostatic free energy: 0
Softcore molecules field coupling energy: 3755.95

Final Gaussian Chains Density Inhomogeneity: 0.38311

Iteration report, DDFT Molecular Diffusion
Number of solves: 1100000
Number of function calls: 9980054
Average number of iterations: 8.07278 (min 8, max 11)
Average end norm: 8.13421e-05 (min 4.83549e-05, max 0.0001)


Final Explicit Charge: 0

Time used by 1100000 calculation steps on 2 processors: 23 Hours 52 Minutes 53 Seconds.

