@CulgiVersion: 6.0.0
MBF-Hybrid Simulation of box
Job Start time: Tue May  8 23:39:19 2012
----------------------------------------------------------------------------

Simulation Parameters:
----------------------

Field Diffusion: off
Bead Diffusion: on
Temperature: 0.3
Bead Diffusion frequency: 1
Time step: 0.01

Soft core model interaction parameters:
---------------------------------------

Bead parameters:
Type  Mass  BondValence  Diffusion  Sigma  ExtFieldConst  ChargeType  Charge  pK   Dielec  ImplIonInter  
C     1     2            0.04       0.8    1              Strong      0       N/A  1       0             
S     1     2            0.04       0.8    1              Strong      0       N/A  1       0             

Pair interaction parameters:
Type1  Type2  A   
C      C      10  
C      S      10  
S      S      10  

Mesoscopic bead-field hybrid interaction parameters:
----------------------------------------------------

Bead-Field coupling parameters:
Bead  Field  parameter  
C     A      0          
C     B      0          
S     A      0          
S     B      0          

System Details:
---------------

Box: 64 X 64 X 1
GAUSSIANCHAIN: bcp (A20B16):  (Average number density: 0.578125)
Overall gaussian beads number density: 0.578125
SOFTCORECOLLOID: np: 768 (Bead fraction: 0.744828)
Overall Soft-core bead number density: 1.6875


Initial Explicit Charge: 0

Initial Energies:
Softcore molecules bond stretching energy: 0
Softcore molecules angle bending energy: 0
Softcore molecules torsional energy: 0
Softcore molecules non-bonded energy: 15233.9
Softcore molecules electrostatics energy: 0
Softcore molecules external potential energy: 0
Softcore molecules Potential energy: 15233.9
Softcore molecules field coupling energy: 0

Average Energies:
Softcore molecules bond stretching energy: 0
Softcore molecules angle bending energy: 0
Softcore molecules torsional energy: 0
Softcore molecules non-bonded energy: 99.8093
Softcore molecules electrostatics energy: 0
Softcore molecules external potential energy: 0
Softcore molecules Potential energy: 99.8093
Softcore molecules field coupling energy: 0

Average Explicit Charge: 0

Final Energies:
Softcore molecules bond stretching energy: 0
Softcore molecules angle bending energy: 0
Softcore molecules torsional energy: 0
Softcore molecules non-bonded energy: 38.2708
Softcore molecules electrostatics energy: 0
Softcore molecules external potential energy: 0
Softcore molecules Potential energy: 38.2708
Softcore molecules field coupling energy: 0

Final Explicit Charge: 0

Time used by 100000 calculation steps on 1 processors: 0 Hours 11 Minutes 2 Seconds.

@CulgiVersion: 6.0.0
MBF-Hybrid Simulation of box
Job Start time: Tue May  8 23:50:21 2012
----------------------------------------------------------------------------

Simulation Parameters:
----------------------

Field Diffusion: on
Bead Diffusion: off
Field Diffusion frequency: 1
Time step: 0.01

DDFT Engine parameters: 
Field diffusion Method: EntropyFieldDynamics
Kappa: 15
Reference density: 1

NLESolverEngine parameters, DDFT Molecular Diffusion
Strict tolerance: On
Direction optimization Method: SteepestDescent
Starting Alpha: 0.5
Reset Alpha: On
Tolerance: 0.0001
Maximum Iterations: 25000
Maximum Line Iterations: 5

Gaussian chain interaction parameters:
---------------------------------------

Bead parameters:
Type  Volume  Diffusion  Viscosity  Expansion  ExtFieldConst  ChargeType  Charge  pK   Dielec  ImplIonInter  
A     1       1          1          0.01       1              Strong      0       N/A  1       0             
B     1       1          1          0.01       1              Strong      0       N/A  1       0             

Binary interaction parameters:
Type1  Type2  Chi  ChiL  
A      B      0    0     

Mesoscopic bead-field hybrid interaction parameters:
----------------------------------------------------

Bead-Field coupling parameters:
Bead  Field  parameter  
C     A      4          
C     B      4          
S     A      4          
S     B      4          

System Details:
---------------

Box: 64 X 64 X 1
GAUSSIANCHAIN: bcp (A20B16):  (Average number density: 0.578125)
Overall gaussian beads number density: 0.578125
SOFTCORECOLLOID: np: 768 (Bead fraction: 0.744828)
Overall Soft-core bead number density: 1.6875


Initial Gaussian Chains Density Inhomogeneity: 1.08802e-14

Initial Explicit Charge: 0

Initial Energies:
Gaussian total free energy: 5129.96
Gaussian ideal free energy: -337.538
Gaussian contact free energy: 0
Gaussian compressibility free energy: 5467.5
Gaussian electrostatic free energy: 0
Softcore molecules field coupling energy: 15984

Average Energies:
Gaussian total free energy: 7621.46
Gaussian ideal free energy: -222.262
Gaussian contact free energy: 0
Gaussian compressibility free energy: 7843.72
Gaussian electrostatic free energy: 0
Softcore molecules field coupling energy: 10946.4

Average Explicit Charge: 0

Average Gaussian Chains Density Inhomogeneity: 0.139054

Final Energies:
Gaussian total free energy: 7623.95
Gaussian ideal free energy: -222.191
Gaussian contact free energy: 0
Gaussian compressibility free energy: 7846.14
Gaussian electrostatic free energy: 0
Softcore molecules field coupling energy: 10942.9

Final Gaussian Chains Density Inhomogeneity: 0.139133

Iteration report, DDFT Molecular Diffusion
Number of solves: 10000
Number of function calls: 23610
Average number of iterations: 1.361 (min 1, max 10)
Average end norm: 8.18036e-05 (min 4.25479e-05, max 9.99985e-05)


Final Explicit Charge: 0

Time used by 10000 calculation steps on 1 processors: 0 Hours 9 Minutes 56 Seconds.

@CulgiVersion: 6.0.0
MBF-Hybrid Simulation of box
Job Start time: Wed May  9 00:00:17 2012
----------------------------------------------------------------------------

Simulation Parameters:
----------------------

Field Diffusion: on
Bead Diffusion: on
Temperature: 0.3
Bead Diffusion frequency: 1
Field Diffusion frequency: 1
Time step: 0.01

DDFT Engine parameters: 
Field diffusion Method: EntropyFieldDynamics
Kappa: 15
Reference density: 1

NLESolverEngine parameters, DDFT Molecular Diffusion
Strict tolerance: On
Direction optimization Method: SteepestDescent
Starting Alpha: 0.5
Reset Alpha: On
Tolerance: 0.0001
Maximum Iterations: 25000
Maximum Line Iterations: 5

Gaussian chain interaction parameters:
---------------------------------------

Bead parameters:
Type  Volume  Diffusion  Viscosity  Expansion  ExtFieldConst  ChargeType  Charge  pK   Dielec  ImplIonInter  
A     1       1          1          0.01       1              Strong      0       N/A  1       0             
B     1       1          1          0.01       1              Strong      0       N/A  1       0             

Binary interaction parameters:
Type1  Type2  Chi       ChiL  
A      B      0.666667  0     

Soft core model interaction parameters:
---------------------------------------

Bead parameters:
Type  Mass  BondValence  Diffusion  Sigma  ExtFieldConst  ChargeType  Charge  pK   Dielec  ImplIonInter  
C     1     2            0.04       0.8    1              Strong      0       N/A  1       0             
S     1     2            0.04       0.8    1              Strong      0       N/A  1       0             

Pair interaction parameters:
Type1  Type2  A   
C      C      10  
C      S      10  
S      S      10  

Mesoscopic bead-field hybrid interaction parameters:
----------------------------------------------------

Bead-Field coupling parameters:
Bead  Field  parameter  
C     A      4          
C     B      8          
S     A      4          
S     B      8          

System Details:
---------------

Box: 64 X 64 X 1
GAUSSIANCHAIN: bcp (A20B16):  (Average number density: 0.578125)
Overall gaussian beads number density: 0.578125
SOFTCORECOLLOID: np: 768 (Bead fraction: 0.744828)
Overall Soft-core bead number density: 1.6875


Initial Gaussian Chains Density Inhomogeneity: 0.139133

Initial Explicit Charge: 0

Initial Energies:
Softcore molecules bond stretching energy: 0
Softcore molecules angle bending energy: 0
Softcore molecules torsional energy: 0
Softcore molecules non-bonded energy: 38.2708
Softcore molecules electrostatics energy: 0
Softcore molecules external potential energy: 0
Softcore molecules Potential energy: 15857
Gaussian total free energy: 7879.02
Gaussian ideal free energy: -222.191
Gaussian contact free energy: 255.073
Gaussian compressibility free energy: 7846.14
Gaussian electrostatic free energy: 0
Softcore molecules field coupling energy: 15818.7

Average Energies:
Softcore molecules bond stretching energy: 0
Softcore molecules angle bending energy: 0
Softcore molecules torsional energy: 0
Softcore molecules non-bonded energy: 784.888
Softcore molecules electrostatics energy: 0
Softcore molecules external potential energy: 0
Softcore molecules Potential energy: 6517.66
Gaussian total free energy: 10625.3
Gaussian ideal free energy: 140.368
Gaussian contact free energy: 162.912
Gaussian compressibility free energy: 10322.1
Gaussian electrostatic free energy: 0
Softcore molecules field coupling energy: 5732.77

Average Explicit Charge: 0

Average Gaussian Chains Density Inhomogeneity: 0.343613

Final Energies:
Softcore molecules bond stretching energy: 0
Softcore molecules angle bending energy: 0
Softcore molecules torsional energy: 0
Softcore molecules non-bonded energy: 946.995
Softcore molecules electrostatics energy: 0
Softcore molecules external potential energy: 0
Softcore molecules Potential energy: 5319.1
Gaussian total free energy: 11006
Gaussian ideal free energy: 67.4964
Gaussian contact free energy: 176.449
Gaussian compressibility free energy: 10762.1
Gaussian electrostatic free energy: 0
Softcore molecules field coupling energy: 4372.1

Final Gaussian Chains Density Inhomogeneity: 0.343972

Iteration report, DDFT Molecular Diffusion
Number of solves: 110000
Number of function calls: 1116812
Average number of iterations: 9.14395 (min 8, max 3278)
Average end norm: 6.51151e-05 (min 1.04098e-05, max 9.99997e-05)


Final Explicit Charge: 0

Plugins and corresponding results from this calculation:----------

Archive Plugin:
Archive mode: Text
Archive file name: tt1100_ts0.01.csa
Archive frequency: 100

Instant results Plugin:
Instant results file name: tt1100_ts0.01_Inst.ctf
Instant results frequency: 10

Time used by 110000 calculation steps on 1 processors: 5 Hours 28 Minutes 42 Seconds.

