@CulgiVersion: 6.0.0
MBF-Hybrid Simulation of box
Job Start time: Wed Mar 14 13:42:56 2012
----------------------------------------------------------------------------

Simulation Parameters:
----------------------

Field Diffusion: off
Bead Diffusion: on
Temperature: 0.1
Bead Diffusion frequency: 1
Time step: 0.01

Soft core model interaction parameters:
---------------------------------------

Bead parameters:
Type  Mass  BondValence  Diffusion  Sigma  ExtFieldConst  ChargeType  Charge  pK   Dielec  ImplIonInter  
C     1     2            0.04       0.8    1              Strong      0       N/A  1       0             
S     1     2            0.04       0.8    1              Strong      0       N/A  1       0             

Pair interaction parameters:
Type1  Type2  A   
C      C      15  
C      S      15  
S      S      15  

Mesoscopic bead-field hybrid interaction parameters:
----------------------------------------------------

Bead-Field coupling parameters:
Bead  Field  parameter  
C     A      0          
C     B      0          
S     A      0          
S     B      0          

System Details:
---------------

Box: 64 X 64 X 1
GAUSSIANCHAIN: bcp (A20B16):  (Average number density: 0.683594)
Overall gaussian beads number density: 0.683594
SOFTCORECOLLOID: np: 768 (Bead fraction: 0.711697)
Overall Soft-core bead number density: 1.6875


Initial Explicit Charge: 0

Initial Energies:
Softcore molecules bond stretching energy: 0
Softcore molecules angle bending energy: 0
Softcore molecules torsional energy: 0
Softcore molecules non-bonded energy: 21634.8
Softcore molecules electrostatics energy: 0
Softcore molecules external potential energy: 0
Softcore molecules Potential energy: 21634.8
Softcore molecules field coupling energy: 0

Average Energies:
Softcore molecules bond stretching energy: 0
Softcore molecules angle bending energy: 0
Softcore molecules torsional energy: 0
Softcore molecules non-bonded energy: 13.6077
Softcore molecules electrostatics energy: 0
Softcore molecules external potential energy: 0
Softcore molecules Potential energy: 13.6077
Softcore molecules field coupling energy: 0

Average Explicit Charge: 0

Final Energies:
Softcore molecules bond stretching energy: 0
Softcore molecules angle bending energy: 0
Softcore molecules torsional energy: 0
Softcore molecules non-bonded energy: 8.06571
Softcore molecules electrostatics energy: 0
Softcore molecules external potential energy: 0
Softcore molecules Potential energy: 8.06571
Softcore molecules field coupling energy: 0

Final Explicit Charge: 0

Time used by 100000 calculation steps on 1 processors: 0 Hours 10 Minutes 19 Seconds.

@CulgiVersion: 6.0.0
MBF-Hybrid Simulation of box
Job Start time: Wed Mar 14 13:53:15 2012
----------------------------------------------------------------------------

Simulation Parameters:
----------------------

Field Diffusion: on
Bead Diffusion: off
Field Diffusion frequency: 1
Time step: 0.01

DDFT Engine parameters: 
Field diffusion Method: EntropyFieldDynamics
Kappa: 15
Reference density: 1

NLESolverEngine parameters, DDFT Molecular Diffusion
Strict tolerance: On
Direction optimization Method: SteepestDescent
Starting Alpha: 0.5
Reset Alpha: On
Tolerance: 0.0001
Maximum Iterations: 25000
Maximum Line Iterations: 5

Gaussian chain interaction parameters:
---------------------------------------

Bead parameters:
Type  Volume  Diffusion  Viscosity  Expansion  ExtFieldConst  ChargeType  Charge  pK   Dielec  ImplIonInter  
A     1       1          1          0.1        1              Strong      0       N/A  1       0             
B     1       1          1          0.1        1              Strong      0       N/A  1       0             

Binary interaction parameters:
Type1  Type2  Chi  ChiL  
A      B      0    0     

Mesoscopic bead-field hybrid interaction parameters:
----------------------------------------------------

Bead-Field coupling parameters:
Bead  Field  parameter  
C     A      3          
C     B      3          
S     A      3          
S     B      3          

System Details:
---------------

Box: 64 X 64 X 1
GAUSSIANCHAIN: bcp (A20B16):  (Average number density: 0.683594)
Overall gaussian beads number density: 0.683594
SOFTCORECOLLOID: np: 768 (Bead fraction: 0.711697)
Overall Soft-core bead number density: 1.6875


Initial Gaussian Chains Density Inhomogeneity: 1.81521e-14

Initial Explicit Charge: 0

Initial Energies:
Gaussian total free energy: 2689.39
Gaussian ideal free energy: -386.082
Gaussian contact free energy: 0
Gaussian compressibility free energy: 3075.47
Gaussian electrostatic free energy: 0
Softcore molecules field coupling energy: 14175

Average Energies:
Gaussian total free energy: 3961.4
Gaussian ideal free energy: -333.791
Gaussian contact free energy: 0
Gaussian compressibility free energy: 4295.19
Gaussian electrostatic free energy: 0
Softcore molecules field coupling energy: 11623.3

Average Explicit Charge: 0

Average Gaussian Chains Density Inhomogeneity: 0.0996417

Final Energies:
Gaussian total free energy: 3961.99
Gaussian ideal free energy: -333.773
Gaussian contact free energy: 0
Gaussian compressibility free energy: 4295.76
Gaussian electrostatic free energy: 0
Softcore molecules field coupling energy: 11622.3

Final Gaussian Chains Density Inhomogeneity: 0.0996693

Iteration report, DDFT Molecular Diffusion
Number of solves: 10000
Number of function calls: 57366
Average number of iterations: 4.7366 (min 4, max 9)
Average end norm: 6.38604e-05 (min 4.29168e-05, max 9.99988e-05)


Final Explicit Charge: 0

Time used by 10000 calculation steps on 1 processors: 0 Hours 17 Minutes 37 Seconds.

@CulgiVersion: 6.0.0
MBF-Hybrid Simulation of box
Job Start time: Wed Mar 14 14:10:53 2012
----------------------------------------------------------------------------

Simulation Parameters:
----------------------

Field Diffusion: on
Bead Diffusion: on
Temperature: 0.1
Bead Diffusion frequency: 1
Field Diffusion frequency: 1
Time step: 0.01

DDFT Engine parameters: 
Field diffusion Method: EntropyFieldDynamics
Kappa: 15
Reference density: 1

NLESolverEngine parameters, DDFT Molecular Diffusion
Strict tolerance: On
Direction optimization Method: SteepestDescent
Starting Alpha: 0.5
Reset Alpha: On
Tolerance: 0.0001
Maximum Iterations: 25000
Maximum Line Iterations: 5

Gaussian chain interaction parameters:
---------------------------------------

Bead parameters:
Type  Volume  Diffusion  Viscosity  Expansion  ExtFieldConst  ChargeType  Charge  pK   Dielec  ImplIonInter  
A     1       1          1          0.1        1              Strong      0       N/A  1       0             
B     1       1          1          0.1        1              Strong      0       N/A  1       0             

Binary interaction parameters:
Type1  Type2  Chi       ChiL  
A      B      0.666667  0     

Soft core model interaction parameters:
---------------------------------------

Bead parameters:
Type  Mass  BondValence  Diffusion  Sigma  ExtFieldConst  ChargeType  Charge  pK   Dielec  ImplIonInter  
C     1     2            0.04       0.8    1              Strong      0       N/A  1       0             
S     1     2            0.04       0.8    1              Strong      0       N/A  1       0             

Pair interaction parameters:
Type1  Type2  A   
C      C      15  
C      S      15  
S      S      15  

Mesoscopic bead-field hybrid interaction parameters:
----------------------------------------------------

Bead-Field coupling parameters:
Bead  Field  parameter  
C     A      3          
C     B      6          
S     A      3          
S     B      6          

System Details:
---------------

Box: 64 X 64 X 1
GAUSSIANCHAIN: bcp (A20B16):  (Average number density: 0.683594)
Overall gaussian beads number density: 0.683594
SOFTCORECOLLOID: np: 768 (Bead fraction: 0.711697)
Overall Soft-core bead number density: 1.6875


Initial Gaussian Chains Density Inhomogeneity: 0.0996693

Initial Explicit Charge: 0

Initial Energies:
Softcore molecules bond stretching energy: 0
Softcore molecules angle bending energy: 0
Softcore molecules torsional energy: 0
Softcore molecules non-bonded energy: 8.06571
Softcore molecules electrostatics energy: 0
Softcore molecules external potential energy: 0
Softcore molecules Potential energy: 16802.2
Gaussian total free energy: 4290.4
Gaussian ideal free energy: -333.773
Gaussian contact free energy: 328.414
Gaussian compressibility free energy: 4295.76
Gaussian electrostatic free energy: 0
Softcore molecules field coupling energy: 16794.1

Average Energies:
Softcore molecules bond stretching energy: 0
Softcore molecules angle bending energy: 0
Softcore molecules torsional energy: 0
Softcore molecules non-bonded energy: 408.035
Softcore molecules electrostatics energy: 0
Softcore molecules external potential energy: 0
Softcore molecules Potential energy: 7716.16
Gaussian total free energy: 6603.52
Gaussian ideal free energy: -62.0844
Gaussian contact free energy: 164.451
Gaussian compressibility free energy: 6501.16
Gaussian electrostatic free energy: 0
Softcore molecules field coupling energy: 7308.13

Average Explicit Charge: 0

Average Gaussian Chains Density Inhomogeneity: 0.3455

Final Energies:
Softcore molecules bond stretching energy: 0
Softcore molecules angle bending energy: 0
Softcore molecules torsional energy: 0
Softcore molecules non-bonded energy: 420.165
Softcore molecules electrostatics energy: 0
Softcore molecules external potential energy: 0
Softcore molecules Potential energy: 7500.15
Gaussian total free energy: 6692.87
Gaussian ideal free energy: -76.2646
Gaussian contact free energy: 160.805
Gaussian compressibility free energy: 6608.33
Gaussian electrostatic free energy: 0
Softcore molecules field coupling energy: 7079.98

Final Gaussian Chains Density Inhomogeneity: 0.348326

Iteration report, DDFT Molecular Diffusion
Number of solves: 1100000
Number of function calls: 9915747
Average number of iterations: 8.01418 (min 8, max 78)
Average end norm: 7.73137e-05 (min 1.12747e-05, max 9.99997e-05)


Final Explicit Charge: 0

Plugins and corresponding results from this calculation:----------

Archive Plugin:
Archive mode: Text
Archive file name: tt11000.csa
Archive frequency: 100

Instant results Plugin:
Instant results file name: tt11000_Inst.ctf
Instant results frequency: 10

Time used by 1100000 calculation steps on 1 processors: 50 Hours 22 Minutes 22 Seconds.

