@CulgiVersion: 5.0.1
MBF-Hybrid Simulation of box
Job Start time: Thu Sep  8 02:21:11 2011
----------------------------------------------------------------------------

Simulation Parameters:
----------------------

Field Diffusion: on
Bead Diffusion: on
Temperature: 0.1
Bead Diffusion frequency: 1
Field Diffusion frequency: 1
Time step: 0.01

DDFT Engine parameters: 
Field diffusion Method: EntropyFieldDynamics
Kappa: 15
Reference density: 1

NLESolverEngine parameters, DDFT Molecular Diffusion
Strict tolerance: On
Direction optimization Method: SteepestDescent
Starting Alpha: 0.5
Reset Alpha: On
Tolerance: 0.0001
Maximum Iterations: 25000
Maximum Line Iterations: 5

Gaussian chain interaction parameters:
---------------------------------------

Bead parameters:
Type  Volume  Diffusion  Viscosity  Expansion  ExtFieldConst  ChargeType  Charge  pK   Dielec  ImplIonInter  
A     1       1          1          0.1        1              Strong      0       N/A  1       0             
B     1       1          1          0.1        1              Strong      0       N/A  1       0             

Binary interaction parameters:
Type1  Type2  Chi       ChiL  
A      B      0.666667  0     

Soft core model interaction parameters:
---------------------------------------

Bead parameters:
Type  Mass  BondValence  Diffusion  Sigma  ExtFieldConst  ChargeType  Charge  pK   Dielec  ImplIonInter  
P     1     2            1          0.8    1              Strong      0       N/A  1       0             

Pair interaction parameters:
Type1  Type2  A   
P      P      25  

Mesoscopic bead-field hybrid interaction parameters:
----------------------------------------------------

Bead-Field coupling parameters:
Bead  Field  parameter  
P     A      16         
P     B      24         

System Details:
---------------

Box: 64 X 64 X 1
GAUSSIANCHAIN: bcp (A20B16):  (Average number density: 0.755859)
Overall gaussian beads number density: 0.755859
SOFTCOREMOLECULE: np: 1000 (Bead fraction: 0.244141)
Overall Soft-core bead number density: 0.244141

Initial Gaussian Chains Density Inhomogeneity: 0

Initial Explicit Charge: 0

Initial Energies:
Softcore molecules bond stretching energy: 0
Softcore molecules angle bending energy: 0
Softcore molecules torsional energy: 0
Softcore molecules non-bonded energy: 786.013
Softcore molecules electrostatics energy: 0
Softcore molecules external potential energy: 0
Softcore molecules Potential energy: 15567.3
Gaussian total free energy: 1798.01
Gaussian ideal free energy: -418.254
Gaussian contact free energy: 385.208
Gaussian compressibility free energy: 1831.05
Gaussian electrostatic free energy: 0
Softcore molecules field coupling energy: 14781.2

Average Energies:
Softcore molecules bond stretching energy: 0
Softcore molecules angle bending energy: 0
Softcore molecules torsional energy: 0
Softcore molecules non-bonded energy: 764.403
Softcore molecules electrostatics energy: 0
Softcore molecules external potential energy: 0
Softcore molecules Potential energy: 2928.07
Gaussian total free energy: 5583.74
Gaussian ideal free energy: -66.3553
Gaussian contact free energy: 227.948
Gaussian compressibility free energy: 5422.14
Gaussian electrostatic free energy: 0
Softcore molecules field coupling energy: 2163.66

Average Explicit Charge: 0

Average Gaussian Chains Density Inhomogeneity: 0.356144

Final Energies:
Softcore molecules bond stretching energy: 0
Softcore molecules angle bending energy: 0
Softcore molecules torsional energy: 0
Softcore molecules non-bonded energy: 765.687
Softcore molecules electrostatics energy: 0
Softcore molecules external potential energy: 0
Softcore molecules Potential energy: 2826.12
Gaussian total free energy: 5576.33
Gaussian ideal free energy: -75.5592
Gaussian contact free energy: 227.578
Gaussian compressibility free energy: 5424.32
Gaussian electrostatic free energy: 0
Softcore molecules field coupling energy: 2060.44

Final Gaussian Chains Density Inhomogeneity: 0.356027

Iteration report, DDFT Molecular Diffusion
Number of solves: 1100000
Number of function calls: 12250793
Average number of iterations: 10.1371 (min 10, max 12)
Average end norm: 8.20386e-05 (min 4.80638e-05, max 0.0001)


Final Explicit Charge: 0

Time used by 1100000 calculation steps on 8 processors: 9 Hours 46 Minutes 39 Seconds.

