@CulgiVersion: 6.0.0
MBF-Hybrid Simulation of box
Job Start time: Tue Mar  6 16:53:42 2012
----------------------------------------------------------------------------

Simulation Parameters:
----------------------

Field Diffusion: off
Bead Diffusion: on
Temperature: 0.1
Bead Diffusion frequency: 1
Time step: 0.01

Soft core model interaction parameters:
---------------------------------------

Bead parameters:
Type  Mass  BondValence  Diffusion  Sigma  ExtFieldConst  ChargeType  Charge  pK   Dielec  ImplIonInter  
C     1     2            0.04       0.8    1              Strong      0       N/A  1       0             
S     1     2            0.04       0.8    1              Strong      0       N/A  1       0             

Pair interaction parameters:
Type1  Type2  A   
C      C      25  
C      S      25  
S      S      25  

Mesoscopic bead-field hybrid interaction parameters:
----------------------------------------------------

Bead-Field coupling parameters:
Bead  Field  parameter  
C     A      0          
C     B      0          
S     A      0          
S     B      0          

System Details:
---------------

Box: 64 X 64 X 1
GAUSSIANCHAIN: bcp (A20B16):  (Average number density: 0.648438)
Overall gaussian beads number density: 0.648438
SOFTCORECOLLOID: np: 512 (Bead fraction: 0.634361)
Overall Soft-core bead number density: 1.125


Initial Explicit Charge: 0

Initial Energies:
Softcore molecules bond stretching energy: 0
Softcore molecules angle bending energy: 0
Softcore molecules torsional energy: 0
Softcore molecules non-bonded energy: 16332.5
Softcore molecules electrostatics energy: 0
Softcore molecules external potential energy: 0
Softcore molecules Potential energy: 16332.5
Softcore molecules field coupling energy: 0

Average Energies:
Softcore molecules bond stretching energy: 0
Softcore molecules angle bending energy: 0
Softcore molecules torsional energy: 0
Softcore molecules non-bonded energy: 25.5616
Softcore molecules electrostatics energy: 0
Softcore molecules external potential energy: 0
Softcore molecules Potential energy: 25.5616
Softcore molecules field coupling energy: 0

Average Explicit Charge: 0

Final Energies:
Softcore molecules bond stretching energy: 0
Softcore molecules angle bending energy: 0
Softcore molecules torsional energy: 0
Softcore molecules non-bonded energy: 2.91906
Softcore molecules electrostatics energy: 0
Softcore molecules external potential energy: 0
Softcore molecules Potential energy: 2.91906
Softcore molecules field coupling energy: 0

Final Explicit Charge: 0

Time used by 100900 calculation steps on 1 processors: 0 Hours 5 Minutes 30 Seconds.

@CulgiVersion: 6.0.0
MBF-Hybrid Simulation of box
Job Start time: Tue Mar  6 16:59:12 2012
----------------------------------------------------------------------------

Simulation Parameters:
----------------------

Field Diffusion: on
Bead Diffusion: off
Field Diffusion frequency: 1
Time step: 0.01

DDFT Engine parameters: 
Field diffusion Method: EntropyFieldDynamics
Kappa: 15
Reference density: 1

NLESolverEngine parameters, DDFT Molecular Diffusion
Strict tolerance: On
Direction optimization Method: SteepestDescent
Starting Alpha: 0.5
Reset Alpha: On
Tolerance: 0.0001
Maximum Iterations: 25000
Maximum Line Iterations: 5

Gaussian chain interaction parameters:
---------------------------------------

Bead parameters:
Type  Volume  Diffusion  Viscosity  Expansion  ExtFieldConst  ChargeType  Charge  pK   Dielec  ImplIonInter  
A     1       1          1          0.1        1              Strong      0       N/A  1       0             
B     1       1          1          0.1        1              Strong      0       N/A  1       0             

Binary interaction parameters:
Type1  Type2  Chi  ChiL  
A      B      0    0     

Mesoscopic bead-field hybrid interaction parameters:
----------------------------------------------------

Bead-Field coupling parameters:
Bead  Field  parameter  
C     A      5          
C     B      5          
S     A      5          
S     B      5          

System Details:
---------------

Box: 64 X 64 X 1
GAUSSIANCHAIN: bcp (A20B16):  (Average number density: 0.648438)
Overall gaussian beads number density: 0.648438
SOFTCORECOLLOID: np: 512 (Bead fraction: 0.634361)
Overall Soft-core bead number density: 1.125


Initial Gaussian Chains Density Inhomogeneity: 1.36557e-14

Initial Explicit Charge: 0

Initial Energies:
Gaussian total free energy: 3426.75
Gaussian ideal free energy: -370.122
Gaussian contact free energy: 0
Gaussian compressibility free energy: 3796.88
Gaussian electrostatic free energy: 0
Softcore molecules field coupling energy: 14940

Average Energies:
Gaussian total free energy: 7029.84
Gaussian ideal free energy: -201.601
Gaussian contact free energy: 0
Gaussian compressibility free energy: 7231.44
Gaussian electrostatic free energy: 0
Softcore molecules field coupling energy: 7464.17

Average Explicit Charge: 0

Average Gaussian Chains Density Inhomogeneity: 0.167186

Final Energies:
Gaussian total free energy: 7035.55
Gaussian ideal free energy: -201.422
Gaussian contact free energy: 0
Gaussian compressibility free energy: 7236.97
Gaussian electrostatic free energy: 0
Softcore molecules field coupling energy: 7456.15

Final Gaussian Chains Density Inhomogeneity: 0.167332

Iteration report, DDFT Molecular Diffusion
Number of solves: 10000
Number of function calls: 59310
Average number of iterations: 4.931 (min 4, max 11)
Average end norm: 5.84457e-05 (min 4.67812e-05, max 9.99996e-05)


Final Explicit Charge: 0

Time used by 10000 calculation steps on 1 processors: 0 Hours 16 Minutes 9 Seconds.

@CulgiVersion: 6.0.0
MBF-Hybrid Simulation of box
Job Start time: Tue Mar  6 17:15:22 2012
----------------------------------------------------------------------------

Simulation Parameters:
----------------------

Field Diffusion: on
Bead Diffusion: on
Temperature: 0.1
Bead Diffusion frequency: 1
Field Diffusion frequency: 1
Time step: 0.01

DDFT Engine parameters: 
Field diffusion Method: EntropyFieldDynamics
Kappa: 15
Reference density: 1

NLESolverEngine parameters, DDFT Molecular Diffusion
Strict tolerance: On
Direction optimization Method: SteepestDescent
Starting Alpha: 0.5
Reset Alpha: On
Tolerance: 0.0001
Maximum Iterations: 25000
Maximum Line Iterations: 5

Gaussian chain interaction parameters:
---------------------------------------

Bead parameters:
Type  Volume  Diffusion  Viscosity  Expansion  ExtFieldConst  ChargeType  Charge  pK   Dielec  ImplIonInter  
A     1       1          1          0.1        1              Strong      0       N/A  1       0             
B     1       1          1          0.1        1              Strong      0       N/A  1       0             

Binary interaction parameters:
Type1  Type2  Chi       ChiL  
A      B      0.666667  0     

Soft core model interaction parameters:
---------------------------------------

Bead parameters:
Type  Mass  BondValence  Diffusion  Sigma  ExtFieldConst  ChargeType  Charge  pK   Dielec  ImplIonInter  
C     1     2            0.04       0.8    1              Strong      0       N/A  1       0             
S     1     2            0.04       0.8    1              Strong      0       N/A  1       0             

Pair interaction parameters:
Type1  Type2  A   
C      C      25  
C      S      25  
S      S      25  

Mesoscopic bead-field hybrid interaction parameters:
----------------------------------------------------

Bead-Field coupling parameters:
Bead  Field  parameter  
C     A      5          
C     B      10         
S     A      5          
S     B      10         

System Details:
---------------

Box: 64 X 64 X 1
GAUSSIANCHAIN: bcp (A20B16):  (Average number density: 0.648438)
Overall gaussian beads number density: 0.648438
SOFTCORECOLLOID: np: 512 (Bead fraction: 0.634361)
Overall Soft-core bead number density: 1.125


Initial Gaussian Chains Density Inhomogeneity: 0.167332

Initial Explicit Charge: 0

Initial Energies:
Softcore molecules bond stretching energy: 0
Softcore molecules angle bending energy: 0
Softcore molecules torsional energy: 0
Softcore molecules non-bonded energy: 2.91906
Softcore molecules electrostatics energy: 0
Softcore molecules external potential energy: 0
Softcore molecules Potential energy: 10787.6
Gaussian total free energy: 7365.82
Gaussian ideal free energy: -201.422
Gaussian contact free energy: 330.275
Gaussian compressibility free energy: 7236.97
Gaussian electrostatic free energy: 0
Softcore molecules field coupling energy: 10784.7

Average Energies:
Softcore molecules bond stretching energy: 0
Softcore molecules angle bending energy: 0
Softcore molecules torsional energy: 0
Softcore molecules non-bonded energy: 381.754
Softcore molecules electrostatics energy: 0
Softcore molecules external potential energy: 0
Softcore molecules Potential energy: 3411.19
Gaussian total free energy: 8949.49
Gaussian ideal free energy: 37.9816
Gaussian contact free energy: 188.543
Gaussian compressibility free energy: 8722.96
Gaussian electrostatic free energy: 0
Softcore molecules field coupling energy: 3029.44

Average Explicit Charge: 0

Average Gaussian Chains Density Inhomogeneity: 0.356107

Final Energies:
Softcore molecules bond stretching energy: 0
Softcore molecules angle bending energy: 0
Softcore molecules torsional energy: 0
Softcore molecules non-bonded energy: 403.042
Softcore molecules electrostatics energy: 0
Softcore molecules external potential energy: 0
Softcore molecules Potential energy: 2939.18
Gaussian total free energy: 9049.85
Gaussian ideal free energy: 2.22492
Gaussian contact free energy: 189.645
Gaussian compressibility free energy: 8857.98
Gaussian electrostatic free energy: 0
Softcore molecules field coupling energy: 2536.14

Final Gaussian Chains Density Inhomogeneity: 0.357136

Iteration report, DDFT Molecular Diffusion
Number of solves: 1100000
Number of function calls: 9942040
Average number of iterations: 8.0373 (min 7, max 56)
Average end norm: 7.9039e-05 (min 1.18671e-05, max 9.99998e-05)


Final Explicit Charge: 0

Plugins and corresponding results from this calculation:----------

Archive Plugin:
Archive mode: Text
Archive file name: tt11000.csa
Archive frequency: 100

Instant results Plugin:
Instant results file name: tt11000_Inst.ctf
Instant results frequency: 10

Time used by 1100000 calculation steps on 1 processors: 46 Hours 9 Minutes 26 Seconds.

