@CulgiVersion: 5.0.1
MBF-Hybrid Simulation of box
Job Start time: Thu Sep 15 03:04:39 2011
----------------------------------------------------------------------------

Simulation Parameters:
----------------------

Field Diffusion: on
Bead Diffusion: on
Temperature: 0.1
Bead Diffusion frequency: 1
Field Diffusion frequency: 1
Time step: 0.01

DDFT Engine parameters: 
Field diffusion Method: EntropyFieldDynamics
Kappa: 15
Reference density: 1

NLESolverEngine parameters, DDFT Molecular Diffusion
Strict tolerance: On
Direction optimization Method: SteepestDescent
Starting Alpha: 0.5
Reset Alpha: On
Tolerance: 0.0001
Maximum Iterations: 25000
Maximum Line Iterations: 5

Gaussian chain interaction parameters:
---------------------------------------

Bead parameters:
Type  Volume  Diffusion  Viscosity  Expansion  ExtFieldConst  ChargeType  Charge  pK   Dielec  ImplIonInter  
A     1       1          1          0.1        1              Strong      0       N/A  1       0             
B     1       1          1          0.1        1              Strong      0       N/A  1       0             

Binary interaction parameters:
Type1  Type2  Chi       ChiL  
A      B      0.666667  0     

Soft core model interaction parameters:
---------------------------------------

Bead parameters:
Type  Mass  BondValence  Diffusion  Sigma  ExtFieldConst  ChargeType  Charge  pK   Dielec  ImplIonInter  
P     1     2            1          0.8    1              Strong      0       N/A  1       0             

Pair interaction parameters:
Type1  Type2  A   
P      P      25  

Mesoscopic bead-field hybrid interaction parameters:
----------------------------------------------------

Bead-Field coupling parameters:
Bead  Field  parameter  
P     A      8          
P     B      16         

System Details:
---------------

Box: 64 X 64 X 1
GAUSSIANCHAIN: bcp (A20B16):  (Average number density: 0.755859)
Overall gaussian beads number density: 0.755859
SOFTCOREMOLECULE: np: 2000 (Bead fraction: 0.392465)
Overall Soft-core bead number density: 0.488281

Initial Gaussian Chains Density Inhomogeneity: 0

Initial Explicit Charge: 0

Initial Energies:
Softcore molecules bond stretching energy: 0
Softcore molecules angle bending energy: 0
Softcore molecules torsional energy: 0
Softcore molecules non-bonded energy: 3207.94
Softcore molecules electrostatics energy: 0
Softcore molecules external potential energy: 0
Softcore molecules Potential energy: 20676.7
Gaussian total free energy: 1798.01
Gaussian ideal free energy: -418.254
Gaussian contact free energy: 385.208
Gaussian compressibility free energy: 1831.05
Gaussian electrostatic free energy: 0
Softcore molecules field coupling energy: 17468.8

Average Energies:
Softcore molecules bond stretching energy: 0
Softcore molecules angle bending energy: 0
Softcore molecules torsional energy: 0
Softcore molecules non-bonded energy: 706.252
Softcore molecules electrostatics energy: 0
Softcore molecules external potential energy: 0
Softcore molecules Potential energy: 6468.35
Gaussian total free energy: 5034.12
Gaussian ideal free energy: -142.54
Gaussian contact free energy: 179.825
Gaussian compressibility free energy: 4996.83
Gaussian electrostatic free energy: 0
Softcore molecules field coupling energy: 5762.1

Average Explicit Charge: 0

Average Gaussian Chains Density Inhomogeneity: 0.36536

Final Energies:
Softcore molecules bond stretching energy: 0
Softcore molecules angle bending energy: 0
Softcore molecules torsional energy: 0
Softcore molecules non-bonded energy: 718.711
Softcore molecules electrostatics energy: 0
Softcore molecules external potential energy: 0
Softcore molecules Potential energy: 6309.28
Gaussian total free energy: 5135.22
Gaussian ideal free energy: -138.484
Gaussian contact free energy: 177.831
Gaussian compressibility free energy: 5095.87
Gaussian electrostatic free energy: 0
Softcore molecules field coupling energy: 5590.57

Final Gaussian Chains Density Inhomogeneity: 0.368332

Iteration report, DDFT Molecular Diffusion
Number of solves: 1100000
Number of function calls: 11073903
Average number of iterations: 9.06681 (min 9, max 143)
Average end norm: 8.02629e-05 (min 2.88976e-05, max 9.99999e-05)


Final Explicit Charge: 0

Time used by 1100000 calculation steps on 4 processors: 15 Hours 43 Minutes 52 Seconds.

