@CulgiVersion: 6.0.0
MBF-Hybrid Simulation of box
Job Start time: Sat Mar 17 11:56:09 2012
----------------------------------------------------------------------------

Simulation Parameters:
----------------------

Field Diffusion: off
Bead Diffusion: on
Temperature: 0.1
Bead Diffusion frequency: 1
Time step: 0.01

Soft core model interaction parameters:
---------------------------------------

Bead parameters:
Type  Mass  BondValence  Diffusion  Sigma  ExtFieldConst  ChargeType  Charge  pK   Dielec  ImplIonInter  
C     1     2            0.04       0.8    1              Strong      0       N/A  1       0             
S     1     2            0.04       0.8    1              Strong      0       N/A  1       0             

Pair interaction parameters:
Type1  Type2  A  
C      C      5  
C      S      5  
S      S      5  

Mesoscopic bead-field hybrid interaction parameters:
----------------------------------------------------

Bead-Field coupling parameters:
Bead  Field  parameter  
C     A      0          
C     B      0          
S     A      0          
S     B      0          

System Details:
---------------

Box: 64 X 64 X 1
GAUSSIANCHAIN: bcp (A20B16):  (Average number density: 0.929688)
Overall gaussian beads number density: 0.929688
SOFTCORECOLLOID: np: 256 (Bead fraction: 0.376963)
Overall Soft-core bead number density: 0.5625


Initial Explicit Charge: 0

Initial Energies:
Softcore molecules bond stretching energy: 0
Softcore molecules angle bending energy: 0
Softcore molecules torsional energy: 0
Softcore molecules non-bonded energy: 974.454
Softcore molecules electrostatics energy: 0
Softcore molecules external potential energy: 0
Softcore molecules Potential energy: 974.454
Softcore molecules field coupling energy: 0

Average Energies:
Softcore molecules bond stretching energy: 0
Softcore molecules angle bending energy: 0
Softcore molecules torsional energy: 0
Softcore molecules non-bonded energy: 1.48954
Softcore molecules electrostatics energy: 0
Softcore molecules external potential energy: 0
Softcore molecules Potential energy: 1.48954
Softcore molecules field coupling energy: 0

Average Explicit Charge: 0

Final Energies:
Softcore molecules bond stretching energy: 0
Softcore molecules angle bending energy: 0
Softcore molecules torsional energy: 0
Softcore molecules non-bonded energy: 0.503224
Softcore molecules electrostatics energy: 0
Softcore molecules external potential energy: 0
Softcore molecules Potential energy: 0.503224
Softcore molecules field coupling energy: 0

Final Explicit Charge: 0

Time used by 100000 calculation steps on 1 processors: 0 Hours 2 Minutes 24 Seconds.

@CulgiVersion: 6.0.0
MBF-Hybrid Simulation of box
Job Start time: Sat Mar 17 11:58:33 2012
----------------------------------------------------------------------------

Simulation Parameters:
----------------------

Field Diffusion: on
Bead Diffusion: off
Field Diffusion frequency: 1
Time step: 0.01

DDFT Engine parameters: 
Field diffusion Method: EntropyFieldDynamics
Kappa: 15
Reference density: 1

NLESolverEngine parameters, DDFT Molecular Diffusion
Strict tolerance: On
Direction optimization Method: SteepestDescent
Starting Alpha: 0.5
Reset Alpha: On
Tolerance: 0.0001
Maximum Iterations: 25000
Maximum Line Iterations: 5

Gaussian chain interaction parameters:
---------------------------------------

Bead parameters:
Type  Volume  Diffusion  Viscosity  Expansion  ExtFieldConst  ChargeType  Charge  pK   Dielec  ImplIonInter  
A     1       1          1          0.1        1              Strong      0       N/A  1       0             
B     1       1          1          0.1        1              Strong      0       N/A  1       0             

Binary interaction parameters:
Type1  Type2  Chi  ChiL  
A      B      0    0     

Mesoscopic bead-field hybrid interaction parameters:
----------------------------------------------------

Bead-Field coupling parameters:
Bead  Field  parameter  
C     A      2          
C     B      2          
S     A      2          
S     B      2          

System Details:
---------------

Box: 64 X 64 X 1
GAUSSIANCHAIN: bcp (A20B16):  (Average number density: 0.929688)
Overall gaussian beads number density: 0.929688
SOFTCORECOLLOID: np: 256 (Bead fraction: 0.376963)
Overall Soft-core bead number density: 0.5625


Initial Gaussian Chains Density Inhomogeneity: 4.00791e-14

Initial Explicit Charge: 0

Initial Energies:
Gaussian total free energy: -340.671
Gaussian ideal free energy: -492.546
Gaussian contact free energy: 0
Gaussian compressibility free energy: 151.875
Gaussian electrostatic free energy: 0
Softcore molecules field coupling energy: 4284

Average Energies:
Gaussian total free energy: 94.3443
Gaussian ideal free energy: -482.001
Gaussian contact free energy: 0
Gaussian compressibility free energy: 576.345
Gaussian electrostatic free energy: 0
Softcore molecules field coupling energy: 3411.99

Average Explicit Charge: 0

Average Gaussian Chains Density Inhomogeneity: 0.0588117

Final Energies:
Gaussian total free energy: 94.4
Gaussian ideal free energy: -482
Gaussian contact free energy: 0
Gaussian compressibility free energy: 576.4
Gaussian electrostatic free energy: 0
Softcore molecules field coupling energy: 3411.77

Final Gaussian Chains Density Inhomogeneity: 0.058816

Iteration report, DDFT Molecular Diffusion
Number of solves: 10000
Number of function calls: 56342
Average number of iterations: 4.6342 (min 4, max 8)
Average end norm: 6.83141e-05 (min 3.72031e-05, max 9.99987e-05)


Final Explicit Charge: 0

Time used by 10000 calculation steps on 1 processors: 0 Hours 13 Minutes 44 Seconds.

@CulgiVersion: 6.0.0
MBF-Hybrid Simulation of box
Job Start time: Sat Mar 17 12:12:17 2012
----------------------------------------------------------------------------

Simulation Parameters:
----------------------

Field Diffusion: on
Bead Diffusion: on
Temperature: 0.1
Bead Diffusion frequency: 1
Field Diffusion frequency: 1
Time step: 0.01

DDFT Engine parameters: 
Field diffusion Method: EntropyFieldDynamics
Kappa: 15
Reference density: 1

NLESolverEngine parameters, DDFT Molecular Diffusion
Strict tolerance: On
Direction optimization Method: SteepestDescent
Starting Alpha: 0.5
Reset Alpha: On
Tolerance: 0.0001
Maximum Iterations: 25000
Maximum Line Iterations: 5

Gaussian chain interaction parameters:
---------------------------------------

Bead parameters:
Type  Volume  Diffusion  Viscosity  Expansion  ExtFieldConst  ChargeType  Charge  pK   Dielec  ImplIonInter  
A     1       1          1          0.1        1              Strong      0       N/A  1       0             
B     1       1          1          0.1        1              Strong      0       N/A  1       0             

Binary interaction parameters:
Type1  Type2  Chi       ChiL  
A      B      0.666667  0     

Soft core model interaction parameters:
---------------------------------------

Bead parameters:
Type  Mass  BondValence  Diffusion  Sigma  ExtFieldConst  ChargeType  Charge  pK   Dielec  ImplIonInter  
C     1     2            0.04       0.8    1              Strong      0       N/A  1       0             
S     1     2            0.04       0.8    1              Strong      0       N/A  1       0             

Pair interaction parameters:
Type1  Type2  A  
C      C      5  
C      S      5  
S      S      5  

Mesoscopic bead-field hybrid interaction parameters:
----------------------------------------------------

Bead-Field coupling parameters:
Bead  Field  parameter  
C     A      2          
C     B      4          
S     A      2          
S     B      4          

System Details:
---------------

Box: 64 X 64 X 1
GAUSSIANCHAIN: bcp (A20B16):  (Average number density: 0.929687)
Overall gaussian beads number density: 0.929687
SOFTCORECOLLOID: np: 256 (Bead fraction: 0.376963)
Overall Soft-core bead number density: 0.5625


Initial Gaussian Chains Density Inhomogeneity: 0.058816

Initial Explicit Charge: 0

Initial Energies:
Softcore molecules bond stretching energy: 0
Softcore molecules angle bending energy: 0
Softcore molecules torsional energy: 0
Softcore molecules non-bonded energy: 0.503224
Softcore molecules electrostatics energy: 0
Softcore molecules external potential energy: 0
Softcore molecules Potential energy: 4931.24
Gaussian total free energy: 682.879
Gaussian ideal free energy: -482
Gaussian contact free energy: 588.479
Gaussian compressibility free energy: 576.4
Gaussian electrostatic free energy: 0
Softcore molecules field coupling energy: 4930.74

Average Energies:
Softcore molecules bond stretching energy: 0
Softcore molecules angle bending energy: 0
Softcore molecules torsional energy: 0
Softcore molecules non-bonded energy: 57.5444
Softcore molecules electrostatics energy: 0
Softcore molecules external potential energy: 0
Softcore molecules Potential energy: 2865.8
Gaussian total free energy: 904.862
Gaussian ideal free energy: -215.36
Gaussian contact free energy: 241.058
Gaussian compressibility free energy: 879.164
Gaussian electrostatic free energy: 0
Softcore molecules field coupling energy: 2808.26

Average Explicit Charge: 0

Average Gaussian Chains Density Inhomogeneity: 0.384967

Final Energies:
Softcore molecules bond stretching energy: 0
Softcore molecules angle bending energy: 0
Softcore molecules torsional energy: 0
Softcore molecules non-bonded energy: 63.8831
Softcore molecules electrostatics energy: 0
Softcore molecules external potential energy: 0
Softcore molecules Potential energy: 2789.25
Gaussian total free energy: 937.167
Gaussian ideal free energy: -220.061
Gaussian contact free energy: 237.396
Gaussian compressibility free energy: 919.832
Gaussian electrostatic free energy: 0
Softcore molecules field coupling energy: 2725.37

Final Gaussian Chains Density Inhomogeneity: 0.386618

Iteration report, DDFT Molecular Diffusion
Number of solves: 1100000
Number of function calls: 9271808
Average number of iterations: 7.42892 (min 7, max 11)
Average end norm: 7.5199e-05 (min 4.81904e-05, max 0.0001)


Final Explicit Charge: 0

Plugins and corresponding results from this calculation:----------

Archive Plugin:
Archive mode: Text
Archive file name: tt11000.csa
Archive frequency: 100

Instant results Plugin:
Instant results file name: tt11000_Inst.ctf
Instant results frequency: 10

Time used by 1100000 calculation steps on 1 processors: 39 Hours 53 Minutes 3 Seconds.

