@CulgiVersion: 5.0.1
MBF-Hybrid Simulation of box
Job Start time: Thu Sep  1 14:15:38 2011
----------------------------------------------------------------------------

Simulation Parameters:
----------------------

Field Diffusion: on
Bead Diffusion: on
Temperature: 0.1
Bead Diffusion frequency: 1
Field Diffusion frequency: 1
Time step: 0.01

DDFT Engine parameters: 
Field diffusion Method: EntropyFieldDynamics
Kappa: 15
Reference density: 1

NLESolverEngine parameters, DDFT Molecular Diffusion
Strict tolerance: On
Direction optimization Method: SteepestDescent
Starting Alpha: 0.5
Reset Alpha: On
Tolerance: 0.0001
Maximum Iterations: 25000
Maximum Line Iterations: 5

Gaussian chain interaction parameters:
---------------------------------------

Bead parameters:
Type  Volume  Diffusion  Viscosity  Expansion  ExtFieldConst  ChargeType  Charge  pK   Dielec  ImplIonInter  
A     1       1          1          0.1        1              Strong      0       N/A  1       0             
B     1       1          1          0.1        1              Strong      0       N/A  1       0             

Binary interaction parameters:
Type1  Type2  Chi       ChiL  
A      B      0.666667  0     

Soft core model interaction parameters:
---------------------------------------

Bead parameters:
Type  Mass  BondValence  Diffusion  Sigma  ExtFieldConst  ChargeType  Charge  pK   Dielec  ImplIonInter  
P     1     2            0.01       0.8    1              Strong      0       N/A  1       0             

Pair interaction parameters:
Type1  Type2  A   
P      P      25  

Mesoscopic bead-field hybrid interaction parameters:
----------------------------------------------------

Bead-Field coupling parameters:
Bead  Field  parameter  
P     A      16         
P     B      24         

System Details:
---------------

Box: 64 X 64 X 1
GAUSSIANCHAIN: bcp (A20B16):  (Average number density: 1)
Overall gaussian beads number density: 1
SOFTCOREMOLECULE: np: 500 (Bead fraction: 0.10879)
Overall Soft-core bead number density: 0.12207

Initial Gaussian Chains Density Inhomogeneity: 9.07607e-15

Initial Explicit Charge: 0

Initial Energies:
Softcore molecules bond stretching energy: 0
Softcore molecules angle bending energy: 0
Softcore molecules torsional energy: 0
Softcore molecules non-bonded energy: 154.413
Softcore molecules electrostatics energy: 0
Softcore molecules external potential energy: 0
Softcore molecules Potential energy: 9932.19
Gaussian total free energy: 152.736
Gaussian ideal free energy: -521.503
Gaussian contact free energy: 674.239
Gaussian compressibility free energy: 0
Gaussian electrostatic free energy: 0
Softcore molecules field coupling energy: 9777.78

Average Energies:
Softcore molecules bond stretching energy: 0
Softcore molecules angle bending energy: 0
Softcore molecules torsional energy: 0
Softcore molecules non-bonded energy: 430.542
Softcore molecules electrostatics energy: 0
Softcore molecules external potential energy: 0
Softcore molecules Potential energy: 2637.49
Gaussian total free energy: 2564.38
Gaussian ideal free energy: -144.562
Gaussian contact free energy: 299.107
Gaussian compressibility free energy: 2409.83
Gaussian electrostatic free energy: 0
Softcore molecules field coupling energy: 2206.95

Average Explicit Charge: 0

Average Gaussian Chains Density Inhomogeneity: 0.438868

Final Energies:
Softcore molecules bond stretching energy: 0
Softcore molecules angle bending energy: 0
Softcore molecules torsional energy: 0
Softcore molecules non-bonded energy: 439.708
Softcore molecules electrostatics energy: 0
Softcore molecules external potential energy: 0
Softcore molecules Potential energy: 2410.55
Gaussian total free energy: 2631.84
Gaussian ideal free energy: -150.343
Gaussian contact free energy: 297.517
Gaussian compressibility free energy: 2484.66
Gaussian electrostatic free energy: 0
Softcore molecules field coupling energy: 1970.84

Final Gaussian Chains Density Inhomogeneity: 0.440427

Iteration report, DDFT Molecular Diffusion
Number of solves: 1100000
Number of function calls: 10794420
Average number of iterations: 8.81311 (min 7, max 12)
Average end norm: 6.56027e-05 (min 4.84853e-05, max 0.0001)


Final Explicit Charge: 0

Time used by 1100000 calculation steps on 4 processors: 13 Hours 24 Minutes 49 Seconds.

