@CulgiVersion: 6.0.0
MBF-Hybrid Simulation of box
Job Start time: Wed Feb 29 17:15:53 2012
----------------------------------------------------------------------------

Simulation Parameters:
----------------------

Field Diffusion: off
Bead Diffusion: on
Temperature: 0.1
Bead Diffusion frequency: 1
Time step: 0.01

Soft core model interaction parameters:
---------------------------------------

Bead parameters:
Type  Mass  BondValence  Diffusion  Sigma  ExtFieldConst  ChargeType  Charge  pK   Dielec  ImplIonInter  
C     1     2            0.04       0.8    1              Strong      0       N/A  1       0             
S     1     2            0.04       0.8    1              Strong      0       N/A  1       0             

Pair interaction parameters:
Type1  Type2  A   
C      C      25  
C      S      25  
S      S      25  

Mesoscopic bead-field hybrid interaction parameters:
----------------------------------------------------

Bead-Field coupling parameters:
Bead  Field  parameter  
C     A      0          
C     B      0          
S     A      0          
S     B      0          

System Details:
---------------

Box: 64 X 64 X 1
GAUSSIANCHAIN: bcp (A20B16):  (Average number density: 0.789063)
Overall gaussian beads number density: 0.789063
SOFTCORECOLLOID: np: 512 (Bead fraction: 0.587755)
Overall Soft-core bead number density: 1.125


Initial Explicit Charge: 0

Initial Energies:
Softcore molecules bond stretching energy: 0
Softcore molecules angle bending energy: 0
Softcore molecules torsional energy: 0
Softcore molecules non-bonded energy: 17040.6
Softcore molecules electrostatics energy: 0
Softcore molecules external potential energy: 0
Softcore molecules Potential energy: 17040.6
Softcore molecules field coupling energy: 0

Average Energies:
Softcore molecules bond stretching energy: 0
Softcore molecules angle bending energy: 0
Softcore molecules torsional energy: 0
Softcore molecules non-bonded energy: 24.164
Softcore molecules electrostatics energy: 0
Softcore molecules external potential energy: 0
Softcore molecules Potential energy: 24.164
Softcore molecules field coupling energy: 0

Average Explicit Charge: 0

Final Energies:
Softcore molecules bond stretching energy: 0
Softcore molecules angle bending energy: 0
Softcore molecules torsional energy: 0
Softcore molecules non-bonded energy: 2.69183
Softcore molecules electrostatics energy: 0
Softcore molecules external potential energy: 0
Softcore molecules Potential energy: 2.69183
Softcore molecules field coupling energy: 0

Final Explicit Charge: 0

Time used by 100900 calculation steps on 1 processors: 0 Hours 5 Minutes 18 Seconds.

@CulgiVersion: 6.0.0
MBF-Hybrid Simulation of box
Job Start time: Wed Feb 29 17:21:11 2012
----------------------------------------------------------------------------

Simulation Parameters:
----------------------

Field Diffusion: on
Bead Diffusion: off
Field Diffusion frequency: 1
Time step: 0.01

DDFT Engine parameters: 
Field diffusion Method: EntropyFieldDynamics
Kappa: 15
Reference density: 1

NLESolverEngine parameters, DDFT Molecular Diffusion
Strict tolerance: On
Direction optimization Method: SteepestDescent
Starting Alpha: 0.5
Reset Alpha: On
Tolerance: 0.0001
Maximum Iterations: 25000
Maximum Line Iterations: 5

Gaussian chain interaction parameters:
---------------------------------------

Bead parameters:
Type  Volume  Diffusion  Viscosity  Expansion  ExtFieldConst  ChargeType  Charge  pK   Dielec  ImplIonInter  
A     1       1          1          0.1        1              Strong      0       N/A  1       0             
B     1       1          1          0.1        1              Strong      0       N/A  1       0             

Binary interaction parameters:
Type1  Type2  Chi  ChiL  
A      B      0    0     

Mesoscopic bead-field hybrid interaction parameters:
----------------------------------------------------

Bead-Field coupling parameters:
Bead  Field  parameter  
C     A      3          
C     B      3          
S     A      3          
S     B      3          

System Details:
---------------

Box: 64 X 64 X 1
GAUSSIANCHAIN: bcp (A20B16):  (Average number density: 0.789063)
Overall gaussian beads number density: 0.789063
SOFTCORECOLLOID: np: 512 (Bead fraction: 0.587755)
Overall Soft-core bead number density: 1.125


Initial Gaussian Chains Density Inhomogeneity: 2.92266e-14

Initial Explicit Charge: 0

Initial Energies:
Gaussian total free energy: 934.108
Gaussian ideal free energy: -432.767
Gaussian contact free energy: 0
Gaussian compressibility free energy: 1366.88
Gaussian electrostatic free energy: 0
Softcore molecules field coupling energy: 10908

Average Energies:
Gaussian total free energy: 2336.57
Gaussian ideal free energy: -388.87
Gaussian contact free energy: 0
Gaussian compressibility free energy: 2725.44
Gaussian electrostatic free energy: 0
Softcore molecules field coupling energy: 8091.32

Average Explicit Charge: 0

Average Gaussian Chains Density Inhomogeneity: 0.105163

Final Energies:
Gaussian total free energy: 2337.5
Gaussian ideal free energy: -388.844
Gaussian contact free energy: 0
Gaussian compressibility free energy: 2726.34
Gaussian electrostatic free energy: 0
Softcore molecules field coupling energy: 8089.85

Final Gaussian Chains Density Inhomogeneity: 0.105202

Iteration report, DDFT Molecular Diffusion
Number of solves: 10000
Number of function calls: 57013
Average number of iterations: 4.7013 (min 4, max 9)
Average end norm: 6.55212e-05 (min 3.70303e-05, max 9.99998e-05)


Final Explicit Charge: 0

Time used by 10000 calculation steps on 1 processors: 0 Hours 15 Minutes 53 Seconds.

@CulgiVersion: 6.0.0
MBF-Hybrid Simulation of box
Job Start time: Wed Feb 29 17:37:05 2012
----------------------------------------------------------------------------

Simulation Parameters:
----------------------

Field Diffusion: on
Bead Diffusion: on
Temperature: 0.1
Bead Diffusion frequency: 1
Field Diffusion frequency: 1
Time step: 0.01

DDFT Engine parameters: 
Field diffusion Method: EntropyFieldDynamics
Kappa: 15
Reference density: 1

NLESolverEngine parameters, DDFT Molecular Diffusion
Strict tolerance: On
Direction optimization Method: SteepestDescent
Starting Alpha: 0.5
Reset Alpha: On
Tolerance: 0.0001
Maximum Iterations: 25000
Maximum Line Iterations: 5

Gaussian chain interaction parameters:
---------------------------------------

Bead parameters:
Type  Volume  Diffusion  Viscosity  Expansion  ExtFieldConst  ChargeType  Charge  pK   Dielec  ImplIonInter  
A     1       1          1          0.1        1              Strong      0       N/A  1       0             
B     1       1          1          0.1        1              Strong      0       N/A  1       0             

Binary interaction parameters:
Type1  Type2  Chi       ChiL  
A      B      0.666667  0     

Soft core model interaction parameters:
---------------------------------------

Bead parameters:
Type  Mass  BondValence  Diffusion  Sigma  ExtFieldConst  ChargeType  Charge  pK   Dielec  ImplIonInter  
C     1     2            0.04       0.8    1              Strong      0       N/A  1       0             
S     1     2            0.04       0.8    1              Strong      0       N/A  1       0             

Pair interaction parameters:
Type1  Type2  A   
C      C      25  
C      S      25  
S      S      25  

Mesoscopic bead-field hybrid interaction parameters:
----------------------------------------------------

Bead-Field coupling parameters:
Bead  Field  parameter  
C     A      3          
C     B      6          
S     A      3          
S     B      6          

System Details:
---------------

Box: 64 X 64 X 1
GAUSSIANCHAIN: bcp (A20B16):  (Average number density: 0.789062)
Overall gaussian beads number density: 0.789062
SOFTCORECOLLOID: np: 512 (Bead fraction: 0.587755)
Overall Soft-core bead number density: 1.125


Initial Gaussian Chains Density Inhomogeneity: 0.105202

Initial Explicit Charge: 0

Initial Energies:
Softcore molecules bond stretching energy: 0
Softcore molecules angle bending energy: 0
Softcore molecules torsional energy: 0
Softcore molecules non-bonded energy: 2.69183
Softcore molecules electrostatics energy: 0
Softcore molecules external potential energy: 0
Softcore molecules Potential energy: 11695.8
Gaussian total free energy: 2774.93
Gaussian ideal free energy: -388.844
Gaussian contact free energy: 437.432
Gaussian compressibility free energy: 2726.34
Gaussian electrostatic free energy: 0
Softcore molecules field coupling energy: 11693.1

Average Energies:
Softcore molecules bond stretching energy: 0
Softcore molecules angle bending energy: 0
Softcore molecules torsional energy: 0
Softcore molecules non-bonded energy: 144.933
Softcore molecules electrostatics energy: 0
Softcore molecules external potential energy: 0
Softcore molecules Potential energy: 6232.35
Gaussian total free energy: 3876.53
Gaussian ideal free energy: -92.0567
Gaussian contact free energy: 209.24
Gaussian compressibility free energy: 3759.35
Gaussian electrostatic free energy: 0
Softcore molecules field coupling energy: 6087.42

Average Explicit Charge: 0

Average Gaussian Chains Density Inhomogeneity: 0.359301

Final Energies:
Softcore molecules bond stretching energy: 0
Softcore molecules angle bending energy: 0
Softcore molecules torsional energy: 0
Softcore molecules non-bonded energy: 159.639
Softcore molecules electrostatics energy: 0
Softcore molecules external potential energy: 0
Softcore molecules Potential energy: 5912.24
Gaussian total free energy: 3986.91
Gaussian ideal free energy: -124.513
Gaussian contact free energy: 207.185
Gaussian compressibility free energy: 3904.23
Gaussian electrostatic free energy: 0
Softcore molecules field coupling energy: 5752.6

Final Gaussian Chains Density Inhomogeneity: 0.360531

Iteration report, DDFT Molecular Diffusion
Number of solves: 1100000
Number of function calls: 8714588
Average number of iterations: 6.92235 (min 6, max 11)
Average end norm: 6.02902e-05 (min 3.83985e-05, max 0.0001)


Final Explicit Charge: 0

Plugins and corresponding results from this calculation:----------

Archive Plugin:
Archive mode: Text
Archive file name: tt11000.csa
Archive frequency: 100

Instant results Plugin:
Instant results file name: tt11000_Inst.ctf
Instant results frequency: 10

Time used by 1100000 calculation steps on 1 processors: 41 Hours 55 Minutes 3 Seconds.

