@CulgiVersion: 5.0.1
MBF-Hybrid Simulation of box
Job Start time: Wed Apr 27 22:56:56 2011
----------------------------------------------------------------------------

Simulation Parameters:
----------------------

Field Diffusion: on
Bead Diffusion: on
Temperature: 0.01
Bead Diffusion frequency: 1
Field Diffusion frequency: 1
Time step: 0.01

DDFT Engine parameters: 
Field diffusion Method: EntropyFieldDynamics
Kappa: 15
Reference density: 1

NLESolverEngine parameters, DDFT Molecular Diffusion
Strict tolerance: On
Direction optimization Method: SteepestDescent
Starting Alpha: 0.5
Reset Alpha: On
Tolerance: 0.0001
Maximum Iterations: 25000
Maximum Line Iterations: 5

Gaussian chain interaction parameters:
---------------------------------------

Bead parameters:
Type  Volume  Diffusion  Viscosity  Expansion  ExtFieldConst  ChargeType  Charge  pK   Dielec  ImplIonInter  
A     1       1          1          1          1              Strong      0       N/A  1       0             
B     1       1          1          1          1              Strong      0       N/A  1       0             

Binary interaction parameters:
Type1  Type2  Chi       ChiL  
A      B      0.666667  0     

Soft core model interaction parameters:
---------------------------------------

Bead parameters:
Type  Mass  BondValence  Diffusion  Sigma  ExtFieldConst  ChargeType  Charge  pK   Dielec  ImplIonInter  
P     1     2            1          0.8    1              Strong      0       N/A  1       0             

Pair interaction parameters:
Type1  Type2  A   
P      P      25  

Mesoscopic bead-field hybrid interaction parameters:
----------------------------------------------------

Bead-Field coupling parameters:
Bead  Field  parameter  
P     A      16         
P     B      32         

System Details:
---------------

Box: 64 X 64 X 1
GAUSSIANCHAIN: bcp (A20B16):  (Average number density: 1)
Overall gaussian beads number density: 1
SOFTCOREMOLECULE: np: 100 (Bead fraction: 0.0238322)
Overall Soft-core bead number density: 0.0244141

Initial Gaussian Chains Density Inhomogeneity: 9.07607e-15

Initial Explicit Charge: 0

Initial Energies:
Softcore molecules bond stretching energy: 0
Softcore molecules angle bending energy: 0
Softcore molecules torsional energy: 0
Softcore molecules non-bonded energy: 2.60981
Softcore molecules electrostatics energy: 0
Softcore molecules external potential energy: 0
Softcore molecules Potential energy: 2313.72
Gaussian total free energy: 152.736
Gaussian ideal free energy: -521.503
Gaussian contact free energy: 674.239
Gaussian compressibility free energy: 0
Gaussian electrostatic free energy: 0
Softcore molecules field coupling energy: 2311.11

Average Energies:
Softcore molecules bond stretching energy: 0
Softcore molecules angle bending energy: 0
Softcore molecules torsional energy: 0
Softcore molecules non-bonded energy: 16.6199
Softcore molecules electrostatics energy: 0
Softcore molecules external potential energy: 0
Softcore molecules Potential energy: 1006.84
Gaussian total free energy: 340.398
Gaussian ideal free energy: -227.337
Gaussian contact free energy: 276.977
Gaussian compressibility free energy: 290.759
Gaussian electrostatic free energy: 0
Softcore molecules field coupling energy: 990.219

Average Explicit Charge: 0

Average Gaussian Chains Density Inhomogeneity: 0.404938

Final Energies:
Softcore molecules bond stretching energy: 0
Softcore molecules angle bending energy: 0
Softcore molecules torsional energy: 0
Softcore molecules non-bonded energy: 8.30029
Softcore molecules electrostatics energy: 0
Softcore molecules external potential energy: 0
Softcore molecules Potential energy: 992.846
Gaussian total free energy: 341.021
Gaussian ideal free energy: -225.741
Gaussian contact free energy: 273.402
Gaussian compressibility free energy: 293.359
Gaussian electrostatic free energy: 0
Softcore molecules field coupling energy: 984.546

Final Gaussian Chains Density Inhomogeneity: 0.40641

Iteration report, DDFT Molecular Diffusion
Number of solves: 1100000
Number of function calls: 11569251
Average number of iterations: 9.5175 (min 8, max 12)
Average end norm: 7.20819e-05 (min 4.80406e-05, max 0.0001)


Final Explicit Charge: 0

Time used by 1100000 calculation steps on 4 processors: 13 Hours 19 Minutes 48 Seconds.

