@CulgiVersion: 5.0.1
MBF-Hybrid Simulation of box
Job Start time: Thu Feb  9 14:57:57 2012
----------------------------------------------------------------------------

Simulation Parameters:
----------------------

Field Diffusion: off
Bead Diffusion: off
Time step: 0.01

Mesoscopic bead-field hybrid interaction parameters:
----------------------------------------------------

Bead-Field coupling parameters:
Bead  Field  parameter  

System Details:
---------------

Box: 64 X 64 X 1
GAUSSIANCHAIN: bcp (A20B16):  (Average number density: 1)
Overall gaussian beads number density: 1
Overall Soft-core bead number density: 0

Initial Explicit Charge: 0

Initial Energies:

Average Energies:

Average Explicit Charge: 0

Final Energies:

Final Explicit Charge: 0

Time used by 100900 calculation steps on 2 processors: 0 Hours 0 Minutes 10 Seconds.

@CulgiVersion: 5.0.1
MBF-Hybrid Simulation of box
Job Start time: Thu Feb  9 14:58:07 2012
----------------------------------------------------------------------------

Simulation Parameters:
----------------------

Field Diffusion: on
Bead Diffusion: off
Field Diffusion frequency: 1
Time step: 0.01

DDFT Engine parameters: 
Field diffusion Method: EntropyFieldDynamics
Kappa: 15
Reference density: 1

NLESolverEngine parameters, DDFT Molecular Diffusion
Strict tolerance: On
Direction optimization Method: SteepestDescent
Starting Alpha: 0.5
Reset Alpha: On
Tolerance: 0.0001
Maximum Iterations: 25000
Maximum Line Iterations: 5

Gaussian chain interaction parameters:
---------------------------------------

Bead parameters:
Type  Volume  Diffusion  Viscosity  Expansion  ExtFieldConst  ChargeType  Charge  pK   Dielec  ImplIonInter  
A     1       1          1          0.1        1              Strong      0       N/A  1       0             
B     1       1          1          0.1        1              Strong      0       N/A  1       0             

Binary interaction parameters:
Type1  Type2  Chi  ChiL  
A      B      0    0     

Mesoscopic bead-field hybrid interaction parameters:
----------------------------------------------------

Bead-Field coupling parameters:
Bead  Field  parameter  

System Details:
---------------

Box: 64 X 64 X 1
GAUSSIANCHAIN: bcp (A20B16):  (Average number density: 1)
Overall gaussian beads number density: 1
Overall Soft-core bead number density: 0

Initial Gaussian Chains Density Inhomogeneity: 5.4956e-15

Initial Explicit Charge: 0

Initial Energies:
Gaussian total free energy: -521.503
Gaussian ideal free energy: -521.503
Gaussian contact free energy: 0
Gaussian compressibility free energy: 0
Gaussian electrostatic free energy: 0

Average Energies:
Gaussian total free energy: -521.466
Gaussian ideal free energy: -521.482
Gaussian contact free energy: 0
Gaussian compressibility free energy: 0.0158504
Gaussian electrostatic free energy: 0

Average Explicit Charge: 0

Average Gaussian Chains Density Inhomogeneity: 0.00228925

Final Energies:
Gaussian total free energy: -521.466
Gaussian ideal free energy: -521.482
Gaussian contact free energy: 0
Gaussian compressibility free energy: 0.0156997
Gaussian electrostatic free energy: 0

Final Gaussian Chains Density Inhomogeneity: 0.002317

Iteration report, DDFT Molecular Diffusion
Number of solves: 10000
Number of function calls: 56335
Average number of iterations: 4.6335 (min 4, max 5)
Average end norm: 6.82755e-05 (min 4.75321e-05, max 9.99982e-05)


Final Explicit Charge: 0

Time used by 10000 calculation steps on 2 processors: 0 Hours 6 Minutes 36 Seconds.

@CulgiVersion: 5.0.1
MBF-Hybrid Simulation of box
Job Start time: Thu Feb  9 15:04:43 2012
----------------------------------------------------------------------------

Simulation Parameters:
----------------------

Field Diffusion: on
Bead Diffusion: off
Field Diffusion frequency: 1
Time step: 0.01

DDFT Engine parameters: 
Field diffusion Method: EntropyFieldDynamics
Kappa: 15
Reference density: 1

NLESolverEngine parameters, DDFT Molecular Diffusion
Strict tolerance: On
Direction optimization Method: SteepestDescent
Starting Alpha: 0.5
Reset Alpha: On
Tolerance: 0.0001
Maximum Iterations: 25000
Maximum Line Iterations: 5

Gaussian chain interaction parameters:
---------------------------------------

Bead parameters:
Type  Volume  Diffusion  Viscosity  Expansion  ExtFieldConst  ChargeType  Charge  pK   Dielec  ImplIonInter  
A     1       1          1          0.1        1              Strong      0       N/A  1       0             
B     1       1          1          0.1        1              Strong      0       N/A  1       0             

Binary interaction parameters:
Type1  Type2  Chi  ChiL  
A      B      0.5  0     

Mesoscopic bead-field hybrid interaction parameters:
----------------------------------------------------

Bead-Field coupling parameters:
Bead  Field  parameter  

System Details:
---------------

Box: 64 X 64 X 1
GAUSSIANCHAIN: bcp (A20B16):  (Average number density: 1)
Overall gaussian beads number density: 1
Overall Soft-core bead number density: 0

Initial Gaussian Chains Density Inhomogeneity: 0.002317

Initial Explicit Charge: 0

Initial Energies:
Gaussian total free energy: -15.792
Gaussian ideal free energy: -521.482
Gaussian contact free energy: 505.674
Gaussian compressibility free energy: 0.0156997
Gaussian electrostatic free energy: 0

Average Energies:
Gaussian total free energy: -67.8978
Gaussian ideal free energy: -335.541
Gaussian contact free energy: 267.353
Gaussian compressibility free energy: 0.290053
Gaussian electrostatic free energy: 0

Average Explicit Charge: 0

Average Gaussian Chains Density Inhomogeneity: 0.354557

Final Energies:
Gaussian total free energy: -68.2109
Gaussian ideal free energy: -334.537
Gaussian contact free energy: 266.035
Gaussian compressibility free energy: 0.291672
Gaussian electrostatic free energy: 0

Final Gaussian Chains Density Inhomogeneity: 0.355803

Iteration report, DDFT Molecular Diffusion
Number of solves: 1100000
Number of function calls: 6601137
Average number of iterations: 5.00103 (min 4, max 6)
Average end norm: 8.0247e-05 (min 4.79324e-05, max 9.99986e-05)


Final Explicit Charge: 0

Time used by 1100000 calculation steps on 2 processors: 13 Hours 54 Minutes 1 Seconds.

