@CulgiVersion: 6.0.0
MBF-Hybrid Simulation of box
Job Start time: Mon May  7 21:53:40 2012
----------------------------------------------------------------------------

Simulation Parameters:
----------------------

Field Diffusion: off
Bead Diffusion: on
Temperature: 0.01
Bead Diffusion frequency: 1
Time step: 0.01

Soft core model interaction parameters:
---------------------------------------

Bead parameters:
Type  Mass  BondValence  Diffusion  Sigma  ExtFieldConst  ChargeType  Charge  pK   Dielec  ImplIonInter  
C     1     2            0.04       0.8    1              Strong      0       N/A  1       0             
S     1     2            0.04       0.8    1              Strong      0       N/A  1       0             

Pair interaction parameters:
Type1  Type2  A   
C      C      10  
C      S      10  
S      S      10  

Mesoscopic bead-field hybrid interaction parameters:
----------------------------------------------------

Bead-Field coupling parameters:
Bead  Field  parameter  
C     A      0          
C     B      0          
S     A      0          
S     B      0          

System Details:
---------------

Box: 64 X 64 X 1
GAUSSIANCHAIN: bcp (A20B16):  (Average number density: 0.859375)
Overall gaussian beads number density: 0.859375
SOFTCORECOLLOID: np: 512 (Bead fraction: 0.566929)
Overall Soft-core bead number density: 1.125


Initial Explicit Charge: 0

Initial Energies:
Softcore molecules bond stretching energy: 0
Softcore molecules angle bending energy: 0
Softcore molecules torsional energy: 0
Softcore molecules non-bonded energy: 6938.07
Softcore molecules electrostatics energy: 0
Softcore molecules external potential energy: 0
Softcore molecules Potential energy: 6938.07
Softcore molecules field coupling energy: 0

Average Energies:
Softcore molecules bond stretching energy: 0
Softcore molecules angle bending energy: 0
Softcore molecules torsional energy: 0
Softcore molecules non-bonded energy: 20.6351
Softcore molecules electrostatics energy: 0
Softcore molecules external potential energy: 0
Softcore molecules Potential energy: 20.6351
Softcore molecules field coupling energy: 0

Average Explicit Charge: 0

Final Energies:
Softcore molecules bond stretching energy: 0
Softcore molecules angle bending energy: 0
Softcore molecules torsional energy: 0
Softcore molecules non-bonded energy: 0.319371
Softcore molecules electrostatics energy: 0
Softcore molecules external potential energy: 0
Softcore molecules Potential energy: 0.319371
Softcore molecules field coupling energy: 0

Final Explicit Charge: 0

Time used by 100000 calculation steps on 1 processors: 0 Hours 5 Minutes 55 Seconds.

@CulgiVersion: 6.0.0
MBF-Hybrid Simulation of box
Job Start time: Mon May  7 21:59:35 2012
----------------------------------------------------------------------------

Simulation Parameters:
----------------------

Field Diffusion: on
Bead Diffusion: off
Field Diffusion frequency: 1
Time step: 0.01

DDFT Engine parameters: 
Field diffusion Method: EntropyFieldDynamics
Kappa: 15
Reference density: 1

NLESolverEngine parameters, DDFT Molecular Diffusion
Strict tolerance: On
Direction optimization Method: SteepestDescent
Starting Alpha: 0.5
Reset Alpha: On
Tolerance: 0.0001
Maximum Iterations: 25000
Maximum Line Iterations: 5

Gaussian chain interaction parameters:
---------------------------------------

Bead parameters:
Type  Volume  Diffusion  Viscosity  Expansion  ExtFieldConst  ChargeType  Charge  pK   Dielec  ImplIonInter  
A     1       1          1          0.1        1              Strong      0       N/A  1       0             
B     1       1          1          0.1        1              Strong      0       N/A  1       0             

Binary interaction parameters:
Type1  Type2  Chi  ChiL  
A      B      0    0     

Mesoscopic bead-field hybrid interaction parameters:
----------------------------------------------------

Bead-Field coupling parameters:
Bead  Field  parameter  
C     A      2          
C     B      2          
S     A      2          
S     B      2          

System Details:
---------------

Box: 64 X 64 X 1
GAUSSIANCHAIN: bcp (A20B16):  (Average number density: 0.859375)
Overall gaussian beads number density: 0.859375
SOFTCORECOLLOID: np: 512 (Bead fraction: 0.566929)
Overall Soft-core bead number density: 1.125


Initial Gaussian Chains Density Inhomogeneity: 3.5083e-14

Initial Explicit Charge: 0

Initial Energies:
Gaussian total free energy: 144.515
Gaussian ideal free energy: -462.985
Gaussian contact free energy: 0
Gaussian compressibility free energy: 607.5
Gaussian electrostatic free energy: 0
Softcore molecules field coupling energy: 7920

Average Energies:
Gaussian total free energy: 822.549
Gaussian ideal free energy: -446.806
Gaussian contact free energy: 0
Gaussian compressibility free energy: 1269.35
Gaussian electrostatic free energy: 0
Softcore molecules field coupling energy: 6561.98

Average Explicit Charge: 0

Average Gaussian Chains Density Inhomogeneity: 0.0734168

Final Energies:
Gaussian total free energy: 822.729
Gaussian ideal free energy: -446.802
Gaussian contact free energy: 0
Gaussian compressibility free energy: 1269.53
Gaussian electrostatic free energy: 0
Softcore molecules field coupling energy: 6561.59

Final Gaussian Chains Density Inhomogeneity: 0.0734288

Iteration report, DDFT Molecular Diffusion
Number of solves: 10000
Number of function calls: 56575
Average number of iterations: 4.6575 (min 4, max 8)
Average end norm: 6.72779e-05 (min 3.91834e-05, max 9.99987e-05)


Final Explicit Charge: 0

Time used by 10000 calculation steps on 1 processors: 0 Hours 15 Minutes 24 Seconds.

@CulgiVersion: 6.0.0
MBF-Hybrid Simulation of box
Job Start time: Mon May  7 22:14:59 2012
----------------------------------------------------------------------------

Simulation Parameters:
----------------------

Field Diffusion: on
Bead Diffusion: on
Temperature: 0.01
Bead Diffusion frequency: 1
Field Diffusion frequency: 1
Time step: 0.01

DDFT Engine parameters: 
Field diffusion Method: EntropyFieldDynamics
Kappa: 15
Reference density: 1

NLESolverEngine parameters, DDFT Molecular Diffusion
Strict tolerance: On
Direction optimization Method: SteepestDescent
Starting Alpha: 0.5
Reset Alpha: On
Tolerance: 0.0001
Maximum Iterations: 25000
Maximum Line Iterations: 5

Gaussian chain interaction parameters:
---------------------------------------

Bead parameters:
Type  Volume  Diffusion  Viscosity  Expansion  ExtFieldConst  ChargeType  Charge  pK   Dielec  ImplIonInter  
A     1       1          1          0.1        1              Strong      0       N/A  1       0             
B     1       1          1          0.1        1              Strong      0       N/A  1       0             

Binary interaction parameters:
Type1  Type2  Chi       ChiL  
A      B      0.666667  0     

Soft core model interaction parameters:
---------------------------------------

Bead parameters:
Type  Mass  BondValence  Diffusion  Sigma  ExtFieldConst  ChargeType  Charge  pK   Dielec  ImplIonInter  
C     1     2            0.04       0.8    1              Strong      0       N/A  1       0             
S     1     2            0.04       0.8    1              Strong      0       N/A  1       0             

Pair interaction parameters:
Type1  Type2  A   
C      C      10  
C      S      10  
S      S      10  

Mesoscopic bead-field hybrid interaction parameters:
----------------------------------------------------

Bead-Field coupling parameters:
Bead  Field  parameter  
C     A      2          
C     B      4          
S     A      2          
S     B      4          

System Details:
---------------

Box: 64 X 64 X 1
GAUSSIANCHAIN: bcp (A20B16):  (Average number density: 0.859375)
Overall gaussian beads number density: 0.859375
SOFTCORECOLLOID: np: 512 (Bead fraction: 0.566929)
Overall Soft-core bead number density: 1.125


Initial Gaussian Chains Density Inhomogeneity: 0.0734288

Initial Explicit Charge: 0

Initial Energies:
Softcore molecules bond stretching energy: 0
Softcore molecules angle bending energy: 0
Softcore molecules torsional energy: 0
Softcore molecules non-bonded energy: 0.319371
Softcore molecules electrostatics energy: 0
Softcore molecules external potential energy: 0
Softcore molecules Potential energy: 9482.96
Gaussian total free energy: 1329.8
Gaussian ideal free energy: -446.802
Gaussian contact free energy: 507.066
Gaussian compressibility free energy: 1269.53
Gaussian electrostatic free energy: 0
Softcore molecules field coupling energy: 9482.64

Average Energies:
Softcore molecules bond stretching energy: 0
Softcore molecules angle bending energy: 0
Softcore molecules torsional energy: 0
Softcore molecules non-bonded energy: 49.1298
Softcore molecules electrostatics energy: 0
Softcore molecules external potential energy: 0
Softcore molecules Potential energy: 6284.83
Gaussian total free energy: 1745.95
Gaussian ideal free energy: -36.5929
Gaussian contact free energy: 227.898
Gaussian compressibility free energy: 1554.64
Gaussian electrostatic free energy: 0
Softcore molecules field coupling energy: 6235.7

Average Explicit Charge: 0

Average Gaussian Chains Density Inhomogeneity: 0.369805

Final Energies:
Softcore molecules bond stretching energy: 0
Softcore molecules angle bending energy: 0
Softcore molecules torsional energy: 0
Softcore molecules non-bonded energy: 60.1367
Softcore molecules electrostatics energy: 0
Softcore molecules external potential energy: 0
Softcore molecules Potential energy: 6080.63
Gaussian total free energy: 1766.7
Gaussian ideal free energy: -69.637
Gaussian contact free energy: 224.547
Gaussian compressibility free energy: 1611.79
Gaussian electrostatic free energy: 0
Softcore molecules field coupling energy: 6020.5

Final Gaussian Chains Density Inhomogeneity: 0.368964

Iteration report, DDFT Molecular Diffusion
Number of solves: 110000
Number of function calls: 672349
Average number of iterations: 5.11226 (min 5, max 11)
Average end norm: 8.54726e-05 (min 4.82293e-05, max 9.99993e-05)


Final Explicit Charge: 0

Plugins and corresponding results from this calculation:----------

Archive Plugin:
Archive mode: Text
Archive file name: tt1100_ts0.01.csa
Archive frequency: 100

Instant results Plugin:
Instant results file name: tt1100_ts0.01_Inst.ctf
Instant results frequency: 10

Time used by 110000 calculation steps on 1 processors: 3 Hours 22 Minutes 23 Seconds.

