@CulgiVersion: 6.0.0
MBF-Hybrid Simulation of box
Job Start time: Wed Feb 29 17:16:06 2012
----------------------------------------------------------------------------

Simulation Parameters:
----------------------

Field Diffusion: off
Bead Diffusion: on
Temperature: 0.1
Bead Diffusion frequency: 1
Time step: 0.01

Soft core model interaction parameters:
---------------------------------------

Bead parameters:
Type  Mass  BondValence  Diffusion  Sigma  ExtFieldConst  ChargeType  Charge  pK   Dielec  ImplIonInter  
C     1     2            0.04       0.8    1              Strong      0       N/A  1       0             
S     1     2            0.04       0.8    1              Strong      0       N/A  1       0             

Pair interaction parameters:
Type1  Type2  A   
C      C      25  
C      S      25  
S      S      25  

Mesoscopic bead-field hybrid interaction parameters:
----------------------------------------------------

Bead-Field coupling parameters:
Bead  Field  parameter  
C     A      0          
C     B      0          
S     A      0          
S     B      0          

System Details:
---------------

Box: 64 X 64 X 1
GAUSSIANCHAIN: bcp (A20B16):  (Average number density: 0.964844)
Overall gaussian beads number density: 0.964844
SOFTCORECOLLOID: np: 128 (Bead fraction: 0.225705)
Overall Soft-core bead number density: 0.28125


Initial Explicit Charge: 0

Initial Energies:
Softcore molecules bond stretching energy: 0
Softcore molecules angle bending energy: 0
Softcore molecules torsional energy: 0
Softcore molecules non-bonded energy: 1066.54
Softcore molecules electrostatics energy: 0
Softcore molecules external potential energy: 0
Softcore molecules Potential energy: 1066.54
Softcore molecules field coupling energy: 0

Average Energies:
Softcore molecules bond stretching energy: 0
Softcore molecules angle bending energy: 0
Softcore molecules torsional energy: 0
Softcore molecules non-bonded energy: 0.225544
Softcore molecules electrostatics energy: 0
Softcore molecules external potential energy: 0
Softcore molecules Potential energy: 0.225544
Softcore molecules field coupling energy: 0

Average Explicit Charge: 0

Final Energies:
Softcore molecules bond stretching energy: 0
Softcore molecules angle bending energy: 0
Softcore molecules torsional energy: 0
Softcore molecules non-bonded energy: 0.263306
Softcore molecules electrostatics energy: 0
Softcore molecules external potential energy: 0
Softcore molecules Potential energy: 0.263306
Softcore molecules field coupling energy: 0

Final Explicit Charge: 0

Time used by 100900 calculation steps on 1 processors: 0 Hours 1 Minutes 6 Seconds.

@CulgiVersion: 6.0.0
MBF-Hybrid Simulation of box
Job Start time: Wed Feb 29 17:17:12 2012
----------------------------------------------------------------------------

Simulation Parameters:
----------------------

Field Diffusion: on
Bead Diffusion: off
Field Diffusion frequency: 1
Time step: 0.01

DDFT Engine parameters: 
Field diffusion Method: EntropyFieldDynamics
Kappa: 15
Reference density: 1

NLESolverEngine parameters, DDFT Molecular Diffusion
Strict tolerance: On
Direction optimization Method: SteepestDescent
Starting Alpha: 0.5
Reset Alpha: On
Tolerance: 0.0001
Maximum Iterations: 25000
Maximum Line Iterations: 5

Gaussian chain interaction parameters:
---------------------------------------

Bead parameters:
Type  Volume  Diffusion  Viscosity  Expansion  ExtFieldConst  ChargeType  Charge  pK   Dielec  ImplIonInter  
A     1       1          1          0.1        1              Strong      0       N/A  1       0             
B     1       1          1          0.1        1              Strong      0       N/A  1       0             

Binary interaction parameters:
Type1  Type2  Chi  ChiL  
A      B      0    0     

Mesoscopic bead-field hybrid interaction parameters:
----------------------------------------------------

Bead-Field coupling parameters:
Bead  Field  parameter  
C     A      2          
C     B      2          
S     A      2          
S     B      2          

System Details:
---------------

Box: 64 X 64 X 1
GAUSSIANCHAIN: bcp (A20B16):  (Average number density: 0.964844)
Overall gaussian beads number density: 0.964844
SOFTCORECOLLOID: np: 128 (Bead fraction: 0.225705)
Overall Soft-core bead number density: 0.28125


Initial Gaussian Chains Density Inhomogeneity: 4.23273e-14

Initial Explicit Charge: 0

Initial Energies:
Gaussian total free energy: -469.129
Gaussian ideal free energy: -507.097
Gaussian contact free energy: 0
Gaussian compressibility free energy: 37.9688
Gaussian electrostatic free energy: 0
Softcore molecules field coupling energy: 2223

Average Energies:
Gaussian total free energy: -222.44
Gaussian ideal free energy: -501.246
Gaussian contact free energy: 0
Gaussian compressibility free energy: 278.806
Gaussian electrostatic free energy: 0
Softcore molecules field coupling energy: 1728.4

Average Explicit Charge: 0

Average Gaussian Chains Density Inhomogeneity: 0.0443257

Final Energies:
Gaussian total free energy: -222.256
Gaussian ideal free energy: -501.241
Gaussian contact free energy: 0
Gaussian compressibility free energy: 278.985
Gaussian electrostatic free energy: 0
Softcore molecules field coupling energy: 1728.13

Final Gaussian Chains Density Inhomogeneity: 0.0443421

Iteration report, DDFT Molecular Diffusion
Number of solves: 10000
Number of function calls: 56397
Average number of iterations: 4.6397 (min 4, max 8)
Average end norm: 6.80953e-05 (min 3.59685e-05, max 9.99986e-05)


Final Explicit Charge: 0

Time used by 10000 calculation steps on 1 processors: 0 Hours 13 Minutes 21 Seconds.

@CulgiVersion: 6.0.0
MBF-Hybrid Simulation of box
Job Start time: Wed Feb 29 17:30:33 2012
----------------------------------------------------------------------------

Simulation Parameters:
----------------------

Field Diffusion: on
Bead Diffusion: on
Temperature: 0.1
Bead Diffusion frequency: 1
Field Diffusion frequency: 1
Time step: 0.01

DDFT Engine parameters: 
Field diffusion Method: EntropyFieldDynamics
Kappa: 15
Reference density: 1

NLESolverEngine parameters, DDFT Molecular Diffusion
Strict tolerance: On
Direction optimization Method: SteepestDescent
Starting Alpha: 0.5
Reset Alpha: On
Tolerance: 0.0001
Maximum Iterations: 25000
Maximum Line Iterations: 5

Gaussian chain interaction parameters:
---------------------------------------

Bead parameters:
Type  Volume  Diffusion  Viscosity  Expansion  ExtFieldConst  ChargeType  Charge  pK   Dielec  ImplIonInter  
A     1       1          1          0.1        1              Strong      0       N/A  1       0             
B     1       1          1          0.1        1              Strong      0       N/A  1       0             

Binary interaction parameters:
Type1  Type2  Chi       ChiL  
A      B      0.666667  0     

Soft core model interaction parameters:
---------------------------------------

Bead parameters:
Type  Mass  BondValence  Diffusion  Sigma  ExtFieldConst  ChargeType  Charge  pK   Dielec  ImplIonInter  
C     1     2            0.04       0.8    1              Strong      0       N/A  1       0             
S     1     2            0.04       0.8    1              Strong      0       N/A  1       0             

Pair interaction parameters:
Type1  Type2  A   
C      C      25  
C      S      25  
S      S      25  

Mesoscopic bead-field hybrid interaction parameters:
----------------------------------------------------

Bead-Field coupling parameters:
Bead  Field  parameter  
C     A      2          
C     B      4          
S     A      2          
S     B      4          

System Details:
---------------

Box: 64 X 64 X 1
GAUSSIANCHAIN: bcp (A20B16):  (Average number density: 0.964844)
Overall gaussian beads number density: 0.964844
SOFTCORECOLLOID: np: 128 (Bead fraction: 0.225705)
Overall Soft-core bead number density: 0.28125


Initial Gaussian Chains Density Inhomogeneity: 0.0443421

Initial Explicit Charge: 0

Initial Energies:
Softcore molecules bond stretching energy: 0
Softcore molecules angle bending energy: 0
Softcore molecules torsional energy: 0
Softcore molecules non-bonded energy: 0.263306
Softcore molecules electrostatics energy: 0
Softcore molecules external potential energy: 0
Softcore molecules Potential energy: 2498.19
Gaussian total free energy: 408.637
Gaussian ideal free energy: -501.241
Gaussian contact free energy: 630.893
Gaussian compressibility free energy: 278.985
Gaussian electrostatic free energy: 0
Softcore molecules field coupling energy: 2497.92

Average Energies:
Softcore molecules bond stretching energy: 0
Softcore molecules angle bending energy: 0
Softcore molecules torsional energy: 0
Softcore molecules non-bonded energy: 6.75184
Softcore molecules electrostatics energy: 0
Softcore molecules external potential energy: 0
Softcore molecules Potential energy: 1586.52
Gaussian total free energy: 370.713
Gaussian ideal free energy: -230.003
Gaussian contact free energy: 247.699
Gaussian compressibility free energy: 353.017
Gaussian electrostatic free energy: 0
Softcore molecules field coupling energy: 1579.77

Average Explicit Charge: 0

Average Gaussian Chains Density Inhomogeneity: 0.394247

Final Energies:
Softcore molecules bond stretching energy: 0
Softcore molecules angle bending energy: 0
Softcore molecules torsional energy: 0
Softcore molecules non-bonded energy: 9.57527
Softcore molecules electrostatics energy: 0
Softcore molecules external potential energy: 0
Softcore molecules Potential energy: 1546.43
Gaussian total free energy: 387.567
Gaussian ideal free energy: -232.89
Gaussian contact free energy: 246.364
Gaussian compressibility free energy: 374.092
Gaussian electrostatic free energy: 0
Softcore molecules field coupling energy: 1536.85

Final Gaussian Chains Density Inhomogeneity: 0.394933

Iteration report, DDFT Molecular Diffusion
Number of solves: 1100000
Number of function calls: 8870721
Average number of iterations: 7.06429 (min 7, max 11)
Average end norm: 7.86116e-05 (min 4.84997e-05, max 9.99999e-05)


Final Explicit Charge: 0

Plugins and corresponding results from this calculation:----------

Archive Plugin:
Archive mode: Text
Archive file name: tt11000.csa
Archive frequency: 100

Instant results Plugin:
Instant results file name: tt11000_Inst.ctf
Instant results frequency: 10

Time used by 1100000 calculation steps on 1 processors: 37 Hours 12 Minutes 18 Seconds.

