@CulgiVersion: 6.0.0
MBF-Hybrid Simulation of box
Job Start time: Tue May 29 15:31:30 2012
----------------------------------------------------------------------------

Simulation Parameters:
----------------------

Field Diffusion: off
Bead Diffusion: on
Temperature: 0.01
Bead Diffusion frequency: 1
Time step: 0.01

Soft core model interaction parameters:
---------------------------------------

Bead parameters:
Type  Mass  BondValence  Diffusion  Sigma  ExtFieldConst  ChargeType  Charge  pK   Dielec  ImplIonInter  
C     1     2            0.04       0.8    1              Strong      0       N/A  1       0             
S     1     2            0.04       0.8    1              Strong      0       N/A  1       0             

Pair interaction parameters:
Type1  Type2  A   
C      C      10  
C      S      10  
S      S      10  

Mesoscopic bead-field hybrid interaction parameters:
----------------------------------------------------

Bead-Field coupling parameters:
Bead  Field  parameter  
C     A      0          
C     B      0          
S     A      0          
S     B      0          

System Details:
---------------

Box: 64 X 64 X 1
GAUSSIANCHAIN: bcp (A20B16):  (Average number density: 0.828125)
Overall gaussian beads number density: 0.828125
SOFTCORECOLLOID: np: 256 (Bead fraction: 0.404494)
Overall Soft-core bead number density: 0.5625


Initial Explicit Charge: 0

Initial Energies:
Softcore molecules bond stretching energy: 0
Softcore molecules angle bending energy: 0
Softcore molecules torsional energy: 0
Softcore molecules non-bonded energy: 1373.13
Softcore molecules electrostatics energy: 0
Softcore molecules external potential energy: 0
Softcore molecules Potential energy: 1373.13
Softcore molecules field coupling energy: 0

Average Energies:
Softcore molecules bond stretching energy: 0
Softcore molecules angle bending energy: 0
Softcore molecules torsional energy: 0
Softcore molecules non-bonded energy: 26.081
Softcore molecules electrostatics energy: 0
Softcore molecules external potential energy: 0
Softcore molecules Potential energy: 26.081
Softcore molecules field coupling energy: 0

Average Explicit Charge: 0

Final Energies:
Softcore molecules bond stretching energy: 0
Softcore molecules angle bending energy: 0
Softcore molecules torsional energy: 0
Softcore molecules non-bonded energy: 0.206097
Softcore molecules electrostatics energy: 0
Softcore molecules external potential energy: 0
Softcore molecules Potential energy: 0.206097
Softcore molecules field coupling energy: 0

Final Explicit Charge: 0

Time used by 100000 calculation steps on 1 processors: 0 Hours 2 Minutes 36 Seconds.

@CulgiVersion: 6.0.0
MBF-Hybrid Simulation of box
Job Start time: Tue May 29 15:34:07 2012
----------------------------------------------------------------------------

Simulation Parameters:
----------------------

Field Diffusion: on
Bead Diffusion: off
Field Diffusion frequency: 1
Time step: 0.01

DDFT Engine parameters: 
Field diffusion Method: EntropyFieldDynamics
Kappa: 15
Reference density: 1

NLESolverEngine parameters, DDFT Molecular Diffusion
Strict tolerance: On
Direction optimization Method: SteepestDescent
Starting Alpha: 0.5
Reset Alpha: On
Tolerance: 0.0001
Maximum Iterations: 25000
Maximum Line Iterations: 5

Gaussian chain interaction parameters:
---------------------------------------

Bead parameters:
Type  Volume  Diffusion  Viscosity  Expansion  ExtFieldConst  ChargeType  Charge  pK   Dielec  ImplIonInter  
A     1       1          1          0.01       1              Strong      0       N/A  1       0             
B     1       1          1          0.01       1              Strong      0       N/A  1       0             

Binary interaction parameters:
Type1  Type2  Chi  ChiL  
A      B      0    0     

Mesoscopic bead-field hybrid interaction parameters:
----------------------------------------------------

Bead-Field coupling parameters:
Bead  Field  parameter  
C     A      20         
C     B      20         
S     A      3          
S     B      3          

System Details:
---------------

Box: 64 X 64 X 1
GAUSSIANCHAIN: bcp (A20B16):  (Average number density: 0.828125)
Overall gaussian beads number density: 0.828125
SOFTCORECOLLOID: np: 256 (Bead fraction: 0.404494)
Overall Soft-core bead number density: 0.5625


Initial Gaussian Chains Density Inhomogeneity: 3.26683e-14

Initial Explicit Charge: 0

Initial Energies:
Gaussian total free energy: 457.861
Gaussian ideal free energy: -449.639
Gaussian contact free energy: 0
Gaussian compressibility free energy: 907.5
Gaussian electrostatic free energy: 0
Softcore molecules field coupling energy: 9328

Average Energies:
Gaussian total free energy: 2172.38
Gaussian ideal free energy: -393.279
Gaussian contact free energy: 0
Gaussian compressibility free energy: 2565.66
Gaussian electrostatic free energy: 0
Softcore molecules field coupling energy: 5859.41

Average Explicit Charge: 0

Average Gaussian Chains Density Inhomogeneity: 0.11616

Final Energies:
Gaussian total free energy: 2173.78
Gaussian ideal free energy: -393.244
Gaussian contact free energy: 0
Gaussian compressibility free energy: 2567.03
Gaussian electrostatic free energy: 0
Softcore molecules field coupling energy: 5857.15

Final Gaussian Chains Density Inhomogeneity: 0.116214

Iteration report, DDFT Molecular Diffusion
Number of solves: 10000
Number of function calls: 22564
Average number of iterations: 1.2564 (min 1, max 10)
Average end norm: 8.4726e-05 (min 4.00326e-05, max 9.99966e-05)


Final Explicit Charge: 0

Time used by 10000 calculation steps on 1 processors: 0 Hours 6 Minutes 32 Seconds.

@CulgiVersion: 6.0.0
MBF-Hybrid Simulation of box
Job Start time: Tue May 29 15:40:39 2012
----------------------------------------------------------------------------

Simulation Parameters:
----------------------

Field Diffusion: on
Bead Diffusion: on
Temperature: 0.01
Bead Diffusion frequency: 1
Field Diffusion frequency: 1
Time step: 0.01

DDFT Engine parameters: 
Field diffusion Method: EntropyFieldDynamics
Kappa: 15
Reference density: 1

NLESolverEngine parameters, DDFT Molecular Diffusion
Strict tolerance: On
Direction optimization Method: SteepestDescent
Starting Alpha: 0.5
Reset Alpha: On
Tolerance: 0.0001
Maximum Iterations: 25000
Maximum Line Iterations: 5

Gaussian chain interaction parameters:
---------------------------------------

Bead parameters:
Type  Volume  Diffusion  Viscosity  Expansion  ExtFieldConst  ChargeType  Charge  pK   Dielec  ImplIonInter  
A     1       1          1          0.01       1              Strong      0       N/A  1       0             
B     1       1          1          0.01       1              Strong      0       N/A  1       0             

Binary interaction parameters:
Type1  Type2  Chi       ChiL  
A      B      0.666667  0     

Soft core model interaction parameters:
---------------------------------------

Bead parameters:
Type  Mass  BondValence  Diffusion  Sigma  ExtFieldConst  ChargeType  Charge  pK   Dielec  ImplIonInter  
C     1     2            0.04       0.8    1              Strong      0       N/A  1       0             
S     1     2            0.04       0.8    1              Strong      0       N/A  1       0             

Pair interaction parameters:
Type1  Type2  A   
C      C      10  
C      S      10  
S      S      10  

Mesoscopic bead-field hybrid interaction parameters:
----------------------------------------------------

Bead-Field coupling parameters:
Bead  Field  parameter  
C     A      20         
C     B      20         
S     A      3          
S     B      6          

System Details:
---------------

Box: 64 X 64 X 1
GAUSSIANCHAIN: bcp (A20B16):  (Average number density: 0.828125)
Overall gaussian beads number density: 0.828125
SOFTCORECOLLOID: np: 256 (Bead fraction: 0.404494)
Overall Soft-core bead number density: 0.5625


Initial Gaussian Chains Density Inhomogeneity: 0.116214

Initial Explicit Charge: 0

Initial Energies:
Softcore molecules bond stretching energy: 0
Softcore molecules angle bending energy: 0
Softcore molecules torsional energy: 0
Softcore molecules non-bonded energy: 0.206097
Softcore molecules electrostatics energy: 0
Softcore molecules external potential energy: 0
Softcore molecules Potential energy: 7479.41
Gaussian total free energy: 2658.84
Gaussian ideal free energy: -393.244
Gaussian contact free energy: 485.059
Gaussian compressibility free energy: 2567.03
Gaussian electrostatic free energy: 0
Softcore molecules field coupling energy: 7479.2

Average Energies:
Softcore molecules bond stretching energy: 0
Softcore molecules angle bending energy: 0
Softcore molecules torsional energy: 0
Softcore molecules non-bonded energy: 66.1568
Softcore molecules electrostatics energy: 0
Softcore molecules external potential energy: 0
Softcore molecules Potential energy: 5602.58
Gaussian total free energy: 2953.09
Gaussian ideal free energy: -54.3342
Gaussian contact free energy: 219.181
Gaussian compressibility free energy: 2788.25
Gaussian electrostatic free energy: 0
Softcore molecules field coupling energy: 5536.42

Average Explicit Charge: 0

Average Gaussian Chains Density Inhomogeneity: 0.367262

Final Energies:
Softcore molecules bond stretching energy: 0
Softcore molecules angle bending energy: 0
Softcore molecules torsional energy: 0
Softcore molecules non-bonded energy: 89.0163
Softcore molecules electrostatics energy: 0
Softcore molecules external potential energy: 0
Softcore molecules Potential energy: 5472.01
Gaussian total free energy: 2989.25
Gaussian ideal free energy: -69.518
Gaussian contact free energy: 217.37
Gaussian compressibility free energy: 2841.4
Gaussian electrostatic free energy: 0
Softcore molecules field coupling energy: 5382.99

Final Gaussian Chains Density Inhomogeneity: 0.367999

Iteration report, DDFT Molecular Diffusion
Number of solves: 110000
Number of function calls: 578676
Average number of iterations: 4.26069 (min 3, max 10)
Average end norm: 7.31011e-05 (min 3.57538e-05, max 9.99989e-05)


Final Explicit Charge: 0

Plugins and corresponding results from this calculation:----------

Archive Plugin:
Archive mode: Text
Archive file name: tt1100_ts0.01_np8.csa
Archive frequency: 100

Instant results Plugin:
Instant results file name: tt1100_ts0.01_np8_Inst.ctf
Instant results frequency: 10

Time used by 110000 calculation steps on 1 processors: 2 Hours 43 Minutes 37 Seconds.

