@CulgiVersion: 5.0.1
MBF-Hybrid Simulation of box
Job Start time: Wed May 11 23:31:58 2011
----------------------------------------------------------------------------

Simulation Parameters:
----------------------

Field Diffusion: on
Bead Diffusion: on
Temperature: 1
Bead Diffusion frequency: 1
Field Diffusion frequency: 1
Time step: 0.01

DDFT Engine parameters: 
Field diffusion Method: EntropyFieldDynamics
Kappa: 15
Reference density: 1

NLESolverEngine parameters, DDFT Molecular Diffusion
Strict tolerance: On
Direction optimization Method: SteepestDescent
Starting Alpha: 0.5
Reset Alpha: On
Tolerance: 0.0001
Maximum Iterations: 25000
Maximum Line Iterations: 5

Gaussian chain interaction parameters:
---------------------------------------

Bead parameters:
Type  Volume  Diffusion  Viscosity  Expansion  ExtFieldConst  ChargeType  Charge  pK   Dielec  ImplIonInter  
A     0.1     1          1          0.01       1              Strong      0       N/A  1       0             
B     0.1     1          1          0.01       1              Strong      0       N/A  1       0             

Binary interaction parameters:
Type1  Type2  Chi       ChiL  
A      B      0.666667  0     

Soft core model interaction parameters:
---------------------------------------

Bead parameters:
Type  Mass  BondValence  Diffusion  Sigma  ExtFieldConst  ChargeType  Charge  pK   Dielec  ImplIonInter  
P     1     2            0.1        0.8    1              Strong      0       N/A  1       0             

Pair interaction parameters:
Type1  Type2  A   
P      P      25  

Mesoscopic bead-field hybrid interaction parameters:
----------------------------------------------------

Bead-Field coupling parameters:
Bead  Field  parameter  
P     A      16         
P     B      18         

System Details:
---------------

Box: 64 X 64 X 1
GAUSSIANCHAIN: bcp (A20B16):  (Average number density: 10)
Overall gaussian beads number density: 10
SOFTCOREMOLECULE: np: 200 (Bead fraction: 0.00485909)
Overall Soft-core bead number density: 0.0488281

Initial Gaussian Chains Density Inhomogeneity: 9.07607e-15

Initial Explicit Charge: 0

Initial Energies:
Softcore molecules bond stretching energy: 0
Softcore molecules angle bending energy: 0
Softcore molecules torsional energy: 0
Softcore molecules non-bonded energy: 29.3941
Softcore molecules electrostatics energy: 0
Softcore molecules external potential energy: 0
Softcore molecules Potential energy: 33807.2
Gaussian total free energy: 4147.19
Gaussian ideal free energy: -2595.2
Gaussian contact free energy: 6742.39
Gaussian compressibility free energy: 0
Gaussian electrostatic free energy: 0
Softcore molecules field coupling energy: 33777.8

Average Energies:
Softcore molecules bond stretching energy: 0
Softcore molecules angle bending energy: 0
Softcore molecules torsional energy: 0
Softcore molecules non-bonded energy: 791.828
Softcore molecules electrostatics energy: 0
Softcore molecules external potential energy: 0
Softcore molecules Potential energy: 12274.4
Gaussian total free energy: 4150.84
Gaussian ideal free energy: 557.786
Gaussian contact free energy: 2762.9
Gaussian compressibility free energy: 830.152
Gaussian electrostatic free energy: 0
Softcore molecules field coupling energy: 11482.6

Average Explicit Charge: 0

Average Gaussian Chains Density Inhomogeneity: 0.413469

Final Energies:
Softcore molecules bond stretching energy: 0
Softcore molecules angle bending energy: 0
Softcore molecules torsional energy: 0
Softcore molecules non-bonded energy: 834.585
Softcore molecules electrostatics energy: 0
Softcore molecules external potential energy: 0
Softcore molecules Potential energy: 12260.1
Gaussian total free energy: 4142.79
Gaussian ideal free energy: 570.483
Gaussian contact free energy: 2742.49
Gaussian compressibility free energy: 829.814
Gaussian electrostatic free energy: 0
Softcore molecules field coupling energy: 11425.5

Final Gaussian Chains Density Inhomogeneity: 0.414344

Iteration report, DDFT Molecular Diffusion
Number of solves: 1100000
Number of function calls: 12230075
Average number of iterations: 10.1182 (min 8, max 12)
Average end norm: 7.42596e-05 (min 4.80732e-05, max 0.0001)


Final Explicit Charge: 0

Time used by 1100000 calculation steps on 4 processors: 14 Hours 42 Minutes 19 Seconds.

