@CulgiVersion: 5.0.1
MBF-Hybrid Simulation of box
Job Start time: Wed Sep  7 17:33:11 2011
----------------------------------------------------------------------------

Simulation Parameters:
----------------------

Field Diffusion: on
Bead Diffusion: on
Temperature: 0.1
Bead Diffusion frequency: 1
Field Diffusion frequency: 1
Time step: 0.01

DDFT Engine parameters: 
Field diffusion Method: EntropyFieldDynamics
Kappa: 15
Reference density: 1

NLESolverEngine parameters, DDFT Molecular Diffusion
Strict tolerance: On
Direction optimization Method: SteepestDescent
Starting Alpha: 0.5
Reset Alpha: On
Tolerance: 0.0001
Maximum Iterations: 25000
Maximum Line Iterations: 5

Gaussian chain interaction parameters:
---------------------------------------

Bead parameters:
Type  Volume  Diffusion  Viscosity  Expansion  ExtFieldConst  ChargeType  Charge  pK   Dielec  ImplIonInter  
A     1       1          1          0.1        1              Strong      0       N/A  1       0             
B     1       1          1          0.1        1              Strong      0       N/A  1       0             

Binary interaction parameters:
Type1  Type2  Chi       ChiL  
A      B      0.666667  0     

Soft core model interaction parameters:
---------------------------------------

Bead parameters:
Type  Mass  BondValence  Diffusion  Sigma  ExtFieldConst  ChargeType  Charge  pK   Dielec  ImplIonInter  
P     1     2            0.1        0.8    1              Strong      0       N/A  1       0             

Pair interaction parameters:
Type1  Type2  A   
P      P      25  

Mesoscopic bead-field hybrid interaction parameters:
----------------------------------------------------

Bead-Field coupling parameters:
Bead  Field  parameter  
P     A      16         
P     B      24         

System Details:
---------------

Box: 64 X 64 X 1
GAUSSIANCHAIN: bcp (A20B16):  (Average number density: 0.87793)
Overall gaussian beads number density: 0.87793
SOFTCOREMOLECULE: np: 500 (Bead fraction: 0.12207)
Overall Soft-core bead number density: 0.12207

Initial Gaussian Chains Density Inhomogeneity: 4.27436e-15

Initial Explicit Charge: 0

Initial Energies:
Softcore molecules bond stretching energy: 0
Softcore molecules angle bending energy: 0
Softcore molecules torsional energy: 0
Softcore molecules non-bonded energy: 201.874
Softcore molecules electrostatics energy: 0
Softcore molecules external potential energy: 0
Softcore molecules Potential energy: 8786.08
Gaussian total free energy: 506.593
Gaussian ideal free energy: -470.847
Gaussian contact free energy: 519.677
Gaussian compressibility free energy: 457.764
Gaussian electrostatic free energy: 0
Softcore molecules field coupling energy: 8584.2

Average Energies:
Softcore molecules bond stretching energy: 0
Softcore molecules angle bending energy: 0
Softcore molecules torsional energy: 0
Softcore molecules non-bonded energy: 350.763
Softcore molecules electrostatics energy: 0
Softcore molecules external potential energy: 0
Softcore molecules Potential energy: 1835.1
Gaussian total free energy: 2710.81
Gaussian ideal free energy: -151.192
Gaussian contact free energy: 243.712
Gaussian compressibility free energy: 2618.29
Gaussian electrostatic free energy: 0
Softcore molecules field coupling energy: 1484.34

Average Explicit Charge: 0

Average Gaussian Chains Density Inhomogeneity: 0.383333

Final Energies:
Softcore molecules bond stretching energy: 0
Softcore molecules angle bending energy: 0
Softcore molecules torsional energy: 0
Softcore molecules non-bonded energy: 377.758
Softcore molecules electrostatics energy: 0
Softcore molecules external potential energy: 0
Softcore molecules Potential energy: 1687.3
Gaussian total free energy: 2707.48
Gaussian ideal free energy: -157.385
Gaussian contact free energy: 239.202
Gaussian compressibility free energy: 2625.66
Gaussian electrostatic free energy: 0
Softcore molecules field coupling energy: 1309.54

Final Gaussian Chains Density Inhomogeneity: 0.385065

Iteration report, DDFT Molecular Diffusion
Number of solves: 1100000
Number of function calls: 12012238
Average number of iterations: 9.92022 (min 9, max 12)
Average end norm: 6.30394e-05 (min 4.82327e-05, max 0.0001)


Final Explicit Charge: 0

Time used by 1100000 calculation steps on 8 processors: 9 Hours 35 Minutes 19 Seconds.

