@CulgiVersion: 6.0.0
MBF-Hybrid Simulation of box
Job Start time: Fri Apr  6 16:10:52 2012
----------------------------------------------------------------------------

Simulation Parameters:
----------------------

Field Diffusion: off
Bead Diffusion: on
Temperature: 0.2
Bead Diffusion frequency: 1
Time step: 0.01

Soft core model interaction parameters:
---------------------------------------

Bead parameters:
Type  Mass  BondValence  Diffusion  Sigma  ExtFieldConst  ChargeType  Charge  pK   Dielec  ImplIonInter  
C     1     2            0.04       0.8    1              Strong      0       N/A  1       0             
S     1     2            0.04       0.8    1              Strong      0       N/A  1       0             

Pair interaction parameters:
Type1  Type2  A    
C      C      0.5  
C      S      0.5  
S      S      0.5  

Mesoscopic bead-field hybrid interaction parameters:
----------------------------------------------------

Bead-Field coupling parameters:
Bead  Field  parameter  
C     A      0          
C     B      0          
S     A      0          
S     B      0          

System Details:
---------------

Box: 64 X 64 X 1
GAUSSIANCHAIN: bcp (A20B16):  (Average number density: 0.929688)
Overall gaussian beads number density: 0.929688
SOFTCORECOLLOID: np: 512 (Bead fraction: 0.547529)
Overall Soft-core bead number density: 1.125


Initial Explicit Charge: 0

Initial Energies:
Softcore molecules bond stretching energy: 0
Softcore molecules angle bending energy: 0
Softcore molecules torsional energy: 0
Softcore molecules non-bonded energy: 386.891
Softcore molecules electrostatics energy: 0
Softcore molecules external potential energy: 0
Softcore molecules Potential energy: 386.891
Softcore molecules field coupling energy: 0

Average Energies:
Softcore molecules bond stretching energy: 0
Softcore molecules angle bending energy: 0
Softcore molecules torsional energy: 0
Softcore molecules non-bonded energy: 34.0172
Softcore molecules electrostatics energy: 0
Softcore molecules external potential energy: 0
Softcore molecules Potential energy: 34.0172
Softcore molecules field coupling energy: 0

Average Explicit Charge: 0

Final Energies:
Softcore molecules bond stretching energy: 0
Softcore molecules angle bending energy: 0
Softcore molecules torsional energy: 0
Softcore molecules non-bonded energy: 15.0075
Softcore molecules electrostatics energy: 0
Softcore molecules external potential energy: 0
Softcore molecules Potential energy: 15.0075
Softcore molecules field coupling energy: 0

Final Explicit Charge: 0

Time used by 100000 calculation steps on 1 processors: 0 Hours 6 Minutes 34 Seconds.

@CulgiVersion: 6.0.0
MBF-Hybrid Simulation of box
Job Start time: Fri Apr  6 16:17:26 2012
----------------------------------------------------------------------------

Simulation Parameters:
----------------------

Field Diffusion: on
Bead Diffusion: off
Field Diffusion frequency: 1
Time step: 0.01

DDFT Engine parameters: 
Field diffusion Method: EntropyFieldDynamics
Kappa: 15
Reference density: 1

NLESolverEngine parameters, DDFT Molecular Diffusion
Strict tolerance: On
Direction optimization Method: SteepestDescent
Starting Alpha: 0.5
Reset Alpha: On
Tolerance: 0.0001
Maximum Iterations: 25000
Maximum Line Iterations: 5

Gaussian chain interaction parameters:
---------------------------------------

Bead parameters:
Type  Volume  Diffusion  Viscosity  Expansion  ExtFieldConst  ChargeType  Charge  pK   Dielec  ImplIonInter  
A     1       1          1          0.05       1              Strong      0       N/A  1       0             
B     1       1          1          0.05       1              Strong      0       N/A  1       0             

Binary interaction parameters:
Type1  Type2  Chi  ChiL  
A      B      0    0     

Mesoscopic bead-field hybrid interaction parameters:
----------------------------------------------------

Bead-Field coupling parameters:
Bead  Field  parameter  
C     A      1          
C     B      1          
S     A      1          
S     B      1          

System Details:
---------------

Box: 64 X 64 X 1
GAUSSIANCHAIN: bcp (A20B16):  (Average number density: 0.929688)
Overall gaussian beads number density: 0.929688
SOFTCORECOLLOID: np: 512 (Bead fraction: 0.547529)
Overall Soft-core bead number density: 1.125


Initial Gaussian Chains Density Inhomogeneity: 4.00791e-14

Initial Explicit Charge: 0

Initial Energies:
Gaussian total free energy: -340.671
Gaussian ideal free energy: -492.546
Gaussian contact free energy: 0
Gaussian compressibility free energy: 151.875
Gaussian electrostatic free energy: 0
Softcore molecules field coupling energy: 4284

Average Energies:
Gaussian total free energy: -149.393
Gaussian ideal free energy: -488.662
Gaussian contact free energy: 0
Gaussian compressibility free energy: 339.269
Gaussian electrostatic free energy: 0
Softcore molecules field coupling energy: 3901.24

Average Explicit Charge: 0

Average Gaussian Chains Density Inhomogeneity: 0.0390647

Final Energies:
Gaussian total free energy: -149.365
Gaussian ideal free energy: -488.662
Gaussian contact free energy: 0
Gaussian compressibility free energy: 339.297
Gaussian electrostatic free energy: 0
Softcore molecules field coupling energy: 3901.16

Final Gaussian Chains Density Inhomogeneity: 0.0390688

Iteration report, DDFT Molecular Diffusion
Number of solves: 10000
Number of function calls: 48130
Average number of iterations: 3.813 (min 3, max 6)
Average end norm: 6.06612e-05 (min 4.37617e-05, max 9.99975e-05)


Final Explicit Charge: 0

Time used by 10000 calculation steps on 1 processors: 0 Hours 13 Minutes 31 Seconds.

@CulgiVersion: 6.0.0
MBF-Hybrid Simulation of box
Job Start time: Fri Apr  6 16:30:57 2012
----------------------------------------------------------------------------

Simulation Parameters:
----------------------

Field Diffusion: on
Bead Diffusion: on
Temperature: 0.2
Bead Diffusion frequency: 1
Field Diffusion frequency: 1
Time step: 0.01

DDFT Engine parameters: 
Field diffusion Method: EntropyFieldDynamics
Kappa: 15
Reference density: 1

NLESolverEngine parameters, DDFT Molecular Diffusion
Strict tolerance: On
Direction optimization Method: SteepestDescent
Starting Alpha: 0.5
Reset Alpha: On
Tolerance: 0.0001
Maximum Iterations: 25000
Maximum Line Iterations: 5

Gaussian chain interaction parameters:
---------------------------------------

Bead parameters:
Type  Volume  Diffusion  Viscosity  Expansion  ExtFieldConst  ChargeType  Charge  pK   Dielec  ImplIonInter  
A     1       1          1          0.05       1              Strong      0       N/A  1       0             
B     1       1          1          0.05       1              Strong      0       N/A  1       0             

Binary interaction parameters:
Type1  Type2  Chi       ChiL  
A      B      0.888889  0     

Soft core model interaction parameters:
---------------------------------------

Bead parameters:
Type  Mass  BondValence  Diffusion  Sigma  ExtFieldConst  ChargeType  Charge  pK   Dielec  ImplIonInter  
C     1     2            0.04       0.8    1              Strong      0       N/A  1       0             
S     1     2            0.04       0.8    1              Strong      0       N/A  1       0             

Pair interaction parameters:
Type1  Type2  A    
C      C      0.5  
C      S      0.5  
S      S      0.5  

Mesoscopic bead-field hybrid interaction parameters:
----------------------------------------------------

Bead-Field coupling parameters:
Bead  Field  parameter  
C     A      1          
C     B      4          
S     A      1          
S     B      4          

System Details:
---------------

Box: 64 X 64 X 1
GAUSSIANCHAIN: bcp (A20B16):  (Average number density: 0.929688)
Overall gaussian beads number density: 0.929688
SOFTCORECOLLOID: np: 512 (Bead fraction: 0.547529)
Overall Soft-core bead number density: 1.125


Initial Gaussian Chains Density Inhomogeneity: 0.0390688

Initial Explicit Charge: 0

Initial Energies:
Softcore molecules bond stretching energy: 0
Softcore molecules angle bending energy: 0
Softcore molecules torsional energy: 0
Softcore molecules non-bonded energy: 15.0075
Softcore molecules electrostatics energy: 0
Softcore molecules external potential energy: 0
Softcore molecules Potential energy: 9121.71
Gaussian total free energy: 631.15
Gaussian ideal free energy: -488.662
Gaussian contact free energy: 780.515
Gaussian compressibility free energy: 339.297
Gaussian electrostatic free energy: 0
Softcore molecules field coupling energy: 9106.7

Average Energies:
Softcore molecules bond stretching energy: 0
Softcore molecules angle bending energy: 0
Softcore molecules torsional energy: 0
Softcore molecules non-bonded energy: 88.9326
Softcore molecules electrostatics energy: 0
Softcore molecules external potential energy: 0
Softcore molecules Potential energy: 3772.5
Gaussian total free energy: 699.753
Gaussian ideal free energy: -77.9442
Gaussian contact free energy: 256.303
Gaussian compressibility free energy: 521.393
Gaussian electrostatic free energy: 0
Softcore molecules field coupling energy: 3683.57

Average Explicit Charge: 0

Average Gaussian Chains Density Inhomogeneity: 0.411

Final Energies:
Softcore molecules bond stretching energy: 0
Softcore molecules angle bending energy: 0
Softcore molecules torsional energy: 0
Softcore molecules non-bonded energy: 94.4544
Softcore molecules electrostatics energy: 0
Softcore molecules external potential energy: 0
Softcore molecules Potential energy: 3739.74
Gaussian total free energy: 628.876
Gaussian ideal free energy: -104.25
Gaussian contact free energy: 247.387
Gaussian compressibility free energy: 485.739
Gaussian electrostatic free energy: 0
Softcore molecules field coupling energy: 3645.28

Final Gaussian Chains Density Inhomogeneity: 0.409079

Iteration report, DDFT Molecular Diffusion
Number of solves: 1100000
Number of function calls: 8829596
Average number of iterations: 7.02532 (min 7, max 171)
Average end norm: 7.62683e-05 (min 2.31351e-06, max 0.0001)


Final Explicit Charge: 0

Plugins and corresponding results from this calculation:----------

Archive Plugin:
Archive mode: Text
Archive file name: tt11000.csa
Archive frequency: 100

Instant results Plugin:
Instant results file name: tt11000_Inst.ctf
Instant results frequency: 10

Time used by 1100000 calculation steps on 1 processors: 42 Hours 54 Minutes 29 Seconds.

