@CulgiVersion: 5.0.1
MBF-Hybrid Simulation of box
Job Start time: Fri Sep 30 06:03:26 2011
----------------------------------------------------------------------------

Simulation Parameters:
----------------------

Field Diffusion: on
Bead Diffusion: on
Temperature: 0.1
Bead Diffusion frequency: 1
Field Diffusion frequency: 1
Time step: 0.01

DDFT Engine parameters: 
Field diffusion Method: EntropyFieldDynamics
Kappa: 15
Reference density: 1

NLESolverEngine parameters, DDFT Molecular Diffusion
Strict tolerance: On
Direction optimization Method: SteepestDescent
Starting Alpha: 0.5
Reset Alpha: On
Tolerance: 0.0001
Maximum Iterations: 25000
Maximum Line Iterations: 5

Gaussian chain interaction parameters:
---------------------------------------

Bead parameters:
Type  Volume  Diffusion  Viscosity  Expansion  ExtFieldConst  ChargeType  Charge  pK   Dielec  ImplIonInter  
A     1       1          1          0.1        1              Strong      0       N/A  1       0             
B     1       1          1          0.1        1              Strong      0       N/A  1       0             

Binary interaction parameters:
Type1  Type2  Chi  ChiL  
A      B      0    0     

Soft core model interaction parameters:
---------------------------------------

Bead parameters:
Type  Mass  BondValence  Diffusion  Sigma  ExtFieldConst  ChargeType  Charge  pK   Dielec  ImplIonInter  
P     1     2            0          0.8    1              Strong      0       N/A  1       0             

Pair interaction parameters:
Type1  Type2  A   
P      P      25  

Mesoscopic bead-field hybrid interaction parameters:
----------------------------------------------------

Bead-Field coupling parameters:
Bead  Field  parameter  
P     A      6          
P     B      6          

System Details:
---------------

Box: 64 X 64 X 1
GAUSSIANCHAIN: bcp (A10B8):  (Average number density: 0.862671)
Overall gaussian beads number density: 0.862671
SOFTCOREMOLECULE: np: 1500 (Bead fraction: 0.298003)
Overall Soft-core bead number density: 0.366211

Initial Gaussian Chains Density Inhomogeneity: 1.06026e-14

Initial Explicit Charge: 0

Initial Energies:
Softcore molecules bond stretching energy: 0
Softcore molecules angle bending energy: 0
Softcore molecules torsional energy: 0
Softcore molecules non-bonded energy: 2.36179
Softcore molecules electrostatics energy: 0
Softcore molecules external potential energy: 0
Softcore molecules Potential energy: 7766.4
Gaussian total free energy: -213.343
Gaussian ideal free energy: -792.7
Gaussian contact free energy: 0
Gaussian compressibility free energy: 579.357
Gaussian electrostatic free energy: 0
Softcore molecules field coupling energy: 7764.04

Average Energies:
Softcore molecules bond stretching energy: 0
Softcore molecules angle bending energy: 0
Softcore molecules torsional energy: 0
Softcore molecules non-bonded energy: 2.36179
Softcore molecules electrostatics energy: 0
Softcore molecules external potential energy: 0
Softcore molecules Potential energy: 7603.51
Gaussian total free energy: -131.872
Gaussian ideal free energy: -789.508
Gaussian contact free energy: 0
Gaussian compressibility free energy: 657.636
Gaussian electrostatic free energy: 0
Softcore molecules field coupling energy: 7601.14

Average Explicit Charge: 0

Average Gaussian Chains Density Inhomogeneity: 0.0252937

Final Energies:
Softcore molecules bond stretching energy: 0
Softcore molecules angle bending energy: 0
Softcore molecules torsional energy: 0
Softcore molecules non-bonded energy: 2.36179
Softcore molecules electrostatics energy: 0
Softcore molecules external potential energy: 0
Softcore molecules Potential energy: 7603.45
Gaussian total free energy: -131.844
Gaussian ideal free energy: -789.507
Gaussian contact free energy: 0
Gaussian compressibility free energy: 657.664
Gaussian electrostatic free energy: 0
Softcore molecules field coupling energy: 7601.09

Final Gaussian Chains Density Inhomogeneity: 0.0252973

Iteration report, DDFT Molecular Diffusion
Number of solves: 10000
Number of function calls: 56491
Average number of iterations: 4.6491 (min 4, max 6)
Average end norm: 6.75854e-05 (min 4.70371e-05, max 9.99985e-05)


Final Explicit Charge: 0

Time used by 10000 calculation steps on 2 processors: 0 Hours 4 Minutes 29 Seconds.

@CulgiVersion: 5.0.1
MBF-Hybrid Simulation of box
Job Start time: Fri Sep 30 06:07:55 2011
----------------------------------------------------------------------------

Simulation Parameters:
----------------------

Field Diffusion: on
Bead Diffusion: on
Temperature: 0.1
Bead Diffusion frequency: 1
Field Diffusion frequency: 1
Time step: 0.01

DDFT Engine parameters: 
Field diffusion Method: EntropyFieldDynamics
Kappa: 15
Reference density: 1

NLESolverEngine parameters, DDFT Molecular Diffusion
Strict tolerance: On
Direction optimization Method: SteepestDescent
Starting Alpha: 0.5
Reset Alpha: On
Tolerance: 0.0001
Maximum Iterations: 25000
Maximum Line Iterations: 5

Gaussian chain interaction parameters:
---------------------------------------

Bead parameters:
Type  Volume  Diffusion  Viscosity  Expansion  ExtFieldConst  ChargeType  Charge  pK   Dielec  ImplIonInter  
A     1       1          1          0.1        1              Strong      0       N/A  1       0             
B     1       1          1          0.1        1              Strong      0       N/A  1       0             

Binary interaction parameters:
Type1  Type2  Chi      ChiL  
A      B      1.33333  0     

Soft core model interaction parameters:
---------------------------------------

Bead parameters:
Type  Mass  BondValence  Diffusion  Sigma  ExtFieldConst  ChargeType  Charge  pK   Dielec  ImplIonInter  
P     1     2            0.1        0.8    1              Strong      0       N/A  1       0             

Pair interaction parameters:
Type1  Type2  A   
P      P      25  

Mesoscopic bead-field hybrid interaction parameters:
----------------------------------------------------

Bead-Field coupling parameters:
Bead  Field  parameter  
P     A      6          
P     B      12         

System Details:
---------------

Box: 64 X 64 X 1
GAUSSIANCHAIN: bcp (A10B8):  (Average number density: 0.862671)
Overall gaussian beads number density: 0.862671
SOFTCOREMOLECULE: np: 1500 (Bead fraction: 0.298003)
Overall Soft-core bead number density: 0.366211

Initial Gaussian Chains Density Inhomogeneity: 0.0252973

Initial Explicit Charge: 0

Initial Energies:
Softcore molecules bond stretching energy: 0
Softcore molecules angle bending energy: 0
Softcore molecules torsional energy: 0
Softcore molecules non-bonded energy: 2.36179
Softcore molecules electrostatics energy: 0
Softcore molecules external potential energy: 0
Softcore molecules Potential energy: 10982.3
Gaussian total free energy: 872.962
Gaussian ideal free energy: -789.507
Gaussian contact free energy: 1004.81
Gaussian compressibility free energy: 657.664
Gaussian electrostatic free energy: 0
Softcore molecules field coupling energy: 10979.9

Average Energies:
Softcore molecules bond stretching energy: 0
Softcore molecules angle bending energy: 0
Softcore molecules torsional energy: 0
Softcore molecules non-bonded energy: 173.533
Softcore molecules electrostatics energy: 0
Softcore molecules external potential energy: 0
Softcore molecules Potential energy: 5733.86
Gaussian total free energy: 1995.61
Gaussian ideal free energy: -177.564
Gaussian contact free energy: 397.941
Gaussian compressibility free energy: 1775.23
Gaussian electrostatic free energy: 0
Softcore molecules field coupling energy: 5560.33

Average Explicit Charge: 0

Average Gaussian Chains Density Inhomogeneity: 0.378688

Final Energies:
Softcore molecules bond stretching energy: 0
Softcore molecules angle bending energy: 0
Softcore molecules torsional energy: 0
Softcore molecules non-bonded energy: 176.534
Softcore molecules electrostatics energy: 0
Softcore molecules external potential energy: 0
Softcore molecules Potential energy: 5720.86
Gaussian total free energy: 1922.49
Gaussian ideal free energy: -179.48
Gaussian contact free energy: 396.526
Gaussian compressibility free energy: 1705.44
Gaussian electrostatic free energy: 0
Softcore molecules field coupling energy: 5544.33

Final Gaussian Chains Density Inhomogeneity: 0.377577

Iteration report, DDFT Molecular Diffusion
Number of solves: 5500000
Number of function calls: 49995595
Average number of iterations: 8.09 (min 8, max 197)
Average end norm: 8.22249e-05 (min 2.19923e-06, max 0.0001)


Final Explicit Charge: 0

Time used by 5500000 calculation steps on 2 processors: 72 Hours 13 Minutes 36 Seconds.

