@CulgiVersion: 6.0.0
MBF-Hybrid Simulation of box
Job Start time: Wed Mar 14 13:41:57 2012
----------------------------------------------------------------------------

Simulation Parameters:
----------------------

Field Diffusion: off
Bead Diffusion: on
Temperature: 0.1
Bead Diffusion frequency: 1
Time step: 0.01

Soft core model interaction parameters:
---------------------------------------

Bead parameters:
Type  Mass  BondValence  Diffusion  Sigma  ExtFieldConst  ChargeType  Charge  pK   Dielec  ImplIonInter  
C     1     2            0.04       0.8    1              Strong      0       N/A  1       0             
S     1     2            0.04       0.8    1              Strong      0       N/A  1       0             

Pair interaction parameters:
Type1  Type2  A  
C      C      5  
C      S      5  
S      S      5  

Mesoscopic bead-field hybrid interaction parameters:
----------------------------------------------------

Bead-Field coupling parameters:
Bead  Field  parameter  
C     A      0          
C     B      0          
S     A      0          
S     B      0          

System Details:
---------------

Box: 64 X 64 X 1
GAUSSIANCHAIN: bcp (A20B16):  (Average number density: 0.683594)
Overall gaussian beads number density: 0.683594
SOFTCORECOLLOID: np: 768 (Bead fraction: 0.711697)
Overall Soft-core bead number density: 1.6875


Initial Explicit Charge: 0

Initial Energies:
Softcore molecules bond stretching energy: 0
Softcore molecules angle bending energy: 0
Softcore molecules torsional energy: 0
Softcore molecules non-bonded energy: 7827.96
Softcore molecules electrostatics energy: 0
Softcore molecules external potential energy: 0
Softcore molecules Potential energy: 7827.96
Softcore molecules field coupling energy: 0

Average Energies:
Softcore molecules bond stretching energy: 0
Softcore molecules angle bending energy: 0
Softcore molecules torsional energy: 0
Softcore molecules non-bonded energy: 18.3312
Softcore molecules electrostatics energy: 0
Softcore molecules external potential energy: 0
Softcore molecules Potential energy: 18.3312
Softcore molecules field coupling energy: 0

Average Explicit Charge: 0

Final Energies:
Softcore molecules bond stretching energy: 0
Softcore molecules angle bending energy: 0
Softcore molecules torsional energy: 0
Softcore molecules non-bonded energy: 10.4296
Softcore molecules electrostatics energy: 0
Softcore molecules external potential energy: 0
Softcore molecules Potential energy: 10.4296
Softcore molecules field coupling energy: 0

Final Explicit Charge: 0

Time used by 100000 calculation steps on 1 processors: 0 Hours 9 Minutes 42 Seconds.

@CulgiVersion: 6.0.0
MBF-Hybrid Simulation of box
Job Start time: Wed Mar 14 13:51:40 2012
----------------------------------------------------------------------------

Simulation Parameters:
----------------------

Field Diffusion: on
Bead Diffusion: off
Field Diffusion frequency: 1
Time step: 0.01

DDFT Engine parameters: 
Field diffusion Method: EntropyFieldDynamics
Kappa: 15
Reference density: 1

NLESolverEngine parameters, DDFT Molecular Diffusion
Strict tolerance: On
Direction optimization Method: SteepestDescent
Starting Alpha: 0.5
Reset Alpha: On
Tolerance: 0.0001
Maximum Iterations: 25000
Maximum Line Iterations: 5

Gaussian chain interaction parameters:
---------------------------------------

Bead parameters:
Type  Volume  Diffusion  Viscosity  Expansion  ExtFieldConst  ChargeType  Charge  pK   Dielec  ImplIonInter  
A     1       1          1          0.1        1              Strong      0       N/A  1       0             
B     1       1          1          0.1        1              Strong      0       N/A  1       0             

Binary interaction parameters:
Type1  Type2  Chi  ChiL  
A      B      0    0     

Mesoscopic bead-field hybrid interaction parameters:
----------------------------------------------------

Bead-Field coupling parameters:
Bead  Field  parameter  
C     A      3          
C     B      3          
S     A      3          
S     B      3          

System Details:
---------------

Box: 64 X 64 X 1
GAUSSIANCHAIN: bcp (A20B16):  (Average number density: 0.683594)
Overall gaussian beads number density: 0.683594
SOFTCORECOLLOID: np: 768 (Bead fraction: 0.711697)
Overall Soft-core bead number density: 1.6875


Initial Gaussian Chains Density Inhomogeneity: 1.81521e-14

Initial Explicit Charge: 0

Initial Energies:
Gaussian total free energy: 2689.39
Gaussian ideal free energy: -386.082
Gaussian contact free energy: 0
Gaussian compressibility free energy: 3075.47
Gaussian electrostatic free energy: 0
Softcore molecules field coupling energy: 14175

Average Energies:
Gaussian total free energy: 4006.48
Gaussian ideal free energy: -333.012
Gaussian contact free energy: 0
Gaussian compressibility free energy: 4339.5
Gaussian electrostatic free energy: 0
Softcore molecules field coupling energy: 11532.5

Average Explicit Charge: 0

Average Gaussian Chains Density Inhomogeneity: 0.101435

Final Energies:
Gaussian total free energy: 4007.33
Gaussian ideal free energy: -332.988
Gaussian contact free energy: 0
Gaussian compressibility free energy: 4340.32
Gaussian electrostatic free energy: 0
Softcore molecules field coupling energy: 11531.2

Final Gaussian Chains Density Inhomogeneity: 0.101473

Iteration report, DDFT Molecular Diffusion
Number of solves: 10000
Number of function calls: 57438
Average number of iterations: 4.7438 (min 4, max 9)
Average end norm: 6.3548e-05 (min 4.36877e-05, max 9.9999e-05)


Final Explicit Charge: 0

Time used by 10000 calculation steps on 1 processors: 0 Hours 17 Minutes 7 Seconds.

@CulgiVersion: 6.0.0
MBF-Hybrid Simulation of box
Job Start time: Wed Mar 14 14:08:48 2012
----------------------------------------------------------------------------

Simulation Parameters:
----------------------

Field Diffusion: on
Bead Diffusion: on
Temperature: 0.1
Bead Diffusion frequency: 1
Field Diffusion frequency: 1
Time step: 0.01

DDFT Engine parameters: 
Field diffusion Method: EntropyFieldDynamics
Kappa: 15
Reference density: 1

NLESolverEngine parameters, DDFT Molecular Diffusion
Strict tolerance: On
Direction optimization Method: SteepestDescent
Starting Alpha: 0.5
Reset Alpha: On
Tolerance: 0.0001
Maximum Iterations: 25000
Maximum Line Iterations: 5

Gaussian chain interaction parameters:
---------------------------------------

Bead parameters:
Type  Volume  Diffusion  Viscosity  Expansion  ExtFieldConst  ChargeType  Charge  pK   Dielec  ImplIonInter  
A     1       1          1          0.1        1              Strong      0       N/A  1       0             
B     1       1          1          0.1        1              Strong      0       N/A  1       0             

Binary interaction parameters:
Type1  Type2  Chi       ChiL  
A      B      0.666667  0     

Soft core model interaction parameters:
---------------------------------------

Bead parameters:
Type  Mass  BondValence  Diffusion  Sigma  ExtFieldConst  ChargeType  Charge  pK   Dielec  ImplIonInter  
C     1     2            0.04       0.8    1              Strong      0       N/A  1       0             
S     1     2            0.04       0.8    1              Strong      0       N/A  1       0             

Pair interaction parameters:
Type1  Type2  A  
C      C      5  
C      S      5  
S      S      5  

Mesoscopic bead-field hybrid interaction parameters:
----------------------------------------------------

Bead-Field coupling parameters:
Bead  Field  parameter  
C     A      3          
C     B      6          
S     A      3          
S     B      6          

System Details:
---------------

Box: 64 X 64 X 1
GAUSSIANCHAIN: bcp (A20B16):  (Average number density: 0.683594)
Overall gaussian beads number density: 0.683594
SOFTCORECOLLOID: np: 768 (Bead fraction: 0.711697)
Overall Soft-core bead number density: 1.6875


Initial Gaussian Chains Density Inhomogeneity: 0.101473

Initial Explicit Charge: 0

Initial Energies:
Softcore molecules bond stretching energy: 0
Softcore molecules angle bending energy: 0
Softcore molecules torsional energy: 0
Softcore molecules non-bonded energy: 10.4296
Softcore molecules electrostatics energy: 0
Softcore molecules external potential energy: 0
Softcore molecules Potential energy: 16672.7
Gaussian total free energy: 4336.61
Gaussian ideal free energy: -332.988
Gaussian contact free energy: 329.278
Gaussian compressibility free energy: 4340.32
Gaussian electrostatic free energy: 0
Softcore molecules field coupling energy: 16662.2

Average Energies:
Softcore molecules bond stretching energy: 0
Softcore molecules angle bending energy: 0
Softcore molecules torsional energy: 0
Softcore molecules non-bonded energy: 1025.36
Softcore molecules electrostatics energy: 0
Softcore molecules external potential energy: 0
Softcore molecules Potential energy: 5536.1
Gaussian total free energy: 7904.87
Gaussian ideal free energy: -104.11
Gaussian contact free energy: 193.274
Gaussian compressibility free energy: 7815.71
Gaussian electrostatic free energy: 0
Softcore molecules field coupling energy: 4510.75

Average Explicit Charge: 0

Average Gaussian Chains Density Inhomogeneity: 0.363746

Final Energies:
Softcore molecules bond stretching energy: 0
Softcore molecules angle bending energy: 0
Softcore molecules torsional energy: 0
Softcore molecules non-bonded energy: 1081.71
Softcore molecules electrostatics energy: 0
Softcore molecules external potential energy: 0
Softcore molecules Potential energy: 5150.28
Gaussian total free energy: 8097.65
Gaussian ideal free energy: -121.529
Gaussian contact free energy: 188.121
Gaussian compressibility free energy: 8031.05
Gaussian electrostatic free energy: 0
Softcore molecules field coupling energy: 4068.58

Final Gaussian Chains Density Inhomogeneity: 0.369435

Iteration report, DDFT Molecular Diffusion
Number of solves: 1100000
Number of function calls: 10890325
Average number of iterations: 8.9 (min 8, max 252)
Average end norm: 6.1365e-05 (min 1.29137e-05, max 9.99999e-05)


Final Explicit Charge: 0

Plugins and corresponding results from this calculation:----------

Archive Plugin:
Archive mode: Text
Archive file name: tt11000.csa
Archive frequency: 100

Instant results Plugin:
Instant results file name: tt11000_Inst.ctf
Instant results frequency: 10

Time used by 1100000 calculation steps on 1 processors: 54 Hours 28 Minutes 49 Seconds.

