@CulgiVersion: 5.0.1
MBF-Hybrid Simulation of box
Job Start time: Thu Sep  8 22:35:14 2011
----------------------------------------------------------------------------

Simulation Parameters:
----------------------

Field Diffusion: on
Bead Diffusion: on
Temperature: 0.1
Bead Diffusion frequency: 1
Field Diffusion frequency: 1
Time step: 0.01

DDFT Engine parameters: 
Field diffusion Method: EntropyFieldDynamics
Kappa: 15
Reference density: 1

NLESolverEngine parameters, DDFT Molecular Diffusion
Strict tolerance: On
Direction optimization Method: SteepestDescent
Starting Alpha: 0.5
Reset Alpha: On
Tolerance: 0.0001
Maximum Iterations: 25000
Maximum Line Iterations: 5

Gaussian chain interaction parameters:
---------------------------------------

Bead parameters:
Type  Volume  Diffusion  Viscosity  Expansion  ExtFieldConst  ChargeType  Charge  pK   Dielec  ImplIonInter  
A     1       1          1          0.1        1              Strong      0       N/A  1       0             
B     1       1          1          0.1        1              Strong      0       N/A  1       0             

Binary interaction parameters:
Type1  Type2  Chi       ChiL  
A      B      0.666667  0     

Soft core model interaction parameters:
---------------------------------------

Bead parameters:
Type  Mass  BondValence  Diffusion  Sigma  ExtFieldConst  ChargeType  Charge  pK   Dielec  ImplIonInter  
P     1     2            0.1        0.8    1              Strong      0       N/A  1       0             

Pair interaction parameters:
Type1  Type2  A   
P      P      25  

Mesoscopic bead-field hybrid interaction parameters:
----------------------------------------------------

Bead-Field coupling parameters:
Bead  Field  parameter  
P     A      8          
P     B      16         

System Details:
---------------

Box: 64 X 64 X 1
GAUSSIANCHAIN: bcp (A20B16):  (Average number density: 0.633789)
Overall gaussian beads number density: 0.633789
SOFTCOREMOLECULE: np: 3000 (Bead fraction: 0.536097)
Overall Soft-core bead number density: 0.732422

Initial Gaussian Chains Density Inhomogeneity: 3.46945e-15

Initial Explicit Charge: 0

Initial Energies:
Softcore molecules bond stretching energy: 0
Softcore molecules angle bending energy: 0
Softcore molecules torsional energy: 0
Softcore molecules non-bonded energy: 7576.52
Softcore molecules electrostatics energy: 0
Softcore molecules external potential energy: 0
Softcore molecules Potential energy: 29547.9
Gaussian total free energy: 4027.3
Gaussian ideal free energy: -363.408
Gaussian contact free energy: 270.834
Gaussian compressibility free energy: 4119.87
Gaussian electrostatic free energy: 0
Softcore molecules field coupling energy: 21971.4

Average Energies:
Softcore molecules bond stretching energy: 0
Softcore molecules angle bending energy: 0
Softcore molecules torsional energy: 0
Softcore molecules non-bonded energy: 968.231
Softcore molecules electrostatics energy: 0
Softcore molecules external potential energy: 0
Softcore molecules Potential energy: 9543.86
Gaussian total free energy: 7556.55
Gaussian ideal free energy: -51.3866
Gaussian contact free energy: 124.679
Gaussian compressibility free energy: 7483.26
Gaussian electrostatic free energy: 0
Softcore molecules field coupling energy: 8575.63

Average Explicit Charge: 0

Average Gaussian Chains Density Inhomogeneity: 0.332821

Final Energies:
Softcore molecules bond stretching energy: 0
Softcore molecules angle bending energy: 0
Softcore molecules torsional energy: 0
Softcore molecules non-bonded energy: 976.475
Softcore molecules electrostatics energy: 0
Softcore molecules external potential energy: 0
Softcore molecules Potential energy: 9395.69
Gaussian total free energy: 7601.63
Gaussian ideal free energy: -50.9984
Gaussian contact free energy: 120.202
Gaussian compressibility free energy: 7532.42
Gaussian electrostatic free energy: 0
Softcore molecules field coupling energy: 8419.22

Final Gaussian Chains Density Inhomogeneity: 0.33485

Iteration report, DDFT Molecular Diffusion
Number of solves: 1100000
Number of function calls: 11001538
Average number of iterations: 9.00091 (min 8, max 847)
Average end norm: 5.90308e-05 (min 1.94963e-05, max 9.99998e-05)


Final Explicit Charge: 0

Time used by 1100000 calculation steps on 8 processors: 9 Hours 48 Minutes 8 Seconds.

