@CulgiVersion: 5.0.1
MBF-Hybrid Simulation of box
Job Start time: Fri Feb 10 04:58:44 2012
----------------------------------------------------------------------------

Simulation Parameters:
----------------------

Field Diffusion: off
Bead Diffusion: on
Temperature: 0.1
Bead Diffusion frequency: 1
Time step: 0.01

Soft core model interaction parameters:
---------------------------------------

Bead parameters:
Type  Mass  BondValence  Diffusion  Sigma  ExtFieldConst  ChargeType  Charge  pK   Dielec  ImplIonInter  
P     1     2            0.1        0.8    1              Strong      0       N/A  1       0             

Pair interaction parameters:
Type1  Type2  A   
P      P      10  

Mesoscopic bead-field hybrid interaction parameters:
----------------------------------------------------

Bead-Field coupling parameters:
Bead  Field  parameter  
P     A      0          
P     B      0          

System Details:
---------------

Box: 64 X 64 X 1
GAUSSIANCHAIN: bcp (A20B16):  (Average number density: 0.976562)
Overall gaussian beads number density: 0.976562
SOFTCOREMOLECULE: np: 256 (Bead fraction: 0.0601504)
Overall Soft-core bead number density: 0.0625

Initial Explicit Charge: 0

Initial Energies:
Softcore molecules bond stretching energy: 0
Softcore molecules angle bending energy: 0
Softcore molecules torsional energy: 0
Softcore molecules non-bonded energy: 6.95046
Softcore molecules electrostatics energy: 0
Softcore molecules external potential energy: 0
Softcore molecules Potential energy: 6.95046
Softcore molecules field coupling energy: 0

Average Energies:
Softcore molecules bond stretching energy: 0
Softcore molecules angle bending energy: 0
Softcore molecules torsional energy: 0
Softcore molecules non-bonded energy: 0.257772
Softcore molecules electrostatics energy: 0
Softcore molecules external potential energy: 0
Softcore molecules Potential energy: 0.257772
Softcore molecules field coupling energy: 0

Average Explicit Charge: 0

Final Energies:
Softcore molecules bond stretching energy: 0
Softcore molecules angle bending energy: 0
Softcore molecules torsional energy: 0
Softcore molecules non-bonded energy: 0.448296
Softcore molecules electrostatics energy: 0
Softcore molecules external potential energy: 0
Softcore molecules Potential energy: 0.448296
Softcore molecules field coupling energy: 0

Final Explicit Charge: 0

Time used by 100900 calculation steps on 2 processors: 0 Hours 0 Minutes 28 Seconds.

@CulgiVersion: 5.0.1
MBF-Hybrid Simulation of box
Job Start time: Fri Feb 10 04:59:12 2012
----------------------------------------------------------------------------

Simulation Parameters:
----------------------

Field Diffusion: on
Bead Diffusion: off
Field Diffusion frequency: 1
Time step: 0.01

DDFT Engine parameters: 
Field diffusion Method: EntropyFieldDynamics
Kappa: 15
Reference density: 1

NLESolverEngine parameters, DDFT Molecular Diffusion
Strict tolerance: On
Direction optimization Method: SteepestDescent
Starting Alpha: 0.5
Reset Alpha: On
Tolerance: 0.0001
Maximum Iterations: 25000
Maximum Line Iterations: 5

Gaussian chain interaction parameters:
---------------------------------------

Bead parameters:
Type  Volume  Diffusion  Viscosity  Expansion  ExtFieldConst  ChargeType  Charge  pK   Dielec  ImplIonInter  
A     1       1          1          0.1        1              Strong      0       N/A  1       0             
B     1       1          1          0.1        1              Strong      0       N/A  1       0             

Binary interaction parameters:
Type1  Type2  Chi  ChiL  
A      B      0    0     

Mesoscopic bead-field hybrid interaction parameters:
----------------------------------------------------

Bead-Field coupling parameters:
Bead  Field  parameter  
P     A      6          
P     B      6          

System Details:
---------------

Box: 64 X 64 X 1
GAUSSIANCHAIN: bcp (A20B16):  (Average number density: 0.976562)
Overall gaussian beads number density: 0.976562
SOFTCOREMOLECULE: np: 256 (Bead fraction: 0.0601504)
Overall Soft-core bead number density: 0.0625

Initial Gaussian Chains Density Inhomogeneity: 2.15383e-14

Initial Explicit Charge: 0

Initial Energies:
Gaussian total free energy: -495.04
Gaussian ideal free energy: -511.915
Gaussian contact free energy: 0
Gaussian compressibility free energy: 16.875
Gaussian electrostatic free energy: 0
Softcore molecules field coupling energy: 761.719

Average Energies:
Gaussian total free energy: -425.81
Gaussian ideal free energy: -510.29
Gaussian contact free energy: 0
Gaussian compressibility free energy: 84.4798
Gaussian electrostatic free energy: 0
Softcore molecules field coupling energy: 691.173

Average Explicit Charge: 0

Average Gaussian Chains Density Inhomogeneity: 0.0235611

Final Energies:
Gaussian total free energy: -425.764
Gaussian ideal free energy: -510.288
Gaussian contact free energy: 0
Gaussian compressibility free energy: 84.5239
Gaussian electrostatic free energy: 0
Softcore molecules field coupling energy: 691.138

Final Gaussian Chains Density Inhomogeneity: 0.0235731

Iteration report, DDFT Molecular Diffusion
Number of solves: 10000
Number of function calls: 56374
Average number of iterations: 4.6374 (min 4, max 6)
Average end norm: 6.81755e-05 (min 4.6529e-05, max 9.99969e-05)


Final Explicit Charge: 0

Time used by 10000 calculation steps on 2 processors: 0 Hours 6 Minutes 41 Seconds.

@CulgiVersion: 5.0.1
MBF-Hybrid Simulation of box
Job Start time: Fri Feb 10 05:05:53 2012
----------------------------------------------------------------------------

Simulation Parameters:
----------------------

Field Diffusion: on
Bead Diffusion: on
Temperature: 0.1
Bead Diffusion frequency: 1
Field Diffusion frequency: 1
Time step: 0.01

DDFT Engine parameters: 
Field diffusion Method: EntropyFieldDynamics
Kappa: 15
Reference density: 1

NLESolverEngine parameters, DDFT Molecular Diffusion
Strict tolerance: On
Direction optimization Method: SteepestDescent
Starting Alpha: 0.5
Reset Alpha: On
Tolerance: 0.0001
Maximum Iterations: 25000
Maximum Line Iterations: 5

Gaussian chain interaction parameters:
---------------------------------------

Bead parameters:
Type  Volume  Diffusion  Viscosity  Expansion  ExtFieldConst  ChargeType  Charge  pK   Dielec  ImplIonInter  
A     1       1          1          0.1        1              Strong      0       N/A  1       0             
B     1       1          1          0.1        1              Strong      0       N/A  1       0             

Binary interaction parameters:
Type1  Type2  Chi       ChiL  
A      B      0.666667  0     

Soft core model interaction parameters:
---------------------------------------

Bead parameters:
Type  Mass  BondValence  Diffusion  Sigma  ExtFieldConst  ChargeType  Charge  pK   Dielec  ImplIonInter  
P     1     2            0.1        0.8    1              Strong      0       N/A  1       0             

Pair interaction parameters:
Type1  Type2  A   
P      P      10  

Mesoscopic bead-field hybrid interaction parameters:
----------------------------------------------------

Bead-Field coupling parameters:
Bead  Field  parameter  
P     A      6          
P     B      12         

System Details:
---------------

Box: 64 X 64 X 1
GAUSSIANCHAIN: bcp (A20B16):  (Average number density: 0.976563)
Overall gaussian beads number density: 0.976563
SOFTCOREMOLECULE: np: 256 (Bead fraction: 0.0601504)
Overall Soft-core bead number density: 0.0625

Initial Gaussian Chains Density Inhomogeneity: 0.0235731

Initial Explicit Charge: 0

Initial Energies:
Softcore molecules bond stretching energy: 0
Softcore molecules angle bending energy: 0
Softcore molecules torsional energy: 0
Softcore molecules non-bonded energy: 0.448296
Softcore molecules electrostatics energy: 0
Softcore molecules external potential energy: 0
Softcore molecules Potential energy: 1967.39
Gaussian total free energy: 218.086
Gaussian ideal free energy: -510.288
Gaussian contact free energy: 643.85
Gaussian compressibility free energy: 84.5239
Gaussian electrostatic free energy: 0
Softcore molecules field coupling energy: 1966.95

Average Energies:
Softcore molecules bond stretching energy: 0
Softcore molecules angle bending energy: 0
Softcore molecules torsional energy: 0
Softcore molecules non-bonded energy: 33.5676
Softcore molecules electrostatics energy: 0
Softcore molecules external potential energy: 0
Softcore molecules Potential energy: 1077.51
Gaussian total free energy: 250.167
Gaussian ideal free energy: -241.052
Gaussian contact free energy: 249.736
Gaussian compressibility free energy: 241.483
Gaussian electrostatic free energy: 0
Softcore molecules field coupling energy: 1043.94

Average Explicit Charge: 0

Average Gaussian Chains Density Inhomogeneity: 0.398408

Final Energies:
Softcore molecules bond stretching energy: 0
Softcore molecules angle bending energy: 0
Softcore molecules torsional energy: 0
Softcore molecules non-bonded energy: 43.2081
Softcore molecules electrostatics energy: 0
Softcore molecules external potential energy: 0
Softcore molecules Potential energy: 1031.71
Gaussian total free energy: 273.609
Gaussian ideal free energy: -242.466
Gaussian contact free energy: 248.008
Gaussian compressibility free energy: 268.067
Gaussian electrostatic free energy: 0
Softcore molecules field coupling energy: 988.505

Final Gaussian Chains Density Inhomogeneity: 0.399478

Iteration report, DDFT Molecular Diffusion
Number of solves: 1100000
Number of function calls: 10000115
Average number of iterations: 8.09101 (min 7, max 10)
Average end norm: 7.78834e-05 (min 4.78843e-05, max 0.0001)


Final Explicit Charge: 0

Time used by 1100000 calculation steps on 2 processors: 21 Hours 18 Minutes 28 Seconds.

