@CulgiVersion: 5.0.1
MBF-Hybrid Simulation of box
Job Start time: Tue Sep 27 14:27:25 2011
----------------------------------------------------------------------------

Simulation Parameters:
----------------------

Field Diffusion: on
Bead Diffusion: on
Temperature: 0.1
Bead Diffusion frequency: 1
Field Diffusion frequency: 1
Time step: 0.01

DDFT Engine parameters: 
Field diffusion Method: EntropyFieldDynamics
Kappa: 15
Reference density: 1

NLESolverEngine parameters, DDFT Molecular Diffusion
Strict tolerance: On
Direction optimization Method: SteepestDescent
Starting Alpha: 0.5
Reset Alpha: On
Tolerance: 0.0001
Maximum Iterations: 25000
Maximum Line Iterations: 5

Gaussian chain interaction parameters:
---------------------------------------

Bead parameters:
Type  Volume  Diffusion  Viscosity  Expansion  ExtFieldConst  ChargeType  Charge  pK   Dielec  ImplIonInter  
A     1       1          1          0.1        1              Strong      0       N/A  1       0             
B     1       1          1          0.1        1              Strong      0       N/A  1       0             

Binary interaction parameters:
Type1  Type2  Chi  ChiL  
A      B      0    0     

Soft core model interaction parameters:
---------------------------------------

Bead parameters:
Type  Mass  BondValence  Diffusion  Sigma  ExtFieldConst  ChargeType  Charge  pK   Dielec  ImplIonInter  
P     1     2            0          0.8    1              Strong      0       N/A  1       0             

Pair interaction parameters:
Type1  Type2  A   
P      P      25  

Mesoscopic bead-field hybrid interaction parameters:
----------------------------------------------------

Bead-Field coupling parameters:
Bead  Field  parameter  
P     A      9          
P     B      9          

System Details:
---------------

Box: 64 X 64 X 1
GAUSSIANCHAIN: bcp (A20B16):  (Average number density: 0.862671)
Overall gaussian beads number density: 0.862671
SOFTCOREMOLECULE: np: 1000 (Bead fraction: 0.22058)
Overall Soft-core bead number density: 0.244141

Initial Gaussian Chains Density Inhomogeneity: 1.06026e-14

Initial Explicit Charge: 0

Initial Energies:
Softcore molecules bond stretching energy: 0
Softcore molecules angle bending energy: 0
Softcore molecules torsional energy: 0
Softcore molecules non-bonded energy: 905.02
Softcore molecules electrostatics energy: 0
Softcore molecules external potential energy: 0
Softcore molecules Potential energy: 8669.06
Gaussian total free energy: 114.973
Gaussian ideal free energy: -464.384
Gaussian contact free energy: 0
Gaussian compressibility free energy: 579.357
Gaussian electrostatic free energy: 0
Softcore molecules field coupling energy: 7764.04

Average Energies:
Softcore molecules bond stretching energy: 0
Softcore molecules angle bending energy: 0
Softcore molecules torsional energy: 0
Softcore molecules non-bonded energy: 905.02
Softcore molecules electrostatics energy: 0
Softcore molecules external potential energy: 0
Softcore molecules Potential energy: 7308.41
Gaussian total free energy: 791.712
Gaussian ideal free energy: -444.458
Gaussian contact free energy: 0
Gaussian compressibility free energy: 1236.17
Gaussian electrostatic free energy: 0
Softcore molecules field coupling energy: 6403.39

Average Explicit Charge: 0

Average Gaussian Chains Density Inhomogeneity: 0.0731371

Final Energies:
Softcore molecules bond stretching energy: 0
Softcore molecules angle bending energy: 0
Softcore molecules torsional energy: 0
Softcore molecules non-bonded energy: 905.02
Softcore molecules electrostatics energy: 0
Softcore molecules external potential energy: 0
Softcore molecules Potential energy: 7307.76
Gaussian total free energy: 792.059
Gaussian ideal free energy: -444.446
Gaussian contact free energy: 0
Gaussian compressibility free energy: 1236.5
Gaussian electrostatic free energy: 0
Softcore molecules field coupling energy: 6402.74

Final Gaussian Chains Density Inhomogeneity: 0.0731592

Iteration report, DDFT Molecular Diffusion
Number of solves: 10000
Number of function calls: 56979
Average number of iterations: 4.6979 (min 4, max 10)
Average end norm: 6.70912e-05 (min 4.68607e-05, max 9.99984e-05)


Final Explicit Charge: 0

Time used by 10000 calculation steps on 2 processors: 0 Hours 7 Minutes 38 Seconds.

@CulgiVersion: 5.0.1
MBF-Hybrid Simulation of box
Job Start time: Tue Sep 27 14:35:03 2011
----------------------------------------------------------------------------

Simulation Parameters:
----------------------

Field Diffusion: on
Bead Diffusion: on
Temperature: 0.1
Bead Diffusion frequency: 1
Field Diffusion frequency: 1
Time step: 0.01

DDFT Engine parameters: 
Field diffusion Method: EntropyFieldDynamics
Kappa: 15
Reference density: 1

NLESolverEngine parameters, DDFT Molecular Diffusion
Strict tolerance: On
Direction optimization Method: SteepestDescent
Starting Alpha: 0.5
Reset Alpha: On
Tolerance: 0.0001
Maximum Iterations: 25000
Maximum Line Iterations: 5

Gaussian chain interaction parameters:
---------------------------------------

Bead parameters:
Type  Volume  Diffusion  Viscosity  Expansion  ExtFieldConst  ChargeType  Charge  pK   Dielec  ImplIonInter  
A     1       1          1          0.1        1              Strong      0       N/A  1       0             
B     1       1          1          0.1        1              Strong      0       N/A  1       0             

Binary interaction parameters:
Type1  Type2  Chi       ChiL  
A      B      0.666667  0     

Soft core model interaction parameters:
---------------------------------------

Bead parameters:
Type  Mass  BondValence  Diffusion  Sigma  ExtFieldConst  ChargeType  Charge  pK   Dielec  ImplIonInter  
P     1     2            0.01       0.8    1              Strong      0       N/A  1       0             

Pair interaction parameters:
Type1  Type2  A   
P      P      25  

Mesoscopic bead-field hybrid interaction parameters:
----------------------------------------------------

Bead-Field coupling parameters:
Bead  Field  parameter  
P     A      9          
P     B      16         

System Details:
---------------

Box: 64 X 64 X 1
GAUSSIANCHAIN: bcp (A20B16):  (Average number density: 0.862671)
Overall gaussian beads number density: 0.862671
SOFTCOREMOLECULE: np: 1000 (Bead fraction: 0.22058)
Overall Soft-core bead number density: 0.244141

Initial Gaussian Chains Density Inhomogeneity: 0.0731592

Initial Explicit Charge: 0

Initial Energies:
Softcore molecules bond stretching energy: 0
Softcore molecules angle bending energy: 0
Softcore molecules torsional energy: 0
Softcore molecules non-bonded energy: 905.02
Softcore molecules electrostatics energy: 0
Softcore molecules external potential energy: 0
Softcore molecules Potential energy: 9523.83
Gaussian total free energy: 1302.13
Gaussian ideal free energy: -444.446
Gaussian contact free energy: 510.069
Gaussian compressibility free energy: 1236.5
Gaussian electrostatic free energy: 0
Softcore molecules field coupling energy: 8618.81

Average Energies:
Softcore molecules bond stretching energy: 0
Softcore molecules angle bending energy: 0
Softcore molecules torsional energy: 0
Softcore molecules non-bonded energy: 328.35
Softcore molecules electrostatics energy: 0
Softcore molecules external potential energy: 0
Softcore molecules Potential energy: 3888.14
Gaussian total free energy: 2696.07
Gaussian ideal free energy: -186.153
Gaussian contact free energy: 239.9
Gaussian compressibility free energy: 2642.32
Gaussian electrostatic free energy: 0
Softcore molecules field coupling energy: 3559.79

Average Explicit Charge: 0

Average Gaussian Chains Density Inhomogeneity: 0.376196

Final Energies:
Softcore molecules bond stretching energy: 0
Softcore molecules angle bending energy: 0
Softcore molecules torsional energy: 0
Softcore molecules non-bonded energy: 377.368
Softcore molecules electrostatics energy: 0
Softcore molecules external potential energy: 0
Softcore molecules Potential energy: 3577.05
Gaussian total free energy: 2852.91
Gaussian ideal free energy: -199.242
Gaussian contact free energy: 236.216
Gaussian compressibility free energy: 2815.94
Gaussian electrostatic free energy: 0
Softcore molecules field coupling energy: 3199.68

Final Gaussian Chains Density Inhomogeneity: 0.380454

Iteration report, DDFT Molecular Diffusion
Number of solves: 1100000
Number of function calls: 9603561
Average number of iterations: 7.73051 (min 7, max 12)
Average end norm: 6.60133e-05 (min 4.76047e-05, max 9.99999e-05)


Final Explicit Charge: 0

Time used by 1100000 calculation steps on 2 processors: 23 Hours 2 Minutes 6 Seconds.

