@CulgiVersion: 5.0.1
MBF-Hybrid Simulation of box
Job Start time: Fri Sep 30 06:10:34 2011
----------------------------------------------------------------------------

Simulation Parameters:
----------------------

Field Diffusion: on
Bead Diffusion: on
Temperature: 0.1
Bead Diffusion frequency: 1
Field Diffusion frequency: 1
Time step: 0.01

DDFT Engine parameters: 
Field diffusion Method: EntropyFieldDynamics
Kappa: 15
Reference density: 1

NLESolverEngine parameters, DDFT Molecular Diffusion
Strict tolerance: On
Direction optimization Method: SteepestDescent
Starting Alpha: 0.5
Reset Alpha: On
Tolerance: 0.0001
Maximum Iterations: 25000
Maximum Line Iterations: 5

Gaussian chain interaction parameters:
---------------------------------------

Bead parameters:
Type  Volume  Diffusion  Viscosity  Expansion  ExtFieldConst  ChargeType  Charge  pK   Dielec  ImplIonInter  
A     1       1          1          0.1        1              Strong      0       N/A  1       0             
B     1       1          1          0.1        1              Strong      0       N/A  1       0             

Binary interaction parameters:
Type1  Type2  Chi  ChiL  
A      B      0    0     

Soft core model interaction parameters:
---------------------------------------

Bead parameters:
Type  Mass  BondValence  Diffusion  Sigma  ExtFieldConst  ChargeType  Charge  pK   Dielec  ImplIonInter  
P     1     2            0          0.8    1              Strong      0       N/A  1       0             

Pair interaction parameters:
Type1  Type2  A   
P      P      25  

Mesoscopic bead-field hybrid interaction parameters:
----------------------------------------------------

Bead-Field coupling parameters:
Bead  Field  parameter  
P     A      8          
P     B      8          

System Details:
---------------

Box: 64 X 64 X 1
GAUSSIANCHAIN: bcp (A20B16):  (Average number density: 0.87793)
Overall gaussian beads number density: 0.87793
SOFTCOREMOLECULE: np: 1000 (Bead fraction: 0.217581)
Overall Soft-core bead number density: 0.244141

Initial Gaussian Chains Density Inhomogeneity: 1.82632e-14

Initial Explicit Charge: 0

Initial Energies:
Softcore molecules bond stretching energy: 0
Softcore molecules angle bending energy: 0
Softcore molecules torsional energy: 0
Softcore molecules non-bonded energy: 1.1816
Softcore molecules electrostatics energy: 0
Softcore molecules external potential energy: 0
Softcore molecules Potential energy: 7024.62
Gaussian total free energy: -13.0834
Gaussian ideal free energy: -470.847
Gaussian contact free energy: 0
Gaussian compressibility free energy: 457.764
Gaussian electrostatic free energy: 0
Softcore molecules field coupling energy: 7023.44

Average Energies:
Softcore molecules bond stretching energy: 0
Softcore molecules angle bending energy: 0
Softcore molecules torsional energy: 0
Softcore molecules non-bonded energy: 1.1816
Softcore molecules electrostatics energy: 0
Softcore molecules external potential energy: 0
Softcore molecules Potential energy: 6655.41
Gaussian total free energy: 171.465
Gaussian ideal free energy: -463.781
Gaussian contact free energy: 0
Gaussian compressibility free energy: 635.246
Gaussian electrostatic free energy: 0
Softcore molecules field coupling energy: 6654.23

Average Explicit Charge: 0

Average Gaussian Chains Density Inhomogeneity: 0.0380575

Final Energies:
Softcore molecules bond stretching energy: 0
Softcore molecules angle bending energy: 0
Softcore molecules torsional energy: 0
Softcore molecules non-bonded energy: 1.1816
Softcore molecules electrostatics energy: 0
Softcore molecules external potential energy: 0
Softcore molecules Potential energy: 6655.42
Gaussian total free energy: 171.407
Gaussian ideal free energy: -463.782
Gaussian contact free energy: 0
Gaussian compressibility free energy: 635.189
Gaussian electrostatic free energy: 0
Softcore molecules field coupling energy: 6654.24

Final Gaussian Chains Density Inhomogeneity: 0.0380529

Iteration report, DDFT Molecular Diffusion
Number of solves: 10000
Number of function calls: 56376
Average number of iterations: 4.6376 (min 4, max 7)
Average end norm: 6.81372e-05 (min 4.0141e-05, max 9.9999e-05)


Final Explicit Charge: 0

Time used by 10000 calculation steps on 2 processors: 0 Hours 7 Minutes 16 Seconds.

@CulgiVersion: 5.0.1
MBF-Hybrid Simulation of box
Job Start time: Fri Sep 30 06:17:50 2011
----------------------------------------------------------------------------

Simulation Parameters:
----------------------

Field Diffusion: on
Bead Diffusion: on
Temperature: 0.1
Bead Diffusion frequency: 1
Field Diffusion frequency: 1
Time step: 0.01

DDFT Engine parameters: 
Field diffusion Method: EntropyFieldDynamics
Kappa: 15
Reference density: 1

NLESolverEngine parameters, DDFT Molecular Diffusion
Strict tolerance: On
Direction optimization Method: SteepestDescent
Starting Alpha: 0.5
Reset Alpha: On
Tolerance: 0.0001
Maximum Iterations: 25000
Maximum Line Iterations: 5

Gaussian chain interaction parameters:
---------------------------------------

Bead parameters:
Type  Volume  Diffusion  Viscosity  Expansion  ExtFieldConst  ChargeType  Charge  pK   Dielec  ImplIonInter  
A     1       1          1          0.1        1              Strong      0       N/A  1       0             
B     1       1          1          0.1        1              Strong      0       N/A  1       0             

Binary interaction parameters:
Type1  Type2  Chi       ChiL  
A      B      0.666667  0     

Soft core model interaction parameters:
---------------------------------------

Bead parameters:
Type  Mass  BondValence  Diffusion  Sigma  ExtFieldConst  ChargeType  Charge  pK   Dielec  ImplIonInter  
P     1     2            0.01       0.8    1              Strong      0       N/A  1       0             

Pair interaction parameters:
Type1  Type2  A   
P      P      25  

Mesoscopic bead-field hybrid interaction parameters:
----------------------------------------------------

Bead-Field coupling parameters:
Bead  Field  parameter  
P     A      8          
P     B      16         

System Details:
---------------

Box: 64 X 64 X 1
GAUSSIANCHAIN: bcp (A20B16):  (Average number density: 0.87793)
Overall gaussian beads number density: 0.87793
SOFTCOREMOLECULE: np: 1000 (Bead fraction: 0.217581)
Overall Soft-core bead number density: 0.244141

Initial Gaussian Chains Density Inhomogeneity: 0.0380529

Initial Explicit Charge: 0

Initial Energies:
Softcore molecules bond stretching energy: 0
Softcore molecules angle bending energy: 0
Softcore molecules torsional energy: 0
Softcore molecules non-bonded energy: 1.1816
Softcore molecules electrostatics energy: 0
Softcore molecules external potential energy: 0
Softcore molecules Potential energy: 9613.59
Gaussian total free energy: 692.537
Gaussian ideal free energy: -463.782
Gaussian contact free energy: 521.13
Gaussian compressibility free energy: 635.189
Gaussian electrostatic free energy: 0
Softcore molecules field coupling energy: 9612.41

Average Energies:
Softcore molecules bond stretching energy: 0
Softcore molecules angle bending energy: 0
Softcore molecules torsional energy: 0
Softcore molecules non-bonded energy: 237.928
Softcore molecules electrostatics energy: 0
Softcore molecules external potential energy: 0
Softcore molecules Potential energy: 3847.62
Gaussian total free energy: 2170.37
Gaussian ideal free energy: -199.21
Gaussian contact free energy: 227.458
Gaussian compressibility free energy: 2142.12
Gaussian electrostatic free energy: 0
Softcore molecules field coupling energy: 3609.69

Average Explicit Charge: 0

Average Gaussian Chains Density Inhomogeneity: 0.380612

Final Energies:
Softcore molecules bond stretching energy: 0
Softcore molecules angle bending energy: 0
Softcore molecules torsional energy: 0
Softcore molecules non-bonded energy: 257.677
Softcore molecules electrostatics energy: 0
Softcore molecules external potential energy: 0
Softcore molecules Potential energy: 3687.99
Gaussian total free energy: 2250.47
Gaussian ideal free energy: -202.304
Gaussian contact free energy: 221.108
Gaussian compressibility free energy: 2231.67
Gaussian electrostatic free energy: 0
Softcore molecules field coupling energy: 3430.31

Final Gaussian Chains Density Inhomogeneity: 0.384363

Iteration report, DDFT Molecular Diffusion
Number of solves: 5500000
Number of function calls: 47450804
Average number of iterations: 7.62742 (min 7, max 10)
Average end norm: 6.89617e-05 (min 4.74553e-05, max 0.0001)


Final Explicit Charge: 0

Time used by 5500000 calculation steps on 2 processors: 112 Hours 13 Minutes 8 Seconds.

