@CulgiVersion: 5.0.1
MBF-Hybrid Simulation of box
Job Start time: Wed Sep 14 10:13:25 2011
----------------------------------------------------------------------------

Simulation Parameters:
----------------------

Field Diffusion: on
Bead Diffusion: on
Temperature: 0.1
Bead Diffusion frequency: 1
Field Diffusion frequency: 1
Time step: 0.01

DDFT Engine parameters: 
Field diffusion Method: EntropyFieldDynamics
Kappa: 15
Reference density: 1

NLESolverEngine parameters, DDFT Molecular Diffusion
Strict tolerance: On
Direction optimization Method: SteepestDescent
Starting Alpha: 0.5
Reset Alpha: On
Tolerance: 0.0001
Maximum Iterations: 25000
Maximum Line Iterations: 5

Gaussian chain interaction parameters:
---------------------------------------

Bead parameters:
Type  Volume  Diffusion  Viscosity  Expansion  ExtFieldConst  ChargeType  Charge  pK   Dielec  ImplIonInter  
A     1       1          1          0.1        1              Strong      0       N/A  1       0             
B     1       1          1          0.1        1              Strong      0       N/A  1       0             

Binary interaction parameters:
Type1  Type2  Chi       ChiL  
A      B      0.666667  0     

Soft core model interaction parameters:
---------------------------------------

Bead parameters:
Type  Mass  BondValence  Diffusion  Sigma  ExtFieldConst  ChargeType  Charge  pK   Dielec  ImplIonInter  
P     1     2            0.1        0.8    1              Strong      0       N/A  1       0             

Pair interaction parameters:
Type1  Type2  A   
P      P      25  

Mesoscopic bead-field hybrid interaction parameters:
----------------------------------------------------

Bead-Field coupling parameters:
Bead  Field  parameter  
P     A      14         
P     B      20         

System Details:
---------------

Box: 64 X 64 X 1
GAUSSIANCHAIN: bcp (A20B16):  (Average number density: 0.786377)
Overall gaussian beads number density: 0.786377
SOFTCOREMOLECULE: np: 1000 (Bead fraction: 0.236911)
Overall Soft-core bead number density: 0.244141

Initial Gaussian Chains Density Inhomogeneity: 1.03528e-14

Initial Explicit Charge: 0

Initial Energies:
Softcore molecules bond stretching energy: 0
Softcore molecules angle bending energy: 0
Softcore molecules torsional energy: 0
Softcore molecules non-bonded energy: 692.88
Softcore molecules electrostatics energy: 0
Softcore molecules external potential energy: 0
Softcore molecules Potential energy: 13799.2
Gaussian total free energy: 1387.24
Gaussian ideal free energy: -431.6
Gaussian contact free energy: 416.942
Gaussian compressibility free energy: 1401.9
Gaussian electrostatic free energy: 0
Softcore molecules field coupling energy: 13106.3

Average Energies:
Softcore molecules bond stretching energy: 0
Softcore molecules angle bending energy: 0
Softcore molecules torsional energy: 0
Softcore molecules non-bonded energy: 729.5
Softcore molecules electrostatics energy: 0
Softcore molecules external potential energy: 0
Softcore molecules Potential energy: 2660.39
Gaussian total free energy: 5025.12
Gaussian ideal free energy: -119.06
Gaussian contact free energy: 224.403
Gaussian compressibility free energy: 4919.78
Gaussian electrostatic free energy: 0
Softcore molecules field coupling energy: 1930.89

Average Explicit Charge: 0

Average Gaussian Chains Density Inhomogeneity: 0.370962

Final Energies:
Softcore molecules bond stretching energy: 0
Softcore molecules angle bending energy: 0
Softcore molecules torsional energy: 0
Softcore molecules non-bonded energy: 752.975
Softcore molecules electrostatics energy: 0
Softcore molecules external potential energy: 0
Softcore molecules Potential energy: 2438.52
Gaussian total free energy: 5034.32
Gaussian ideal free energy: -132.593
Gaussian contact free energy: 221.99
Gaussian compressibility free energy: 4944.92
Gaussian electrostatic free energy: 0
Softcore molecules field coupling energy: 1685.55

Final Gaussian Chains Density Inhomogeneity: 0.372344

Iteration report, DDFT Molecular Diffusion
Number of solves: 1100000
Number of function calls: 11943268
Average number of iterations: 9.85752 (min 9, max 12)
Average end norm: 6.26892e-05 (min 4.84697e-05, max 0.0001)


Final Explicit Charge: 0

Time used by 1100000 calculation steps on 2 processors: 27 Hours 14 Minutes 8 Seconds.

