@CulgiVersion: 6.0.0
MBF-Hybrid Simulation of box
Job Start time: Wed May  9 12:13:44 2012
----------------------------------------------------------------------------

Simulation Parameters:
----------------------

Field Diffusion: off
Bead Diffusion: on
Temperature: 0.04
Bead Diffusion frequency: 1
Time step: 0.01

Soft core model interaction parameters:
---------------------------------------

Bead parameters:
Type  Mass  BondValence  Diffusion  Sigma  ExtFieldConst  ChargeType  Charge  pK   Dielec  ImplIonInter  
C     1     2            0.04       0.8    1              Strong      0       N/A  1       0             
S     1     2            0.04       0.8    1              Strong      0       N/A  1       0             

Pair interaction parameters:
Type1  Type2  A   
C      C      10  
C      S      10  
S      S      10  

Mesoscopic bead-field hybrid interaction parameters:
----------------------------------------------------

Bead-Field coupling parameters:
Bead  Field  parameter  
C     A      0          
C     B      0          
S     A      0          
S     B      0          

System Details:
---------------

Box: 64 X 64 X 1
GAUSSIANCHAIN: bcp (A20B16):  (Average number density: 0.71875)
Overall gaussian beads number density: 0.71875
SOFTCORECOLLOID: np: 512 (Bead fraction: 0.610169)
Overall Soft-core bead number density: 1.125


Initial Explicit Charge: 0

Initial Energies:
Softcore molecules bond stretching energy: 0
Softcore molecules angle bending energy: 0
Softcore molecules torsional energy: 0
Softcore molecules non-bonded energy: 5816.4
Softcore molecules electrostatics energy: 0
Softcore molecules external potential energy: 0
Softcore molecules Potential energy: 5816.4
Softcore molecules field coupling energy: 0

Average Energies:
Softcore molecules bond stretching energy: 0
Softcore molecules angle bending energy: 0
Softcore molecules torsional energy: 0
Softcore molecules non-bonded energy: 20.6162
Softcore molecules electrostatics energy: 0
Softcore molecules external potential energy: 0
Softcore molecules Potential energy: 20.6162
Softcore molecules field coupling energy: 0

Average Explicit Charge: 0

Final Energies:
Softcore molecules bond stretching energy: 0
Softcore molecules angle bending energy: 0
Softcore molecules torsional energy: 0
Softcore molecules non-bonded energy: 1.54623
Softcore molecules electrostatics energy: 0
Softcore molecules external potential energy: 0
Softcore molecules Potential energy: 1.54623
Softcore molecules field coupling energy: 0

Final Explicit Charge: 0

Time used by 100000 calculation steps on 1 processors: 0 Hours 6 Minutes 5 Seconds.

@CulgiVersion: 6.0.0
MBF-Hybrid Simulation of box
Job Start time: Wed May  9 12:19:49 2012
----------------------------------------------------------------------------

Simulation Parameters:
----------------------

Field Diffusion: on
Bead Diffusion: off
Field Diffusion frequency: 1
Time step: 0.01

DDFT Engine parameters: 
Field diffusion Method: EntropyFieldDynamics
Kappa: 15
Reference density: 1

NLESolverEngine parameters, DDFT Molecular Diffusion
Strict tolerance: On
Direction optimization Method: SteepestDescent
Starting Alpha: 0.5
Reset Alpha: On
Tolerance: 0.0001
Maximum Iterations: 25000
Maximum Line Iterations: 5

Gaussian chain interaction parameters:
---------------------------------------

Bead parameters:
Type  Volume  Diffusion  Viscosity  Expansion  ExtFieldConst  ChargeType  Charge  pK   Dielec  ImplIonInter  
A     1       1          1          0.1        1              Strong      0       N/A  1       0             
B     1       1          1          0.1        1              Strong      0       N/A  1       0             

Binary interaction parameters:
Type1  Type2  Chi  ChiL  
A      B      0    0     

Mesoscopic bead-field hybrid interaction parameters:
----------------------------------------------------

Bead-Field coupling parameters:
Bead  Field  parameter  
C     A      4          
C     B      4          
S     A      4          
S     B      4          

System Details:
---------------

Box: 64 X 64 X 1
GAUSSIANCHAIN: bcp (A20B16):  (Average number density: 0.71875)
Overall gaussian beads number density: 0.71875
SOFTCORECOLLOID: np: 512 (Bead fraction: 0.610169)
Overall Soft-core bead number density: 1.125


Initial Gaussian Chains Density Inhomogeneity: 2.22045e-14

Initial Explicit Charge: 0

Initial Energies:
Gaussian total free energy: 2028.16
Gaussian ideal free energy: -401.836
Gaussian contact free energy: 0
Gaussian compressibility free energy: 2430
Gaussian electrostatic free energy: 0
Softcore molecules field coupling energy: 13248

Average Energies:
Gaussian total free energy: 4596.46
Gaussian ideal free energy: -309.906
Gaussian contact free energy: 0
Gaussian compressibility free energy: 4906.37
Gaussian electrostatic free energy: 0
Softcore molecules field coupling energy: 8054.85

Average Explicit Charge: 0

Average Gaussian Chains Density Inhomogeneity: 0.141968

Final Energies:
Gaussian total free energy: 4598.76
Gaussian ideal free energy: -309.849
Gaussian contact free energy: 0
Gaussian compressibility free energy: 4908.61
Gaussian electrostatic free energy: 0
Softcore molecules field coupling energy: 8051.38

Final Gaussian Chains Density Inhomogeneity: 0.142041

Iteration report, DDFT Molecular Diffusion
Number of solves: 10000
Number of function calls: 57899
Average number of iterations: 4.7899 (min 4, max 9)
Average end norm: 6.22595e-05 (min 4.68188e-05, max 9.99993e-05)


Final Explicit Charge: 0

Time used by 10000 calculation steps on 1 processors: 0 Hours 15 Minutes 57 Seconds.

@CulgiVersion: 6.0.0
MBF-Hybrid Simulation of box
Job Start time: Wed May  9 12:35:47 2012
----------------------------------------------------------------------------

Simulation Parameters:
----------------------

Field Diffusion: on
Bead Diffusion: on
Temperature: 0.04
Bead Diffusion frequency: 1
Field Diffusion frequency: 1
Time step: 0.01

DDFT Engine parameters: 
Field diffusion Method: EntropyFieldDynamics
Kappa: 15
Reference density: 1

NLESolverEngine parameters, DDFT Molecular Diffusion
Strict tolerance: On
Direction optimization Method: SteepestDescent
Starting Alpha: 0.5
Reset Alpha: On
Tolerance: 0.0001
Maximum Iterations: 25000
Maximum Line Iterations: 5

Gaussian chain interaction parameters:
---------------------------------------

Bead parameters:
Type  Volume  Diffusion  Viscosity  Expansion  ExtFieldConst  ChargeType  Charge  pK   Dielec  ImplIonInter  
A     1       1          1          0.1        1              Strong      0       N/A  1       0             
B     1       1          1          0.1        1              Strong      0       N/A  1       0             

Binary interaction parameters:
Type1  Type2  Chi       ChiL  
A      B      0.666667  0     

Soft core model interaction parameters:
---------------------------------------

Bead parameters:
Type  Mass  BondValence  Diffusion  Sigma  ExtFieldConst  ChargeType  Charge  pK   Dielec  ImplIonInter  
C     1     2            0.04       0.8    1              Strong      0       N/A  1       0             
S     1     2            0.04       0.8    1              Strong      0       N/A  1       0             

Pair interaction parameters:
Type1  Type2  A   
C      C      10  
C      S      10  
S      S      10  

Mesoscopic bead-field hybrid interaction parameters:
----------------------------------------------------

Bead-Field coupling parameters:
Bead  Field  parameter  
C     A      4          
C     B      8          
S     A      4          
S     B      8          

System Details:
---------------

Box: 64 X 64 X 1
GAUSSIANCHAIN: bcp (A20B16):  (Average number density: 0.71875)
Overall gaussian beads number density: 0.71875
SOFTCORECOLLOID: np: 512 (Bead fraction: 0.610169)
Overall Soft-core bead number density: 1.125


Initial Gaussian Chains Density Inhomogeneity: 0.142041

Initial Explicit Charge: 0

Initial Energies:
Softcore molecules bond stretching energy: 0
Softcore molecules angle bending energy: 0
Softcore molecules torsional energy: 0
Softcore molecules non-bonded energy: 1.54623
Softcore molecules electrostatics energy: 0
Softcore molecules external potential energy: 0
Softcore molecules Potential energy: 11645.6
Gaussian total free energy: 4981.01
Gaussian ideal free energy: -309.849
Gaussian contact free energy: 382.25
Gaussian compressibility free energy: 4908.61
Gaussian electrostatic free energy: 0
Softcore molecules field coupling energy: 11644.1

Average Energies:
Softcore molecules bond stretching energy: 0
Softcore molecules angle bending energy: 0
Softcore molecules torsional energy: 0
Softcore molecules non-bonded energy: 373.45
Softcore molecules electrostatics energy: 0
Softcore molecules external potential energy: 0
Softcore molecules Potential energy: 5437.6
Gaussian total free energy: 6542.51
Gaussian ideal free energy: 47.7497
Gaussian contact free energy: 211.537
Gaussian compressibility free energy: 6283.22
Gaussian electrostatic free energy: 0
Softcore molecules field coupling energy: 5064.15

Average Explicit Charge: 0

Average Gaussian Chains Density Inhomogeneity: 0.361379

Final Energies:
Softcore molecules bond stretching energy: 0
Softcore molecules angle bending energy: 0
Softcore molecules torsional energy: 0
Softcore molecules non-bonded energy: 464.954
Softcore molecules electrostatics energy: 0
Softcore molecules external potential energy: 0
Softcore molecules Potential energy: 4699.23
Gaussian total free energy: 6807.63
Gaussian ideal free energy: 11.1836
Gaussian contact free energy: 215.949
Gaussian compressibility free energy: 6580.5
Gaussian electrostatic free energy: 0
Softcore molecules field coupling energy: 4234.28

Final Gaussian Chains Density Inhomogeneity: 0.363327

Iteration report, DDFT Molecular Diffusion
Number of solves: 110000
Number of function calls: 884747
Average number of iterations: 7.03995 (min 6, max 28)
Average end norm: 7.49326e-05 (min 2.23449e-05, max 9.99989e-05)


Final Explicit Charge: 0

Plugins and corresponding results from this calculation:----------

Archive Plugin:
Archive mode: Text
Archive file name: tt1100_ts0.01.csa
Archive frequency: 100

Instant results Plugin:
Instant results file name: tt1100_ts0.01_Inst.ctf
Instant results frequency: 10

Time used by 110000 calculation steps on 1 processors: 4 Hours 15 Minutes 30 Seconds.

