@CulgiVersion: 5.0.1
MBF-Hybrid Simulation of box
Job Start time: Thu Sep  1 03:46:45 2011
----------------------------------------------------------------------------

Simulation Parameters:
----------------------

Field Diffusion: on
Bead Diffusion: on
Temperature: 0.1
Bead Diffusion frequency: 1
Field Diffusion frequency: 1
Time step: 0.01

DDFT Engine parameters: 
Field diffusion Method: EntropyFieldDynamics
Kappa: 15
Reference density: 1

NLESolverEngine parameters, DDFT Molecular Diffusion
Strict tolerance: On
Direction optimization Method: SteepestDescent
Starting Alpha: 0.5
Reset Alpha: On
Tolerance: 0.0001
Maximum Iterations: 25000
Maximum Line Iterations: 5

Gaussian chain interaction parameters:
---------------------------------------

Bead parameters:
Type  Volume  Diffusion  Viscosity  Expansion  ExtFieldConst  ChargeType  Charge  pK   Dielec  ImplIonInter  
A     1       1          1          0.1        1              Strong      0       N/A  1       0             
B     1       1          1          0.1        1              Strong      0       N/A  1       0             

Binary interaction parameters:
Type1  Type2  Chi       ChiL  
A      B      0.666667  0     

Soft core model interaction parameters:
---------------------------------------

Bead parameters:
Type  Mass  BondValence  Diffusion  Sigma  ExtFieldConst  ChargeType  Charge  pK   Dielec  ImplIonInter  
P     1     2            0.01       0.8    1              Strong      0       N/A  1       0             

Pair interaction parameters:
Type1  Type2  A   
P      P      25  

Mesoscopic bead-field hybrid interaction parameters:
----------------------------------------------------

Bead-Field coupling parameters:
Bead  Field  parameter  
P     A      16         
P     B      24         

System Details:
---------------

Box: 64 X 64 X 1
GAUSSIANCHAIN: bcp (A20B16):  (Average number density: 1)
Overall gaussian beads number density: 1
SOFTCOREMOLECULE: np: 100 (Bead fraction: 0.0238322)
Overall Soft-core bead number density: 0.0244141

Initial Gaussian Chains Density Inhomogeneity: 9.07607e-15

Initial Explicit Charge: 0

Initial Energies:
Softcore molecules bond stretching energy: 0
Softcore molecules angle bending energy: 0
Softcore molecules torsional energy: 0
Softcore molecules non-bonded energy: 8.76004
Softcore molecules electrostatics energy: 0
Softcore molecules external potential energy: 0
Softcore molecules Potential energy: 1964.32
Gaussian total free energy: 152.736
Gaussian ideal free energy: -521.503
Gaussian contact free energy: 674.239
Gaussian compressibility free energy: 0
Gaussian electrostatic free energy: 0
Softcore molecules field coupling energy: 1955.56

Average Energies:
Softcore molecules bond stretching energy: 0
Softcore molecules angle bending energy: 0
Softcore molecules torsional energy: 0
Softcore molecules non-bonded energy: 26.0853
Softcore molecules electrostatics energy: 0
Softcore molecules external potential energy: 0
Softcore molecules Potential energy: 854.372
Gaussian total free energy: 393.684
Gaussian ideal free energy: -237.84
Gaussian contact free energy: 271.976
Gaussian compressibility free energy: 359.547
Gaussian electrostatic free energy: 0
Softcore molecules field coupling energy: 828.287

Average Explicit Charge: 0

Average Gaussian Chains Density Inhomogeneity: 0.4069

Final Energies:
Softcore molecules bond stretching energy: 0
Softcore molecules angle bending energy: 0
Softcore molecules torsional energy: 0
Softcore molecules non-bonded energy: 35.4872
Softcore molecules electrostatics energy: 0
Softcore molecules external potential energy: 0
Softcore molecules Potential energy: 742.395
Gaussian total free energy: 443.122
Gaussian ideal free energy: -236.652
Gaussian contact free energy: 267.863
Gaussian compressibility free energy: 411.911
Gaussian electrostatic free energy: 0
Softcore molecules field coupling energy: 706.908

Final Gaussian Chains Density Inhomogeneity: 0.409344

Iteration report, DDFT Molecular Diffusion
Number of solves: 1100000
Number of function calls: 9522139
Average number of iterations: 7.65649 (min 6, max 11)
Average end norm: 7.0003e-05 (min 4.66198e-05, max 9.99999e-05)


Final Explicit Charge: 0

Time used by 1100000 calculation steps on 4 processors: 11 Hours 50 Minutes 13 Seconds.

