@CulgiVersion: 5.0.1
MBF-Hybrid Simulation of box
Job Start time: Tue May 10 01:04:25 2011
----------------------------------------------------------------------------

Simulation Parameters:
----------------------

Field Diffusion: on
Bead Diffusion: on
Temperature: 1
Bead Diffusion frequency: 1
Field Diffusion frequency: 1
Time step: 0.01

DDFT Engine parameters: 
Field diffusion Method: EntropyFieldDynamics
Kappa: 15
Reference density: 1

NLESolverEngine parameters, DDFT Molecular Diffusion
Strict tolerance: On
Direction optimization Method: SteepestDescent
Starting Alpha: 0.5
Reset Alpha: On
Tolerance: 0.0001
Maximum Iterations: 25000
Maximum Line Iterations: 5

Gaussian chain interaction parameters:
---------------------------------------

Bead parameters:
Type  Volume  Diffusion  Viscosity  Expansion  ExtFieldConst  ChargeType  Charge  pK   Dielec  ImplIonInter  
A     0.01    1          1          0.01       1              Strong      0       N/A  1       0             
B     0.01    1          1          0.01       1              Strong      0       N/A  1       0             

Binary interaction parameters:
Type1  Type2  Chi       ChiL  
A      B      0.666667  0     

Soft core model interaction parameters:
---------------------------------------

Bead parameters:
Type  Mass  BondValence  Diffusion  Sigma  ExtFieldConst  ChargeType  Charge  pK   Dielec  ImplIonInter  
P     1     2            0.01       0.8    1              Strong      0       N/A  1       0             

Pair interaction parameters:
Type1  Type2  A   
P      P      25  

Mesoscopic bead-field hybrid interaction parameters:
----------------------------------------------------

Bead-Field coupling parameters:
Bead  Field  parameter  
P     A      16         
P     B      18         

System Details:
---------------

Box: 64 X 64 X 1
GAUSSIANCHAIN: bcp (A20B16):  (Average number density: 100)
Overall gaussian beads number density: 100
SOFTCOREMOLECULE: np: 1 (Bead fraction: 2.4414e-06)
Overall Soft-core bead number density: 0.000244141

Initial Gaussian Chains Density Inhomogeneity: 9.07607e-15

Initial Explicit Charge: 0

Initial Energies:
Softcore molecules bond stretching energy: 0
Softcore molecules angle bending energy: 0
Softcore molecules torsional energy: 0
Softcore molecules non-bonded energy: 0
Softcore molecules electrostatics energy: 0
Softcore molecules external potential energy: 0
Softcore molecules Potential energy: 1688.89
Gaussian total free energy: 67670.2
Gaussian ideal free energy: 246.343
Gaussian contact free energy: 67423.9
Gaussian compressibility free energy: 0
Gaussian electrostatic free energy: 0
Softcore molecules field coupling energy: 1688.89

Average Energies:
Softcore molecules bond stretching energy: 0
Softcore molecules angle bending energy: 0
Softcore molecules torsional energy: 0
Softcore molecules non-bonded energy: 0
Softcore molecules electrostatics energy: 0
Softcore molecules external potential energy: 0
Softcore molecules Potential energy: 1197.25
Gaussian total free energy: 52908.7
Gaussian ideal free energy: 26469.7
Gaussian contact free energy: 26435.5
Gaussian compressibility free energy: 3.52686
Gaussian electrostatic free energy: 0
Softcore molecules field coupling energy: 1197.25

Average Explicit Charge: 0

Average Gaussian Chains Density Inhomogeneity: 0.40147

Final Energies:
Softcore molecules bond stretching energy: 0
Softcore molecules angle bending energy: 0
Softcore molecules torsional energy: 0
Softcore molecules non-bonded energy: 0
Softcore molecules electrostatics energy: 0
Softcore molecules external potential energy: 0
Softcore molecules Potential energy: 1198.84
Gaussian total free energy: 52816.3
Gaussian ideal free energy: 26623.2
Gaussian contact free energy: 26189.5
Gaussian compressibility free energy: 3.53363
Gaussian electrostatic free energy: 0
Softcore molecules field coupling energy: 1198.84

Final Gaussian Chains Density Inhomogeneity: 0.402704

Iteration report, DDFT Molecular Diffusion
Number of solves: 1100000
Number of function calls: 5063157
Average number of iterations: 3.60287 (min 2, max 8)
Average end norm: 6.33203e-05 (min 3.09675e-05, max 9.99999e-05)


Final Explicit Charge: 0

Time used by 1100000 calculation steps on 4 processors: 6 Hours 54 Minutes 55 Seconds.

