@CulgiVersion: 5.0.1
MBF-Hybrid Simulation of box
Job Start time: Tue Sep 27 14:27:31 2011
----------------------------------------------------------------------------

Simulation Parameters:
----------------------

Field Diffusion: on
Bead Diffusion: on
Temperature: 0.1
Bead Diffusion frequency: 1
Field Diffusion frequency: 1
Time step: 0.01

DDFT Engine parameters: 
Field diffusion Method: EntropyFieldDynamics
Kappa: 15
Reference density: 1

NLESolverEngine parameters, DDFT Molecular Diffusion
Strict tolerance: On
Direction optimization Method: SteepestDescent
Starting Alpha: 0.5
Reset Alpha: On
Tolerance: 0.0001
Maximum Iterations: 25000
Maximum Line Iterations: 5

Gaussian chain interaction parameters:
---------------------------------------

Bead parameters:
Type  Volume  Diffusion  Viscosity  Expansion  ExtFieldConst  ChargeType  Charge  pK   Dielec  ImplIonInter  
A     1       1          1          0.1        1              Strong      0       N/A  1       0             
B     1       1          1          0.1        1              Strong      0       N/A  1       0             

Binary interaction parameters:
Type1  Type2  Chi  ChiL  
A      B      0    0     

Soft core model interaction parameters:
---------------------------------------

Bead parameters:
Type  Mass  BondValence  Diffusion  Sigma  ExtFieldConst  ChargeType  Charge  pK   Dielec  ImplIonInter  
P     1     2            0          0.8    1              Strong      0       N/A  1       0             

Pair interaction parameters:
Type1  Type2  A   
P      P      25  

Mesoscopic bead-field hybrid interaction parameters:
----------------------------------------------------

Bead-Field coupling parameters:
Bead  Field  parameter  
P     A      10         
P     B      10         

System Details:
---------------

Box: 64 X 64 X 1
GAUSSIANCHAIN: bcp (A20B16):  (Average number density: 0.847412)
Overall gaussian beads number density: 0.847412
SOFTCOREMOLECULE: np: 1000 (Bead fraction: 0.223664)
Overall Soft-core bead number density: 0.244141

Initial Gaussian Chains Density Inhomogeneity: 1.06859e-14

Initial Explicit Charge: 0

Initial Energies:
Softcore molecules bond stretching energy: 0
Softcore molecules angle bending energy: 0
Softcore molecules torsional energy: 0
Softcore molecules non-bonded energy: 746.803
Softcore molecules electrostatics energy: 0
Softcore molecules external potential energy: 0
Softcore molecules Potential energy: 9220.92
Gaussian total free energy: 257.365
Gaussian ideal free energy: -457.891
Gaussian contact free energy: 0
Gaussian compressibility free energy: 715.256
Gaussian electrostatic free energy: 0
Softcore molecules field coupling energy: 8474.12

Average Energies:
Softcore molecules bond stretching energy: 0
Softcore molecules angle bending energy: 0
Softcore molecules torsional energy: 0
Softcore molecules non-bonded energy: 746.803
Softcore molecules electrostatics energy: 0
Softcore molecules external potential energy: 0
Softcore molecules Potential energy: 7642.55
Gaussian total free energy: 1042.49
Gaussian ideal free energy: -434.266
Gaussian contact free energy: 0
Gaussian compressibility free energy: 1476.76
Gaussian electrostatic free energy: 0
Softcore molecules field coupling energy: 6895.75

Average Explicit Charge: 0

Average Gaussian Chains Density Inhomogeneity: 0.0787457

Final Energies:
Softcore molecules bond stretching energy: 0
Softcore molecules angle bending energy: 0
Softcore molecules torsional energy: 0
Softcore molecules non-bonded energy: 746.803
Softcore molecules electrostatics energy: 0
Softcore molecules external potential energy: 0
Softcore molecules Potential energy: 7642.05
Gaussian total free energy: 1042.7
Gaussian ideal free energy: -434.256
Gaussian contact free energy: 0
Gaussian compressibility free energy: 1476.95
Gaussian electrostatic free energy: 0
Softcore molecules field coupling energy: 6895.24

Final Gaussian Chains Density Inhomogeneity: 0.0787585

Iteration report, DDFT Molecular Diffusion
Number of solves: 10000
Number of function calls: 57150
Average number of iterations: 4.715 (min 4, max 10)
Average end norm: 6.62943e-05 (min 4.60388e-05, max 9.99996e-05)


Final Explicit Charge: 0

Time used by 10000 calculation steps on 2 processors: 0 Hours 7 Minutes 35 Seconds.

@CulgiVersion: 5.0.1
MBF-Hybrid Simulation of box
Job Start time: Tue Sep 27 14:35:06 2011
----------------------------------------------------------------------------

Simulation Parameters:
----------------------

Field Diffusion: on
Bead Diffusion: on
Temperature: 0.1
Bead Diffusion frequency: 1
Field Diffusion frequency: 1
Time step: 0.01

DDFT Engine parameters: 
Field diffusion Method: EntropyFieldDynamics
Kappa: 15
Reference density: 1

NLESolverEngine parameters, DDFT Molecular Diffusion
Strict tolerance: On
Direction optimization Method: SteepestDescent
Starting Alpha: 0.5
Reset Alpha: On
Tolerance: 0.0001
Maximum Iterations: 25000
Maximum Line Iterations: 5

Gaussian chain interaction parameters:
---------------------------------------

Bead parameters:
Type  Volume  Diffusion  Viscosity  Expansion  ExtFieldConst  ChargeType  Charge  pK   Dielec  ImplIonInter  
A     1       1          1          0.1        1              Strong      0       N/A  1       0             
B     1       1          1          0.1        1              Strong      0       N/A  1       0             

Binary interaction parameters:
Type1  Type2  Chi       ChiL  
A      B      0.666667  0     

Soft core model interaction parameters:
---------------------------------------

Bead parameters:
Type  Mass  BondValence  Diffusion  Sigma  ExtFieldConst  ChargeType  Charge  pK   Dielec  ImplIonInter  
P     1     2            0.01       0.8    1              Strong      0       N/A  1       0             

Pair interaction parameters:
Type1  Type2  A   
P      P      25  

Mesoscopic bead-field hybrid interaction parameters:
----------------------------------------------------

Bead-Field coupling parameters:
Bead  Field  parameter  
P     A      10         
P     B      18         

System Details:
---------------

Box: 64 X 64 X 1
GAUSSIANCHAIN: bcp (A20B16):  (Average number density: 0.847412)
Overall gaussian beads number density: 0.847412
SOFTCOREMOLECULE: np: 1000 (Bead fraction: 0.223664)
Overall Soft-core bead number density: 0.244141

Initial Gaussian Chains Density Inhomogeneity: 0.0787585

Initial Explicit Charge: 0

Initial Energies:
Softcore molecules bond stretching energy: 0
Softcore molecules angle bending energy: 0
Softcore molecules torsional energy: 0
Softcore molecules non-bonded energy: 746.803
Softcore molecules electrostatics energy: 0
Softcore molecules external potential energy: 0
Softcore molecules Potential energy: 10097.1
Gaussian total free energy: 1536.42
Gaussian ideal free energy: -434.256
Gaussian contact free energy: 493.721
Gaussian compressibility free energy: 1476.95
Gaussian electrostatic free energy: 0
Softcore molecules field coupling energy: 9350.29

Average Energies:
Softcore molecules bond stretching energy: 0
Softcore molecules angle bending energy: 0
Softcore molecules torsional energy: 0
Softcore molecules non-bonded energy: 493.458
Softcore molecules electrostatics energy: 0
Softcore molecules external potential energy: 0
Softcore molecules Potential energy: 3482.31
Gaussian total free energy: 3424.89
Gaussian ideal free energy: -170.555
Gaussian contact free energy: 240.201
Gaussian compressibility free energy: 3355.25
Gaussian electrostatic free energy: 0
Softcore molecules field coupling energy: 2988.85

Average Explicit Charge: 0

Average Gaussian Chains Density Inhomogeneity: 0.380032

Final Energies:
Softcore molecules bond stretching energy: 0
Softcore molecules angle bending energy: 0
Softcore molecules torsional energy: 0
Softcore molecules non-bonded energy: 581.224
Softcore molecules electrostatics energy: 0
Softcore molecules external potential energy: 0
Softcore molecules Potential energy: 3050.58
Gaussian total free energy: 3636.01
Gaussian ideal free energy: -181.085
Gaussian contact free energy: 232.493
Gaussian compressibility free energy: 3584.6
Gaussian electrostatic free energy: 0
Softcore molecules field coupling energy: 2469.35

Final Gaussian Chains Density Inhomogeneity: 0.387074

Iteration report, DDFT Molecular Diffusion
Number of solves: 1100000
Number of function calls: 10057267
Average number of iterations: 8.14297 (min 7, max 11)
Average end norm: 7.79712e-05 (min 4.79838e-05, max 9.99999e-05)


Final Explicit Charge: 0

Time used by 1100000 calculation steps on 2 processors: 23 Hours 51 Minutes 52 Seconds.

