@CulgiVersion: 5.0.1
MBF-Hybrid Simulation of box
Job Start time: Wed Feb  1 18:30:40 2012
----------------------------------------------------------------------------

Simulation Parameters:
----------------------

Field Diffusion: off
Bead Diffusion: on
Temperature: 0.1
Bead Diffusion frequency: 1
Time step: 0.01

Soft core model interaction parameters:
---------------------------------------

Bead parameters:
Type  Mass  BondValence  Diffusion  Sigma  ExtFieldConst  ChargeType  Charge  pK   Dielec  ImplIonInter  
P     1     2            0.1        0.8    1              Strong      0       N/A  1       0             

Pair interaction parameters:
Type1  Type2  A   
P      P      15  

Mesoscopic bead-field hybrid interaction parameters:
----------------------------------------------------

Bead-Field coupling parameters:
Bead  Field  parameter  
P     A      0          
P     B      0          

System Details:
---------------

Box: 64 X 64 X 1
GAUSSIANCHAIN: bcp (A20B16):  (Average number density: 0.976562)
Overall gaussian beads number density: 0.976562
SOFTCOREMOLECULE: np: 256 (Bead fraction: 0.0601504)
Overall Soft-core bead number density: 0.0625

Initial Explicit Charge: 0

Initial Energies:
Softcore molecules bond stretching energy: 0
Softcore molecules angle bending energy: 0
Softcore molecules torsional energy: 0
Softcore molecules non-bonded energy: 11.4927
Softcore molecules electrostatics energy: 0
Softcore molecules external potential energy: 0
Softcore molecules Potential energy: 11.4927
Softcore molecules field coupling energy: 0

Average Energies:
Softcore molecules bond stretching energy: 0
Softcore molecules angle bending energy: 0
Softcore molecules torsional energy: 0
Softcore molecules non-bonded energy: 0.2183
Softcore molecules electrostatics energy: 0
Softcore molecules external potential energy: 0
Softcore molecules Potential energy: 0.2183
Softcore molecules field coupling energy: 0

Average Explicit Charge: 0

Final Energies:
Softcore molecules bond stretching energy: 0
Softcore molecules angle bending energy: 0
Softcore molecules torsional energy: 0
Softcore molecules non-bonded energy: 0.323218
Softcore molecules electrostatics energy: 0
Softcore molecules external potential energy: 0
Softcore molecules Potential energy: 0.323218
Softcore molecules field coupling energy: 0

Final Explicit Charge: 0

Time used by 100900 calculation steps on 4 processors: 0 Hours 0 Minutes 21 Seconds.

@CulgiVersion: 5.0.1
MBF-Hybrid Simulation of box
Job Start time: Wed Feb  1 18:31:01 2012
----------------------------------------------------------------------------

Simulation Parameters:
----------------------

Field Diffusion: on
Bead Diffusion: off
Field Diffusion frequency: 1
Time step: 0.01

DDFT Engine parameters: 
Field diffusion Method: EntropyFieldDynamics
Kappa: 15
Reference density: 1

NLESolverEngine parameters, DDFT Molecular Diffusion
Strict tolerance: On
Direction optimization Method: SteepestDescent
Starting Alpha: 0.5
Reset Alpha: On
Tolerance: 0.0001
Maximum Iterations: 25000
Maximum Line Iterations: 5

Gaussian chain interaction parameters:
---------------------------------------

Bead parameters:
Type  Volume  Diffusion  Viscosity  Expansion  ExtFieldConst  ChargeType  Charge  pK   Dielec  ImplIonInter  
A     1       1          1          0.1        1              Strong      0       N/A  1       0             
B     1       1          1          0.1        1              Strong      0       N/A  1       0             

Binary interaction parameters:
Type1  Type2  Chi  ChiL  
A      B      0    0     

Mesoscopic bead-field hybrid interaction parameters:
----------------------------------------------------

Bead-Field coupling parameters:
Bead  Field  parameter  
P     A      6          
P     B      6          

System Details:
---------------

Box: 64 X 64 X 1
GAUSSIANCHAIN: bcp (A20B16):  (Average number density: 0.976562)
Overall gaussian beads number density: 0.976562
SOFTCOREMOLECULE: np: 256 (Bead fraction: 0.0601504)
Overall Soft-core bead number density: 0.0625

Initial Gaussian Chains Density Inhomogeneity: 3.13638e-15

Initial Explicit Charge: 0

Initial Energies:
Gaussian total free energy: -495.04
Gaussian ideal free energy: -511.915
Gaussian contact free energy: 0
Gaussian compressibility free energy: 16.875
Gaussian electrostatic free energy: 0
Softcore molecules field coupling energy: 369.141

Average Energies:
Gaussian total free energy: -425.223
Gaussian ideal free energy: -510.293
Gaussian contact free energy: 0
Gaussian compressibility free energy: 85.0704
Gaussian electrostatic free energy: 0
Softcore molecules field coupling energy: 336.699

Average Explicit Charge: 0

Average Gaussian Chains Density Inhomogeneity: 0.0236624

Final Energies:
Gaussian total free energy: -425.176
Gaussian ideal free energy: -510.292
Gaussian contact free energy: 0
Gaussian compressibility free energy: 85.1163
Gaussian electrostatic free energy: 0
Softcore molecules field coupling energy: 336.685

Final Gaussian Chains Density Inhomogeneity: 0.0236703

Iteration report, DDFT Molecular Diffusion
Number of solves: 10000
Number of function calls: 56314
Average number of iterations: 4.6314 (min 4, max 7)
Average end norm: 6.84099e-05 (min 3.97211e-05, max 9.99989e-05)


Final Explicit Charge: 0

Time used by 10000 calculation steps on 4 processors: 0 Hours 3 Minutes 55 Seconds.

@CulgiVersion: 5.0.1
MBF-Hybrid Simulation of box
Job Start time: Wed Feb  1 18:34:56 2012
----------------------------------------------------------------------------

Simulation Parameters:
----------------------

Field Diffusion: on
Bead Diffusion: on
Temperature: 0.1
Bead Diffusion frequency: 1
Field Diffusion frequency: 1
Time step: 0.01

DDFT Engine parameters: 
Field diffusion Method: EntropyFieldDynamics
Kappa: 15
Reference density: 1

NLESolverEngine parameters, DDFT Molecular Diffusion
Strict tolerance: On
Direction optimization Method: SteepestDescent
Starting Alpha: 0.5
Reset Alpha: On
Tolerance: 0.0001
Maximum Iterations: 25000
Maximum Line Iterations: 5

Gaussian chain interaction parameters:
---------------------------------------

Bead parameters:
Type  Volume  Diffusion  Viscosity  Expansion  ExtFieldConst  ChargeType  Charge  pK   Dielec  ImplIonInter  
A     1       1          1          0.1        1              Strong      0       N/A  1       0             
B     1       1          1          0.1        1              Strong      0       N/A  1       0             

Binary interaction parameters:
Type1  Type2  Chi       ChiL  
A      B      0.333333  0     

Soft core model interaction parameters:
---------------------------------------

Bead parameters:
Type  Mass  BondValence  Diffusion  Sigma  ExtFieldConst  ChargeType  Charge  pK   Dielec  ImplIonInter  
P     1     2            0.1        0.8    1              Strong      0       N/A  1       0             

Pair interaction parameters:
Type1  Type2  A   
P      P      15  

Mesoscopic bead-field hybrid interaction parameters:
----------------------------------------------------

Bead-Field coupling parameters:
Bead  Field  parameter  
P     A      6          
P     B      12         

System Details:
---------------

Box: 64 X 64 X 1
GAUSSIANCHAIN: bcp (A20B16):  (Average number density: 0.976563)
Overall gaussian beads number density: 0.976563
SOFTCOREMOLECULE: np: 256 (Bead fraction: 0.0601504)
Overall Soft-core bead number density: 0.0625

Initial Gaussian Chains Density Inhomogeneity: 0.0236703

Initial Explicit Charge: 0

Initial Energies:
Softcore molecules bond stretching energy: 0
Softcore molecules angle bending energy: 0
Softcore molecules torsional energy: 0
Softcore molecules non-bonded energy: 0.323218
Softcore molecules electrostatics energy: 0
Softcore molecules external potential energy: 0
Softcore molecules Potential energy: 1965.62
Gaussian total free energy: -103.244
Gaussian ideal free energy: -510.292
Gaussian contact free energy: 321.932
Gaussian compressibility free energy: 85.1163
Gaussian electrostatic free energy: 0
Softcore molecules field coupling energy: 1965.29

Average Energies:
Softcore molecules bond stretching energy: 0
Softcore molecules angle bending energy: 0
Softcore molecules torsional energy: 0
Softcore molecules non-bonded energy: 19.6436
Softcore molecules electrostatics energy: 0
Softcore molecules external potential energy: 0
Softcore molecules Potential energy: 1133.38
Gaussian total free energy: 49.8192
Gaussian ideal free energy: -409.495
Gaussian contact free energy: 249.229
Gaussian compressibility free energy: 210.086
Gaussian electrostatic free energy: 0
Softcore molecules field coupling energy: 1113.74

Average Explicit Charge: 0

Average Gaussian Chains Density Inhomogeneity: 0.246719

Final Energies:
Softcore molecules bond stretching energy: 0
Softcore molecules angle bending energy: 0
Softcore molecules torsional energy: 0
Softcore molecules non-bonded energy: 22.6324
Softcore molecules electrostatics energy: 0
Softcore molecules external potential energy: 0
Softcore molecules Potential energy: 1105.39
Gaussian total free energy: 61.8988
Gaussian ideal free energy: -417.914
Gaussian contact free energy: 255.286
Gaussian compressibility free energy: 224.526
Gaussian electrostatic free energy: 0
Softcore molecules field coupling energy: 1082.76

Final Gaussian Chains Density Inhomogeneity: 0.236907

Iteration report, DDFT Molecular Diffusion
Number of solves: 1100000
Number of function calls: 9938854
Average number of iterations: 8.03532 (min 7, max 10)
Average end norm: 7.51968e-05 (min 4.84687e-05, max 9.99997e-05)


Final Explicit Charge: 0

Time used by 1100000 calculation steps on 4 processors: 12 Hours 42 Minutes 57 Seconds.

