@CulgiVersion: 6.0.0
MBF-Hybrid Simulation of box
Job Start time: Wed May  9 23:07:56 2012
----------------------------------------------------------------------------

Simulation Parameters:
----------------------

Field Diffusion: off
Bead Diffusion: on
Temperature: 0
Bead Diffusion frequency: 1
Time step: 0.01

Soft core model interaction parameters:
---------------------------------------

Bead parameters:
Type  Mass  BondValence  Diffusion  Sigma  ExtFieldConst  ChargeType  Charge  pK   Dielec  ImplIonInter  
C     1     2            0.04       0.8    1              Strong      0       N/A  1       0             
S     1     2            0.04       0.8    1              Strong      0       N/A  1       0             

Pair interaction parameters:
Type1  Type2  A   
C      C      10  
C      S      10  
S      S      10  

Mesoscopic bead-field hybrid interaction parameters:
----------------------------------------------------

Bead-Field coupling parameters:
Bead  Field  parameter  
C     A      0          
C     B      0          
S     A      0          
S     B      0          

System Details:
---------------

Box: 100 X 100 X 1
GAUSSIANCHAIN: bcp (A20B16):  (Average number density: 0.82)
Overall gaussian beads number density: 0.82
SOFTCORECOLLOID: np: 800 (Bead fraction: 0.467532)
Overall Soft-core bead number density: 0.72


Initial Explicit Charge: 0

Initial Energies:
Softcore molecules bond stretching energy: 0
Softcore molecules angle bending energy: 0
Softcore molecules torsional energy: 0
Softcore molecules non-bonded energy: 6506.73
Softcore molecules electrostatics energy: 0
Softcore molecules external potential energy: 0
Softcore molecules Potential energy: 6506.73
Softcore molecules field coupling energy: 0

Average Energies:
Softcore molecules bond stretching energy: 0
Softcore molecules angle bending energy: 0
Softcore molecules torsional energy: 0
Softcore molecules non-bonded energy: 17.1704
Softcore molecules electrostatics energy: 0
Softcore molecules external potential energy: 0
Softcore molecules Potential energy: 17.1704
Softcore molecules field coupling energy: 0

Average Explicit Charge: 0

Final Energies:
Softcore molecules bond stretching energy: 0
Softcore molecules angle bending energy: 0
Softcore molecules torsional energy: 0
Softcore molecules non-bonded energy: 3.96201e-05
Softcore molecules electrostatics energy: 0
Softcore molecules external potential energy: 0
Softcore molecules Potential energy: 3.96201e-05
Softcore molecules field coupling energy: 0

Final Explicit Charge: 0

Time used by 100000 calculation steps on 1 processors: 0 Hours 11 Minutes 27 Seconds.

@CulgiVersion: 6.0.0
MBF-Hybrid Simulation of box
Job Start time: Wed May  9 23:19:23 2012
----------------------------------------------------------------------------

Simulation Parameters:
----------------------

Field Diffusion: on
Bead Diffusion: off
Field Diffusion frequency: 1
Time step: 0.01

DDFT Engine parameters: 
Field diffusion Method: EntropyFieldDynamics
Kappa: 15
Reference density: 1

NLESolverEngine parameters, DDFT Molecular Diffusion
Strict tolerance: On
Direction optimization Method: SteepestDescent
Starting Alpha: 0.5
Reset Alpha: On
Tolerance: 0.0001
Maximum Iterations: 25000
Maximum Line Iterations: 5

Gaussian chain interaction parameters:
---------------------------------------

Bead parameters:
Type  Volume  Diffusion  Viscosity  Expansion  ExtFieldConst  ChargeType  Charge  pK   Dielec  ImplIonInter  
A     1       1          1          0          1              Strong      0       N/A  1       0             
B     1       1          1          0          1              Strong      0       N/A  1       0             

Binary interaction parameters:
Type1  Type2  Chi  ChiL  
A      B      0    0     

Mesoscopic bead-field hybrid interaction parameters:
----------------------------------------------------

Bead-Field coupling parameters:
Bead  Field  parameter  
C     A      4          
C     B      4          
S     A      4          
S     B      4          

System Details:
---------------

Box: 100 X 100 X 1
GAUSSIANCHAIN: bcp (A20B16):  (Average number density: 0.82)
Overall gaussian beads number density: 0.82
SOFTCORECOLLOID: np: 800 (Bead fraction: 0.467532)
Overall Soft-core bead number density: 0.72


Initial Gaussian Chains Density Inhomogeneity: 3.75533e-14

Initial Explicit Charge: 0

Initial Energies:
Gaussian total free energy: 1340.77
Gaussian ideal free energy: -1089.23
Gaussian contact free energy: 0
Gaussian compressibility free energy: 2430
Gaussian electrostatic free energy: 0
Softcore molecules field coupling energy: 23616

Average Energies:
Gaussian total free energy: 6540.37
Gaussian ideal free energy: -923.861
Gaussian contact free energy: 0
Gaussian compressibility free energy: 7464.24
Gaussian electrostatic free energy: 0
Softcore molecules field coupling energy: 13087.4

Average Explicit Charge: 0

Average Gaussian Chains Density Inhomogeneity: 0.129536

Final Energies:
Gaussian total free energy: 6545.35
Gaussian ideal free energy: -923.737
Gaussian contact free energy: 0
Gaussian compressibility free energy: 7469.08
Gaussian electrostatic free energy: 0
Softcore molecules field coupling energy: 13079.7

Final Gaussian Chains Density Inhomogeneity: 0.129605

Iteration report, DDFT Molecular Diffusion
Number of solves: 10000
Number of function calls: 21045
Average number of iterations: 1.1045 (min 1, max 10)
Average end norm: 9.05759e-06 (min 6.96081e-11, max 9.99811e-05)


Final Explicit Charge: 0

Time used by 10000 calculation steps on 1 processors: 0 Hours 17 Minutes 22 Seconds.

@CulgiVersion: 6.0.0
MBF-Hybrid Simulation of box
Job Start time: Wed May  9 23:36:46 2012
----------------------------------------------------------------------------

Simulation Parameters:
----------------------

Field Diffusion: on
Bead Diffusion: on
Temperature: 0
Bead Diffusion frequency: 1
Field Diffusion frequency: 1
Time step: 0.01

DDFT Engine parameters: 
Field diffusion Method: EntropyFieldDynamics
Kappa: 15
Reference density: 1

NLESolverEngine parameters, DDFT Molecular Diffusion
Strict tolerance: On
Direction optimization Method: SteepestDescent
Starting Alpha: 0.5
Reset Alpha: On
Tolerance: 0.0001
Maximum Iterations: 25000
Maximum Line Iterations: 5

Gaussian chain interaction parameters:
---------------------------------------

Bead parameters:
Type  Volume  Diffusion  Viscosity  Expansion  ExtFieldConst  ChargeType  Charge  pK   Dielec  ImplIonInter  
A     1       1          1          0          1              Strong      0       N/A  1       0             
B     1       1          1          0          1              Strong      0       N/A  1       0             

Binary interaction parameters:
Type1  Type2  Chi       ChiL  
A      B      0.666667  0     

Soft core model interaction parameters:
---------------------------------------

Bead parameters:
Type  Mass  BondValence  Diffusion  Sigma  ExtFieldConst  ChargeType  Charge  pK   Dielec  ImplIonInter  
C     1     2            0.04       0.8    1              Strong      0       N/A  1       0             
S     1     2            0.04       0.8    1              Strong      0       N/A  1       0             

Pair interaction parameters:
Type1  Type2  A   
C      C      10  
C      S      10  
S      S      10  

Mesoscopic bead-field hybrid interaction parameters:
----------------------------------------------------

Bead-Field coupling parameters:
Bead  Field  parameter  
C     A      4          
C     B      8          
S     A      4          
S     B      8          

System Details:
---------------

Box: 100 X 100 X 1
GAUSSIANCHAIN: bcp (A20B16):  (Average number density: 0.82)
Overall gaussian beads number density: 0.82
SOFTCORECOLLOID: np: 800 (Bead fraction: 0.467532)
Overall Soft-core bead number density: 0.72


Initial Gaussian Chains Density Inhomogeneity: 0.129605

Initial Explicit Charge: 0

Initial Energies:
Softcore molecules bond stretching energy: 0
Softcore molecules angle bending energy: 0
Softcore molecules torsional energy: 0
Softcore molecules non-bonded energy: 3.96201e-05
Softcore molecules electrostatics energy: 0
Softcore molecules external potential energy: 0
Softcore molecules Potential energy: 18917.4
Gaussian total free energy: 7723.52
Gaussian ideal free energy: -923.737
Gaussian contact free energy: 1178.18
Gaussian compressibility free energy: 7469.08
Gaussian electrostatic free energy: 0
Softcore molecules field coupling energy: 18917.4

Average Energies:
Softcore molecules bond stretching energy: 0
Softcore molecules angle bending energy: 0
Softcore molecules torsional energy: 0
Softcore molecules non-bonded energy: 388.677
Softcore molecules electrostatics energy: 0
Softcore molecules external potential energy: 0
Softcore molecules Potential energy: 10588.2
Gaussian total free energy: 9276.28
Gaussian ideal free energy: -74.5003
Gaussian contact free energy: 564.211
Gaussian compressibility free energy: 8786.57
Gaussian electrostatic free energy: 0
Softcore molecules field coupling energy: 10199.5

Average Explicit Charge: 0

Average Gaussian Chains Density Inhomogeneity: 0.374156

Final Energies:
Softcore molecules bond stretching energy: 0
Softcore molecules angle bending energy: 0
Softcore molecules torsional energy: 0
Softcore molecules non-bonded energy: 462.893
Softcore molecules electrostatics energy: 0
Softcore molecules external potential energy: 0
Softcore molecules Potential energy: 9935.02
Gaussian total free energy: 9507.19
Gaussian ideal free energy: -104.229
Gaussian contact free energy: 566.222
Gaussian compressibility free energy: 9045.19
Gaussian electrostatic free energy: 0
Softcore molecules field coupling energy: 9472.12

Final Gaussian Chains Density Inhomogeneity: 0.375343

Iteration report, DDFT Molecular Diffusion
Number of solves: 110000
Number of function calls: 625115
Average number of iterations: 4.68115 (min 3, max 14)
Average end norm: 7.04308e-05 (min 3.41143e-05, max 9.99999e-05)


Final Explicit Charge: 0

Plugins and corresponding results from this calculation:----------

Archive Plugin:
Archive mode: Text
Archive file name: tt1100_ts0.01.csa
Archive frequency: 100

Instant results Plugin:
Instant results file name: tt1100_ts0.01_Inst.ctf
Instant results frequency: 10

Time used by 110000 calculation steps on 1 processors: 7 Hours 5 Minutes 20 Seconds.

