@CulgiVersion: 5.0.1
MBF-Hybrid Simulation of box
Job Start time: Thu Sep 15 11:47:30 2011
----------------------------------------------------------------------------

Simulation Parameters:
----------------------

Field Diffusion: on
Bead Diffusion: on
Temperature: 0.1
Bead Diffusion frequency: 1
Field Diffusion frequency: 1
Time step: 0.01

DDFT Engine parameters: 
Field diffusion Method: EntropyFieldDynamics
Kappa: 15
Reference density: 1

NLESolverEngine parameters, DDFT Molecular Diffusion
Strict tolerance: On
Direction optimization Method: SteepestDescent
Starting Alpha: 0.5
Reset Alpha: On
Tolerance: 0.0001
Maximum Iterations: 25000
Maximum Line Iterations: 5

Gaussian chain interaction parameters:
---------------------------------------

Bead parameters:
Type  Volume  Diffusion  Viscosity  Expansion  ExtFieldConst  ChargeType  Charge  pK   Dielec  ImplIonInter  
A     1       1          1          0.1        1              Strong      0       N/A  1       0             
B     1       1          1          0.1        1              Strong      0       N/A  1       0             

Binary interaction parameters:
Type1  Type2  Chi       ChiL  
A      B      0.666667  0     

Soft core model interaction parameters:
---------------------------------------

Bead parameters:
Type  Mass  BondValence  Diffusion  Sigma  ExtFieldConst  ChargeType  Charge  pK   Dielec  ImplIonInter  
P     1     2            0.1        0.8    1              Strong      0       N/A  1       0             

Pair interaction parameters:
Type1  Type2  A   
P      P      25  

Mesoscopic bead-field hybrid interaction parameters:
----------------------------------------------------

Bead-Field coupling parameters:
Bead  Field  parameter  
P     A      15         
P     B      23         

System Details:
---------------

Box: 64 X 64 X 1
GAUSSIANCHAIN: bcp (A20B16):  (Average number density: 0.771118)
Overall gaussian beads number density: 0.771118
SOFTCOREMOLECULE: np: 1000 (Bead fraction: 0.240471)
Overall Soft-core bead number density: 0.244141

Initial Gaussian Chains Density Inhomogeneity: 1.385e-14

Initial Explicit Charge: 0

Initial Energies:
Softcore molecules bond stretching energy: 0
Softcore molecules angle bending energy: 0
Softcore molecules torsional energy: 0
Softcore molecules non-bonded energy: 946.348
Softcore molecules electrostatics energy: 0
Softcore molecules external potential energy: 0
Softcore molecules Potential energy: 15254.9
Gaussian total free energy: 1585.3
Gaussian ideal free energy: -424.944
Gaussian contact free energy: 400.918
Gaussian compressibility free energy: 1609.33
Gaussian electrostatic free energy: 0
Softcore molecules field coupling energy: 14308.5

Average Energies:
Softcore molecules bond stretching energy: 0
Softcore molecules angle bending energy: 0
Softcore molecules torsional energy: 0
Softcore molecules non-bonded energy: 730.469
Softcore molecules electrostatics energy: 0
Softcore molecules external potential energy: 0
Softcore molecules Potential energy: 2658.97
Gaussian total free energy: 5305.84
Gaussian ideal free energy: -103.023
Gaussian contact free energy: 229.736
Gaussian compressibility free energy: 5179.13
Gaussian electrostatic free energy: 0
Softcore molecules field coupling energy: 1928.51

Average Explicit Charge: 0

Average Gaussian Chains Density Inhomogeneity: 0.362582

Final Energies:
Softcore molecules bond stretching energy: 0
Softcore molecules angle bending energy: 0
Softcore molecules torsional energy: 0
Softcore molecules non-bonded energy: 755.058
Softcore molecules electrostatics energy: 0
Softcore molecules external potential energy: 0
Softcore molecules Potential energy: 2421.02
Gaussian total free energy: 5303.63
Gaussian ideal free energy: -119.117
Gaussian contact free energy: 223.151
Gaussian compressibility free energy: 5199.59
Gaussian electrostatic free energy: 0
Softcore molecules field coupling energy: 1665.97

Final Gaussian Chains Density Inhomogeneity: 0.365288

Iteration report, DDFT Molecular Diffusion
Number of solves: 1100000
Number of function calls: 12097214
Average number of iterations: 9.99747 (min 9, max 12)
Average end norm: 6.44421e-05 (min 4.8862e-05, max 9.99969e-05)


Final Explicit Charge: 0

Time used by 1100000 calculation steps on 2 processors: 26 Hours 58 Minutes 4 Seconds.

