@CulgiVersion: 5.0.1
MBF-Hybrid Simulation of box
Job Start time: Mon Sep 19 18:49:45 2011
----------------------------------------------------------------------------

Simulation Parameters:
----------------------

Field Diffusion: on
Bead Diffusion: on
Temperature: 0.1
Bead Diffusion frequency: 1
Field Diffusion frequency: 1
Time step: 0.01

DDFT Engine parameters: 
Field diffusion Method: EntropyFieldDynamics
Kappa: 15
Reference density: 1

NLESolverEngine parameters, DDFT Molecular Diffusion
Strict tolerance: On
Direction optimization Method: SteepestDescent
Starting Alpha: 0.5
Reset Alpha: On
Tolerance: 0.0001
Maximum Iterations: 25000
Maximum Line Iterations: 5

Gaussian chain interaction parameters:
---------------------------------------

Bead parameters:
Type  Volume  Diffusion  Viscosity  Expansion  ExtFieldConst  ChargeType  Charge  pK   Dielec  ImplIonInter  
A     1       1          1          0.1        1              Strong      0       N/A  1       0             
B     1       1          1          0.1        1              Strong      0       N/A  1       0             

Binary interaction parameters:
Type1  Type2  Chi       ChiL  
A      B      0.666667  0     

Soft core model interaction parameters:
---------------------------------------

Bead parameters:
Type  Mass  BondValence  Diffusion  Sigma  ExtFieldConst  ChargeType  Charge  pK   Dielec  ImplIonInter  
P     1     2            0.01       0.8    1              Strong      0       N/A  1       0             

Pair interaction parameters:
Type1  Type2  A   
P      P      25  

Mesoscopic bead-field hybrid interaction parameters:
----------------------------------------------------

Bead-Field coupling parameters:
Bead  Field  parameter  
P     A      9          
P     B      16         

System Details:
---------------

Box: 64 X 64 X 1
GAUSSIANCHAIN: bcp (A20B16):  (Average number density: 0.862671)
Overall gaussian beads number density: 0.862671
SOFTCOREMOLECULE: np: 1000 (Bead fraction: 0.22058)
Overall Soft-core bead number density: 0.244141

Initial Gaussian Chains Density Inhomogeneity: 1.06026e-14

Initial Explicit Charge: 0

Initial Energies:
Softcore molecules bond stretching energy: 0
Softcore molecules angle bending energy: 0
Softcore molecules torsional energy: 0
Softcore molecules non-bonded energy: 895.414
Softcore molecules electrostatics energy: 0
Softcore molecules external potential energy: 0
Softcore molecules Potential energy: 11343.3
Gaussian total free energy: 616.742
Gaussian ideal free energy: -464.384
Gaussian contact free energy: 501.769
Gaussian compressibility free energy: 579.357
Gaussian electrostatic free energy: 0
Softcore molecules field coupling energy: 10447.9

Average Energies:
Softcore molecules bond stretching energy: 0
Softcore molecules angle bending energy: 0
Softcore molecules torsional energy: 0
Softcore molecules non-bonded energy: 321.896
Softcore molecules electrostatics energy: 0
Softcore molecules external potential energy: 0
Softcore molecules Potential energy: 3941.38
Gaussian total free energy: 2668.72
Gaussian ideal free energy: -185.578
Gaussian contact free energy: 242.61
Gaussian compressibility free energy: 2611.69
Gaussian electrostatic free energy: 0
Softcore molecules field coupling energy: 3619.48

Average Explicit Charge: 0

Average Gaussian Chains Density Inhomogeneity: 0.374565

Final Energies:
Softcore molecules bond stretching energy: 0
Softcore molecules angle bending energy: 0
Softcore molecules torsional energy: 0
Softcore molecules non-bonded energy: 369.17
Softcore molecules electrostatics energy: 0
Softcore molecules external potential energy: 0
Softcore molecules Potential energy: 3672.21
Gaussian total free energy: 2802.24
Gaussian ideal free energy: -195.73
Gaussian contact free energy: 236.957
Gaussian compressibility free energy: 2761.01
Gaussian electrostatic free energy: 0
Softcore molecules field coupling energy: 3303.04

Final Gaussian Chains Density Inhomogeneity: 0.37905

Iteration report, DDFT Molecular Diffusion
Number of solves: 1100000
Number of function calls: 9583449
Average number of iterations: 7.71223 (min 7, max 11)
Average end norm: 6.6574e-05 (min 4.76629e-05, max 0.0001)


Final Explicit Charge: 0

Time used by 1100000 calculation steps on 2 processors: 22 Hours 5 Minutes 18 Seconds.

