@CulgiVersion: 5.0.1
MBF-Hybrid Simulation of box
Job Start time: Sun Sep 18 22:49:48 2011
----------------------------------------------------------------------------

Simulation Parameters:
----------------------

Field Diffusion: on
Bead Diffusion: on
Temperature: 0.1
Bead Diffusion frequency: 1
Field Diffusion frequency: 1
Time step: 0.01

DDFT Engine parameters: 
Field diffusion Method: EntropyFieldDynamics
Kappa: 15
Reference density: 1

NLESolverEngine parameters, DDFT Molecular Diffusion
Strict tolerance: On
Direction optimization Method: SteepestDescent
Starting Alpha: 0.5
Reset Alpha: On
Tolerance: 0.0001
Maximum Iterations: 25000
Maximum Line Iterations: 5

Gaussian chain interaction parameters:
---------------------------------------

Bead parameters:
Type  Volume  Diffusion  Viscosity  Expansion  ExtFieldConst  ChargeType  Charge  pK   Dielec  ImplIonInter  
A     1       1          1          0.1        1              Strong      0       N/A  1       0             
B     1       1          1          0.1        1              Strong      0       N/A  1       0             

Binary interaction parameters:
Type1  Type2  Chi       ChiL  
A      B      0.666667  0     

Soft core model interaction parameters:
---------------------------------------

Bead parameters:
Type  Mass  BondValence  Diffusion  Sigma  ExtFieldConst  ChargeType  Charge  pK   Dielec  ImplIonInter  
P     1     2            0.01       0.8    1              Strong      0       N/A  1       0             

Pair interaction parameters:
Type1  Type2  A   
P      P      25  

Mesoscopic bead-field hybrid interaction parameters:
----------------------------------------------------

Bead-Field coupling parameters:
Bead  Field  parameter  
P     A      7          
P     B      14         

System Details:
---------------

Box: 64 X 64 X 1
GAUSSIANCHAIN: bcp (A20B16):  (Average number density: 0.786377)
Overall gaussian beads number density: 0.786377
SOFTCOREMOLECULE: np: 2000 (Bead fraction: 0.383068)
Overall Soft-core bead number density: 0.488281

Initial Gaussian Chains Density Inhomogeneity: 8.10463e-15

Initial Explicit Charge: 0

Initial Energies:
Softcore molecules bond stretching energy: 0
Softcore molecules angle bending energy: 0
Softcore molecules torsional energy: 0
Softcore molecules non-bonded energy: 2979.85
Softcore molecules electrostatics energy: 0
Softcore molecules external potential energy: 0
Softcore molecules Potential energy: 18882.1
Gaussian total free energy: 1387.24
Gaussian ideal free energy: -431.6
Gaussian contact free energy: 416.942
Gaussian compressibility free energy: 1401.9
Gaussian electrostatic free energy: 0
Softcore molecules field coupling energy: 15902.3

Average Energies:
Softcore molecules bond stretching energy: 0
Softcore molecules angle bending energy: 0
Softcore molecules torsional energy: 0
Softcore molecules non-bonded energy: 333.097
Softcore molecules electrostatics energy: 0
Softcore molecules external potential energy: 0
Softcore molecules Potential energy: 7732.02
Gaussian total free energy: 3299.6
Gaussian ideal free energy: -110.555
Gaussian contact free energy: 181.236
Gaussian compressibility free energy: 3228.92
Gaussian electrostatic free energy: 0
Softcore molecules field coupling energy: 7398.92

Average Explicit Charge: 0

Average Gaussian Chains Density Inhomogeneity: 0.354544

Final Energies:
Softcore molecules bond stretching energy: 0
Softcore molecules angle bending energy: 0
Softcore molecules torsional energy: 0
Softcore molecules non-bonded energy: 347.073
Softcore molecules electrostatics energy: 0
Softcore molecules external potential energy: 0
Softcore molecules Potential energy: 7470.44
Gaussian total free energy: 3385.31
Gaussian ideal free energy: -135.77
Gaussian contact free energy: 178.546
Gaussian compressibility free energy: 3342.53
Gaussian electrostatic free energy: 0
Softcore molecules field coupling energy: 7123.36

Final Gaussian Chains Density Inhomogeneity: 0.354829

Iteration report, DDFT Molecular Diffusion
Number of solves: 1100000
Number of function calls: 9038447
Average number of iterations: 7.21677 (min 7, max 12)
Average end norm: 8.17461e-05 (min 4.79259e-05, max 0.0001)


Final Explicit Charge: 0

Time used by 1100000 calculation steps on 4 processors: 12 Hours 57 Minutes 31 Seconds.

