@CulgiVersion: 5.0.1
MBF-Hybrid Simulation of box
Job Start time: Tue Sep 13 02:28:00 2011
----------------------------------------------------------------------------

Simulation Parameters:
----------------------

Field Diffusion: on
Bead Diffusion: on
Temperature: 0.1
Bead Diffusion frequency: 1
Field Diffusion frequency: 1
Time step: 0.01

DDFT Engine parameters: 
Field diffusion Method: EntropyFieldDynamics
Kappa: 15
Reference density: 1

NLESolverEngine parameters, DDFT Molecular Diffusion
Strict tolerance: On
Direction optimization Method: SteepestDescent
Starting Alpha: 0.5
Reset Alpha: On
Tolerance: 0.0001
Maximum Iterations: 25000
Maximum Line Iterations: 5

Gaussian chain interaction parameters:
---------------------------------------

Bead parameters:
Type  Volume  Diffusion  Viscosity  Expansion  ExtFieldConst  ChargeType  Charge  pK   Dielec  ImplIonInter  
A     1       1          1          0.1        1              Strong      0       N/A  1       0             
B     1       1          1          0.1        1              Strong      0       N/A  1       0             

Binary interaction parameters:
Type1  Type2  Chi       ChiL  
A      B      0.666667  0     

Soft core model interaction parameters:
---------------------------------------

Bead parameters:
Type  Mass  BondValence  Diffusion  Sigma  ExtFieldConst  ChargeType  Charge  pK   Dielec  ImplIonInter  
P     1     2            0.1        0.8    1              Strong      0       N/A  1       0             

Pair interaction parameters:
Type1  Type2  A   
P      P      50  

Mesoscopic bead-field hybrid interaction parameters:
----------------------------------------------------

Bead-Field coupling parameters:
Bead  Field  parameter  
P     A      8          
P     B      16         

System Details:
---------------

Box: 64 X 64 X 1
GAUSSIANCHAIN: bcp (A20B16):  (Average number density: 0.87793)
Overall gaussian beads number density: 0.87793
SOFTCOREMOLECULE: np: 1000 (Bead fraction: 0.217581)
Overall Soft-core bead number density: 0.244141

Initial Gaussian Chains Density Inhomogeneity: 5.27356e-15

Initial Explicit Charge: 0

Initial Energies:
Softcore molecules bond stretching energy: 0
Softcore molecules angle bending energy: 0
Softcore molecules torsional energy: 0
Softcore molecules non-bonded energy: 1570.92
Softcore molecules electrostatics energy: 0
Softcore molecules external potential energy: 0
Softcore molecules Potential energy: 11715.9
Gaussian total free energy: 506.593
Gaussian ideal free energy: -470.847
Gaussian contact free energy: 519.677
Gaussian compressibility free energy: 457.764
Gaussian electrostatic free energy: 0
Softcore molecules field coupling energy: 10145

Average Energies:
Softcore molecules bond stretching energy: 0
Softcore molecules angle bending energy: 0
Softcore molecules torsional energy: 0
Softcore molecules non-bonded energy: 127.042
Softcore molecules electrostatics energy: 0
Softcore molecules external potential energy: 0
Softcore molecules Potential energy: 4066.22
Gaussian total free energy: 2010.34
Gaussian ideal free energy: -199.04
Gaussian contact free energy: 225.034
Gaussian compressibility free energy: 1984.35
Gaussian electrostatic free energy: 0
Softcore molecules field coupling energy: 3939.18

Average Explicit Charge: 0

Average Gaussian Chains Density Inhomogeneity: 0.377914

Final Energies:
Softcore molecules bond stretching energy: 0
Softcore molecules angle bending energy: 0
Softcore molecules torsional energy: 0
Softcore molecules non-bonded energy: 127.031
Softcore molecules electrostatics energy: 0
Softcore molecules external potential energy: 0
Softcore molecules Potential energy: 3923.03
Gaussian total free energy: 2069.71
Gaussian ideal free energy: -201.535
Gaussian contact free energy: 220.013
Gaussian compressibility free energy: 2051.23
Gaussian electrostatic free energy: 0
Softcore molecules field coupling energy: 3796

Final Gaussian Chains Density Inhomogeneity: 0.380631

Iteration report, DDFT Molecular Diffusion
Number of solves: 1100000
Number of function calls: 10178787
Average number of iterations: 8.25344 (min 8, max 11)
Average end norm: 8.0037e-05 (min 4.76299e-05, max 0.0001)


Final Explicit Charge: 0

Time used by 1100000 calculation steps on 4 processors: 12 Hours 54 Minutes 26 Seconds.

