@CulgiVersion: 5.0.1
MBF-Hybrid Simulation of box
Job Start time: Thu Feb  9 14:58:06 2012
----------------------------------------------------------------------------

Simulation Parameters:
----------------------

Field Diffusion: off
Bead Diffusion: on
Temperature: 0.1
Bead Diffusion frequency: 1
Time step: 0.01

Soft core model interaction parameters:
---------------------------------------

Bead parameters:
Type  Mass  BondValence  Diffusion  Sigma  ExtFieldConst  ChargeType  Charge  pK   Dielec  ImplIonInter  
P     1     2            0.001      0.8    1              Strong      0       N/A  1       0             

Pair interaction parameters:
Type1  Type2  A   
P      P      10  

Mesoscopic bead-field hybrid interaction parameters:
----------------------------------------------------

Bead-Field coupling parameters:
Bead  Field  parameter  
P     A      0          
P     B      0          

System Details:
---------------

Box: 64 X 64 X 1
GAUSSIANCHAIN: bcp (A20B16):  (Average number density: 0.976562)
Overall gaussian beads number density: 0.976562
SOFTCOREMOLECULE: np: 256 (Bead fraction: 0.0601504)
Overall Soft-core bead number density: 0.0625

Initial Explicit Charge: 0

Initial Energies:
Softcore molecules bond stretching energy: 0
Softcore molecules angle bending energy: 0
Softcore molecules torsional energy: 0
Softcore molecules non-bonded energy: 8.75946
Softcore molecules electrostatics energy: 0
Softcore molecules external potential energy: 0
Softcore molecules Potential energy: 8.75946
Softcore molecules field coupling energy: 0

Average Energies:
Softcore molecules bond stretching energy: 0
Softcore molecules angle bending energy: 0
Softcore molecules torsional energy: 0
Softcore molecules non-bonded energy: 0.445755
Softcore molecules electrostatics energy: 0
Softcore molecules external potential energy: 0
Softcore molecules Potential energy: 0.445755
Softcore molecules field coupling energy: 0

Average Explicit Charge: 0

Final Energies:
Softcore molecules bond stretching energy: 0
Softcore molecules angle bending energy: 0
Softcore molecules torsional energy: 0
Softcore molecules non-bonded energy: 0.0974214
Softcore molecules electrostatics energy: 0
Softcore molecules external potential energy: 0
Softcore molecules Potential energy: 0.0974214
Softcore molecules field coupling energy: 0

Final Explicit Charge: 0

Time used by 100900 calculation steps on 2 processors: 0 Hours 0 Minutes 27 Seconds.

@CulgiVersion: 5.0.1
MBF-Hybrid Simulation of box
Job Start time: Thu Feb  9 14:58:33 2012
----------------------------------------------------------------------------

Simulation Parameters:
----------------------

Field Diffusion: on
Bead Diffusion: off
Field Diffusion frequency: 1
Time step: 0.01

DDFT Engine parameters: 
Field diffusion Method: EntropyFieldDynamics
Kappa: 15
Reference density: 1

NLESolverEngine parameters, DDFT Molecular Diffusion
Strict tolerance: On
Direction optimization Method: SteepestDescent
Starting Alpha: 0.5
Reset Alpha: On
Tolerance: 0.0001
Maximum Iterations: 25000
Maximum Line Iterations: 5

Gaussian chain interaction parameters:
---------------------------------------

Bead parameters:
Type  Volume  Diffusion  Viscosity  Expansion  ExtFieldConst  ChargeType  Charge  pK   Dielec  ImplIonInter  
A     1       1          1          0.1        1              Strong      0       N/A  1       0             
B     1       1          1          0.1        1              Strong      0       N/A  1       0             

Binary interaction parameters:
Type1  Type2  Chi  ChiL  
A      B      0    0     

Mesoscopic bead-field hybrid interaction parameters:
----------------------------------------------------

Bead-Field coupling parameters:
Bead  Field  parameter  
P     A      6          
P     B      6          

System Details:
---------------

Box: 64 X 64 X 1
GAUSSIANCHAIN: bcp (A20B16):  (Average number density: 0.976562)
Overall gaussian beads number density: 0.976562
SOFTCOREMOLECULE: np: 256 (Bead fraction: 0.0601504)
Overall Soft-core bead number density: 0.0625

Initial Gaussian Chains Density Inhomogeneity: 2.15383e-14

Initial Explicit Charge: 0

Initial Energies:
Gaussian total free energy: -495.04
Gaussian ideal free energy: -511.915
Gaussian contact free energy: 0
Gaussian compressibility free energy: 16.875
Gaussian electrostatic free energy: 0
Softcore molecules field coupling energy: 738.281

Average Energies:
Gaussian total free energy: -429.418
Gaussian ideal free energy: -510.25
Gaussian contact free energy: 0
Gaussian compressibility free energy: 80.8326
Gaussian electrostatic free energy: 0
Softcore molecules field coupling energy: 674

Average Explicit Charge: 0

Average Gaussian Chains Density Inhomogeneity: 0.0229227

Final Energies:
Gaussian total free energy: -429.43
Gaussian ideal free energy: -510.249
Gaussian contact free energy: 0
Gaussian compressibility free energy: 80.8195
Gaussian electrostatic free energy: 0
Softcore molecules field coupling energy: 674

Final Gaussian Chains Density Inhomogeneity: 0.0229235

Iteration report, DDFT Molecular Diffusion
Number of solves: 10000
Number of function calls: 56409
Average number of iterations: 4.6409 (min 4, max 6)
Average end norm: 6.80009e-05 (min 4.13962e-05, max 9.99968e-05)


Final Explicit Charge: 0

Time used by 10000 calculation steps on 2 processors: 0 Hours 6 Minutes 46 Seconds.

@CulgiVersion: 5.0.1
MBF-Hybrid Simulation of box
Job Start time: Thu Feb  9 15:05:19 2012
----------------------------------------------------------------------------

Simulation Parameters:
----------------------

Field Diffusion: on
Bead Diffusion: on
Temperature: 0.1
Bead Diffusion frequency: 1
Field Diffusion frequency: 1
Time step: 0.01

DDFT Engine parameters: 
Field diffusion Method: EntropyFieldDynamics
Kappa: 15
Reference density: 1

NLESolverEngine parameters, DDFT Molecular Diffusion
Strict tolerance: On
Direction optimization Method: SteepestDescent
Starting Alpha: 0.5
Reset Alpha: On
Tolerance: 0.0001
Maximum Iterations: 25000
Maximum Line Iterations: 5

Gaussian chain interaction parameters:
---------------------------------------

Bead parameters:
Type  Volume  Diffusion  Viscosity  Expansion  ExtFieldConst  ChargeType  Charge  pK   Dielec  ImplIonInter  
A     1       1          1          0.1        1              Strong      0       N/A  1       0             
B     1       1          1          0.1        1              Strong      0       N/A  1       0             

Binary interaction parameters:
Type1  Type2  Chi       ChiL  
A      B      0.666667  0     

Soft core model interaction parameters:
---------------------------------------

Bead parameters:
Type  Mass  BondValence  Diffusion  Sigma  ExtFieldConst  ChargeType  Charge  pK   Dielec  ImplIonInter  
P     1     2            0.001      0.8    1              Strong      0       N/A  1       0             

Pair interaction parameters:
Type1  Type2  A   
P      P      10  

Mesoscopic bead-field hybrid interaction parameters:
----------------------------------------------------

Bead-Field coupling parameters:
Bead  Field  parameter  
P     A      6          
P     B      12         

System Details:
---------------

Box: 64 X 64 X 1
GAUSSIANCHAIN: bcp (A20B16):  (Average number density: 0.976563)
Overall gaussian beads number density: 0.976563
SOFTCOREMOLECULE: np: 256 (Bead fraction: 0.0601504)
Overall Soft-core bead number density: 0.0625

Initial Gaussian Chains Density Inhomogeneity: 0.0229235

Initial Explicit Charge: 0

Initial Energies:
Softcore molecules bond stretching energy: 0
Softcore molecules angle bending energy: 0
Softcore molecules torsional energy: 0
Softcore molecules non-bonded energy: 0.0974214
Softcore molecules electrostatics energy: 0
Softcore molecules external potential energy: 0
Softcore molecules Potential energy: 1977.48
Gaussian total free energy: 214.317
Gaussian ideal free energy: -510.249
Gaussian contact free energy: 643.747
Gaussian compressibility free energy: 80.8195
Gaussian electrostatic free energy: 0
Softcore molecules field coupling energy: 1977.38

Average Energies:
Softcore molecules bond stretching energy: 0
Softcore molecules angle bending energy: 0
Softcore molecules torsional energy: 0
Softcore molecules non-bonded energy: 4.83269
Softcore molecules electrostatics energy: 0
Softcore molecules external potential energy: 0
Softcore molecules Potential energy: 1332
Gaussian total free energy: 151.648
Gaussian ideal free energy: -224.369
Gaussian contact free energy: 265.49
Gaussian compressibility free energy: 110.526
Gaussian electrostatic free energy: 0
Softcore molecules field coupling energy: 1327.17

Average Explicit Charge: 0

Average Gaussian Chains Density Inhomogeneity: 0.393261

Final Energies:
Softcore molecules bond stretching energy: 0
Softcore molecules angle bending energy: 0
Softcore molecules torsional energy: 0
Softcore molecules non-bonded energy: 6.757
Softcore molecules electrostatics energy: 0
Softcore molecules external potential energy: 0
Softcore molecules Potential energy: 1291.6
Gaussian total free energy: 152.222
Gaussian ideal free energy: -230.108
Gaussian contact free energy: 256.801
Gaussian compressibility free energy: 125.53
Gaussian electrostatic free energy: 0
Softcore molecules field coupling energy: 1284.84

Final Gaussian Chains Density Inhomogeneity: 0.395429

Iteration report, DDFT Molecular Diffusion
Number of solves: 1100000
Number of function calls: 7070058
Average number of iterations: 5.42733 (min 5, max 10)
Average end norm: 7.61843e-05 (min 4.70213e-05, max 0.0001)


Final Explicit Charge: 0

Time used by 1100000 calculation steps on 2 processors: 15 Hours 25 Minutes 27 Seconds.

