@CulgiVersion: 5.0.1
MBF-Hybrid Simulation of box
Job Start time: Thu Feb  2 07:04:02 2012
----------------------------------------------------------------------------

Simulation Parameters:
----------------------

Field Diffusion: off
Bead Diffusion: on
Temperature: 0.2
Bead Diffusion frequency: 1
Time step: 0.01

Soft core model interaction parameters:
---------------------------------------

Bead parameters:
Type  Mass  BondValence  Diffusion  Sigma  ExtFieldConst  ChargeType  Charge  pK   Dielec  ImplIonInter  
P     1     2            0.01       0.8    1              Strong      0       N/A  1       0             

Pair interaction parameters:
Type1  Type2  A   
P      P      10  

Mesoscopic bead-field hybrid interaction parameters:
----------------------------------------------------

Bead-Field coupling parameters:
Bead  Field  parameter  
P     A      0          
P     B      0          

System Details:
---------------

Box: 64 X 64 X 1
GAUSSIANCHAIN: bcp (A20B16):  (Average number density: 0.953125)
Overall gaussian beads number density: 0.953125
SOFTCOREMOLECULE: np: 512 (Bead fraction: 0.115942)
Overall Soft-core bead number density: 0.125

Initial Explicit Charge: 0

Initial Energies:
Softcore molecules bond stretching energy: 0
Softcore molecules angle bending energy: 0
Softcore molecules torsional energy: 0
Softcore molecules non-bonded energy: 1.99105
Softcore molecules electrostatics energy: 0
Softcore molecules external potential energy: 0
Softcore molecules Potential energy: 1.99105
Softcore molecules field coupling energy: 0

Average Energies:
Softcore molecules bond stretching energy: 0
Softcore molecules angle bending energy: 0
Softcore molecules torsional energy: 0
Softcore molecules non-bonded energy: 2.34541
Softcore molecules electrostatics energy: 0
Softcore molecules external potential energy: 0
Softcore molecules Potential energy: 2.34541
Softcore molecules field coupling energy: 0

Average Explicit Charge: 0

Final Energies:
Softcore molecules bond stretching energy: 0
Softcore molecules angle bending energy: 0
Softcore molecules torsional energy: 0
Softcore molecules non-bonded energy: 3.61304
Softcore molecules electrostatics energy: 0
Softcore molecules external potential energy: 0
Softcore molecules Potential energy: 3.61304
Softcore molecules field coupling energy: 0

Final Explicit Charge: 0

Time used by 100900 calculation steps on 4 processors: 0 Hours 0 Minutes 26 Seconds.

@CulgiVersion: 5.0.1
MBF-Hybrid Simulation of box
Job Start time: Thu Feb  2 07:04:28 2012
----------------------------------------------------------------------------

Simulation Parameters:
----------------------

Field Diffusion: on
Bead Diffusion: off
Field Diffusion frequency: 1
Time step: 0.01

DDFT Engine parameters: 
Field diffusion Method: EntropyFieldDynamics
Kappa: 15
Reference density: 1

NLESolverEngine parameters, DDFT Molecular Diffusion
Strict tolerance: On
Direction optimization Method: SteepestDescent
Starting Alpha: 0.5
Reset Alpha: On
Tolerance: 0.0001
Maximum Iterations: 25000
Maximum Line Iterations: 5

Gaussian chain interaction parameters:
---------------------------------------

Bead parameters:
Type  Volume  Diffusion  Viscosity  Expansion  ExtFieldConst  ChargeType  Charge  pK   Dielec  ImplIonInter  
A     1       1          1          0.05       1              Strong      0       N/A  1       0             
B     1       1          1          0.05       1              Strong      0       N/A  1       0             

Binary interaction parameters:
Type1  Type2  Chi  ChiL  
A      B      0    0     

Mesoscopic bead-field hybrid interaction parameters:
----------------------------------------------------

Bead-Field coupling parameters:
Bead  Field  parameter  
P     A      6          
P     B      6          

System Details:
---------------

Box: 64 X 64 X 1
GAUSSIANCHAIN: bcp (A20B16):  (Average number density: 0.953125)
Overall gaussian beads number density: 0.953125
SOFTCOREMOLECULE: np: 512 (Bead fraction: 0.115942)
Overall Soft-core bead number density: 0.125

Initial Gaussian Chains Density Inhomogeneity: 1.03806e-14

Initial Explicit Charge: 0

Initial Energies:
Gaussian total free energy: -434.763
Gaussian ideal free energy: -502.263
Gaussian contact free energy: 0
Gaussian compressibility free energy: 67.5
Gaussian electrostatic free energy: 0
Softcore molecules field coupling energy: 777.75

Average Energies:
Gaussian total free energy: -314.034
Gaussian ideal free energy: -499.206
Gaussian contact free energy: 0
Gaussian compressibility free energy: 185.172
Gaussian electrostatic free energy: 0
Softcore molecules field coupling energy: 710.486

Average Explicit Charge: 0

Average Gaussian Chains Density Inhomogeneity: 0.0309634

Final Energies:
Gaussian total free energy: -314.016
Gaussian ideal free energy: -499.204
Gaussian contact free energy: 0
Gaussian compressibility free energy: 185.189
Gaussian electrostatic free energy: 0
Softcore molecules field coupling energy: 710.472

Final Gaussian Chains Density Inhomogeneity: 0.0309666

Iteration report, DDFT Molecular Diffusion
Number of solves: 10000
Number of function calls: 48010
Average number of iterations: 3.801 (min 3, max 7)
Average end norm: 6.12341e-05 (min 4.07793e-05, max 9.99991e-05)


Final Explicit Charge: 0

Time used by 10000 calculation steps on 4 processors: 0 Hours 3 Minutes 16 Seconds.

@CulgiVersion: 5.0.1
MBF-Hybrid Simulation of box
Job Start time: Thu Feb  2 07:07:44 2012
----------------------------------------------------------------------------

Simulation Parameters:
----------------------

Field Diffusion: on
Bead Diffusion: on
Temperature: 0.2
Bead Diffusion frequency: 1
Field Diffusion frequency: 1
Time step: 0.01

DDFT Engine parameters: 
Field diffusion Method: EntropyFieldDynamics
Kappa: 15
Reference density: 1

NLESolverEngine parameters, DDFT Molecular Diffusion
Strict tolerance: On
Direction optimization Method: SteepestDescent
Starting Alpha: 0.5
Reset Alpha: On
Tolerance: 0.0001
Maximum Iterations: 25000
Maximum Line Iterations: 5

Gaussian chain interaction parameters:
---------------------------------------

Bead parameters:
Type  Volume  Diffusion  Viscosity  Expansion  ExtFieldConst  ChargeType  Charge  pK   Dielec  ImplIonInter  
A     1       1          1          0.05       1              Strong      0       N/A  1       0             
B     1       1          1          0.05       1              Strong      0       N/A  1       0             

Binary interaction parameters:
Type1  Type2  Chi       ChiL  
A      B      0.666667  0     

Soft core model interaction parameters:
---------------------------------------

Bead parameters:
Type  Mass  BondValence  Diffusion  Sigma  ExtFieldConst  ChargeType  Charge  pK   Dielec  ImplIonInter  
P     1     2            0.01       0.8    1              Strong      0       N/A  1       0             

Pair interaction parameters:
Type1  Type2  A   
P      P      10  

Mesoscopic bead-field hybrid interaction parameters:
----------------------------------------------------

Bead-Field coupling parameters:
Bead  Field  parameter  
P     A      6          
P     B      12         

System Details:
---------------

Box: 64 X 64 X 1
GAUSSIANCHAIN: bcp (A20B16):  (Average number density: 0.953125)
Overall gaussian beads number density: 0.953125
SOFTCOREMOLECULE: np: 512 (Bead fraction: 0.115942)
Overall Soft-core bead number density: 0.125

Initial Gaussian Chains Density Inhomogeneity: 0.0309666

Initial Explicit Charge: 0

Initial Energies:
Softcore molecules bond stretching energy: 0
Softcore molecules angle bending energy: 0
Softcore molecules torsional energy: 0
Softcore molecules non-bonded energy: 3.61304
Softcore molecules electrostatics energy: 0
Softcore molecules external potential energy: 0
Softcore molecules Potential energy: 3884.66
Gaussian total free energy: 299.893
Gaussian ideal free energy: -499.204
Gaussian contact free energy: 613.908
Gaussian compressibility free energy: 185.189
Gaussian electrostatic free energy: 0
Softcore molecules field coupling energy: 3881.05

Average Energies:
Softcore molecules bond stretching energy: 0
Softcore molecules angle bending energy: 0
Softcore molecules torsional energy: 0
Softcore molecules non-bonded energy: 51.0033
Softcore molecules electrostatics energy: 0
Softcore molecules external potential energy: 0
Softcore molecules Potential energy: 2374.91
Gaussian total free energy: 404.114
Gaussian ideal free energy: -211.737
Gaussian contact free energy: 245.435
Gaussian compressibility free energy: 370.415
Gaussian electrostatic free energy: 0
Softcore molecules field coupling energy: 2323.9

Average Explicit Charge: 0

Average Gaussian Chains Density Inhomogeneity: 0.39056

Final Energies:
Softcore molecules bond stretching energy: 0
Softcore molecules angle bending energy: 0
Softcore molecules torsional energy: 0
Softcore molecules non-bonded energy: 54.2881
Softcore molecules electrostatics energy: 0
Softcore molecules external potential energy: 0
Softcore molecules Potential energy: 2320.44
Gaussian total free energy: 418.414
Gaussian ideal free energy: -213.353
Gaussian contact free energy: 236.217
Gaussian compressibility free energy: 395.55
Gaussian electrostatic free energy: 0
Softcore molecules field coupling energy: 2266.16

Final Gaussian Chains Density Inhomogeneity: 0.393633

Iteration report, DDFT Molecular Diffusion
Number of solves: 1100000
Number of function calls: 8992571
Average number of iterations: 7.17506 (min 6, max 10)
Average end norm: 7.91778e-05 (min 4.80279e-05, max 0.0001)


Final Explicit Charge: 0

Time used by 1100000 calculation steps on 4 processors: 11 Hours 27 Minutes 32 Seconds.

