@CulgiVersion: 6.0.0
MBF-Hybrid Simulation of box
Job Start time: Tue Apr 17 17:27:49 2012
----------------------------------------------------------------------------

Simulation Parameters:
----------------------

Field Diffusion: off
Bead Diffusion: off
Time step: 0.01

Mesoscopic bead-field hybrid interaction parameters:
----------------------------------------------------

Bead-Field coupling parameters:
Bead  Field  parameter  

System Details:
---------------

Box: 64 X 64 X 1
GAUSSIANCHAIN: bcp (A20B16):  (Average number density: 1)
Overall gaussian beads number density: 1
Overall Soft-core bead number density: 0


Initial Explicit Charge: 0

Initial Energies:

Average Energies:

Average Explicit Charge: 0

Final Energies:

Final Explicit Charge: 0

Time used by 100000 calculation steps on 1 processors: 0 Hours 0 Minutes 1 Seconds.

@CulgiVersion: 6.0.0
MBF-Hybrid Simulation of box
Job Start time: Tue Apr 17 17:27:50 2012
----------------------------------------------------------------------------

Simulation Parameters:
----------------------

Field Diffusion: on
Bead Diffusion: off
Field Diffusion frequency: 1
Time step: 0.01

DDFT Engine parameters: 
Field diffusion Method: EntropyFieldDynamics
Kappa: 15
Reference density: 1

NLESolverEngine parameters, DDFT Molecular Diffusion
Strict tolerance: On
Direction optimization Method: SteepestDescent
Starting Alpha: 0.5
Reset Alpha: On
Tolerance: 0.0001
Maximum Iterations: 25000
Maximum Line Iterations: 5

Gaussian chain interaction parameters:
---------------------------------------

Bead parameters:
Type  Volume  Diffusion  Viscosity  Expansion  ExtFieldConst  ChargeType  Charge  pK   Dielec  ImplIonInter  
A     1       1          1          0.1        1              Strong      0       N/A  1       0             
B     1       1          1          0.1        1              Strong      0       N/A  1       0             

Binary interaction parameters:
Type1  Type2  Chi  ChiL  
A      B      0    0     

Mesoscopic bead-field hybrid interaction parameters:
----------------------------------------------------

Bead-Field coupling parameters:
Bead  Field  parameter  

System Details:
---------------

Box: 64 X 64 X 1
GAUSSIANCHAIN: bcp (A20B16):  (Average number density: 1)
Overall gaussian beads number density: 1
Overall Soft-core bead number density: 0


Initial Gaussian Chains Density Inhomogeneity: 4.43534e-14

Initial Explicit Charge: 0

Initial Energies:
Gaussian total free energy: -521.503
Gaussian ideal free energy: -521.503
Gaussian contact free energy: 0
Gaussian compressibility free energy: 0
Gaussian electrostatic free energy: 0

Average Energies:
Gaussian total free energy: -521.466
Gaussian ideal free energy: -521.482
Gaussian contact free energy: 0
Gaussian compressibility free energy: 0.0158502
Gaussian electrostatic free energy: 0

Average Explicit Charge: 0

Average Gaussian Chains Density Inhomogeneity: 0.00228843

Final Energies:
Gaussian total free energy: -521.465
Gaussian ideal free energy: -521.482
Gaussian contact free energy: 0
Gaussian compressibility free energy: 0.0160189
Gaussian electrostatic free energy: 0

Final Gaussian Chains Density Inhomogeneity: 0.00234363

Iteration report, DDFT Molecular Diffusion
Number of solves: 10000
Number of function calls: 56251
Average number of iterations: 4.6251 (min 4, max 5)
Average end norm: 6.86331e-05 (min 4.77144e-05, max 9.99975e-05)


Final Explicit Charge: 0

Time used by 10000 calculation steps on 1 processors: 0 Hours 12 Minutes 19 Seconds.

@CulgiVersion: 6.0.0
MBF-Hybrid Simulation of box
Job Start time: Tue Apr 17 17:40:10 2012
----------------------------------------------------------------------------

Simulation Parameters:
----------------------

Field Diffusion: on
Bead Diffusion: off
Field Diffusion frequency: 1
Time step: 0.01

DDFT Engine parameters: 
Field diffusion Method: EntropyFieldDynamics
Kappa: 15
Reference density: 1

NLESolverEngine parameters, DDFT Molecular Diffusion
Strict tolerance: On
Direction optimization Method: SteepestDescent
Starting Alpha: 0.5
Reset Alpha: On
Tolerance: 0.0001
Maximum Iterations: 25000
Maximum Line Iterations: 5

Gaussian chain interaction parameters:
---------------------------------------

Bead parameters:
Type  Volume  Diffusion  Viscosity  Expansion  ExtFieldConst  ChargeType  Charge  pK   Dielec  ImplIonInter  
A     1       1          1          0.1        1              Strong      0       N/A  1       0             
B     1       1          1          0.1        1              Strong      0       N/A  1       0             

Binary interaction parameters:
Type1  Type2  Chi       ChiL  
A      B      0.666667  0     

Mesoscopic bead-field hybrid interaction parameters:
----------------------------------------------------

Bead-Field coupling parameters:
Bead  Field  parameter  

System Details:
---------------

Box: 64 X 64 X 1
GAUSSIANCHAIN: bcp (A20B16):  (Average number density: 1)
Overall gaussian beads number density: 1
Overall Soft-core bead number density: 0


Initial Gaussian Chains Density Inhomogeneity: 0.00234363

Initial Explicit Charge: 0

Initial Energies:
Gaussian total free energy: 152.767
Gaussian ideal free energy: -521.482
Gaussian contact free energy: 674.232
Gaussian compressibility free energy: 0.0160189
Gaussian electrostatic free energy: 0

Average Energies:
Gaussian total free energy: 14.2334
Gaussian ideal free energy: -270.212
Gaussian contact free energy: 283.644
Gaussian compressibility free energy: 0.801145
Gaussian electrostatic free energy: 0

Average Explicit Charge: 0

Average Gaussian Chains Density Inhomogeneity: 0.391567

Final Energies:
Gaussian total free energy: 7.25602
Gaussian ideal free energy: -259.466
Gaussian contact free energy: 265.965
Gaussian compressibility free energy: 0.756449
Gaussian electrostatic free energy: 0

Final Gaussian Chains Density Inhomogeneity: 0.401051

Iteration report, DDFT Molecular Diffusion
Number of solves: 110000
Number of function calls: 660263
Average number of iterations: 5.00239 (min 4, max 6)
Average end norm: 8.27874e-05 (min 4.81895e-05, max 9.99935e-05)


Final Explicit Charge: 0

Plugins and corresponding results from this calculation:----------

Archive Plugin:
Archive mode: Text
Archive file name: tt1100_ts0.01.cga
Archive frequency: 100

Instant results Plugin:
Instant results file name: tt1100_ts0.01_Inst.ctf
Instant results frequency: 10

Time used by 110000 calculation steps on 1 processors: 2 Hours 36 Minutes 8 Seconds.

