@CulgiVersion: 6.0.0
MBF-Hybrid Simulation of box
Job Start time: Tue Apr 17 18:19:00 2012
----------------------------------------------------------------------------

Simulation Parameters:
----------------------

Field Diffusion: off
Bead Diffusion: off
Time step: 0.01

Mesoscopic bead-field hybrid interaction parameters:
----------------------------------------------------

Bead-Field coupling parameters:
Bead  Field  parameter  

System Details:
---------------

Box: 64 X 64 X 1
GAUSSIANCHAIN: bcp (A20B16):  (Average number density: 1)
Overall gaussian beads number density: 1
Overall Soft-core bead number density: 0


Initial Explicit Charge: 0

Initial Energies:

Average Energies:

Average Explicit Charge: 0

Final Energies:

Final Explicit Charge: 0

Time used by 100000 calculation steps on 1 processors: 0 Hours 0 Minutes 1 Seconds.

@CulgiVersion: 6.0.0
MBF-Hybrid Simulation of box
Job Start time: Tue Apr 17 18:19:01 2012
----------------------------------------------------------------------------

Simulation Parameters:
----------------------

Field Diffusion: on
Bead Diffusion: off
Field Diffusion frequency: 1
Time step: 0.01

DDFT Engine parameters: 
Field diffusion Method: EntropyFieldDynamics
Kappa: 15
Reference density: 1

NLESolverEngine parameters, DDFT Molecular Diffusion
Strict tolerance: On
Direction optimization Method: SteepestDescent
Starting Alpha: 0.5
Reset Alpha: On
Tolerance: 0.0001
Maximum Iterations: 25000
Maximum Line Iterations: 5

Gaussian chain interaction parameters:
---------------------------------------

Bead parameters:
Type  Volume  Diffusion  Viscosity  Expansion  ExtFieldConst  ChargeType  Charge  pK   Dielec  ImplIonInter  
A     1       1          1          0.1        1              Strong      0       N/A  1       0             
B     1       1          1          0.1        1              Strong      0       N/A  1       0             

Binary interaction parameters:
Type1  Type2  Chi  ChiL  
A      B      0    0     

Mesoscopic bead-field hybrid interaction parameters:
----------------------------------------------------

Bead-Field coupling parameters:
Bead  Field  parameter  

System Details:
---------------

Box: 64 X 64 X 1
GAUSSIANCHAIN: bcp (A20B16):  (Average number density: 1)
Overall gaussian beads number density: 1
Overall Soft-core bead number density: 0


Initial Gaussian Chains Density Inhomogeneity: 4.43534e-14

Initial Explicit Charge: 0

Initial Energies:
Gaussian total free energy: -521.503
Gaussian ideal free energy: -521.503
Gaussian contact free energy: 0
Gaussian compressibility free energy: 0
Gaussian electrostatic free energy: 0

Average Energies:
Gaussian total free energy: -521.466
Gaussian ideal free energy: -521.482
Gaussian contact free energy: 0
Gaussian compressibility free energy: 0.0158441
Gaussian electrostatic free energy: 0

Average Explicit Charge: 0

Average Gaussian Chains Density Inhomogeneity: 0.00229005

Final Energies:
Gaussian total free energy: -521.466
Gaussian ideal free energy: -521.482
Gaussian contact free energy: 0
Gaussian compressibility free energy: 0.0157811
Gaussian electrostatic free energy: 0

Final Gaussian Chains Density Inhomogeneity: 0.00229029

Iteration report, DDFT Molecular Diffusion
Number of solves: 10000
Number of function calls: 56267
Average number of iterations: 4.6267 (min 4, max 5)
Average end norm: 6.85821e-05 (min 4.74876e-05, max 9.99993e-05)


Final Explicit Charge: 0

Time used by 10000 calculation steps on 1 processors: 0 Hours 12 Minutes 28 Seconds.

@CulgiVersion: 6.0.0
MBF-Hybrid Simulation of box
Job Start time: Tue Apr 17 18:31:29 2012
----------------------------------------------------------------------------

Simulation Parameters:
----------------------

Field Diffusion: on
Bead Diffusion: off
Field Diffusion frequency: 1
Time step: 0.01

DDFT Engine parameters: 
Field diffusion Method: EntropyFieldDynamics
Kappa: 15
Reference density: 1

NLESolverEngine parameters, DDFT Molecular Diffusion
Strict tolerance: On
Direction optimization Method: SteepestDescent
Starting Alpha: 0.5
Reset Alpha: On
Tolerance: 0.0001
Maximum Iterations: 25000
Maximum Line Iterations: 5

Gaussian chain interaction parameters:
---------------------------------------

Bead parameters:
Type  Volume  Diffusion  Viscosity  Expansion  ExtFieldConst  ChargeType  Charge  pK   Dielec  ImplIonInter  
A     1       1          1          0.1        1              Strong      0       N/A  1       0             
B     1       1          1          0.1        1              Strong      0       N/A  1       0             

Binary interaction parameters:
Type1  Type2  Chi       ChiL  
A      B      0.666667  0     

Mesoscopic bead-field hybrid interaction parameters:
----------------------------------------------------

Bead-Field coupling parameters:
Bead  Field  parameter  

System Details:
---------------

Box: 64 X 64 X 1
GAUSSIANCHAIN: bcp (A20B16):  (Average number density: 1)
Overall gaussian beads number density: 1
Overall Soft-core bead number density: 0


Initial Gaussian Chains Density Inhomogeneity: 0.00229029

Initial Explicit Charge: 0

Initial Energies:
Gaussian total free energy: 152.767
Gaussian ideal free energy: -521.482
Gaussian contact free energy: 674.233
Gaussian compressibility free energy: 0.0157811
Gaussian electrostatic free energy: 0

Average Energies:
Gaussian total free energy: 53.2336
Gaussian ideal free energy: -332.055
Gaussian contact free energy: 384.398
Gaussian compressibility free energy: 0.890196
Gaussian electrostatic free energy: 0

Average Explicit Charge: 0

Average Gaussian Chains Density Inhomogeneity: 0.329873

Final Energies:
Gaussian total free energy: 22.7525
Gaussian ideal free energy: -284.579
Gaussian contact free energy: 306.413
Gaussian compressibility free energy: 0.918218
Gaussian electrostatic free energy: 0

Final Gaussian Chains Density Inhomogeneity: 0.384645

Iteration report, DDFT Molecular Diffusion
Number of solves: 11000
Number of function calls: 65834
Average number of iterations: 4.98491 (min 4, max 6)
Average end norm: 8.01067e-05 (min 4.79798e-05, max 9.99956e-05)


Final Explicit Charge: 0

Plugins and corresponding results from this calculation:----------

Archive Plugin:
Archive mode: Text
Archive file name: tt110_ts0.01.cga
Archive frequency: 10

Instant results Plugin:
Instant results file name: tt110_ts0.01_Inst.ctf
Instant results frequency: 1

Time used by 11000 calculation steps on 1 processors: 0 Hours 18 Minutes 55 Seconds.

