@CulgiVersion: 5.0.1
MBF-Hybrid Simulation of box
Job Start time: Tue Sep 27 14:29:31 2011
----------------------------------------------------------------------------

Simulation Parameters:
----------------------

Field Diffusion: on
Bead Diffusion: on
Temperature: 0.1
Bead Diffusion frequency: 1
Field Diffusion frequency: 1
Time step: 0.01

DDFT Engine parameters: 
Field diffusion Method: EntropyFieldDynamics
Kappa: 15
Reference density: 1

NLESolverEngine parameters, DDFT Molecular Diffusion
Strict tolerance: On
Direction optimization Method: SteepestDescent
Starting Alpha: 0.5
Reset Alpha: On
Tolerance: 0.0001
Maximum Iterations: 25000
Maximum Line Iterations: 5

Gaussian chain interaction parameters:
---------------------------------------

Bead parameters:
Type  Volume  Diffusion  Viscosity  Expansion  ExtFieldConst  ChargeType  Charge  pK   Dielec  ImplIonInter  
A     1       1          1          0.1        1              Strong      0       N/A  1       0             
B     1       1          1          0.1        1              Strong      0       N/A  1       0             

Binary interaction parameters:
Type1  Type2  Chi  ChiL  
A      B      0    0     

Soft core model interaction parameters:
---------------------------------------

Bead parameters:
Type  Mass  BondValence  Diffusion  Sigma  ExtFieldConst  ChargeType  Charge  pK   Dielec  ImplIonInter  
P     1     2            0          0.8    1              Strong      0       N/A  1       0             

Pair interaction parameters:
Type1  Type2  A   
P      P      25  

Mesoscopic bead-field hybrid interaction parameters:
----------------------------------------------------

Bead-Field coupling parameters:
Bead  Field  parameter  
P     A      8          
P     B      8          

System Details:
---------------

Box: 64 X 64 X 1
GAUSSIANCHAIN: bcp (A20B16):  (Average number density: 0.87793)
Overall gaussian beads number density: 0.87793
SOFTCOREMOLECULE: np: 1000 (Bead fraction: 0.217581)
Overall Soft-core bead number density: 0.244141

Initial Gaussian Chains Density Inhomogeneity: 1.82632e-14

Initial Explicit Charge: 0

Initial Energies:
Softcore molecules bond stretching energy: 0
Softcore molecules angle bending energy: 0
Softcore molecules torsional energy: 0
Softcore molecules non-bonded energy: 305.241
Softcore molecules electrostatics energy: 0
Softcore molecules external potential energy: 0
Softcore molecules Potential energy: 7328.68
Gaussian total free energy: -13.0834
Gaussian ideal free energy: -470.847
Gaussian contact free energy: 0
Gaussian compressibility free energy: 457.764
Gaussian electrostatic free energy: 0
Softcore molecules field coupling energy: 7023.44

Average Energies:
Softcore molecules bond stretching energy: 0
Softcore molecules angle bending energy: 0
Softcore molecules torsional energy: 0
Softcore molecules non-bonded energy: 305.241
Softcore molecules electrostatics energy: 0
Softcore molecules external potential energy: 0
Softcore molecules Potential energy: 6673.28
Gaussian total free energy: 314.161
Gaussian ideal free energy: -459.8
Gaussian contact free energy: 0
Gaussian compressibility free energy: 773.961
Gaussian electrostatic free energy: 0
Softcore molecules field coupling energy: 6368.04

Average Explicit Charge: 0

Average Gaussian Chains Density Inhomogeneity: 0.0507666

Final Energies:
Softcore molecules bond stretching energy: 0
Softcore molecules angle bending energy: 0
Softcore molecules torsional energy: 0
Softcore molecules non-bonded energy: 305.241
Softcore molecules electrostatics energy: 0
Softcore molecules external potential energy: 0
Softcore molecules Potential energy: 6672.97
Gaussian total free energy: 314.379
Gaussian ideal free energy: -459.792
Gaussian contact free energy: 0
Gaussian compressibility free energy: 774.172
Gaussian electrostatic free energy: 0
Softcore molecules field coupling energy: 6367.73

Final Gaussian Chains Density Inhomogeneity: 0.0507856

Iteration report, DDFT Molecular Diffusion
Number of solves: 10000
Number of function calls: 56562
Average number of iterations: 4.6562 (min 4, max 8)
Average end norm: 6.74626e-05 (min 4.59759e-05, max 9.99981e-05)


Final Explicit Charge: 0

Time used by 10000 calculation steps on 2 processors: 0 Hours 7 Minutes 20 Seconds.

@CulgiVersion: 5.0.1
MBF-Hybrid Simulation of box
Job Start time: Tue Sep 27 14:36:51 2011
----------------------------------------------------------------------------

Simulation Parameters:
----------------------

Field Diffusion: on
Bead Diffusion: on
Temperature: 0.1
Bead Diffusion frequency: 1
Field Diffusion frequency: 1
Time step: 0.01

DDFT Engine parameters: 
Field diffusion Method: EntropyFieldDynamics
Kappa: 15
Reference density: 1

NLESolverEngine parameters, DDFT Molecular Diffusion
Strict tolerance: On
Direction optimization Method: SteepestDescent
Starting Alpha: 0.5
Reset Alpha: On
Tolerance: 0.0001
Maximum Iterations: 25000
Maximum Line Iterations: 5

Gaussian chain interaction parameters:
---------------------------------------

Bead parameters:
Type  Volume  Diffusion  Viscosity  Expansion  ExtFieldConst  ChargeType  Charge  pK   Dielec  ImplIonInter  
A     1       1          1          0.1        1              Strong      0       N/A  1       0             
B     1       1          1          0.1        1              Strong      0       N/A  1       0             

Binary interaction parameters:
Type1  Type2  Chi       ChiL  
A      B      0.666667  0     

Soft core model interaction parameters:
---------------------------------------

Bead parameters:
Type  Mass  BondValence  Diffusion  Sigma  ExtFieldConst  ChargeType  Charge  pK   Dielec  ImplIonInter  
P     1     2            0.1        0.8    1              Strong      0       N/A  1       0             

Pair interaction parameters:
Type1  Type2  A   
P      P      25  

Mesoscopic bead-field hybrid interaction parameters:
----------------------------------------------------

Bead-Field coupling parameters:
Bead  Field  parameter  
P     A      8          
P     B      16         

System Details:
---------------

Box: 64 X 64 X 1
GAUSSIANCHAIN: bcp (A20B16):  (Average number density: 0.87793)
Overall gaussian beads number density: 0.87793
SOFTCOREMOLECULE: np: 1000 (Bead fraction: 0.217581)
Overall Soft-core bead number density: 0.244141

Initial Gaussian Chains Density Inhomogeneity: 0.0507856

Initial Explicit Charge: 0

Initial Energies:
Softcore molecules bond stretching energy: 0
Softcore molecules angle bending energy: 0
Softcore molecules torsional energy: 0
Softcore molecules non-bonded energy: 305.241
Softcore molecules electrostatics energy: 0
Softcore molecules external potential energy: 0
Softcore molecules Potential energy: 9504.72
Gaussian total free energy: 837.188
Gaussian ideal free energy: -459.792
Gaussian contact free energy: 522.809
Gaussian compressibility free energy: 774.172
Gaussian electrostatic free energy: 0
Softcore molecules field coupling energy: 9199.48

Average Energies:
Softcore molecules bond stretching energy: 0
Softcore molecules angle bending energy: 0
Softcore molecules torsional energy: 0
Softcore molecules non-bonded energy: 247.391
Softcore molecules electrostatics energy: 0
Softcore molecules external potential energy: 0
Softcore molecules Potential energy: 3769.63
Gaussian total free energy: 2213.99
Gaussian ideal free energy: -201.696
Gaussian contact free energy: 228.24
Gaussian compressibility free energy: 2187.44
Gaussian electrostatic free energy: 0
Softcore molecules field coupling energy: 3522.24

Average Explicit Charge: 0

Average Gaussian Chains Density Inhomogeneity: 0.381115

Final Energies:
Softcore molecules bond stretching energy: 0
Softcore molecules angle bending energy: 0
Softcore molecules torsional energy: 0
Softcore molecules non-bonded energy: 253.784
Softcore molecules electrostatics energy: 0
Softcore molecules external potential energy: 0
Softcore molecules Potential energy: 3617.5
Gaussian total free energy: 2287
Gaussian ideal free energy: -204.392
Gaussian contact free energy: 222.423
Gaussian compressibility free energy: 2268.97
Gaussian electrostatic free energy: 0
Softcore molecules field coupling energy: 3363.71

Final Gaussian Chains Density Inhomogeneity: 0.384463

Iteration report, DDFT Molecular Diffusion
Number of solves: 1100000
Number of function calls: 10772126
Average number of iterations: 8.79284 (min 8, max 11)
Average end norm: 6.35432e-05 (min 4.75906e-05, max 0.0001)


Final Explicit Charge: 0

Time used by 1100000 calculation steps on 2 processors: 25 Hours 19 Minutes 54 Seconds.

