@CulgiVersion: 6.0.0
MBF-Hybrid Simulation of box
Job Start time: Mon May 14 11:06:43 2012
----------------------------------------------------------------------------

Simulation Parameters:
----------------------

Field Diffusion: off
Bead Diffusion: on
Temperature: 0.01
Bead Diffusion frequency: 1
Time step: 0.01

Soft core model interaction parameters:
---------------------------------------

Bead parameters:
Type  Mass  BondValence  Diffusion  Sigma  ExtFieldConst  ChargeType  Charge  pK   Dielec  ImplIonInter  
C     1     2            0.04       0.8    1              Strong      0       N/A  1       0             
S     1     2            0.04       0.8    1              Strong      0       N/A  1       0             

Pair interaction parameters:
Type1  Type2  A   
C      C      10  
C      S      10  
S      S      10  

Mesoscopic bead-field hybrid interaction parameters:
----------------------------------------------------

Bead-Field coupling parameters:
Bead  Field  parameter  
C     A      0          
C     B      0          
S     A      0          
S     B      0          

System Details:
---------------

Box: 64 X 64 X 1
GAUSSIANCHAIN: bcp (A20B16):  (Average number density: 0.796875)
Overall gaussian beads number density: 0.796875
SOFTCORECOLLOID: np: 512 (Bead fraction: 0.585366)
Overall Soft-core bead number density: 1.125


Initial Explicit Charge: 0

Initial Energies:
Softcore molecules bond stretching energy: 0
Softcore molecules angle bending energy: 0
Softcore molecules torsional energy: 0
Softcore molecules non-bonded energy: 6959.98
Softcore molecules electrostatics energy: 0
Softcore molecules external potential energy: 0
Softcore molecules Potential energy: 6959.98
Softcore molecules field coupling energy: 0

Average Energies:
Softcore molecules bond stretching energy: 0
Softcore molecules angle bending energy: 0
Softcore molecules torsional energy: 0
Softcore molecules non-bonded energy: 21.5475
Softcore molecules electrostatics energy: 0
Softcore molecules external potential energy: 0
Softcore molecules Potential energy: 21.5475
Softcore molecules field coupling energy: 0

Average Explicit Charge: 0

Final Energies:
Softcore molecules bond stretching energy: 0
Softcore molecules angle bending energy: 0
Softcore molecules torsional energy: 0
Softcore molecules non-bonded energy: 0.401055
Softcore molecules electrostatics energy: 0
Softcore molecules external potential energy: 0
Softcore molecules Potential energy: 0.401055
Softcore molecules field coupling energy: 0

Final Explicit Charge: 0

Time used by 100000 calculation steps on 1 processors: 0 Hours 5 Minutes 39 Seconds.

@CulgiVersion: 6.0.0
MBF-Hybrid Simulation of box
Job Start time: Mon May 14 11:12:22 2012
----------------------------------------------------------------------------

Simulation Parameters:
----------------------

Field Diffusion: on
Bead Diffusion: off
Field Diffusion frequency: 1
Time step: 0.01

DDFT Engine parameters: 
Field diffusion Method: EntropyFieldDynamics
Kappa: 15
Reference density: 1

NLESolverEngine parameters, DDFT Molecular Diffusion
Strict tolerance: On
Direction optimization Method: SteepestDescent
Starting Alpha: 0.5
Reset Alpha: On
Tolerance: 0.0001
Maximum Iterations: 25000
Maximum Line Iterations: 5

Gaussian chain interaction parameters:
---------------------------------------

Bead parameters:
Type  Volume  Diffusion  Viscosity  Expansion  ExtFieldConst  ChargeType  Charge  pK   Dielec  ImplIonInter  
A     1       1          1          0.1        1              Strong      0       N/A  1       0             
B     1       1          1          0.1        1              Strong      0       N/A  1       0             

Binary interaction parameters:
Type1  Type2  Chi  ChiL  
A      B      0    0     

Mesoscopic bead-field hybrid interaction parameters:
----------------------------------------------------

Bead-Field coupling parameters:
Bead  Field  parameter  
C     A      10         
C     B      10         
S     A      2          
S     B      2          

System Details:
---------------

Box: 64 X 64 X 1
GAUSSIANCHAIN: bcp (A20B16):  (Average number density: 0.796875)
Overall gaussian beads number density: 0.796875
SOFTCORECOLLOID: np: 512 (Bead fraction: 0.585366)
Overall Soft-core bead number density: 1.125


Initial Gaussian Chains Density Inhomogeneity: 1.80411e-14

Initial Explicit Charge: 0

Initial Energies:
Gaussian total free energy: 831.341
Gaussian ideal free energy: -436.159
Gaussian contact free energy: 0
Gaussian compressibility free energy: 1267.5
Gaussian electrostatic free energy: 0
Softcore molecules field coupling energy: 10608

Average Energies:
Gaussian total free energy: 2325.54
Gaussian ideal free energy: -390.848
Gaussian contact free energy: 0
Gaussian compressibility free energy: 2716.39
Gaussian electrostatic free energy: 0
Softcore molecules field coupling energy: 7606.53

Average Explicit Charge: 0

Average Gaussian Chains Density Inhomogeneity: 0.108602

Final Energies:
Gaussian total free energy: 2326.23
Gaussian ideal free energy: -390.824
Gaussian contact free energy: 0
Gaussian compressibility free energy: 2717.05
Gaussian electrostatic free energy: 0
Softcore molecules field coupling energy: 7605.34

Final Gaussian Chains Density Inhomogeneity: 0.108632

Iteration report, DDFT Molecular Diffusion
Number of solves: 10000
Number of function calls: 56993
Average number of iterations: 4.6993 (min 4, max 9)
Average end norm: 6.56271e-05 (min 3.85459e-05, max 9.99986e-05)


Final Explicit Charge: 0

Time used by 10000 calculation steps on 1 processors: 0 Hours 15 Minutes 17 Seconds.

@CulgiVersion: 6.0.0
MBF-Hybrid Simulation of box
Job Start time: Mon May 14 11:27:39 2012
----------------------------------------------------------------------------

Simulation Parameters:
----------------------

Field Diffusion: on
Bead Diffusion: on
Temperature: 0.01
Bead Diffusion frequency: 1
Field Diffusion frequency: 1
Time step: 0.01

DDFT Engine parameters: 
Field diffusion Method: EntropyFieldDynamics
Kappa: 15
Reference density: 1

NLESolverEngine parameters, DDFT Molecular Diffusion
Strict tolerance: On
Direction optimization Method: SteepestDescent
Starting Alpha: 0.5
Reset Alpha: On
Tolerance: 0.0001
Maximum Iterations: 25000
Maximum Line Iterations: 5

Gaussian chain interaction parameters:
---------------------------------------

Bead parameters:
Type  Volume  Diffusion  Viscosity  Expansion  ExtFieldConst  ChargeType  Charge  pK   Dielec  ImplIonInter  
A     1       1          1          0.1        1              Strong      0       N/A  1       0             
B     1       1          1          0.1        1              Strong      0       N/A  1       0             

Binary interaction parameters:
Type1  Type2  Chi       ChiL  
A      B      0.666667  0     

Soft core model interaction parameters:
---------------------------------------

Bead parameters:
Type  Mass  BondValence  Diffusion  Sigma  ExtFieldConst  ChargeType  Charge  pK   Dielec  ImplIonInter  
C     1     2            0.04       0.8    1              Strong      0       N/A  1       0             
S     1     2            0.04       0.8    1              Strong      0       N/A  1       0             

Pair interaction parameters:
Type1  Type2  A   
C      C      10  
C      S      10  
S      S      10  

Mesoscopic bead-field hybrid interaction parameters:
----------------------------------------------------

Bead-Field coupling parameters:
Bead  Field  parameter  
C     A      10         
C     B      10         
S     A      2          
S     B      5          

System Details:
---------------

Box: 64 X 64 X 1
GAUSSIANCHAIN: bcp (A20B16):  (Average number density: 0.796875)
Overall gaussian beads number density: 0.796875
SOFTCORECOLLOID: np: 512 (Bead fraction: 0.585366)
Overall Soft-core bead number density: 1.125


Initial Gaussian Chains Density Inhomogeneity: 0.108632

Initial Explicit Charge: 0

Initial Energies:
Softcore molecules bond stretching energy: 0
Softcore molecules angle bending energy: 0
Softcore molecules torsional energy: 0
Softcore molecules non-bonded energy: 0.401055
Softcore molecules electrostatics energy: 0
Softcore molecules external potential energy: 0
Softcore molecules Potential energy: 10798
Gaussian total free energy: 2773.59
Gaussian ideal free energy: -390.824
Gaussian contact free energy: 447.356
Gaussian compressibility free energy: 2717.05
Gaussian electrostatic free energy: 0
Softcore molecules field coupling energy: 10797.6

Average Energies:
Softcore molecules bond stretching energy: 0
Softcore molecules angle bending energy: 0
Softcore molecules torsional energy: 0
Softcore molecules non-bonded energy: 139.555
Softcore molecules electrostatics energy: 0
Softcore molecules external potential energy: 0
Softcore molecules Potential energy: 6594.75
Gaussian total free energy: 3614.27
Gaussian ideal free energy: -2.25392
Gaussian contact free energy: 221.712
Gaussian compressibility free energy: 3394.81
Gaussian electrostatic free energy: 0
Softcore molecules field coupling energy: 6455.2

Average Explicit Charge: 0

Average Gaussian Chains Density Inhomogeneity: 0.361052

Final Energies:
Softcore molecules bond stretching energy: 0
Softcore molecules angle bending energy: 0
Softcore molecules torsional energy: 0
Softcore molecules non-bonded energy: 171.765
Softcore molecules electrostatics energy: 0
Softcore molecules external potential energy: 0
Softcore molecules Potential energy: 6226.05
Gaussian total free energy: 3723.78
Gaussian ideal free energy: -38.2766
Gaussian contact free energy: 219.548
Gaussian compressibility free energy: 3542.51
Gaussian electrostatic free energy: 0
Softcore molecules field coupling energy: 6054.29

Final Gaussian Chains Density Inhomogeneity: 0.362507

Iteration report, DDFT Molecular Diffusion
Number of solves: 110000
Number of function calls: 701112
Average number of iterations: 5.37375 (min 5, max 11)
Average end norm: 7.83897e-05 (min 4.61175e-05, max 9.99998e-05)


Final Explicit Charge: 0

Plugins and corresponding results from this calculation:----------

Archive Plugin:
Archive mode: Text
Archive file name: tt1100_ts0.01.csa
Archive frequency: 100

Instant results Plugin:
Instant results file name: tt1100_ts0.01_Inst.ctf
Instant results frequency: 10

Time used by 110000 calculation steps on 1 processors: 3 Hours 26 Minutes 23 Seconds.

