@CulgiVersion: 5.0.1
MBF-Hybrid Simulation of box
Job Start time: Fri Sep 30 06:04:22 2011
----------------------------------------------------------------------------

Simulation Parameters:
----------------------

Field Diffusion: on
Bead Diffusion: on
Temperature: 0.1
Bead Diffusion frequency: 1
Field Diffusion frequency: 1
Time step: 0.01

DDFT Engine parameters: 
Field diffusion Method: EntropyFieldDynamics
Kappa: 15
Reference density: 1

NLESolverEngine parameters, DDFT Molecular Diffusion
Strict tolerance: On
Direction optimization Method: SteepestDescent
Starting Alpha: 0.5
Reset Alpha: On
Tolerance: 0.0001
Maximum Iterations: 25000
Maximum Line Iterations: 5

Gaussian chain interaction parameters:
---------------------------------------

Bead parameters:
Type  Volume  Diffusion  Viscosity  Expansion  ExtFieldConst  ChargeType  Charge  pK   Dielec  ImplIonInter  
A     1       1          1          0.1        1              Strong      0       N/A  1       0             
B     1       1          1          0.1        1              Strong      0       N/A  1       0             

Binary interaction parameters:
Type1  Type2  Chi  ChiL  
A      B      0    0     

Soft core model interaction parameters:
---------------------------------------

Bead parameters:
Type  Mass  BondValence  Diffusion  Sigma  ExtFieldConst  ChargeType  Charge  pK   Dielec  ImplIonInter  
P     1     2            0          0.8    1              Strong      0       N/A  1       0             

Pair interaction parameters:
Type1  Type2  A   
P      P      25  

Mesoscopic bead-field hybrid interaction parameters:
----------------------------------------------------

Bead-Field coupling parameters:
Bead  Field  parameter  
P     A      6          
P     B      6          

System Details:
---------------

Box: 64 X 64 X 1
GAUSSIANCHAIN: bcp (A20B16):  (Average number density: 0.908447)
Overall gaussian beads number density: 0.908447
SOFTCOREMOLECULE: np: 1000 (Bead fraction: 0.21182)
Overall Soft-core bead number density: 0.244141

Initial Gaussian Chains Density Inhomogeneity: 1.93456e-14

Initial Explicit Charge: 0

Initial Energies:
Softcore molecules bond stretching energy: 0
Softcore molecules angle bending energy: 0
Softcore molecules torsional energy: 0
Softcore molecules non-bonded energy: 2.74203
Softcore molecules electrostatics energy: 0
Softcore molecules external potential energy: 0
Softcore molecules Potential energy: 5453.43
Gaussian total free energy: -226.19
Gaussian ideal free energy: -483.682
Gaussian contact free energy: 0
Gaussian compressibility free energy: 257.492
Gaussian electrostatic free energy: 0
Softcore molecules field coupling energy: 5450.68

Average Energies:
Softcore molecules bond stretching energy: 0
Softcore molecules angle bending energy: 0
Softcore molecules torsional energy: 0
Softcore molecules non-bonded energy: 2.74203
Softcore molecules electrostatics energy: 0
Softcore molecules external potential energy: 0
Softcore molecules Potential energy: 5239.97
Gaussian total free energy: -119.462
Gaussian ideal free energy: -479.789
Gaussian contact free energy: 0
Gaussian compressibility free energy: 360.328
Gaussian electrostatic free energy: 0
Softcore molecules field coupling energy: 5237.23

Average Explicit Charge: 0

Average Gaussian Chains Density Inhomogeneity: 0.0290027

Final Energies:
Softcore molecules bond stretching energy: 0
Softcore molecules angle bending energy: 0
Softcore molecules torsional energy: 0
Softcore molecules non-bonded energy: 2.74203
Softcore molecules electrostatics energy: 0
Softcore molecules external potential energy: 0
Softcore molecules Potential energy: 5239.93
Gaussian total free energy: -119.45
Gaussian ideal free energy: -479.787
Gaussian contact free energy: 0
Gaussian compressibility free energy: 360.338
Gaussian electrostatic free energy: 0
Softcore molecules field coupling energy: 5237.19

Final Gaussian Chains Density Inhomogeneity: 0.0290079

Iteration report, DDFT Molecular Diffusion
Number of solves: 10000
Number of function calls: 56351
Average number of iterations: 4.6351 (min 4, max 7)
Average end norm: 6.8195e-05 (min 3.86041e-05, max 9.99982e-05)


Final Explicit Charge: 0

Time used by 10000 calculation steps on 2 processors: 0 Hours 7 Minutes 13 Seconds.

@CulgiVersion: 5.0.1
MBF-Hybrid Simulation of box
Job Start time: Fri Sep 30 06:11:35 2011
----------------------------------------------------------------------------

Simulation Parameters:
----------------------

Field Diffusion: on
Bead Diffusion: on
Temperature: 0.1
Bead Diffusion frequency: 1
Field Diffusion frequency: 1
Time step: 0.01

DDFT Engine parameters: 
Field diffusion Method: EntropyFieldDynamics
Kappa: 15
Reference density: 1

NLESolverEngine parameters, DDFT Molecular Diffusion
Strict tolerance: On
Direction optimization Method: SteepestDescent
Starting Alpha: 0.5
Reset Alpha: On
Tolerance: 0.0001
Maximum Iterations: 25000
Maximum Line Iterations: 5

Gaussian chain interaction parameters:
---------------------------------------

Bead parameters:
Type  Volume  Diffusion  Viscosity  Expansion  ExtFieldConst  ChargeType  Charge  pK   Dielec  ImplIonInter  
A     1       1          1          0.1        1              Strong      0       N/A  1       0             
B     1       1          1          0.1        1              Strong      0       N/A  1       0             

Binary interaction parameters:
Type1  Type2  Chi       ChiL  
A      B      0.666667  0     

Soft core model interaction parameters:
---------------------------------------

Bead parameters:
Type  Mass  BondValence  Diffusion  Sigma  ExtFieldConst  ChargeType  Charge  pK   Dielec  ImplIonInter  
P     1     2            0.01       0.8    1              Strong      0       N/A  1       0             

Pair interaction parameters:
Type1  Type2  A   
P      P      25  

Mesoscopic bead-field hybrid interaction parameters:
----------------------------------------------------

Bead-Field coupling parameters:
Bead  Field  parameter  
P     A      6          
P     B      12         

System Details:
---------------

Box: 64 X 64 X 1
GAUSSIANCHAIN: bcp (A20B16):  (Average number density: 0.908447)
Overall gaussian beads number density: 0.908447
SOFTCOREMOLECULE: np: 1000 (Bead fraction: 0.21182)
Overall Soft-core bead number density: 0.244141

Initial Gaussian Chains Density Inhomogeneity: 0.0290079

Initial Explicit Charge: 0

Initial Energies:
Softcore molecules bond stretching energy: 0
Softcore molecules angle bending energy: 0
Softcore molecules torsional energy: 0
Softcore molecules non-bonded energy: 2.74203
Softcore molecules electrostatics energy: 0
Softcore molecules external potential energy: 0
Softcore molecules Potential energy: 7568.05
Gaussian total free energy: 437.839
Gaussian ideal free energy: -479.787
Gaussian contact free energy: 557.288
Gaussian compressibility free energy: 360.338
Gaussian electrostatic free energy: 0
Softcore molecules field coupling energy: 7565.31

Average Energies:
Softcore molecules bond stretching energy: 0
Softcore molecules angle bending energy: 0
Softcore molecules torsional energy: 0
Softcore molecules non-bonded energy: 89.1832
Softcore molecules electrostatics energy: 0
Softcore molecules external potential energy: 0
Softcore molecules Potential energy: 3998.57
Gaussian total free energy: 1045.67
Gaussian ideal free energy: -194.409
Gaussian contact free energy: 216.741
Gaussian compressibility free energy: 1023.34
Gaussian electrostatic free energy: 0
Softcore molecules field coupling energy: 3909.39

Average Explicit Charge: 0

Average Gaussian Chains Density Inhomogeneity: 0.383289

Final Energies:
Softcore molecules bond stretching energy: 0
Softcore molecules angle bending energy: 0
Softcore molecules torsional energy: 0
Softcore molecules non-bonded energy: 100.042
Softcore molecules electrostatics energy: 0
Softcore molecules external potential energy: 0
Softcore molecules Potential energy: 3902.12
Gaussian total free energy: 1085.98
Gaussian ideal free energy: -195.741
Gaussian contact free energy: 207.977
Gaussian compressibility free energy: 1073.75
Gaussian electrostatic free energy: 0
Softcore molecules field coupling energy: 3802.08

Final Gaussian Chains Density Inhomogeneity: 0.386781

Iteration report, DDFT Molecular Diffusion
Number of solves: 5500000
Number of function calls: 44030137
Average number of iterations: 7.00548 (min 6, max 10)
Average end norm: 7.28669e-05 (min 4.84074e-05, max 9.99998e-05)


Final Explicit Charge: 0

Time used by 5500000 calculation steps on 2 processors: 105 Hours 44 Minutes 6 Seconds.

