@CulgiVersion: 5.0.1
MBF-Hybrid Simulation of box
Job Start time: Thu Oct 27 11:53:22 2011
----------------------------------------------------------------------------

Simulation Parameters:
----------------------

Field Diffusion: off
Bead Diffusion: on
Temperature: 0.06
Bead Diffusion frequency: 1
Time step: 0.01

Soft core model interaction parameters:
---------------------------------------

Bead parameters:
Type  Mass  BondValence  Diffusion  Sigma  ExtFieldConst  ChargeType  Charge  pK   Dielec  ImplIonInter  
P     1     2            0.01       0.8    1              Strong      0       N/A  1       0             

Pair interaction parameters:
Type1  Type2  A   
P      P      10  

Mesoscopic bead-field hybrid interaction parameters:
----------------------------------------------------

Bead-Field coupling parameters:
Bead  Field  parameter  
P     A      0          
P     B      0          

System Details:
---------------

Box: 64 X 64 X 1
GAUSSIANCHAIN: bcp (A20B16):  (Average number density: 0.90625)
Overall gaussian beads number density: 0.90625
SOFTCOREMOLECULE: np: 1024 (Bead fraction: 0.216216)
Overall Soft-core bead number density: 0.25

Initial Explicit Charge: 0

Initial Energies:
Softcore molecules bond stretching energy: 0
Softcore molecules angle bending energy: 0
Softcore molecules torsional energy: 0
Softcore molecules non-bonded energy: 0.30236
Softcore molecules electrostatics energy: 0
Softcore molecules external potential energy: 0
Softcore molecules Potential energy: 0.30236
Softcore molecules field coupling energy: 0

Average Energies:
Softcore molecules bond stretching energy: 0
Softcore molecules angle bending energy: 0
Softcore molecules torsional energy: 0
Softcore molecules non-bonded energy: 2.21614
Softcore molecules electrostatics energy: 0
Softcore molecules external potential energy: 0
Softcore molecules Potential energy: 2.21614
Softcore molecules field coupling energy: 0

Average Explicit Charge: 0

Final Energies:
Softcore molecules bond stretching energy: 0
Softcore molecules angle bending energy: 0
Softcore molecules torsional energy: 0
Softcore molecules non-bonded energy: 3.23333
Softcore molecules electrostatics energy: 0
Softcore molecules external potential energy: 0
Softcore molecules Potential energy: 3.23333
Softcore molecules field coupling energy: 0

Final Explicit Charge: 0

Time used by 100900 calculation steps on 2 processors: 0 Hours 0 Minutes 59 Seconds.

@CulgiVersion: 5.0.1
MBF-Hybrid Simulation of box
Job Start time: Thu Oct 27 11:54:21 2011
----------------------------------------------------------------------------

Simulation Parameters:
----------------------

Field Diffusion: on
Bead Diffusion: off
Field Diffusion frequency: 1
Time step: 0.01

DDFT Engine parameters: 
Field diffusion Method: EntropyFieldDynamics
Kappa: 15
Reference density: 1

NLESolverEngine parameters, DDFT Molecular Diffusion
Strict tolerance: On
Direction optimization Method: SteepestDescent
Starting Alpha: 0.5
Reset Alpha: On
Tolerance: 0.0001
Maximum Iterations: 25000
Maximum Line Iterations: 5

Gaussian chain interaction parameters:
---------------------------------------

Bead parameters:
Type  Volume  Diffusion  Viscosity  Expansion  ExtFieldConst  ChargeType  Charge  pK   Dielec  ImplIonInter  
A     1       1          1          0.17       1              Strong      0       N/A  1       0             
B     1       1          1          0.17       1              Strong      0       N/A  1       0             

Binary interaction parameters:
Type1  Type2  Chi  ChiL  
A      B      0    0     

Mesoscopic bead-field hybrid interaction parameters:
----------------------------------------------------

Bead-Field coupling parameters:
Bead  Field  parameter  
P     A      6          
P     B      6          

System Details:
---------------

Box: 64 X 64 X 1
GAUSSIANCHAIN: bcp (A20B16):  (Average number density: 0.90625)
Overall gaussian beads number density: 0.90625
SOFTCOREMOLECULE: np: 1024 (Bead fraction: 0.216216)
Overall Soft-core bead number density: 0.25

Initial Gaussian Chains Density Inhomogeneity: 1.92901e-14

Initial Explicit Charge: 0

Initial Energies:
Gaussian total free energy: -212.762
Gaussian ideal free energy: -482.762
Gaussian contact free energy: 0
Gaussian compressibility free energy: 270
Gaussian electrostatic free energy: 0
Softcore molecules field coupling energy: 2784

Average Energies:
Gaussian total free energy: -35.0924
Gaussian ideal free energy: -477.965
Gaussian contact free energy: 0
Gaussian compressibility free energy: 442.872
Gaussian electrostatic free energy: 0
Softcore molecules field coupling energy: 2603.36

Average Explicit Charge: 0

Average Gaussian Chains Density Inhomogeneity: 0.0376747

Final Energies:
Gaussian total free energy: -35.055
Gaussian ideal free energy: -477.962
Gaussian contact free energy: 0
Gaussian compressibility free energy: 442.907
Gaussian electrostatic free energy: 0
Softcore molecules field coupling energy: 2603.32

Final Gaussian Chains Density Inhomogeneity: 0.0376807

Iteration report, DDFT Molecular Diffusion
Number of solves: 10000
Number of function calls: 60078
Average number of iterations: 5.0078 (min 5, max 7)
Average end norm: 8.50545e-05 (min 4.13182e-05, max 9.99782e-05)


Final Explicit Charge: 0

Time used by 10000 calculation steps on 2 processors: 0 Hours 7 Minutes 47 Seconds.

@CulgiVersion: 5.0.1
MBF-Hybrid Simulation of box
Job Start time: Thu Oct 27 12:02:08 2011
----------------------------------------------------------------------------

Simulation Parameters:
----------------------

Field Diffusion: on
Bead Diffusion: on
Temperature: 0.06
Bead Diffusion frequency: 1
Field Diffusion frequency: 1
Time step: 0.01

DDFT Engine parameters: 
Field diffusion Method: EntropyFieldDynamics
Kappa: 15
Reference density: 1

NLESolverEngine parameters, DDFT Molecular Diffusion
Strict tolerance: On
Direction optimization Method: SteepestDescent
Starting Alpha: 0.5
Reset Alpha: On
Tolerance: 0.0001
Maximum Iterations: 25000
Maximum Line Iterations: 5

Gaussian chain interaction parameters:
---------------------------------------

Bead parameters:
Type  Volume  Diffusion  Viscosity  Expansion  ExtFieldConst  ChargeType  Charge  pK   Dielec  ImplIonInter  
A     1       1          1          0.17       1              Strong      0       N/A  1       0             
B     1       1          1          0.17       1              Strong      0       N/A  1       0             

Binary interaction parameters:
Type1  Type2  Chi       ChiL  
A      B      0.666667  0     

Soft core model interaction parameters:
---------------------------------------

Bead parameters:
Type  Mass  BondValence  Diffusion  Sigma  ExtFieldConst  ChargeType  Charge  pK   Dielec  ImplIonInter  
P     1     2            0.01       0.8    1              Strong      0       N/A  1       0             

Pair interaction parameters:
Type1  Type2  A   
P      P      10  

Mesoscopic bead-field hybrid interaction parameters:
----------------------------------------------------

Bead-Field coupling parameters:
Bead  Field  parameter  
P     A      6          
P     B      12         

System Details:
---------------

Box: 64 X 64 X 1
GAUSSIANCHAIN: bcp (A20B16):  (Average number density: 0.90625)
Overall gaussian beads number density: 0.90625
SOFTCOREMOLECULE: np: 1024 (Bead fraction: 0.216216)
Overall Soft-core bead number density: 0.25

Initial Gaussian Chains Density Inhomogeneity: 0.0376807

Initial Explicit Charge: 0

Initial Energies:
Softcore molecules bond stretching energy: 0
Softcore molecules angle bending energy: 0
Softcore molecules torsional energy: 0
Softcore molecules non-bonded energy: 3.23333
Softcore molecules electrostatics energy: 0
Softcore molecules external potential energy: 0
Softcore molecules Potential energy: 7533.68
Gaussian total free energy: 520.693
Gaussian ideal free energy: -477.962
Gaussian contact free energy: 555.748
Gaussian compressibility free energy: 442.907
Gaussian electrostatic free energy: 0
Softcore molecules field coupling energy: 7530.45

Average Energies:
Softcore molecules bond stretching energy: 0
Softcore molecules angle bending energy: 0
Softcore molecules torsional energy: 0
Softcore molecules non-bonded energy: 197.007
Softcore molecules electrostatics energy: 0
Softcore molecules external potential energy: 0
Softcore molecules Potential energy: 3830.9
Gaussian total free energy: 1273.22
Gaussian ideal free energy: -197.041
Gaussian contact free energy: 241.701
Gaussian compressibility free energy: 1228.56
Gaussian electrostatic free energy: 0
Softcore molecules field coupling energy: 3633.89

Average Explicit Charge: 0

Average Gaussian Chains Density Inhomogeneity: 0.377609

Final Energies:
Softcore molecules bond stretching energy: 0
Softcore molecules angle bending energy: 0
Softcore molecules torsional energy: 0
Softcore molecules non-bonded energy: 241.159
Softcore molecules electrostatics energy: 0
Softcore molecules external potential energy: 0
Softcore molecules Potential energy: 3623.43
Gaussian total free energy: 1370.89
Gaussian ideal free energy: -211.504
Gaussian contact free energy: 235.652
Gaussian compressibility free energy: 1346.74
Gaussian electrostatic free energy: 0
Softcore molecules field coupling energy: 3382.27

Final Gaussian Chains Density Inhomogeneity: 0.380601

Iteration report, DDFT Molecular Diffusion
Number of solves: 1100000
Number of function calls: 8802086
Average number of iterations: 7.0019 (min 6, max 10)
Average end norm: 6.88822e-05 (min 4.84218e-05, max 9.99976e-05)


Final Explicit Charge: 0

Time used by 1100000 calculation steps on 2 processors: 20 Hours 16 Minutes 29 Seconds.

