@CulgiVersion: 5.0.1
MBF-Hybrid Simulation of box
Job Start time: Tue Sep 27 14:28:22 2011
----------------------------------------------------------------------------

Simulation Parameters:
----------------------

Field Diffusion: on
Bead Diffusion: on
Temperature: 0.1
Bead Diffusion frequency: 1
Field Diffusion frequency: 1
Time step: 0.01

DDFT Engine parameters: 
Field diffusion Method: EntropyFieldDynamics
Kappa: 15
Reference density: 1

NLESolverEngine parameters, DDFT Molecular Diffusion
Strict tolerance: On
Direction optimization Method: SteepestDescent
Starting Alpha: 0.5
Reset Alpha: On
Tolerance: 0.0001
Maximum Iterations: 25000
Maximum Line Iterations: 5

Gaussian chain interaction parameters:
---------------------------------------

Bead parameters:
Type  Volume  Diffusion  Viscosity  Expansion  ExtFieldConst  ChargeType  Charge  pK   Dielec  ImplIonInter  
A     1       1          1          0.1        1              Strong      0       N/A  1       0             
B     1       1          1          0.1        1              Strong      0       N/A  1       0             

Binary interaction parameters:
Type1  Type2  Chi  ChiL  
A      B      0    0     

Soft core model interaction parameters:
---------------------------------------

Bead parameters:
Type  Mass  BondValence  Diffusion  Sigma  ExtFieldConst  ChargeType  Charge  pK   Dielec  ImplIonInter  
P     1     2            0          0.8    1              Strong      0       N/A  1       0             

Pair interaction parameters:
Type1  Type2  A   
P      P      25  

Mesoscopic bead-field hybrid interaction parameters:
----------------------------------------------------

Bead-Field coupling parameters:
Bead  Field  parameter  
P     A      6          
P     B      6          

System Details:
---------------

Box: 64 X 64 X 1
GAUSSIANCHAIN: bcp (A20B16):  (Average number density: 0.908447)
Overall gaussian beads number density: 0.908447
SOFTCOREMOLECULE: np: 1000 (Bead fraction: 0.21182)
Overall Soft-core bead number density: 0.244141

Initial Gaussian Chains Density Inhomogeneity: 1.93456e-14

Initial Explicit Charge: 0

Initial Energies:
Softcore molecules bond stretching energy: 0
Softcore molecules angle bending energy: 0
Softcore molecules torsional energy: 0
Softcore molecules non-bonded energy: 319.822
Softcore molecules electrostatics energy: 0
Softcore molecules external potential energy: 0
Softcore molecules Potential energy: 5770.51
Gaussian total free energy: -226.19
Gaussian ideal free energy: -483.682
Gaussian contact free energy: 0
Gaussian compressibility free energy: 257.492
Gaussian electrostatic free energy: 0
Softcore molecules field coupling energy: 5450.68

Average Energies:
Softcore molecules bond stretching energy: 0
Softcore molecules angle bending energy: 0
Softcore molecules torsional energy: 0
Softcore molecules non-bonded energy: 319.822
Softcore molecules electrostatics energy: 0
Softcore molecules external potential energy: 0
Softcore molecules Potential energy: 5418.46
Gaussian total free energy: -50.2699
Gaussian ideal free energy: -477.971
Gaussian contact free energy: 0
Gaussian compressibility free energy: 427.701
Gaussian electrostatic free energy: 0
Softcore molecules field coupling energy: 5098.64

Average Explicit Charge: 0

Average Gaussian Chains Density Inhomogeneity: 0.0372753

Final Energies:
Softcore molecules bond stretching energy: 0
Softcore molecules angle bending energy: 0
Softcore molecules torsional energy: 0
Softcore molecules non-bonded energy: 319.822
Softcore molecules electrostatics energy: 0
Softcore molecules external potential energy: 0
Softcore molecules Potential energy: 5418.31
Gaussian total free energy: -50.1684
Gaussian ideal free energy: -477.969
Gaussian contact free energy: 0
Gaussian compressibility free energy: 427.8
Gaussian electrostatic free energy: 0
Softcore molecules field coupling energy: 5098.49

Final Gaussian Chains Density Inhomogeneity: 0.0372867

Iteration report, DDFT Molecular Diffusion
Number of solves: 10000
Number of function calls: 56450
Average number of iterations: 4.645 (min 4, max 7)
Average end norm: 6.77802e-05 (min 4.08433e-05, max 9.99999e-05)


Final Explicit Charge: 0

Time used by 10000 calculation steps on 2 processors: 0 Hours 7 Minutes 18 Seconds.

@CulgiVersion: 5.0.1
MBF-Hybrid Simulation of box
Job Start time: Tue Sep 27 14:35:40 2011
----------------------------------------------------------------------------

Simulation Parameters:
----------------------

Field Diffusion: on
Bead Diffusion: on
Temperature: 0.1
Bead Diffusion frequency: 1
Field Diffusion frequency: 1
Time step: 0.01

DDFT Engine parameters: 
Field diffusion Method: EntropyFieldDynamics
Kappa: 15
Reference density: 1

NLESolverEngine parameters, DDFT Molecular Diffusion
Strict tolerance: On
Direction optimization Method: SteepestDescent
Starting Alpha: 0.5
Reset Alpha: On
Tolerance: 0.0001
Maximum Iterations: 25000
Maximum Line Iterations: 5

Gaussian chain interaction parameters:
---------------------------------------

Bead parameters:
Type  Volume  Diffusion  Viscosity  Expansion  ExtFieldConst  ChargeType  Charge  pK   Dielec  ImplIonInter  
A     1       1          1          0.1        1              Strong      0       N/A  1       0             
B     1       1          1          0.1        1              Strong      0       N/A  1       0             

Binary interaction parameters:
Type1  Type2  Chi       ChiL  
A      B      0.666667  0     

Soft core model interaction parameters:
---------------------------------------

Bead parameters:
Type  Mass  BondValence  Diffusion  Sigma  ExtFieldConst  ChargeType  Charge  pK   Dielec  ImplIonInter  
P     1     2            0.01       0.8    1              Strong      0       N/A  1       0             

Pair interaction parameters:
Type1  Type2  A   
P      P      25  

Mesoscopic bead-field hybrid interaction parameters:
----------------------------------------------------

Bead-Field coupling parameters:
Bead  Field  parameter  
P     A      6          
P     B      12         

System Details:
---------------

Box: 64 X 64 X 1
GAUSSIANCHAIN: bcp (A20B16):  (Average number density: 0.908447)
Overall gaussian beads number density: 0.908447
SOFTCOREMOLECULE: np: 1000 (Bead fraction: 0.21182)
Overall Soft-core bead number density: 0.244141

Initial Gaussian Chains Density Inhomogeneity: 0.0372867

Initial Explicit Charge: 0

Initial Energies:
Softcore molecules bond stretching energy: 0
Softcore molecules angle bending energy: 0
Softcore molecules torsional energy: 0
Softcore molecules non-bonded energy: 319.822
Softcore molecules electrostatics energy: 0
Softcore molecules external potential energy: 0
Softcore molecules Potential energy: 7685.23
Gaussian total free energy: 507.916
Gaussian ideal free energy: -477.969
Gaussian contact free energy: 558.085
Gaussian compressibility free energy: 427.8
Gaussian electrostatic free energy: 0
Softcore molecules field coupling energy: 7365.41

Average Energies:
Softcore molecules bond stretching energy: 0
Softcore molecules angle bending energy: 0
Softcore molecules torsional energy: 0
Softcore molecules non-bonded energy: 76.4285
Softcore molecules electrostatics energy: 0
Softcore molecules external potential energy: 0
Softcore molecules Potential energy: 4176.67
Gaussian total free energy: 982.758
Gaussian ideal free energy: -188.28
Gaussian contact free energy: 236.017
Gaussian compressibility free energy: 935.022
Gaussian electrostatic free energy: 0
Softcore molecules field coupling energy: 4100.24

Average Explicit Charge: 0

Average Gaussian Chains Density Inhomogeneity: 0.376218

Final Energies:
Softcore molecules bond stretching energy: 0
Softcore molecules angle bending energy: 0
Softcore molecules torsional energy: 0
Softcore molecules non-bonded energy: 85.3807
Softcore molecules electrostatics energy: 0
Softcore molecules external potential energy: 0
Softcore molecules Potential energy: 4025.49
Gaussian total free energy: 1026.47
Gaussian ideal free energy: -205.282
Gaussian contact free energy: 227.447
Gaussian compressibility free energy: 1004.3
Gaussian electrostatic free energy: 0
Softcore molecules field coupling energy: 3940.11

Final Gaussian Chains Density Inhomogeneity: 0.378691

Iteration report, DDFT Molecular Diffusion
Number of solves: 1100000
Number of function calls: 8804760
Average number of iterations: 7.00433 (min 6, max 10)
Average end norm: 7.15825e-05 (min 4.84068e-05, max 9.99999e-05)


Final Explicit Charge: 0

Time used by 1100000 calculation steps on 2 processors: 20 Hours 9 Minutes 54 Seconds.

