@CulgiVersion: 5.0.1
MBF-Hybrid Simulation of box
Job Start time: Wed Sep  7 17:31:57 2011
----------------------------------------------------------------------------

Simulation Parameters:
----------------------

Field Diffusion: on
Bead Diffusion: on
Temperature: 0.1
Bead Diffusion frequency: 1
Field Diffusion frequency: 1
Time step: 0.01

DDFT Engine parameters: 
Field diffusion Method: EntropyFieldDynamics
Kappa: 15
Reference density: 1

NLESolverEngine parameters, DDFT Molecular Diffusion
Strict tolerance: On
Direction optimization Method: SteepestDescent
Starting Alpha: 0.5
Reset Alpha: On
Tolerance: 0.0001
Maximum Iterations: 25000
Maximum Line Iterations: 5

Gaussian chain interaction parameters:
---------------------------------------

Bead parameters:
Type  Volume  Diffusion  Viscosity  Expansion  ExtFieldConst  ChargeType  Charge  pK   Dielec  ImplIonInter  
A     1       1          1          0.1        1              Strong      0       N/A  1       0             
B     1       1          1          0.1        1              Strong      0       N/A  1       0             

Binary interaction parameters:
Type1  Type2  Chi       ChiL  
A      B      0.666667  0     

Soft core model interaction parameters:
---------------------------------------

Bead parameters:
Type  Mass  BondValence  Diffusion  Sigma  ExtFieldConst  ChargeType  Charge  pK   Dielec  ImplIonInter  
P     1     2            0.01       0.8    1              Strong      0       N/A  1       0             

Pair interaction parameters:
Type1  Type2  A   
P      P      25  

Mesoscopic bead-field hybrid interaction parameters:
----------------------------------------------------

Bead-Field coupling parameters:
Bead  Field  parameter  
P     A      16         
P     B      24         

System Details:
---------------

Box: 64 X 64 X 1
GAUSSIANCHAIN: bcp (A20B16):  (Average number density: 0.755859)
Overall gaussian beads number density: 0.755859
SOFTCOREMOLECULE: np: 1000 (Bead fraction: 0.244141)
Overall Soft-core bead number density: 0.244141

Initial Gaussian Chains Density Inhomogeneity: 0

Initial Explicit Charge: 0

Initial Energies:
Softcore molecules bond stretching energy: 0
Softcore molecules angle bending energy: 0
Softcore molecules torsional energy: 0
Softcore molecules non-bonded energy: 776.829
Softcore molecules electrostatics energy: 0
Softcore molecules external potential energy: 0
Softcore molecules Potential energy: 15558.1
Gaussian total free energy: 1798.01
Gaussian ideal free energy: -418.254
Gaussian contact free energy: 385.208
Gaussian compressibility free energy: 1831.05
Gaussian electrostatic free energy: 0
Softcore molecules field coupling energy: 14781.2

Average Energies:
Softcore molecules bond stretching energy: 0
Softcore molecules angle bending energy: 0
Softcore molecules torsional energy: 0
Softcore molecules non-bonded energy: 720.302
Softcore molecules electrostatics energy: 0
Softcore molecules external potential energy: 0
Softcore molecules Potential energy: 2954.71
Gaussian total free energy: 5551.3
Gaussian ideal free energy: -70.368
Gaussian contact free energy: 226.715
Gaussian compressibility free energy: 5394.96
Gaussian electrostatic free energy: 0
Softcore molecules field coupling energy: 2234.41

Average Explicit Charge: 0

Average Gaussian Chains Density Inhomogeneity: 0.355819

Final Energies:
Softcore molecules bond stretching energy: 0
Softcore molecules angle bending energy: 0
Softcore molecules torsional energy: 0
Softcore molecules non-bonded energy: 762.507
Softcore molecules electrostatics energy: 0
Softcore molecules external potential energy: 0
Softcore molecules Potential energy: 2741.87
Gaussian total free energy: 5534.91
Gaussian ideal free energy: -81.8591
Gaussian contact free energy: 221.957
Gaussian compressibility free energy: 5394.82
Gaussian electrostatic free energy: 0
Softcore molecules field coupling energy: 1979.36

Final Gaussian Chains Density Inhomogeneity: 0.357608

Iteration report, DDFT Molecular Diffusion
Number of solves: 1100000
Number of function calls: 10998537
Average number of iterations: 8.99867 (min 8, max 12)
Average end norm: 6.64356e-05 (min 4.87704e-05, max 9.99998e-05)


Final Explicit Charge: 0

Time used by 1100000 calculation steps on 8 processors: 8 Hours 51 Minutes 9 Seconds.

