@CulgiVersion: 5.0.1
MBF-Hybrid Simulation of box
Job Start time: Fri Sep 16 18:43:25 2011
----------------------------------------------------------------------------

Simulation Parameters:
----------------------

Field Diffusion: on
Bead Diffusion: on
Temperature: 0.1
Bead Diffusion frequency: 1
Field Diffusion frequency: 1
Time step: 0.01

DDFT Engine parameters: 
Field diffusion Method: EntropyFieldDynamics
Kappa: 15
Reference density: 1

NLESolverEngine parameters, DDFT Molecular Diffusion
Strict tolerance: On
Direction optimization Method: SteepestDescent
Starting Alpha: 0.5
Reset Alpha: On
Tolerance: 0.0001
Maximum Iterations: 25000
Maximum Line Iterations: 5

Gaussian chain interaction parameters:
---------------------------------------

Bead parameters:
Type  Volume  Diffusion  Viscosity  Expansion  ExtFieldConst  ChargeType  Charge  pK   Dielec  ImplIonInter  
A     1       1          1          0.1        1              Strong      0       N/A  1       0             
B     1       1          1          0.1        1              Strong      0       N/A  1       0             

Binary interaction parameters:
Type1  Type2  Chi       ChiL  
A      B      0.666667  0     

Soft core model interaction parameters:
---------------------------------------

Bead parameters:
Type  Mass  BondValence  Diffusion  Sigma  ExtFieldConst  ChargeType  Charge  pK   Dielec  ImplIonInter  
P     1     2            0.1        0.8    1              Strong      0       N/A  1       0             

Pair interaction parameters:
Type1  Type2  A   
P      P      25  

Mesoscopic bead-field hybrid interaction parameters:
----------------------------------------------------

Bead-Field coupling parameters:
Bead  Field  parameter  
P     A      6          
P     B      12         

System Details:
---------------

Box: 64 X 64 X 1
GAUSSIANCHAIN: bcp (A20B16):  (Average number density: 0.908447)
Overall gaussian beads number density: 0.908447
SOFTCOREMOLECULE: np: 1000 (Bead fraction: 0.21182)
Overall Soft-core bead number density: 0.244141

Initial Gaussian Chains Density Inhomogeneity: 4.32987e-15

Initial Explicit Charge: 0

Initial Energies:
Softcore molecules bond stretching energy: 0
Softcore molecules angle bending energy: 0
Softcore molecules torsional energy: 0
Softcore molecules non-bonded energy: 815.633
Softcore molecules electrostatics energy: 0
Softcore molecules external potential energy: 0
Softcore molecules Potential energy: 8688.84
Gaussian total free energy: 330.243
Gaussian ideal free energy: -483.682
Gaussian contact free energy: 556.433
Gaussian compressibility free energy: 257.492
Gaussian electrostatic free energy: 0
Softcore molecules field coupling energy: 7873.21

Average Energies:
Softcore molecules bond stretching energy: 0
Softcore molecules angle bending energy: 0
Softcore molecules torsional energy: 0
Softcore molecules non-bonded energy: 96.1291
Softcore molecules electrostatics energy: 0
Softcore molecules external potential energy: 0
Softcore molecules Potential energy: 3928.15
Gaussian total free energy: 1087.36
Gaussian ideal free energy: -195.276
Gaussian contact free energy: 218.334
Gaussian compressibility free energy: 1064.3
Gaussian electrostatic free energy: 0
Softcore molecules field coupling energy: 3832.02

Average Explicit Charge: 0

Average Gaussian Chains Density Inhomogeneity: 0.383068

Final Energies:
Softcore molecules bond stretching energy: 0
Softcore molecules angle bending energy: 0
Softcore molecules torsional energy: 0
Softcore molecules non-bonded energy: 106.536
Softcore molecules electrostatics energy: 0
Softcore molecules external potential energy: 0
Softcore molecules Potential energy: 3833.83
Gaussian total free energy: 1135.18
Gaussian ideal free energy: -195.305
Gaussian contact free energy: 215.738
Gaussian compressibility free energy: 1114.75
Gaussian electrostatic free energy: 0
Softcore molecules field coupling energy: 3727.29

Final Gaussian Chains Density Inhomogeneity: 0.384585

Iteration report, DDFT Molecular Diffusion
Number of solves: 1100000
Number of function calls: 9980929
Average number of iterations: 8.07357 (min 8, max 11)
Average end norm: 8.13566e-05 (min 4.84486e-05, max 9.99995e-05)


Final Explicit Charge: 0

Time used by 1100000 calculation steps on 8 processors: 8 Hours 10 Minutes 39 Seconds.

