@CulgiVersion: 5.0.1
MBF-Hybrid Simulation of box
Job Start time: Tue Sep 27 14:27:15 2011
----------------------------------------------------------------------------

Simulation Parameters:
----------------------

Field Diffusion: on
Bead Diffusion: on
Temperature: 0.1
Bead Diffusion frequency: 1
Field Diffusion frequency: 1
Time step: 0.01

DDFT Engine parameters: 
Field diffusion Method: EntropyFieldDynamics
Kappa: 15
Reference density: 1

NLESolverEngine parameters, DDFT Molecular Diffusion
Strict tolerance: On
Direction optimization Method: SteepestDescent
Starting Alpha: 0.5
Reset Alpha: On
Tolerance: 0.0001
Maximum Iterations: 25000
Maximum Line Iterations: 5

Gaussian chain interaction parameters:
---------------------------------------

Bead parameters:
Type  Volume  Diffusion  Viscosity  Expansion  ExtFieldConst  ChargeType  Charge  pK   Dielec  ImplIonInter  
A     1       1          1          0.1        1              Strong      0       N/A  1       0             
B     1       1          1          0.1        1              Strong      0       N/A  1       0             

Binary interaction parameters:
Type1  Type2  Chi  ChiL  
A      B      0    0     

Soft core model interaction parameters:
---------------------------------------

Bead parameters:
Type  Mass  BondValence  Diffusion  Sigma  ExtFieldConst  ChargeType  Charge  pK   Dielec  ImplIonInter  
P     1     2            0          0.8    1              Strong      0       N/A  1       0             

Pair interaction parameters:
Type1  Type2  A   
P      P      25  

Mesoscopic bead-field hybrid interaction parameters:
----------------------------------------------------

Bead-Field coupling parameters:
Bead  Field  parameter  
P     A      7          
P     B      7          

System Details:
---------------

Box: 64 X 64 X 1
GAUSSIANCHAIN: bcp (A20B16):  (Average number density: 0.893188)
Overall gaussian beads number density: 0.893188
SOFTCOREMOLECULE: np: 1000 (Bead fraction: 0.214661)
Overall Soft-core bead number density: 0.244141

Initial Gaussian Chains Density Inhomogeneity: 0

Initial Explicit Charge: 0

Initial Energies:
Softcore molecules bond stretching energy: 0
Softcore molecules angle bending energy: 0
Softcore molecules torsional energy: 0
Softcore molecules non-bonded energy: 704.563
Softcore molecules electrostatics energy: 0
Softcore molecules external potential energy: 0
Softcore molecules Potential energy: 6956.88
Gaussian total free energy: -126.804
Gaussian ideal free energy: -477.279
Gaussian contact free energy: 0
Gaussian compressibility free energy: 350.475
Gaussian electrostatic free energy: 0
Softcore molecules field coupling energy: 6252.32

Average Energies:
Softcore molecules bond stretching energy: 0
Softcore molecules angle bending energy: 0
Softcore molecules torsional energy: 0
Softcore molecules non-bonded energy: 704.563
Softcore molecules electrostatics energy: 0
Softcore molecules external potential energy: 0
Softcore molecules Potential energy: 6184.58
Gaussian total free energy: 258.612
Gaussian ideal free energy: -467.065
Gaussian contact free energy: 0
Gaussian compressibility free energy: 725.677
Gaussian electrostatic free energy: 0
Softcore molecules field coupling energy: 5480.02

Average Explicit Charge: 0

Average Gaussian Chains Density Inhomogeneity: 0.0552951

Final Energies:
Softcore molecules bond stretching energy: 0
Softcore molecules angle bending energy: 0
Softcore molecules torsional energy: 0
Softcore molecules non-bonded energy: 704.563
Softcore molecules electrostatics energy: 0
Softcore molecules external potential energy: 0
Softcore molecules Potential energy: 6184.45
Gaussian total free energy: 258.614
Gaussian ideal free energy: -467.064
Gaussian contact free energy: 0
Gaussian compressibility free energy: 725.679
Gaussian electrostatic free energy: 0
Softcore molecules field coupling energy: 5479.88

Final Gaussian Chains Density Inhomogeneity: 0.0552982

Iteration report, DDFT Molecular Diffusion
Number of solves: 10000
Number of function calls: 56575
Average number of iterations: 4.6575 (min 4, max 9)
Average end norm: 6.74384e-05 (min 4.48487e-05, max 9.99991e-05)


Final Explicit Charge: 0

Time used by 10000 calculation steps on 2 processors: 0 Hours 7 Minutes 22 Seconds.

@CulgiVersion: 5.0.1
MBF-Hybrid Simulation of box
Job Start time: Tue Sep 27 14:34:37 2011
----------------------------------------------------------------------------

Simulation Parameters:
----------------------

Field Diffusion: on
Bead Diffusion: on
Temperature: 0.1
Bead Diffusion frequency: 1
Field Diffusion frequency: 1
Time step: 0.01

DDFT Engine parameters: 
Field diffusion Method: EntropyFieldDynamics
Kappa: 15
Reference density: 1

NLESolverEngine parameters, DDFT Molecular Diffusion
Strict tolerance: On
Direction optimization Method: SteepestDescent
Starting Alpha: 0.5
Reset Alpha: On
Tolerance: 0.0001
Maximum Iterations: 25000
Maximum Line Iterations: 5

Gaussian chain interaction parameters:
---------------------------------------

Bead parameters:
Type  Volume  Diffusion  Viscosity  Expansion  ExtFieldConst  ChargeType  Charge  pK   Dielec  ImplIonInter  
A     1       1          1          0.1        1              Strong      0       N/A  1       0             
B     1       1          1          0.1        1              Strong      0       N/A  1       0             

Binary interaction parameters:
Type1  Type2  Chi       ChiL  
A      B      0.666667  0     

Soft core model interaction parameters:
---------------------------------------

Bead parameters:
Type  Mass  BondValence  Diffusion  Sigma  ExtFieldConst  ChargeType  Charge  pK   Dielec  ImplIonInter  
P     1     2            0.01       0.8    1              Strong      0       N/A  1       0             

Pair interaction parameters:
Type1  Type2  A   
P      P      25  

Mesoscopic bead-field hybrid interaction parameters:
----------------------------------------------------

Bead-Field coupling parameters:
Bead  Field  parameter  
P     A      7          
P     B      14         

System Details:
---------------

Box: 64 X 64 X 1
GAUSSIANCHAIN: bcp (A20B16):  (Average number density: 0.893188)
Overall gaussian beads number density: 0.893188
SOFTCOREMOLECULE: np: 1000 (Bead fraction: 0.214661)
Overall Soft-core bead number density: 0.244141

Initial Gaussian Chains Density Inhomogeneity: 0.0552982

Initial Explicit Charge: 0

Initial Energies:
Softcore molecules bond stretching energy: 0
Softcore molecules angle bending energy: 0
Softcore molecules torsional energy: 0
Softcore molecules non-bonded energy: 704.563
Softcore molecules electrostatics energy: 0
Softcore molecules external potential energy: 0
Softcore molecules Potential energy: 8622.11
Gaussian total free energy: 801.235
Gaussian ideal free energy: -467.064
Gaussian contact free energy: 542.62
Gaussian compressibility free energy: 725.679
Gaussian electrostatic free energy: 0
Softcore molecules field coupling energy: 7917.55

Average Energies:
Softcore molecules bond stretching energy: 0
Softcore molecules angle bending energy: 0
Softcore molecules torsional energy: 0
Softcore molecules non-bonded energy: 130.572
Softcore molecules electrostatics energy: 0
Softcore molecules external potential energy: 0
Softcore molecules Potential energy: 4213.57
Gaussian total free energy: 1465.46
Gaussian ideal free energy: -187.525
Gaussian contact free energy: 226.742
Gaussian compressibility free energy: 1426.24
Gaussian electrostatic free energy: 0
Softcore molecules field coupling energy: 4083

Average Explicit Charge: 0

Average Gaussian Chains Density Inhomogeneity: 0.377763

Final Energies:
Softcore molecules bond stretching energy: 0
Softcore molecules angle bending energy: 0
Softcore molecules torsional energy: 0
Softcore molecules non-bonded energy: 147.146
Softcore molecules electrostatics energy: 0
Softcore molecules external potential energy: 0
Softcore molecules Potential energy: 3984.5
Gaussian total free energy: 1564.47
Gaussian ideal free energy: -198.847
Gaussian contact free energy: 219.242
Gaussian compressibility free energy: 1544.07
Gaussian electrostatic free energy: 0
Softcore molecules field coupling energy: 3837.35

Final Gaussian Chains Density Inhomogeneity: 0.381497

Iteration report, DDFT Molecular Diffusion
Number of solves: 1100000
Number of function calls: 8890306
Average number of iterations: 7.0821 (min 7, max 11)
Average end norm: 8.13725e-05 (min 4.802e-05, max 9.99997e-05)


Final Explicit Charge: 0

Time used by 1100000 calculation steps on 2 processors: 20 Hours 39 Minutes 31 Seconds.

