@CulgiVersion: 6.0.0
MBF-Hybrid Simulation of box
Job Start time: Tue May 29 15:31:55 2012
----------------------------------------------------------------------------

Simulation Parameters:
----------------------

Field Diffusion: off
Bead Diffusion: on
Temperature: 0.01
Bead Diffusion frequency: 1
Time step: 0.01

Soft core model interaction parameters:
---------------------------------------

Bead parameters:
Type  Mass  BondValence  Diffusion  Sigma  ExtFieldConst  ChargeType  Charge  pK   Dielec  ImplIonInter  
C     1     2            0.04       0.8    1              Strong      0       N/A  1       0             
S     1     2            0.04       0.8    1              Strong      0       N/A  1       0             

Pair interaction parameters:
Type1  Type2  A   
C      C      10  
C      S      10  
S      S      10  

Mesoscopic bead-field hybrid interaction parameters:
----------------------------------------------------

Bead-Field coupling parameters:
Bead  Field  parameter  
C     A      0          
C     B      0          
S     A      0          
S     B      0          

System Details:
---------------

Box: 64 X 64 X 1
GAUSSIANCHAIN: bcp (A20B16):  (Average number density: 0.789063)
Overall gaussian beads number density: 0.789063
SOFTCORECOLLOID: np: 256 (Bead fraction: 0.416185)
Overall Soft-core bead number density: 0.5625


Initial Explicit Charge: 0

Initial Energies:
Softcore molecules bond stretching energy: 0
Softcore molecules angle bending energy: 0
Softcore molecules torsional energy: 0
Softcore molecules non-bonded energy: 1763.67
Softcore molecules electrostatics energy: 0
Softcore molecules external potential energy: 0
Softcore molecules Potential energy: 1763.67
Softcore molecules field coupling energy: 0

Average Energies:
Softcore molecules bond stretching energy: 0
Softcore molecules angle bending energy: 0
Softcore molecules torsional energy: 0
Softcore molecules non-bonded energy: 29.734
Softcore molecules electrostatics energy: 0
Softcore molecules external potential energy: 0
Softcore molecules Potential energy: 29.734
Softcore molecules field coupling energy: 0

Average Explicit Charge: 0

Final Energies:
Softcore molecules bond stretching energy: 0
Softcore molecules angle bending energy: 0
Softcore molecules torsional energy: 0
Softcore molecules non-bonded energy: 0.223504
Softcore molecules electrostatics energy: 0
Softcore molecules external potential energy: 0
Softcore molecules Potential energy: 0.223504
Softcore molecules field coupling energy: 0

Final Explicit Charge: 0

Time used by 100000 calculation steps on 1 processors: 0 Hours 2 Minutes 36 Seconds.

@CulgiVersion: 6.0.0
MBF-Hybrid Simulation of box
Job Start time: Tue May 29 15:34:32 2012
----------------------------------------------------------------------------

Simulation Parameters:
----------------------

Field Diffusion: on
Bead Diffusion: off
Field Diffusion frequency: 1
Time step: 0.01

DDFT Engine parameters: 
Field diffusion Method: EntropyFieldDynamics
Kappa: 15
Reference density: 1

NLESolverEngine parameters, DDFT Molecular Diffusion
Strict tolerance: On
Direction optimization Method: SteepestDescent
Starting Alpha: 0.5
Reset Alpha: On
Tolerance: 0.0001
Maximum Iterations: 25000
Maximum Line Iterations: 5

Gaussian chain interaction parameters:
---------------------------------------

Bead parameters:
Type  Volume  Diffusion  Viscosity  Expansion  ExtFieldConst  ChargeType  Charge  pK   Dielec  ImplIonInter  
A     1       1          1          0.01       1              Strong      0       N/A  1       0             
B     1       1          1          0.01       1              Strong      0       N/A  1       0             

Binary interaction parameters:
Type1  Type2  Chi  ChiL  
A      B      0    0     

Mesoscopic bead-field hybrid interaction parameters:
----------------------------------------------------

Bead-Field coupling parameters:
Bead  Field  parameter  
C     A      30         
C     B      30         
S     A      3          
S     B      3          

System Details:
---------------

Box: 64 X 64 X 1
GAUSSIANCHAIN: bcp (A20B16):  (Average number density: 0.789063)
Overall gaussian beads number density: 0.789063
SOFTCORECOLLOID: np: 256 (Bead fraction: 0.416185)
Overall Soft-core bead number density: 0.5625


Initial Gaussian Chains Density Inhomogeneity: 2.92266e-14

Initial Explicit Charge: 0

Initial Energies:
Gaussian total free energy: 934.108
Gaussian ideal free energy: -432.767
Gaussian contact free energy: 0
Gaussian compressibility free energy: 1366.88
Gaussian electrostatic free energy: 0
Softcore molecules field coupling energy: 10908

Average Energies:
Gaussian total free energy: 3564.43
Gaussian ideal free energy: -313.441
Gaussian contact free energy: 0
Gaussian compressibility free energy: 3877.87
Gaussian electrostatic free energy: 0
Softcore molecules field coupling energy: 5385.04

Average Explicit Charge: 0

Average Gaussian Chains Density Inhomogeneity: 0.142943

Final Energies:
Gaussian total free energy: 3568.6
Gaussian ideal free energy: -313.307
Gaussian contact free energy: 0
Gaussian compressibility free energy: 3881.9
Gaussian electrostatic free energy: 0
Softcore molecules field coupling energy: 5378.77

Final Gaussian Chains Density Inhomogeneity: 0.143067

Iteration report, DDFT Molecular Diffusion
Number of solves: 10000
Number of function calls: 25087
Average number of iterations: 1.5087 (min 1, max 11)
Average end norm: 8.21171e-05 (min 3.93596e-05, max 9.99963e-05)


Final Explicit Charge: 0

Time used by 10000 calculation steps on 1 processors: 0 Hours 7 Minutes 10 Seconds.

@CulgiVersion: 6.0.0
MBF-Hybrid Simulation of box
Job Start time: Tue May 29 15:41:43 2012
----------------------------------------------------------------------------

Simulation Parameters:
----------------------

Field Diffusion: on
Bead Diffusion: on
Temperature: 0.01
Bead Diffusion frequency: 1
Field Diffusion frequency: 1
Time step: 0.01

DDFT Engine parameters: 
Field diffusion Method: EntropyFieldDynamics
Kappa: 15
Reference density: 1

NLESolverEngine parameters, DDFT Molecular Diffusion
Strict tolerance: On
Direction optimization Method: SteepestDescent
Starting Alpha: 0.5
Reset Alpha: On
Tolerance: 0.0001
Maximum Iterations: 25000
Maximum Line Iterations: 5

Gaussian chain interaction parameters:
---------------------------------------

Bead parameters:
Type  Volume  Diffusion  Viscosity  Expansion  ExtFieldConst  ChargeType  Charge  pK   Dielec  ImplIonInter  
A     1       1          1          0.01       1              Strong      0       N/A  1       0             
B     1       1          1          0.01       1              Strong      0       N/A  1       0             

Binary interaction parameters:
Type1  Type2  Chi       ChiL  
A      B      0.666667  0     

Soft core model interaction parameters:
---------------------------------------

Bead parameters:
Type  Mass  BondValence  Diffusion  Sigma  ExtFieldConst  ChargeType  Charge  pK   Dielec  ImplIonInter  
C     1     2            0.04       0.8    1              Strong      0       N/A  1       0             
S     1     2            0.04       0.8    1              Strong      0       N/A  1       0             

Pair interaction parameters:
Type1  Type2  A   
C      C      10  
C      S      10  
S      S      10  

Mesoscopic bead-field hybrid interaction parameters:
----------------------------------------------------

Bead-Field coupling parameters:
Bead  Field  parameter  
C     A      30         
C     B      30         
S     A      3          
S     B      6          

System Details:
---------------

Box: 64 X 64 X 1
GAUSSIANCHAIN: bcp (A20B16):  (Average number density: 0.789063)
Overall gaussian beads number density: 0.789063
SOFTCORECOLLOID: np: 256 (Bead fraction: 0.416185)
Overall Soft-core bead number density: 0.5625


Initial Gaussian Chains Density Inhomogeneity: 0.143067

Initial Explicit Charge: 0

Initial Energies:
Softcore molecules bond stretching energy: 0
Softcore molecules angle bending energy: 0
Softcore molecules torsional energy: 0
Softcore molecules non-bonded energy: 0.223504
Softcore molecules electrostatics energy: 0
Softcore molecules external potential energy: 0
Softcore molecules Potential energy: 6749.19
Gaussian total free energy: 4022.27
Gaussian ideal free energy: -313.307
Gaussian contact free energy: 453.675
Gaussian compressibility free energy: 3881.9
Gaussian electrostatic free energy: 0
Softcore molecules field coupling energy: 6748.97

Average Energies:
Softcore molecules bond stretching energy: 0
Softcore molecules angle bending energy: 0
Softcore molecules torsional energy: 0
Softcore molecules non-bonded energy: 123.844
Softcore molecules electrostatics energy: 0
Softcore molecules external potential energy: 0
Softcore molecules Potential energy: 5058.27
Gaussian total free energy: 4265.36
Gaussian ideal free energy: -9.02686
Gaussian contact free energy: 210.371
Gaussian compressibility free energy: 4064.01
Gaussian electrostatic free energy: 0
Softcore molecules field coupling energy: 4934.43

Average Explicit Charge: 0

Average Gaussian Chains Density Inhomogeneity: 0.366133

Final Energies:
Softcore molecules bond stretching energy: 0
Softcore molecules angle bending energy: 0
Softcore molecules torsional energy: 0
Softcore molecules non-bonded energy: 160.641
Softcore molecules electrostatics energy: 0
Softcore molecules external potential energy: 0
Softcore molecules Potential energy: 4937.14
Gaussian total free energy: 4302.04
Gaussian ideal free energy: -18.2016
Gaussian contact free energy: 206.98
Gaussian compressibility free energy: 4113.26
Gaussian electrostatic free energy: 0
Softcore molecules field coupling energy: 4776.5

Final Gaussian Chains Density Inhomogeneity: 0.368186

Iteration report, DDFT Molecular Diffusion
Number of solves: 110000
Number of function calls: 652207
Average number of iterations: 4.92915 (min 4, max 10)
Average end norm: 6.80797e-05 (min 3.55551e-05, max 0.0001)


Final Explicit Charge: 0

Plugins and corresponding results from this calculation:----------

Archive Plugin:
Archive mode: Text
Archive file name: tt1100_ts0.01_np8.csa
Archive frequency: 100

Instant results Plugin:
Instant results file name: tt1100_ts0.01_np8_Inst.ctf
Instant results frequency: 10

Time used by 110000 calculation steps on 1 processors: 2 Hours 59 Minutes 43 Seconds.

