@CulgiVersion: 6.0.0
MBF-Hybrid Simulation of box
Job Start time: Thu Mar 22 00:43:14 2012
----------------------------------------------------------------------------

Simulation Parameters:
----------------------

Field Diffusion: off
Bead Diffusion: on
Temperature: 0.1
Bead Diffusion frequency: 1
Time step: 0.01

Soft core model interaction parameters:
---------------------------------------

Bead parameters:
Type  Mass  BondValence  Diffusion  Sigma  ExtFieldConst  ChargeType  Charge  pK   Dielec  ImplIonInter  
C     1     2            0.04       0.8    1              Strong      0       N/A  1       0             
S     1     2            0.04       0.8    1              Strong      0       N/A  1       0             

Pair interaction parameters:
Type1  Type2  A   
C      C      25  
C      S      25  
S      S      25  

Mesoscopic bead-field hybrid interaction parameters:
----------------------------------------------------

Bead-Field coupling parameters:
Bead  Field  parameter  
C     A      0          
C     B      0          
S     A      0          
S     B      0          

System Details:
---------------

Box: 64 X 64 X 1
GAUSSIANCHAIN: bcp (A20B16):  (Average number density: 0.789063)
Overall gaussian beads number density: 0.789063
SOFTCORECOLLOID: np: 768 (Bead fraction: 0.681388)
Overall Soft-core bead number density: 1.6875


Initial Explicit Charge: 0

Initial Energies:
Softcore molecules bond stretching energy: 0
Softcore molecules angle bending energy: 0
Softcore molecules torsional energy: 0
Softcore molecules non-bonded energy: 39768.6
Softcore molecules electrostatics energy: 0
Softcore molecules external potential energy: 0
Softcore molecules Potential energy: 39768.6
Softcore molecules field coupling energy: 0

Average Energies:
Softcore molecules bond stretching energy: 0
Softcore molecules angle bending energy: 0
Softcore molecules torsional energy: 0
Softcore molecules non-bonded energy: 15.9465
Softcore molecules electrostatics energy: 0
Softcore molecules external potential energy: 0
Softcore molecules Potential energy: 15.9465
Softcore molecules field coupling energy: 0

Average Explicit Charge: 0

Final Energies:
Softcore molecules bond stretching energy: 0
Softcore molecules angle bending energy: 0
Softcore molecules torsional energy: 0
Softcore molecules non-bonded energy: 6.74667
Softcore molecules electrostatics energy: 0
Softcore molecules external potential energy: 0
Softcore molecules Potential energy: 6.74667
Softcore molecules field coupling energy: 0

Final Explicit Charge: 0

Time used by 100000 calculation steps on 1 processors: 0 Hours 8 Minutes 55 Seconds.

@CulgiVersion: 6.0.0
MBF-Hybrid Simulation of box
Job Start time: Thu Mar 22 00:52:09 2012
----------------------------------------------------------------------------

Simulation Parameters:
----------------------

Field Diffusion: on
Bead Diffusion: off
Field Diffusion frequency: 1
Time step: 0.01

DDFT Engine parameters: 
Field diffusion Method: EntropyFieldDynamics
Kappa: 15
Reference density: 1

NLESolverEngine parameters, DDFT Molecular Diffusion
Strict tolerance: On
Direction optimization Method: SteepestDescent
Starting Alpha: 0.5
Reset Alpha: On
Tolerance: 0.0001
Maximum Iterations: 25000
Maximum Line Iterations: 5

Gaussian chain interaction parameters:
---------------------------------------

Bead parameters:
Type  Volume  Diffusion  Viscosity  Expansion  ExtFieldConst  ChargeType  Charge  pK   Dielec  ImplIonInter  
A     1       1          1          0.1        1              Strong      0       N/A  1       0             
B     1       1          1          0.1        1              Strong      0       N/A  1       0             

Binary interaction parameters:
Type1  Type2  Chi  ChiL  
A      B      0    0     

Mesoscopic bead-field hybrid interaction parameters:
----------------------------------------------------

Bead-Field coupling parameters:
Bead  Field  parameter  
C     A      2          
C     B      2          
S     A      2          
S     B      2          

System Details:
---------------

Box: 64 X 64 X 1
GAUSSIANCHAIN: bcp (A20B16):  (Average number density: 0.789063)
Overall gaussian beads number density: 0.789063
SOFTCORECOLLOID: np: 768 (Bead fraction: 0.681388)
Overall Soft-core bead number density: 1.6875


Initial Gaussian Chains Density Inhomogeneity: 2.92266e-14

Initial Explicit Charge: 0

Initial Energies:
Gaussian total free energy: 934.108
Gaussian ideal free energy: -432.767
Gaussian contact free energy: 0
Gaussian compressibility free energy: 1366.88
Gaussian electrostatic free energy: 0
Softcore molecules field coupling energy: 10908

Average Energies:
Gaussian total free energy: 1505.32
Gaussian ideal free energy: -413.151
Gaussian contact free energy: 0
Gaussian compressibility free energy: 1918.47
Gaussian electrostatic free energy: 0
Softcore molecules field coupling energy: 9764.39

Average Explicit Charge: 0

Average Gaussian Chains Density Inhomogeneity: 0.0670231

Final Energies:
Gaussian total free energy: 1505.44
Gaussian ideal free energy: -413.153
Gaussian contact free energy: 0
Gaussian compressibility free energy: 1918.59
Gaussian electrostatic free energy: 0
Softcore molecules field coupling energy: 9764.08

Final Gaussian Chains Density Inhomogeneity: 0.0670337

Iteration report, DDFT Molecular Diffusion
Number of solves: 10000
Number of function calls: 56751
Average number of iterations: 4.6751 (min 4, max 8)
Average end norm: 6.64647e-05 (min 3.89673e-05, max 9.99981e-05)


Final Explicit Charge: 0

Time used by 10000 calculation steps on 1 processors: 0 Hours 16 Minutes 28 Seconds.

@CulgiVersion: 6.0.0
MBF-Hybrid Simulation of box
Job Start time: Thu Mar 22 01:08:38 2012
----------------------------------------------------------------------------

Simulation Parameters:
----------------------

Field Diffusion: on
Bead Diffusion: on
Temperature: 0.1
Bead Diffusion frequency: 1
Field Diffusion frequency: 1
Time step: 0.01

DDFT Engine parameters: 
Field diffusion Method: EntropyFieldDynamics
Kappa: 15
Reference density: 1

NLESolverEngine parameters, DDFT Molecular Diffusion
Strict tolerance: On
Direction optimization Method: SteepestDescent
Starting Alpha: 0.5
Reset Alpha: On
Tolerance: 0.0001
Maximum Iterations: 25000
Maximum Line Iterations: 5

Gaussian chain interaction parameters:
---------------------------------------

Bead parameters:
Type  Volume  Diffusion  Viscosity  Expansion  ExtFieldConst  ChargeType  Charge  pK   Dielec  ImplIonInter  
A     1       1          1          0.1        1              Strong      0       N/A  1       0             
B     1       1          1          0.1        1              Strong      0       N/A  1       0             

Binary interaction parameters:
Type1  Type2  Chi  ChiL  
A      B      0.5  0     

Soft core model interaction parameters:
---------------------------------------

Bead parameters:
Type  Mass  BondValence  Diffusion  Sigma  ExtFieldConst  ChargeType  Charge  pK   Dielec  ImplIonInter  
C     1     2            0.04       0.8    1              Strong      0       N/A  1       0             
S     1     2            0.04       0.8    1              Strong      0       N/A  1       0             

Pair interaction parameters:
Type1  Type2  A   
C      C      25  
C      S      25  
S      S      25  

Mesoscopic bead-field hybrid interaction parameters:
----------------------------------------------------

Bead-Field coupling parameters:
Bead  Field  parameter  
C     A      2          
C     B      4          
S     A      2          
S     B      4          

System Details:
---------------

Box: 64 X 64 X 1
GAUSSIANCHAIN: bcp (A20B16):  (Average number density: 0.789063)
Overall gaussian beads number density: 0.789063
SOFTCORECOLLOID: np: 768 (Bead fraction: 0.681388)
Overall Soft-core bead number density: 1.6875


Initial Gaussian Chains Density Inhomogeneity: 0.0670337

Initial Explicit Charge: 0

Initial Energies:
Softcore molecules bond stretching energy: 0
Softcore molecules angle bending energy: 0
Softcore molecules torsional energy: 0
Softcore molecules non-bonded energy: 6.74667
Softcore molecules electrostatics energy: 0
Softcore molecules external potential energy: 0
Softcore molecules Potential energy: 14112.9
Gaussian total free energy: 1824.85
Gaussian ideal free energy: -413.153
Gaussian contact free energy: 319.409
Gaussian compressibility free energy: 1918.59
Gaussian electrostatic free energy: 0
Softcore molecules field coupling energy: 14106.1

Average Energies:
Softcore molecules bond stretching energy: 0
Softcore molecules angle bending energy: 0
Softcore molecules torsional energy: 0
Softcore molecules non-bonded energy: 128.896
Softcore molecules electrostatics energy: 0
Softcore molecules external potential energy: 0
Softcore molecules Potential energy: 8435.36
Gaussian total free energy: 2838.81
Gaussian ideal free energy: -53.6672
Gaussian contact free energy: 121.987
Gaussian compressibility free energy: 2770.49
Gaussian electrostatic free energy: 0
Softcore molecules field coupling energy: 8306.46

Average Explicit Charge: 0

Average Gaussian Chains Density Inhomogeneity: 0.356492

Final Energies:
Softcore molecules bond stretching energy: 0
Softcore molecules angle bending energy: 0
Softcore molecules torsional energy: 0
Softcore molecules non-bonded energy: 124.119
Softcore molecules electrostatics energy: 0
Softcore molecules external potential energy: 0
Softcore molecules Potential energy: 8354.22
Gaussian total free energy: 2833.97
Gaussian ideal free energy: -68.3218
Gaussian contact free energy: 119.15
Gaussian compressibility free energy: 2783.14
Gaussian electrostatic free energy: 0
Softcore molecules field coupling energy: 8230.1

Final Gaussian Chains Density Inhomogeneity: 0.355963

Iteration report, DDFT Molecular Diffusion
Number of solves: 1100000
Number of function calls: 9195683
Average number of iterations: 7.35971 (min 7, max 11)
Average end norm: 7.81206e-05 (min 4.82958e-05, max 0.0001)


Final Explicit Charge: 0

Plugins and corresponding results from this calculation:----------

Archive Plugin:
Archive mode: Text
Archive file name: tt11000.csa
Archive frequency: 100

Instant results Plugin:
Instant results file name: tt11000_Inst.ctf
Instant results frequency: 10

Time used by 1100000 calculation steps on 1 processors: 47 Hours 35 Minutes 24 Seconds.

