@CulgiVersion: 6.0.0
MBF-Hybrid Simulation of box
Job Start time: Tue May  8 23:37:09 2012
----------------------------------------------------------------------------

Simulation Parameters:
----------------------

Field Diffusion: off
Bead Diffusion: on
Temperature: 0.1
Bead Diffusion frequency: 1
Time step: 0.01

Soft core model interaction parameters:
---------------------------------------

Bead parameters:
Type  Mass  BondValence  Diffusion  Sigma  ExtFieldConst  ChargeType  Charge  pK   Dielec  ImplIonInter  
C     1     2            0.04       0.8    1              Strong      0       N/A  1       0             
S     1     2            0.04       0.8    1              Strong      0       N/A  1       0             

Pair interaction parameters:
Type1  Type2  A   
C      C      10  
C      S      10  
S      S      10  

Mesoscopic bead-field hybrid interaction parameters:
----------------------------------------------------

Bead-Field coupling parameters:
Bead  Field  parameter  
C     A      0          
C     B      0          
S     A      0          
S     B      0          

System Details:
---------------

Box: 64 X 64 X 1
GAUSSIANCHAIN: bcp (A20B16):  (Average number density: 0.578125)
Overall gaussian beads number density: 0.578125
SOFTCORECOLLOID: np: 768 (Bead fraction: 0.744828)
Overall Soft-core bead number density: 1.6875


Initial Explicit Charge: 0

Initial Energies:
Softcore molecules bond stretching energy: 0
Softcore molecules angle bending energy: 0
Softcore molecules torsional energy: 0
Softcore molecules non-bonded energy: 15293.5
Softcore molecules electrostatics energy: 0
Softcore molecules external potential energy: 0
Softcore molecules Potential energy: 15293.5
Softcore molecules field coupling energy: 0

Average Energies:
Softcore molecules bond stretching energy: 0
Softcore molecules angle bending energy: 0
Softcore molecules torsional energy: 0
Softcore molecules non-bonded energy: 3878.6
Softcore molecules electrostatics energy: 0
Softcore molecules external potential energy: 0
Softcore molecules Potential energy: 3878.6
Softcore molecules field coupling energy: 0

Average Explicit Charge: 0

Final Energies:
Softcore molecules bond stretching energy: 0
Softcore molecules angle bending energy: 0
Softcore molecules torsional energy: 0
Softcore molecules non-bonded energy: 1079.95
Softcore molecules electrostatics energy: 0
Softcore molecules external potential energy: 0
Softcore molecules Potential energy: 1079.95
Softcore molecules field coupling energy: 0

Final Explicit Charge: 0

Time used by 100000 calculation steps on 1 processors: 0 Hours 14 Minutes 3 Seconds.

@CulgiVersion: 6.0.0
MBF-Hybrid Simulation of box
Job Start time: Tue May  8 23:51:12 2012
----------------------------------------------------------------------------

Simulation Parameters:
----------------------

Field Diffusion: on
Bead Diffusion: off
Field Diffusion frequency: 1
Time step: 0.01

DDFT Engine parameters: 
Field diffusion Method: EntropyFieldDynamics
Kappa: 15
Reference density: 1

NLESolverEngine parameters, DDFT Molecular Diffusion
Strict tolerance: On
Direction optimization Method: SteepestDescent
Starting Alpha: 0.5
Reset Alpha: On
Tolerance: 0.0001
Maximum Iterations: 25000
Maximum Line Iterations: 5

Gaussian chain interaction parameters:
---------------------------------------

Bead parameters:
Type  Volume  Diffusion  Viscosity  Expansion  ExtFieldConst  ChargeType  Charge  pK   Dielec  ImplIonInter  
A     1       1          1          0.1        1              Strong      0       N/A  1       0             
B     1       1          1          0.1        1              Strong      0       N/A  1       0             

Binary interaction parameters:
Type1  Type2  Chi  ChiL  
A      B      0    0     

Mesoscopic bead-field hybrid interaction parameters:
----------------------------------------------------

Bead-Field coupling parameters:
Bead  Field  parameter  
C     A      4          
C     B      4          
S     A      4          
S     B      4          

System Details:
---------------

Box: 64 X 64 X 1
GAUSSIANCHAIN: bcp (A20B16):  (Average number density: 0.578125)
Overall gaussian beads number density: 0.578125
SOFTCORECOLLOID: np: 768 (Bead fraction: 0.744828)
Overall Soft-core bead number density: 1.6875


Initial Gaussian Chains Density Inhomogeneity: 1.08802e-14

Initial Explicit Charge: 0

Initial Energies:
Gaussian total free energy: 5129.96
Gaussian ideal free energy: -337.538
Gaussian contact free energy: 0
Gaussian compressibility free energy: 5467.5
Gaussian electrostatic free energy: 0
Softcore molecules field coupling energy: 15984

Average Energies:
Gaussian total free energy: 8951.47
Gaussian ideal free energy: -182.918
Gaussian contact free energy: 0
Gaussian compressibility free energy: 9134.39
Gaussian electrostatic free energy: 0
Softcore molecules field coupling energy: 7923.27

Average Explicit Charge: 0

Average Gaussian Chains Density Inhomogeneity: 0.172744

Final Energies:
Gaussian total free energy: 8960.58
Gaussian ideal free energy: -182.729
Gaussian contact free energy: 0
Gaussian compressibility free energy: 9143.3
Gaussian electrostatic free energy: 0
Softcore molecules field coupling energy: 7909.69

Final Gaussian Chains Density Inhomogeneity: 0.172967

Iteration report, DDFT Molecular Diffusion
Number of solves: 10000
Number of function calls: 60693
Average number of iterations: 5.0693 (min 4, max 10)
Average end norm: 5.67702e-05 (min 4.20703e-05, max 9.99989e-05)


Final Explicit Charge: 0

Time used by 10000 calculation steps on 1 processors: 0 Hours 18 Minutes 10 Seconds.

@CulgiVersion: 6.0.0
MBF-Hybrid Simulation of box
Job Start time: Wed May  9 00:09:23 2012
----------------------------------------------------------------------------

Simulation Parameters:
----------------------

Field Diffusion: on
Bead Diffusion: on
Temperature: 0.1
Bead Diffusion frequency: 1
Field Diffusion frequency: 1
Time step: 0.01

DDFT Engine parameters: 
Field diffusion Method: EntropyFieldDynamics
Kappa: 15
Reference density: 1

NLESolverEngine parameters, DDFT Molecular Diffusion
Strict tolerance: On
Direction optimization Method: SteepestDescent
Starting Alpha: 0.5
Reset Alpha: On
Tolerance: 0.0001
Maximum Iterations: 25000
Maximum Line Iterations: 5

Gaussian chain interaction parameters:
---------------------------------------

Bead parameters:
Type  Volume  Diffusion  Viscosity  Expansion  ExtFieldConst  ChargeType  Charge  pK   Dielec  ImplIonInter  
A     1       1          1          0.1        1              Strong      0       N/A  1       0             
B     1       1          1          0.1        1              Strong      0       N/A  1       0             

Binary interaction parameters:
Type1  Type2  Chi       ChiL  
A      B      0.666667  0     

Soft core model interaction parameters:
---------------------------------------

Bead parameters:
Type  Mass  BondValence  Diffusion  Sigma  ExtFieldConst  ChargeType  Charge  pK   Dielec  ImplIonInter  
C     1     2            0.04       0.8    1              Strong      0       N/A  1       0             
S     1     2            0.04       0.8    1              Strong      0       N/A  1       0             

Pair interaction parameters:
Type1  Type2  A   
C      C      10  
C      S      10  
S      S      10  

Mesoscopic bead-field hybrid interaction parameters:
----------------------------------------------------

Bead-Field coupling parameters:
Bead  Field  parameter  
C     A      4          
C     B      8          
S     A      4          
S     B      8          

System Details:
---------------

Box: 64 X 64 X 1
GAUSSIANCHAIN: bcp (A20B16):  (Average number density: 0.578125)
Overall gaussian beads number density: 0.578125
SOFTCORECOLLOID: np: 768 (Bead fraction: 0.744828)
Overall Soft-core bead number density: 1.6875


Initial Gaussian Chains Density Inhomogeneity: 0.172967

Initial Explicit Charge: 0

Initial Energies:
Softcore molecules bond stretching energy: 0
Softcore molecules angle bending energy: 0
Softcore molecules torsional energy: 0
Softcore molecules non-bonded energy: 1079.95
Softcore molecules electrostatics energy: 0
Softcore molecules external potential energy: 0
Softcore molecules Potential energy: 12520.2
Gaussian total free energy: 9240.49
Gaussian ideal free energy: -182.729
Gaussian contact free energy: 279.912
Gaussian compressibility free energy: 9143.3
Gaussian electrostatic free energy: 0
Softcore molecules field coupling energy: 11440.3

Average Energies:
Softcore molecules bond stretching energy: 0
Softcore molecules angle bending energy: 0
Softcore molecules torsional energy: 0
Softcore molecules non-bonded energy: 875.038
Softcore molecules electrostatics energy: 0
Softcore molecules external potential energy: 0
Softcore molecules Potential energy: 8955.13
Gaussian total free energy: 9934.88
Gaussian ideal free energy: 265.733
Gaussian contact free energy: 148.609
Gaussian compressibility free energy: 9520.54
Gaussian electrostatic free energy: 0
Softcore molecules field coupling energy: 8080.09

Average Explicit Charge: 0

Average Gaussian Chains Density Inhomogeneity: 0.336725

Final Energies:
Softcore molecules bond stretching energy: 0
Softcore molecules angle bending energy: 0
Softcore molecules torsional energy: 0
Softcore molecules non-bonded energy: 767.319
Softcore molecules electrostatics energy: 0
Softcore molecules external potential energy: 0
Softcore molecules Potential energy: 8758.24
Gaussian total free energy: 9965.66
Gaussian ideal free energy: 262.505
Gaussian contact free energy: 149.102
Gaussian compressibility free energy: 9554.05
Gaussian electrostatic free energy: 0
Softcore molecules field coupling energy: 7990.92

Final Gaussian Chains Density Inhomogeneity: 0.33736

Iteration report, DDFT Molecular Diffusion
Number of solves: 110000
Number of function calls: 771256
Average number of iterations: 5.99482 (min 5, max 68)
Average end norm: 8.08357e-05 (min 8.8041e-06, max 9.99994e-05)


Final Explicit Charge: 0

Plugins and corresponding results from this calculation:----------

Archive Plugin:
Archive mode: Text
Archive file name: tt1100_ts0.01.csa
Archive frequency: 100

Instant results Plugin:
Instant results file name: tt1100_ts0.01_Inst.ctf
Instant results frequency: 10

Time used by 110000 calculation steps on 1 processors: 4 Hours 6 Minutes 38 Seconds.

