@CulgiVersion: 5.0.1
MBF-Hybrid Simulation of box
Job Start time: Sun Oct 16 21:38:24 2011
----------------------------------------------------------------------------

Simulation Parameters:
----------------------

Field Diffusion: off
Bead Diffusion: on
Temperature: 0.1
Bead Diffusion frequency: 1
Time step: 0.01

Soft core model interaction parameters:
---------------------------------------

Bead parameters:
Type  Mass  BondValence  Diffusion  Sigma  ExtFieldConst  ChargeType  Charge  pK   Dielec  ImplIonInter  
P     1     2            0.1        0.8    1              Strong      0       N/A  1       0             

Pair interaction parameters:
Type1  Type2  A   
P      P      25  

Mesoscopic bead-field hybrid interaction parameters:
----------------------------------------------------

Bead-Field coupling parameters:
Bead  Field  parameter  
P     A      0          
P     B      0          

System Details:
---------------

Box: 64 X 64 X 1
GAUSSIANCHAIN: bcp (A20B16):  (Average number density: 0.90625)
Overall gaussian beads number density: 0.90625
SOFTCOREMOLECULE: np: 1024 (Bead fraction: 0.216216)
Overall Soft-core bead number density: 0.25

Initial Explicit Charge: 0

Initial Energies:
Softcore molecules bond stretching energy: 0
Softcore molecules angle bending energy: 0
Softcore molecules torsional energy: 0
Softcore molecules non-bonded energy: 1.11699
Softcore molecules electrostatics energy: 0
Softcore molecules external potential energy: 0
Softcore molecules Potential energy: 1.11699
Softcore molecules field coupling energy: 0

Average Energies:
Softcore molecules bond stretching energy: 0
Softcore molecules angle bending energy: 0
Softcore molecules torsional energy: 0
Softcore molecules non-bonded energy: 3.77426
Softcore molecules electrostatics energy: 0
Softcore molecules external potential energy: 0
Softcore molecules Potential energy: 3.77426
Softcore molecules field coupling energy: 0

Average Explicit Charge: 0

Final Energies:
Softcore molecules bond stretching energy: 0
Softcore molecules angle bending energy: 0
Softcore molecules torsional energy: 0
Softcore molecules non-bonded energy: 5.53775
Softcore molecules electrostatics energy: 0
Softcore molecules external potential energy: 0
Softcore molecules Potential energy: 5.53775
Softcore molecules field coupling energy: 0

Final Explicit Charge: 0

Time used by 100900 calculation steps on 4 processors: 0 Hours 0 Minutes 38 Seconds.

@CulgiVersion: 5.0.1
MBF-Hybrid Simulation of box
Job Start time: Sun Oct 16 21:39:02 2011
----------------------------------------------------------------------------

Simulation Parameters:
----------------------

Field Diffusion: on
Bead Diffusion: off
Field Diffusion frequency: 1
Time step: 0.01

DDFT Engine parameters: 
Field diffusion Method: EntropyFieldDynamics
Kappa: 15
Reference density: 1

NLESolverEngine parameters, DDFT Molecular Diffusion
Strict tolerance: On
Direction optimization Method: SteepestDescent
Starting Alpha: 0.5
Reset Alpha: On
Tolerance: 0.0001
Maximum Iterations: 25000
Maximum Line Iterations: 5

Gaussian chain interaction parameters:
---------------------------------------

Bead parameters:
Type  Volume  Diffusion  Viscosity  Expansion  ExtFieldConst  ChargeType  Charge  pK   Dielec  ImplIonInter  
A     1       1          1          0.1        1              Strong      0       N/A  1       0             
B     1       1          1          0.1        1              Strong      0       N/A  1       0             

Binary interaction parameters:
Type1  Type2  Chi  ChiL  
A      B      0    0     

Mesoscopic bead-field hybrid interaction parameters:
----------------------------------------------------

Bead-Field coupling parameters:
Bead  Field  parameter  
P     A      6          
P     B      6          

System Details:
---------------

Box: 64 X 64 X 1
GAUSSIANCHAIN: bcp (A20B16):  (Average number density: 0.90625)
Overall gaussian beads number density: 0.90625
SOFTCOREMOLECULE: np: 1024 (Bead fraction: 0.216216)
Overall Soft-core bead number density: 0.25

Initial Gaussian Chains Density Inhomogeneity: 5.07927e-15

Initial Explicit Charge: 0

Initial Energies:
Gaussian total free energy: -212.762
Gaussian ideal free energy: -482.762
Gaussian contact free energy: 0
Gaussian compressibility free energy: 270
Gaussian electrostatic free energy: 0
Softcore molecules field coupling energy: 1435.5

Average Energies:
Gaussian total free energy: -37.1478
Gaussian ideal free energy: -478.182
Gaussian contact free energy: 0
Gaussian compressibility free energy: 441.035
Gaussian electrostatic free energy: 0
Softcore molecules field coupling energy: 1343.21

Average Explicit Charge: 0

Average Gaussian Chains Density Inhomogeneity: 0.0373653

Final Energies:
Gaussian total free energy: -37.1321
Gaussian ideal free energy: -478.182
Gaussian contact free energy: 0
Gaussian compressibility free energy: 441.05
Gaussian electrostatic free energy: 0
Softcore molecules field coupling energy: 1343.17

Final Gaussian Chains Density Inhomogeneity: 0.0373668

Iteration report, DDFT Molecular Diffusion
Number of solves: 10000
Number of function calls: 56374
Average number of iterations: 4.6374 (min 4, max 7)
Average end norm: 6.81385e-05 (min 4.15949e-05, max 9.99964e-05)


Final Explicit Charge: 0

Time used by 10000 calculation steps on 4 processors: 0 Hours 4 Minutes 1 Seconds.

@CulgiVersion: 5.0.1
MBF-Hybrid Simulation of box
Job Start time: Sun Oct 16 21:43:03 2011
----------------------------------------------------------------------------

Simulation Parameters:
----------------------

Field Diffusion: on
Bead Diffusion: on
Temperature: 0.1
Bead Diffusion frequency: 1
Field Diffusion frequency: 1
Time step: 0.01

DDFT Engine parameters: 
Field diffusion Method: EntropyFieldDynamics
Kappa: 15
Reference density: 1

NLESolverEngine parameters, DDFT Molecular Diffusion
Strict tolerance: On
Direction optimization Method: SteepestDescent
Starting Alpha: 0.5
Reset Alpha: On
Tolerance: 0.0001
Maximum Iterations: 25000
Maximum Line Iterations: 5

Gaussian chain interaction parameters:
---------------------------------------

Bead parameters:
Type  Volume  Diffusion  Viscosity  Expansion  ExtFieldConst  ChargeType  Charge  pK   Dielec  ImplIonInter  
A     1       1          1          0.1        1              Strong      0       N/A  1       0             
B     1       1          1          0.1        1              Strong      0       N/A  1       0             

Binary interaction parameters:
Type1  Type2  Chi       ChiL  
A      B      0.333333  0     

Soft core model interaction parameters:
---------------------------------------

Bead parameters:
Type  Mass  BondValence  Diffusion  Sigma  ExtFieldConst  ChargeType  Charge  pK   Dielec  ImplIonInter  
P     1     2            0.1        0.8    1              Strong      0       N/A  1       0             

Pair interaction parameters:
Type1  Type2  A   
P      P      25  

Mesoscopic bead-field hybrid interaction parameters:
----------------------------------------------------

Bead-Field coupling parameters:
Bead  Field  parameter  
P     A      6          
P     B      12         

System Details:
---------------

Box: 64 X 64 X 1
GAUSSIANCHAIN: bcp (A20B16):  (Average number density: 0.90625)
Overall gaussian beads number density: 0.90625
SOFTCOREMOLECULE: np: 1024 (Bead fraction: 0.216216)
Overall Soft-core bead number density: 0.25

Initial Gaussian Chains Density Inhomogeneity: 0.0373668

Initial Explicit Charge: 0

Initial Energies:
Softcore molecules bond stretching energy: 0
Softcore molecules angle bending energy: 0
Softcore molecules torsional energy: 0
Softcore molecules non-bonded energy: 5.53775
Softcore molecules electrostatics energy: 0
Softcore molecules external potential energy: 0
Softcore molecules Potential energy: 7541.59
Gaussian total free energy: 240.76
Gaussian ideal free energy: -478.182
Gaussian contact free energy: 277.893
Gaussian compressibility free energy: 441.05
Gaussian electrostatic free energy: 0
Softcore molecules field coupling energy: 7536.06

Average Energies:
Softcore molecules bond stretching energy: 0
Softcore molecules angle bending energy: 0
Softcore molecules torsional energy: 0
Softcore molecules non-bonded energy: 103.587
Softcore molecules electrostatics energy: 0
Softcore molecules external potential energy: 0
Softcore molecules Potential energy: 4019.38
Gaussian total free energy: 986.617
Gaussian ideal free energy: -292.381
Gaussian contact free energy: 175.468
Gaussian compressibility free energy: 1103.53
Gaussian electrostatic free energy: 0
Softcore molecules field coupling energy: 3915.79

Average Explicit Charge: 0

Average Gaussian Chains Density Inhomogeneity: 0.306657

Final Energies:
Softcore molecules bond stretching energy: 0
Softcore molecules angle bending energy: 0
Softcore molecules torsional energy: 0
Softcore molecules non-bonded energy: 104.106
Softcore molecules electrostatics energy: 0
Softcore molecules external potential energy: 0
Softcore molecules Potential energy: 3961.93
Gaussian total free energy: 1007.21
Gaussian ideal free energy: -301.66
Gaussian contact free energy: 179.268
Gaussian compressibility free energy: 1129.6
Gaussian electrostatic free energy: 0
Softcore molecules field coupling energy: 3857.82

Final Gaussian Chains Density Inhomogeneity: 0.301326

Iteration report, DDFT Molecular Diffusion
Number of solves: 1100000
Number of function calls: 9979844
Average number of iterations: 8.07259 (min 8, max 10)
Average end norm: 8.13308e-05 (min 4.81942e-05, max 0.0001)


Final Explicit Charge: 0

Time used by 1100000 calculation steps on 4 processors: 13 Hours 45 Minutes 32 Seconds.

