@CulgiVersion: 6.0.0
MBF-Hybrid Simulation of box
Job Start time: Wed May 16 17:34:28 2012
----------------------------------------------------------------------------

Simulation Parameters:
----------------------

Field Diffusion: off
Bead Diffusion: on
Temperature: 0.01
Bead Diffusion frequency: 1
Time step: 0.01

Soft core model interaction parameters:
---------------------------------------

Bead parameters:
Type  Mass  BondValence  Diffusion  Sigma  ExtFieldConst  ChargeType  Charge  pK   Dielec  ImplIonInter  
C     1     2            0.04       0.8    1              Strong      0       N/A  1       0             
S     1     2            0.04       0.8    1              Strong      0       N/A  1       0             

Pair interaction parameters:
Type1  Type2  A   
C      C      10  
C      S      10  
S      S      10  

Mesoscopic bead-field hybrid interaction parameters:
----------------------------------------------------

Bead-Field coupling parameters:
Bead  Field  parameter  
C     A      0          
C     B      0          
S     A      0          
S     B      0          

System Details:
---------------

Box: 64 X 64 X 1
GAUSSIANCHAIN: bcp (A20B16):  (Average number density: 0.835937)
Overall gaussian beads number density: 0.835937
SOFTCORECOLLOID: np: 256 (Bead fraction: 0.402235)
Overall Soft-core bead number density: 0.5625


Initial Explicit Charge: 0

Initial Energies:
Softcore molecules bond stretching energy: 0
Softcore molecules angle bending energy: 0
Softcore molecules torsional energy: 0
Softcore molecules non-bonded energy: 1371.78
Softcore molecules electrostatics energy: 0
Softcore molecules external potential energy: 0
Softcore molecules Potential energy: 1371.78
Softcore molecules field coupling energy: 0

Average Energies:
Softcore molecules bond stretching energy: 0
Softcore molecules angle bending energy: 0
Softcore molecules torsional energy: 0
Softcore molecules non-bonded energy: 27.7621
Softcore molecules electrostatics energy: 0
Softcore molecules external potential energy: 0
Softcore molecules Potential energy: 27.7621
Softcore molecules field coupling energy: 0

Average Explicit Charge: 0

Final Energies:
Softcore molecules bond stretching energy: 0
Softcore molecules angle bending energy: 0
Softcore molecules torsional energy: 0
Softcore molecules non-bonded energy: 0.224116
Softcore molecules electrostatics energy: 0
Softcore molecules external potential energy: 0
Softcore molecules Potential energy: 0.224116
Softcore molecules field coupling energy: 0

Final Explicit Charge: 0

Time used by 100000 calculation steps on 1 processors: 0 Hours 2 Minutes 34 Seconds.

@CulgiVersion: 6.0.0
MBF-Hybrid Simulation of box
Job Start time: Wed May 16 17:37:02 2012
----------------------------------------------------------------------------

Simulation Parameters:
----------------------

Field Diffusion: on
Bead Diffusion: off
Field Diffusion frequency: 1
Time step: 0.01

DDFT Engine parameters: 
Field diffusion Method: EntropyFieldDynamics
Kappa: 15
Reference density: 1

NLESolverEngine parameters, DDFT Molecular Diffusion
Strict tolerance: On
Direction optimization Method: SteepestDescent
Starting Alpha: 0.5
Reset Alpha: On
Tolerance: 0.0001
Maximum Iterations: 25000
Maximum Line Iterations: 5

Gaussian chain interaction parameters:
---------------------------------------

Bead parameters:
Type  Volume  Diffusion  Viscosity  Expansion  ExtFieldConst  ChargeType  Charge  pK   Dielec  ImplIonInter  
A     1       1          1          0.1        1              Strong      0       N/A  1       0             
B     1       1          1          0.1        1              Strong      0       N/A  1       0             

Binary interaction parameters:
Type1  Type2  Chi  ChiL  
A      B      0    0     

Mesoscopic bead-field hybrid interaction parameters:
----------------------------------------------------

Bead-Field coupling parameters:
Bead  Field  parameter  
C     A      10         
C     B      10         
S     A      4          
S     B      4          

System Details:
---------------

Box: 64 X 64 X 1
GAUSSIANCHAIN: bcp (A20B16):  (Average number density: 0.835937)
Overall gaussian beads number density: 0.835937
SOFTCORECOLLOID: np: 256 (Bead fraction: 0.402235)
Overall Soft-core bead number density: 0.5625


Initial Gaussian Chains Density Inhomogeneity: 3.3612e-14

Initial Explicit Charge: 0

Initial Energies:
Gaussian total free energy: 373.887
Gaussian ideal free energy: -452.988
Gaussian contact free energy: 0
Gaussian compressibility free energy: 826.875
Gaussian electrostatic free energy: 0
Softcore molecules field coupling energy: 8988

Average Energies:
Gaussian total free energy: 1671.79
Gaussian ideal free energy: -423.784
Gaussian contact free energy: 0
Gaussian compressibility free energy: 2095.57
Gaussian electrostatic free energy: 0
Softcore molecules field coupling energy: 6381.86

Average Explicit Charge: 0

Average Gaussian Chains Density Inhomogeneity: 0.101627

Final Energies:
Gaussian total free energy: 1672.54
Gaussian ideal free energy: -423.775
Gaussian contact free energy: 0
Gaussian compressibility free energy: 2096.31
Gaussian electrostatic free energy: 0
Softcore molecules field coupling energy: 6380.62

Final Gaussian Chains Density Inhomogeneity: 0.101661

Iteration report, DDFT Molecular Diffusion
Number of solves: 10000
Number of function calls: 56881
Average number of iterations: 4.6881 (min 4, max 8)
Average end norm: 6.60754e-05 (min 4.66791e-05, max 9.9999e-05)


Final Explicit Charge: 0

Time used by 10000 calculation steps on 1 processors: 0 Hours 14 Minutes 4 Seconds.

@CulgiVersion: 6.0.0
MBF-Hybrid Simulation of box
Job Start time: Wed May 16 17:51:06 2012
----------------------------------------------------------------------------

Simulation Parameters:
----------------------

Field Diffusion: on
Bead Diffusion: on
Temperature: 0.01
Bead Diffusion frequency: 1
Field Diffusion frequency: 1
Time step: 0.01

DDFT Engine parameters: 
Field diffusion Method: EntropyFieldDynamics
Kappa: 15
Reference density: 1

NLESolverEngine parameters, DDFT Molecular Diffusion
Strict tolerance: On
Direction optimization Method: SteepestDescent
Starting Alpha: 0.5
Reset Alpha: On
Tolerance: 0.0001
Maximum Iterations: 25000
Maximum Line Iterations: 5

Gaussian chain interaction parameters:
---------------------------------------

Bead parameters:
Type  Volume  Diffusion  Viscosity  Expansion  ExtFieldConst  ChargeType  Charge  pK   Dielec  ImplIonInter  
A     1       1          1          0.1        1              Strong      0       N/A  1       0             
B     1       1          1          0.1        1              Strong      0       N/A  1       0             

Binary interaction parameters:
Type1  Type2  Chi       ChiL  
A      B      0.666667  0     

Soft core model interaction parameters:
---------------------------------------

Bead parameters:
Type  Mass  BondValence  Diffusion  Sigma  ExtFieldConst  ChargeType  Charge  pK   Dielec  ImplIonInter  
C     1     2            0.04       0.8    1              Strong      0       N/A  1       0             
S     1     2            0.04       0.8    1              Strong      0       N/A  1       0             

Pair interaction parameters:
Type1  Type2  A   
C      C      10  
C      S      10  
S      S      10  

Mesoscopic bead-field hybrid interaction parameters:
----------------------------------------------------

Bead-Field coupling parameters:
Bead  Field  parameter  
C     A      10         
C     B      10         
S     A      4          
S     B      8          

System Details:
---------------

Box: 64 X 64 X 1
GAUSSIANCHAIN: bcp (A20B16):  (Average number density: 0.835938)
Overall gaussian beads number density: 0.835938
SOFTCORECOLLOID: np: 256 (Bead fraction: 0.402235)
Overall Soft-core bead number density: 0.5625


Initial Gaussian Chains Density Inhomogeneity: 0.101661

Initial Explicit Charge: 0

Initial Energies:
Softcore molecules bond stretching energy: 0
Softcore molecules angle bending energy: 0
Softcore molecules torsional energy: 0
Softcore molecules non-bonded energy: 0.224116
Softcore molecules electrostatics energy: 0
Softcore molecules external potential energy: 0
Softcore molecules Potential energy: 8647.51
Gaussian total free energy: 2163.01
Gaussian ideal free energy: -423.775
Gaussian contact free energy: 490.468
Gaussian compressibility free energy: 2096.31
Gaussian electrostatic free energy: 0
Softcore molecules field coupling energy: 8647.29

Average Energies:
Softcore molecules bond stretching energy: 0
Softcore molecules angle bending energy: 0
Softcore molecules torsional energy: 0
Softcore molecules non-bonded energy: 82.7983
Softcore molecules electrostatics energy: 0
Softcore molecules external potential energy: 0
Softcore molecules Potential energy: 6053.43
Gaussian total free energy: 2498.41
Gaussian ideal free energy: -79.205
Gaussian contact free energy: 211.482
Gaussian compressibility free energy: 2366.13
Gaussian electrostatic free energy: 0
Softcore molecules field coupling energy: 5970.63

Average Explicit Charge: 0

Average Gaussian Chains Density Inhomogeneity: 0.367445

Final Energies:
Softcore molecules bond stretching energy: 0
Softcore molecules angle bending energy: 0
Softcore molecules torsional energy: 0
Softcore molecules non-bonded energy: 106.939
Softcore molecules electrostatics energy: 0
Softcore molecules external potential energy: 0
Softcore molecules Potential energy: 5884.13
Gaussian total free energy: 2537.56
Gaussian ideal free energy: -104.344
Gaussian contact free energy: 205.424
Gaussian compressibility free energy: 2436.48
Gaussian electrostatic free energy: 0
Softcore molecules field coupling energy: 5777.19

Final Gaussian Chains Density Inhomogeneity: 0.369496

Iteration report, DDFT Molecular Diffusion
Number of solves: 110000
Number of function calls: 669832
Average number of iterations: 5.08938 (min 5, max 10)
Average end norm: 8.37053e-05 (min 4.58123e-05, max 9.99983e-05)


Final Explicit Charge: 0

Plugins and corresponding results from this calculation:----------

Archive Plugin:
Archive mode: Text
Archive file name: tt1100_ts0.01_np8.csa
Archive frequency: 100

Instant results Plugin:
Instant results file name: tt1100_ts0.01_np8_Inst.ctf
Instant results frequency: 10

Time used by 110000 calculation steps on 1 processors: 2 Hours 56 Minutes 32 Seconds.

