@CulgiVersion: 6.0.0
MBF-Hybrid Simulation of box
Job Start time: Wed May 16 00:13:03 2012
----------------------------------------------------------------------------

Simulation Parameters:
----------------------

Field Diffusion: off
Bead Diffusion: on
Temperature: 0.5
Bead Diffusion frequency: 1
Time step: 0.01

Soft core model interaction parameters:
---------------------------------------

Bead parameters:
Type  Mass  BondValence  Diffusion  Sigma  ExtFieldConst  ChargeType  Charge  pK   Dielec  ImplIonInter  
C     1     2            0.04       0.8    1              Strong      0       N/A  1       0             
S     1     2            0.04       0.8    1              Strong      0       N/A  1       0             

Pair interaction parameters:
Type1  Type2  A   
C      C      10  
C      S      10  
S      S      10  

Mesoscopic bead-field hybrid interaction parameters:
----------------------------------------------------

Bead-Field coupling parameters:
Bead  Field  parameter  
C     A      0          
C     B      0          
S     A      0          
S     B      0          

System Details:
---------------

Box: 64 X 64 X 1
GAUSSIANCHAIN: bcp (A30B20):  (Average number density: 0.859375)
Overall gaussian beads number density: 0.859375
SOFTCORECOLLOID: np: 256 (Bead fraction: 0.395604)
Overall Soft-core bead number density: 0.5625


Initial Explicit Charge: 0

Initial Energies:
Softcore molecules bond stretching energy: 0
Softcore molecules angle bending energy: 0
Softcore molecules torsional energy: 0
Softcore molecules non-bonded energy: 1524.45
Softcore molecules electrostatics energy: 0
Softcore molecules external potential energy: 0
Softcore molecules Potential energy: 1524.45
Softcore molecules field coupling energy: 0

Average Energies:
Softcore molecules bond stretching energy: 0
Softcore molecules angle bending energy: 0
Softcore molecules torsional energy: 0
Softcore molecules non-bonded energy: 9.60579
Softcore molecules electrostatics energy: 0
Softcore molecules external potential energy: 0
Softcore molecules Potential energy: 9.60579
Softcore molecules field coupling energy: 0

Average Explicit Charge: 0

Final Energies:
Softcore molecules bond stretching energy: 0
Softcore molecules angle bending energy: 0
Softcore molecules torsional energy: 0
Softcore molecules non-bonded energy: 3.53804
Softcore molecules electrostatics energy: 0
Softcore molecules external potential energy: 0
Softcore molecules Potential energy: 3.53804
Softcore molecules field coupling energy: 0

Final Explicit Charge: 0

Time used by 100000 calculation steps on 1 processors: 0 Hours 2 Minutes 24 Seconds.

@CulgiVersion: 6.0.0
MBF-Hybrid Simulation of box
Job Start time: Wed May 16 00:15:27 2012
----------------------------------------------------------------------------

Simulation Parameters:
----------------------

Field Diffusion: on
Bead Diffusion: off
Field Diffusion frequency: 1
Time step: 0.01

DDFT Engine parameters: 
Field diffusion Method: EntropyFieldDynamics
Kappa: 15
Reference density: 1

NLESolverEngine parameters, DDFT Molecular Diffusion
Strict tolerance: On
Direction optimization Method: SteepestDescent
Starting Alpha: 0.5
Reset Alpha: On
Tolerance: 0.0001
Maximum Iterations: 25000
Maximum Line Iterations: 5

Gaussian chain interaction parameters:
---------------------------------------

Bead parameters:
Type  Volume  Diffusion  Viscosity  Expansion  ExtFieldConst  ChargeType  Charge  pK   Dielec  ImplIonInter  
A     1       1          1          0.01       1              Strong      0       N/A  1       0             
B     1       1          1          0.01       1              Strong      0       N/A  1       0             

Binary interaction parameters:
Type1  Type2  Chi  ChiL  
A      B      0    0     

Mesoscopic bead-field hybrid interaction parameters:
----------------------------------------------------

Bead-Field coupling parameters:
Bead  Field  parameter  
C     A      4          
C     B      4          
S     A      4          
S     B      4          

System Details:
---------------

Box: 64 X 64 X 1
GAUSSIANCHAIN: bcp (A30B20):  (Average number density: 0.859375)
Overall gaussian beads number density: 0.859375
SOFTCORECOLLOID: np: 256 (Bead fraction: 0.395604)
Overall Soft-core bead number density: 0.5625


Initial Gaussian Chains Density Inhomogeneity: 0

Initial Explicit Charge: 0

Initial Energies:
Gaussian total free energy: 251.024
Gaussian ideal free energy: -356.476
Gaussian contact free energy: 0
Gaussian compressibility free energy: 607.5
Gaussian electrostatic free energy: 0
Softcore molecules field coupling energy: 7920

Average Energies:
Gaussian total free energy: 1894.75
Gaussian ideal free energy: -299.074
Gaussian contact free energy: 0
Gaussian compressibility free energy: 2193.82
Gaussian electrostatic free energy: 0
Softcore molecules field coupling energy: 4587.43

Average Explicit Charge: 0

Average Gaussian Chains Density Inhomogeneity: 0.113621

Final Energies:
Gaussian total free energy: 1895.8
Gaussian ideal free energy: -299.039
Gaussian contact free energy: 0
Gaussian compressibility free energy: 2194.84
Gaussian electrostatic free energy: 0
Softcore molecules field coupling energy: 4585.64

Final Gaussian Chains Density Inhomogeneity: 0.113662

Iteration report, DDFT Molecular Diffusion
Number of solves: 10000
Number of function calls: 23569
Average number of iterations: 1.3569 (min 1, max 10)
Average end norm: 8.12474e-05 (min 4.14129e-05, max 9.99983e-05)


Final Explicit Charge: 0

Time used by 10000 calculation steps on 1 processors: 0 Hours 8 Minutes 53 Seconds.

@CulgiVersion: 6.0.0
MBF-Hybrid Simulation of box
Job Start time: Wed May 16 00:24:20 2012
----------------------------------------------------------------------------

Simulation Parameters:
----------------------

Field Diffusion: on
Bead Diffusion: on
Temperature: 0.5
Bead Diffusion frequency: 1
Field Diffusion frequency: 1
Time step: 0.01

DDFT Engine parameters: 
Field diffusion Method: EntropyFieldDynamics
Kappa: 15
Reference density: 1

NLESolverEngine parameters, DDFT Molecular Diffusion
Strict tolerance: On
Direction optimization Method: SteepestDescent
Starting Alpha: 0.5
Reset Alpha: On
Tolerance: 0.0001
Maximum Iterations: 25000
Maximum Line Iterations: 5

Gaussian chain interaction parameters:
---------------------------------------

Bead parameters:
Type  Volume  Diffusion  Viscosity  Expansion  ExtFieldConst  ChargeType  Charge  pK   Dielec  ImplIonInter  
A     1       1          1          0.01       1              Strong      0       N/A  1       0             
B     1       1          1          0.01       1              Strong      0       N/A  1       0             

Binary interaction parameters:
Type1  Type2  Chi   ChiL  
A      B      0.48  0     

Soft core model interaction parameters:
---------------------------------------

Bead parameters:
Type  Mass  BondValence  Diffusion  Sigma  ExtFieldConst  ChargeType  Charge  pK   Dielec  ImplIonInter  
C     1     2            0.04       0.8    1              Strong      0       N/A  1       0             
S     1     2            0.04       0.8    1              Strong      0       N/A  1       0             

Pair interaction parameters:
Type1  Type2  A   
C      C      10  
C      S      10  
S      S      10  

Mesoscopic bead-field hybrid interaction parameters:
----------------------------------------------------

Bead-Field coupling parameters:
Bead  Field  parameter  
C     A      4          
C     B      8          
S     A      4          
S     B      8          

System Details:
---------------

Box: 64 X 64 X 1
GAUSSIANCHAIN: bcp (A30B20):  (Average number density: 0.859375)
Overall gaussian beads number density: 0.859375
SOFTCORECOLLOID: np: 256 (Bead fraction: 0.395604)
Overall Soft-core bead number density: 0.5625


Initial Gaussian Chains Density Inhomogeneity: 0.113662

Initial Explicit Charge: 0

Initial Energies:
Softcore molecules bond stretching energy: 0
Softcore molecules angle bending energy: 0
Softcore molecules torsional energy: 0
Softcore molecules non-bonded energy: 3.53804
Softcore molecules electrostatics energy: 0
Softcore molecules external potential energy: 0
Softcore molecules Potential energy: 6434.05
Gaussian total free energy: 2258.71
Gaussian ideal free energy: -299.039
Gaussian contact free energy: 362.912
Gaussian compressibility free energy: 2194.84
Gaussian electrostatic free energy: 0
Softcore molecules field coupling energy: 6430.52

Average Energies:
Softcore molecules bond stretching energy: 0
Softcore molecules angle bending energy: 0
Softcore molecules torsional energy: 0
Softcore molecules non-bonded energy: 104.208
Softcore molecules electrostatics energy: 0
Softcore molecules external potential energy: 0
Softcore molecules Potential energy: 3862.7
Gaussian total free energy: 2708.46
Gaussian ideal free energy: -55.6121
Gaussian contact free energy: 169.839
Gaussian compressibility free energy: 2594.24
Gaussian electrostatic free energy: 0
Softcore molecules field coupling energy: 3758.5

Average Explicit Charge: 0

Average Gaussian Chains Density Inhomogeneity: 0.368586

Final Energies:
Softcore molecules bond stretching energy: 0
Softcore molecules angle bending energy: 0
Softcore molecules torsional energy: 0
Softcore molecules non-bonded energy: 143.698
Softcore molecules electrostatics energy: 0
Softcore molecules external potential energy: 0
Softcore molecules Potential energy: 3544.97
Gaussian total free energy: 2837.93
Gaussian ideal free energy: -77.084
Gaussian contact free energy: 174.057
Gaussian compressibility free energy: 2740.95
Gaussian electrostatic free energy: 0
Softcore molecules field coupling energy: 3401.27

Final Gaussian Chains Density Inhomogeneity: 0.367535

Iteration report, DDFT Molecular Diffusion
Number of solves: 110000
Number of function calls: 1025920
Average number of iterations: 8.32655 (min 7, max 19)
Average end norm: 7.43878e-05 (min 4.85322e-05, max 9.99999e-05)


Final Explicit Charge: 0

Plugins and corresponding results from this calculation:----------

Archive Plugin:
Archive mode: Text
Archive file name: tt1100_ts0.01.csa
Archive frequency: 100

Instant results Plugin:
Instant results file name: tt1100_ts0.01_Inst.ctf
Instant results frequency: 10

Time used by 110000 calculation steps on 1 processors: 5 Hours 46 Minutes 4 Seconds.

