@CulgiVersion: 5.0.1
MBF-Hybrid Simulation of box
Job Start time: Wed Feb 15 22:52:12 2012
----------------------------------------------------------------------------

Simulation Parameters:
----------------------

Field Diffusion: off
Bead Diffusion: on
Temperature: 0.2
Bead Diffusion frequency: 1
Time step: 0.01

Soft core model interaction parameters:
---------------------------------------

Bead parameters:
Type  Mass  BondValence  Diffusion  Sigma  ExtFieldConst  ChargeType  Charge  pK   Dielec  ImplIonInter  
P     1     2            0.0001     0.8    1              Strong      0       N/A  1       0             

Pair interaction parameters:
Type1  Type2  A   
P      P      25  

Mesoscopic bead-field hybrid interaction parameters:
----------------------------------------------------

Bead-Field coupling parameters:
Bead  Field  parameter  
P     A      0          
P     B      0          

System Details:
---------------

Box: 64 X 64 X 1
GAUSSIANCHAIN: bcp (A20B16):  (Average number density: 0.953125)
Overall gaussian beads number density: 0.953125
SOFTCOREMOLECULE: np: 512 (Bead fraction: 0.115942)
Overall Soft-core bead number density: 0.125

Initial Explicit Charge: 0

Initial Energies:
Softcore molecules bond stretching energy: 0
Softcore molecules angle bending energy: 0
Softcore molecules torsional energy: 0
Softcore molecules non-bonded energy: 4.70226
Softcore molecules electrostatics energy: 0
Softcore molecules external potential energy: 0
Softcore molecules Potential energy: 4.70226
Softcore molecules field coupling energy: 0

Average Energies:
Softcore molecules bond stretching energy: 0
Softcore molecules angle bending energy: 0
Softcore molecules torsional energy: 0
Softcore molecules non-bonded energy: 1.21836
Softcore molecules electrostatics energy: 0
Softcore molecules external potential energy: 0
Softcore molecules Potential energy: 1.21836
Softcore molecules field coupling energy: 0

Average Explicit Charge: 0

Final Energies:
Softcore molecules bond stretching energy: 0
Softcore molecules angle bending energy: 0
Softcore molecules torsional energy: 0
Softcore molecules non-bonded energy: 0.498882
Softcore molecules electrostatics energy: 0
Softcore molecules external potential energy: 0
Softcore molecules Potential energy: 0.498882
Softcore molecules field coupling energy: 0

Final Explicit Charge: 0

Time used by 100900 calculation steps on 4 processors: 0 Hours 0 Minutes 25 Seconds.

@CulgiVersion: 5.0.1
MBF-Hybrid Simulation of box
Job Start time: Wed Feb 15 22:52:37 2012
----------------------------------------------------------------------------

Simulation Parameters:
----------------------

Field Diffusion: on
Bead Diffusion: off
Field Diffusion frequency: 1
Time step: 0.01

DDFT Engine parameters: 
Field diffusion Method: EntropyFieldDynamics
Kappa: 15
Reference density: 1

NLESolverEngine parameters, DDFT Molecular Diffusion
Strict tolerance: On
Direction optimization Method: SteepestDescent
Starting Alpha: 0.5
Reset Alpha: On
Tolerance: 0.0001
Maximum Iterations: 25000
Maximum Line Iterations: 5

Gaussian chain interaction parameters:
---------------------------------------

Bead parameters:
Type  Volume  Diffusion  Viscosity  Expansion  ExtFieldConst  ChargeType  Charge  pK   Dielec  ImplIonInter  
A     1       1          1          0.05       1              Strong      0       N/A  1       0             
B     1       1          1          0.05       1              Strong      0       N/A  1       0             

Binary interaction parameters:
Type1  Type2  Chi  ChiL  
A      B      0    0     

Mesoscopic bead-field hybrid interaction parameters:
----------------------------------------------------

Bead-Field coupling parameters:
Bead  Field  parameter  
P     A      6          
P     B      6          

System Details:
---------------

Box: 64 X 64 X 1
GAUSSIANCHAIN: bcp (A20B16):  (Average number density: 0.953125)
Overall gaussian beads number density: 0.953125
SOFTCOREMOLECULE: np: 512 (Bead fraction: 0.115942)
Overall Soft-core bead number density: 0.125

Initial Gaussian Chains Density Inhomogeneity: 1.03806e-14

Initial Explicit Charge: 0

Initial Energies:
Gaussian total free energy: -434.763
Gaussian ideal free energy: -502.263
Gaussian contact free energy: 0
Gaussian compressibility free energy: 67.5
Gaussian electrostatic free energy: 0
Softcore molecules field coupling energy: 726.281

Average Energies:
Gaussian total free energy: -335.029
Gaussian ideal free energy: -499.356
Gaussian contact free energy: 0
Gaussian compressibility free energy: 164.327
Gaussian electrostatic free energy: 0
Softcore molecules field coupling energy: 678.227

Average Explicit Charge: 0

Average Gaussian Chains Density Inhomogeneity: 0.028091

Final Energies:
Gaussian total free energy: -334.967
Gaussian ideal free energy: -499.354
Gaussian contact free energy: 0
Gaussian compressibility free energy: 164.388
Gaussian electrostatic free energy: 0
Softcore molecules field coupling energy: 678.206

Final Gaussian Chains Density Inhomogeneity: 0.0281006

Iteration report, DDFT Molecular Diffusion
Number of solves: 10000
Number of function calls: 48087
Average number of iterations: 3.8087 (min 3, max 6)
Average end norm: 6.08296e-05 (min 4.02347e-05, max 9.99991e-05)


Final Explicit Charge: 0

Time used by 10000 calculation steps on 4 processors: 0 Hours 3 Minutes 21 Seconds.

@CulgiVersion: 5.0.1
MBF-Hybrid Simulation of box
Job Start time: Wed Feb 15 22:55:58 2012
----------------------------------------------------------------------------

Simulation Parameters:
----------------------

Field Diffusion: on
Bead Diffusion: on
Temperature: 0.2
Bead Diffusion frequency: 1
Field Diffusion frequency: 1
Time step: 0.01

DDFT Engine parameters: 
Field diffusion Method: EntropyFieldDynamics
Kappa: 15
Reference density: 1

NLESolverEngine parameters, DDFT Molecular Diffusion
Strict tolerance: On
Direction optimization Method: SteepestDescent
Starting Alpha: 0.5
Reset Alpha: On
Tolerance: 0.0001
Maximum Iterations: 25000
Maximum Line Iterations: 5

Gaussian chain interaction parameters:
---------------------------------------

Bead parameters:
Type  Volume  Diffusion  Viscosity  Expansion  ExtFieldConst  ChargeType  Charge  pK   Dielec  ImplIonInter  
A     1       1          1          0.05       1              Strong      0       N/A  1       0             
B     1       1          1          0.05       1              Strong      0       N/A  1       0             

Binary interaction parameters:
Type1  Type2  Chi       ChiL  
A      B      0.666667  0     

Soft core model interaction parameters:
---------------------------------------

Bead parameters:
Type  Mass  BondValence  Diffusion  Sigma  ExtFieldConst  ChargeType  Charge  pK   Dielec  ImplIonInter  
P     1     2            0.0001     0.8    1              Strong      0       N/A  1       0             

Pair interaction parameters:
Type1  Type2  A   
P      P      25  

Mesoscopic bead-field hybrid interaction parameters:
----------------------------------------------------

Bead-Field coupling parameters:
Bead  Field  parameter  
P     A      6          
P     B      12         

System Details:
---------------

Box: 64 X 64 X 1
GAUSSIANCHAIN: bcp (A20B16):  (Average number density: 0.953125)
Overall gaussian beads number density: 0.953125
SOFTCOREMOLECULE: np: 512 (Bead fraction: 0.115942)
Overall Soft-core bead number density: 0.125

Initial Gaussian Chains Density Inhomogeneity: 0.0281006

Initial Explicit Charge: 0

Initial Energies:
Softcore molecules bond stretching energy: 0
Softcore molecules angle bending energy: 0
Softcore molecules torsional energy: 0
Softcore molecules non-bonded energy: 0.498882
Softcore molecules electrostatics energy: 0
Softcore molecules external potential energy: 0
Softcore molecules Potential energy: 3941.92
Gaussian total free energy: 278.544
Gaussian ideal free energy: -499.354
Gaussian contact free energy: 613.511
Gaussian compressibility free energy: 164.388
Gaussian electrostatic free energy: 0
Softcore molecules field coupling energy: 3941.42

Average Energies:
Softcore molecules bond stretching energy: 0
Softcore molecules angle bending energy: 0
Softcore molecules torsional energy: 0
Softcore molecules non-bonded energy: 8.14567
Softcore molecules electrostatics energy: 0
Softcore molecules external potential energy: 0
Softcore molecules Potential energy: 2808.13
Gaussian total free energy: 399.592
Gaussian ideal free energy: -133.103
Gaussian contact free energy: 306.34
Gaussian compressibility free energy: 226.356
Gaussian electrostatic free energy: 0
Softcore molecules field coupling energy: 2799.98

Average Explicit Charge: 0

Average Gaussian Chains Density Inhomogeneity: 0.377711

Final Energies:
Softcore molecules bond stretching energy: 0
Softcore molecules angle bending energy: 0
Softcore molecules torsional energy: 0
Softcore molecules non-bonded energy: 11.1134
Softcore molecules electrostatics energy: 0
Softcore molecules external potential energy: 0
Softcore molecules Potential energy: 2709.72
Gaussian total free energy: 376.935
Gaussian ideal free energy: -148.905
Gaussian contact free energy: 286.951
Gaussian compressibility free energy: 238.889
Gaussian electrostatic free energy: 0
Softcore molecules field coupling energy: 2698.6

Final Gaussian Chains Density Inhomogeneity: 0.382932

Iteration report, DDFT Molecular Diffusion
Number of solves: 1100000
Number of function calls: 6315114
Average number of iterations: 4.74101 (min 4, max 10)
Average end norm: 6.90161e-05 (min 4.5247e-05, max 0.0001)


Final Explicit Charge: 0

Time used by 1100000 calculation steps on 4 processors: 8 Hours 21 Minutes 10 Seconds.

