@CulgiVersion: 6.0.0
MBF-Hybrid Simulation of box
Job Start time: Wed May  9 12:14:12 2012
----------------------------------------------------------------------------

Simulation Parameters:
----------------------

Field Diffusion: off
Bead Diffusion: on
Temperature: 0.1
Bead Diffusion frequency: 1
Time step: 0.01

Soft core model interaction parameters:
---------------------------------------

Bead parameters:
Type  Mass  BondValence  Diffusion  Sigma  ExtFieldConst  ChargeType  Charge  pK   Dielec  ImplIonInter  
C     1     2            0.04       0.8    1              Strong      0       N/A  1       0             
S     1     2            0.04       0.8    1              Strong      0       N/A  1       0             

Pair interaction parameters:
Type1  Type2  A   
C      C      10  
C      S      10  
S      S      10  

Mesoscopic bead-field hybrid interaction parameters:
----------------------------------------------------

Bead-Field coupling parameters:
Bead  Field  parameter  
C     A      0          
C     B      0          
S     A      0          
S     B      0          

System Details:
---------------

Box: 64 X 64 X 1
GAUSSIANCHAIN: bcp (A20B16):  (Average number density: 0.71875)
Overall gaussian beads number density: 0.71875
SOFTCORECOLLOID: np: 512 (Bead fraction: 0.610169)
Overall Soft-core bead number density: 1.125


Initial Explicit Charge: 0

Initial Energies:
Softcore molecules bond stretching energy: 0
Softcore molecules angle bending energy: 0
Softcore molecules torsional energy: 0
Softcore molecules non-bonded energy: 127.755
Softcore molecules electrostatics energy: 0
Softcore molecules external potential energy: 0
Softcore molecules Potential energy: 127.755
Softcore molecules field coupling energy: 0

Average Energies:
Softcore molecules bond stretching energy: 0
Softcore molecules angle bending energy: 0
Softcore molecules torsional energy: 0
Softcore molecules non-bonded energy: 125.151
Softcore molecules electrostatics energy: 0
Softcore molecules external potential energy: 0
Softcore molecules Potential energy: 125.151
Softcore molecules field coupling energy: 0

Average Explicit Charge: 0

Final Energies:
Softcore molecules bond stretching energy: 0
Softcore molecules angle bending energy: 0
Softcore molecules torsional energy: 0
Softcore molecules non-bonded energy: 121.858
Softcore molecules electrostatics energy: 0
Softcore molecules external potential energy: 0
Softcore molecules Potential energy: 121.858
Softcore molecules field coupling energy: 0

Final Explicit Charge: 0

Time used by 100 calculation steps on 1 processors: 0 Hours 0 Minutes 1 Seconds.

@CulgiVersion: 6.0.0
MBF-Hybrid Simulation of box
Job Start time: Wed May  9 12:14:13 2012
----------------------------------------------------------------------------

Simulation Parameters:
----------------------

Field Diffusion: on
Bead Diffusion: off
Field Diffusion frequency: 1
Time step: 0.01

DDFT Engine parameters: 
Field diffusion Method: EntropyFieldDynamics
Kappa: 15
Reference density: 1

NLESolverEngine parameters, DDFT Molecular Diffusion
Strict tolerance: On
Direction optimization Method: SteepestDescent
Starting Alpha: 0.5
Reset Alpha: On
Tolerance: 0.0001
Maximum Iterations: 25000
Maximum Line Iterations: 5

Gaussian chain interaction parameters:
---------------------------------------

Bead parameters:
Type  Volume  Diffusion  Viscosity  Expansion  ExtFieldConst  ChargeType  Charge  pK   Dielec  ImplIonInter  
A     1       1          1          0.01       1              Strong      0       N/A  1       0             
B     1       1          1          0.01       1              Strong      0       N/A  1       0             

Binary interaction parameters:
Type1  Type2  Chi  ChiL  
A      B      0    0     

Mesoscopic bead-field hybrid interaction parameters:
----------------------------------------------------

Bead-Field coupling parameters:
Bead  Field  parameter  
C     A      4          
C     B      4          
S     A      4          
S     B      4          

System Details:
---------------

Box: 64 X 64 X 1
GAUSSIANCHAIN: bcp (A20B16):  (Average number density: 0.71875)
Overall gaussian beads number density: 0.71875
SOFTCORECOLLOID: np: 512 (Bead fraction: 0.610169)
Overall Soft-core bead number density: 1.125


Initial Gaussian Chains Density Inhomogeneity: 2.22045e-14

Initial Explicit Charge: 0

Initial Energies:
Gaussian total free energy: 2028.16
Gaussian ideal free energy: -401.836
Gaussian contact free energy: 0
Gaussian compressibility free energy: 2430
Gaussian electrostatic free energy: 0
Softcore molecules field coupling energy: 13248

Average Energies:
Gaussian total free energy: 4348.18
Gaussian ideal free energy: -302.652
Gaussian contact free energy: 0
Gaussian compressibility free energy: 4650.83
Gaussian electrostatic free energy: 0
Softcore molecules field coupling energy: 8542.69

Average Explicit Charge: 0

Average Gaussian Chains Density Inhomogeneity: 0.134432

Final Energies:
Gaussian total free energy: 4349.46
Gaussian ideal free energy: -302.598
Gaussian contact free energy: 0
Gaussian compressibility free energy: 4652.06
Gaussian electrostatic free energy: 0
Softcore molecules field coupling energy: 8540.44

Final Gaussian Chains Density Inhomogeneity: 0.134476

Iteration report, DDFT Molecular Diffusion
Number of solves: 10000
Number of function calls: 24583
Average number of iterations: 1.4583 (min 1, max 11)
Average end norm: 8.29763e-05 (min 4.0932e-05, max 9.99955e-05)


Final Explicit Charge: 0

Time used by 10000 calculation steps on 1 processors: 0 Hours 8 Minutes 21 Seconds.

@CulgiVersion: 6.0.0
MBF-Hybrid Simulation of box
Job Start time: Wed May  9 12:22:34 2012
----------------------------------------------------------------------------

Simulation Parameters:
----------------------

Field Diffusion: on
Bead Diffusion: on
Temperature: 0.1
Bead Diffusion frequency: 1
Field Diffusion frequency: 1
Time step: 0.01

DDFT Engine parameters: 
Field diffusion Method: EntropyFieldDynamics
Kappa: 15
Reference density: 1

NLESolverEngine parameters, DDFT Molecular Diffusion
Strict tolerance: On
Direction optimization Method: SteepestDescent
Starting Alpha: 0.5
Reset Alpha: On
Tolerance: 0.0001
Maximum Iterations: 25000
Maximum Line Iterations: 5

Gaussian chain interaction parameters:
---------------------------------------

Bead parameters:
Type  Volume  Diffusion  Viscosity  Expansion  ExtFieldConst  ChargeType  Charge  pK   Dielec  ImplIonInter  
A     1       1          1          0.01       1              Strong      0       N/A  1       0             
B     1       1          1          0.01       1              Strong      0       N/A  1       0             

Binary interaction parameters:
Type1  Type2  Chi       ChiL  
A      B      0.666667  0     

Soft core model interaction parameters:
---------------------------------------

Bead parameters:
Type  Mass  BondValence  Diffusion  Sigma  ExtFieldConst  ChargeType  Charge  pK   Dielec  ImplIonInter  
C     1     2            0.04       0.8    1              Strong      0       N/A  1       0             
S     1     2            0.04       0.8    1              Strong      0       N/A  1       0             

Pair interaction parameters:
Type1  Type2  A   
C      C      10  
C      S      10  
S      S      10  

Mesoscopic bead-field hybrid interaction parameters:
----------------------------------------------------

Bead-Field coupling parameters:
Bead  Field  parameter  
C     A      4          
C     B      8          
S     A      4          
S     B      8          

System Details:
---------------

Box: 64 X 64 X 1
GAUSSIANCHAIN: bcp (A20B16):  (Average number density: 0.71875)
Overall gaussian beads number density: 0.71875
SOFTCORECOLLOID: np: 512 (Bead fraction: 0.610169)
Overall Soft-core bead number density: 1.125


Initial Gaussian Chains Density Inhomogeneity: 0.134476

Initial Explicit Charge: 0

Initial Energies:
Softcore molecules bond stretching energy: 0
Softcore molecules angle bending energy: 0
Softcore molecules torsional energy: 0
Softcore molecules non-bonded energy: 121.858
Softcore molecules electrostatics energy: 0
Softcore molecules external potential energy: 0
Softcore molecules Potential energy: 12467.9
Gaussian total free energy: 4724.1
Gaussian ideal free energy: -302.598
Gaussian contact free energy: 374.644
Gaussian compressibility free energy: 4652.06
Gaussian electrostatic free energy: 0
Softcore molecules field coupling energy: 12346

Average Energies:
Softcore molecules bond stretching energy: 0
Softcore molecules angle bending energy: 0
Softcore molecules torsional energy: 0
Softcore molecules non-bonded energy: 116.654
Softcore molecules electrostatics energy: 0
Softcore molecules external potential energy: 0
Softcore molecules Potential energy: 7905.08
Gaussian total free energy: 5688.99
Gaussian ideal free energy: 187.607
Gaussian contact free energy: 187.142
Gaussian compressibility free energy: 5314.25
Gaussian electrostatic free energy: 0
Softcore molecules field coupling energy: 7788.43

Average Explicit Charge: 0

Average Gaussian Chains Density Inhomogeneity: 0.358516

Final Energies:
Softcore molecules bond stretching energy: 0
Softcore molecules angle bending energy: 0
Softcore molecules torsional energy: 0
Softcore molecules non-bonded energy: 194.923
Softcore molecules electrostatics energy: 0
Softcore molecules external potential energy: 0
Softcore molecules Potential energy: 7190.1
Gaussian total free energy: 5934.83
Gaussian ideal free energy: 164.369
Gaussian contact free energy: 193.009
Gaussian compressibility free energy: 5577.45
Gaussian electrostatic free energy: 0
Softcore molecules field coupling energy: 6995.17

Final Gaussian Chains Density Inhomogeneity: 0.361224

Iteration report, DDFT Molecular Diffusion
Number of solves: 110000
Number of function calls: 744702
Average number of iterations: 5.77002 (min 5, max 12)
Average end norm: 6.7611e-05 (min 3.79827e-05, max 9.99997e-05)


Final Explicit Charge: 0

Plugins and corresponding results from this calculation:----------

Archive Plugin:
Archive mode: Text
Archive file name: tt1100_ts0.01.csa
Archive frequency: 100

Instant results Plugin:
Instant results file name: tt1100_ts0.01_Inst.ctf
Instant results frequency: 10

Time used by 110000 calculation steps on 1 processors: 3 Hours 41 Minutes 14 Seconds.

