@CulgiVersion: 5.0.1
MBF-Hybrid Simulation of box
Job Start time: Tue Oct 18 10:30:41 2011
----------------------------------------------------------------------------

Simulation Parameters:
----------------------

Field Diffusion: off
Bead Diffusion: on
Temperature: 0.1
Bead Diffusion frequency: 1
Time step: 0.01

Soft core model interaction parameters:
---------------------------------------

Bead parameters:
Type  Mass  BondValence  Diffusion  Sigma  ExtFieldConst  ChargeType  Charge  pK   Dielec  ImplIonInter  
P     1     2            0.01       0.8    1              Strong      0       N/A  1       0             

Pair interaction parameters:
Type1  Type2  A   
P      P      15  

Mesoscopic bead-field hybrid interaction parameters:
----------------------------------------------------

Bead-Field coupling parameters:
Bead  Field  parameter  
P     A      0          
P     B      0          

System Details:
---------------

Box: 64 X 64 X 1
GAUSSIANCHAIN: bcp (A20B16):  (Average number density: 0.90625)
Overall gaussian beads number density: 0.90625
SOFTCOREMOLECULE: np: 1024 (Bead fraction: 0.216216)
Overall Soft-core bead number density: 0.25

Initial Explicit Charge: 0

Initial Energies:
Softcore molecules bond stretching energy: 0
Softcore molecules angle bending energy: 0
Softcore molecules torsional energy: 0
Softcore molecules non-bonded energy: 0.922764
Softcore molecules electrostatics energy: 0
Softcore molecules external potential energy: 0
Softcore molecules Potential energy: 0.922764
Softcore molecules field coupling energy: 0

Average Energies:
Softcore molecules bond stretching energy: 0
Softcore molecules angle bending energy: 0
Softcore molecules torsional energy: 0
Softcore molecules non-bonded energy: 4.00933
Softcore molecules electrostatics energy: 0
Softcore molecules external potential energy: 0
Softcore molecules Potential energy: 4.00933
Softcore molecules field coupling energy: 0

Average Explicit Charge: 0

Final Energies:
Softcore molecules bond stretching energy: 0
Softcore molecules angle bending energy: 0
Softcore molecules torsional energy: 0
Softcore molecules non-bonded energy: 4.69369
Softcore molecules electrostatics energy: 0
Softcore molecules external potential energy: 0
Softcore molecules Potential energy: 4.69369
Softcore molecules field coupling energy: 0

Final Explicit Charge: 0

Time used by 100900 calculation steps on 4 processors: 0 Hours 0 Minutes 39 Seconds.

@CulgiVersion: 5.0.1
MBF-Hybrid Simulation of box
Job Start time: Tue Oct 18 10:31:20 2011
----------------------------------------------------------------------------

Simulation Parameters:
----------------------

Field Diffusion: on
Bead Diffusion: off
Field Diffusion frequency: 1
Time step: 0.01

DDFT Engine parameters: 
Field diffusion Method: EntropyFieldDynamics
Kappa: 15
Reference density: 1

NLESolverEngine parameters, DDFT Molecular Diffusion
Strict tolerance: On
Direction optimization Method: SteepestDescent
Starting Alpha: 0.5
Reset Alpha: On
Tolerance: 0.0001
Maximum Iterations: 25000
Maximum Line Iterations: 5

Gaussian chain interaction parameters:
---------------------------------------

Bead parameters:
Type  Volume  Diffusion  Viscosity  Expansion  ExtFieldConst  ChargeType  Charge  pK   Dielec  ImplIonInter  
A     1       1          1          0.1        1              Strong      0       N/A  1       0             
B     1       1          1          0.1        1              Strong      0       N/A  1       0             

Binary interaction parameters:
Type1  Type2  Chi  ChiL  
A      B      0    0     

Mesoscopic bead-field hybrid interaction parameters:
----------------------------------------------------

Bead-Field coupling parameters:
Bead  Field  parameter  
P     A      6          
P     B      6          

System Details:
---------------

Box: 64 X 64 X 1
GAUSSIANCHAIN: bcp (A20B16):  (Average number density: 0.90625)
Overall gaussian beads number density: 0.90625
SOFTCOREMOLECULE: np: 1024 (Bead fraction: 0.216216)
Overall Soft-core bead number density: 0.25

Initial Gaussian Chains Density Inhomogeneity: 5.07927e-15

Initial Explicit Charge: 0

Initial Energies:
Gaussian total free energy: -212.762
Gaussian ideal free energy: -482.762
Gaussian contact free energy: 0
Gaussian compressibility free energy: 270
Gaussian electrostatic free energy: 0
Softcore molecules field coupling energy: 1343.06

Average Energies:
Gaussian total free energy: -38.5139
Gaussian ideal free energy: -478.057
Gaussian contact free energy: 0
Gaussian compressibility free energy: 439.543
Gaussian electrostatic free energy: 0
Softcore molecules field coupling energy: 1260.57

Average Explicit Charge: 0

Average Gaussian Chains Density Inhomogeneity: 0.0372025

Final Energies:
Gaussian total free energy: -38.4025
Gaussian ideal free energy: -478.056
Gaussian contact free energy: 0
Gaussian compressibility free energy: 439.654
Gaussian electrostatic free energy: 0
Softcore molecules field coupling energy: 1260.54

Final Gaussian Chains Density Inhomogeneity: 0.0372134

Iteration report, DDFT Molecular Diffusion
Number of solves: 10000
Number of function calls: 56447
Average number of iterations: 4.6447 (min 4, max 7)
Average end norm: 6.78303e-05 (min 3.78832e-05, max 9.99992e-05)


Final Explicit Charge: 0

Time used by 10000 calculation steps on 4 processors: 0 Hours 4 Minutes 3 Seconds.

@CulgiVersion: 5.0.1
MBF-Hybrid Simulation of box
Job Start time: Tue Oct 18 10:35:23 2011
----------------------------------------------------------------------------

Simulation Parameters:
----------------------

Field Diffusion: on
Bead Diffusion: on
Temperature: 0.1
Bead Diffusion frequency: 1
Field Diffusion frequency: 1
Time step: 0.01

DDFT Engine parameters: 
Field diffusion Method: EntropyFieldDynamics
Kappa: 15
Reference density: 1

NLESolverEngine parameters, DDFT Molecular Diffusion
Strict tolerance: On
Direction optimization Method: SteepestDescent
Starting Alpha: 0.5
Reset Alpha: On
Tolerance: 0.0001
Maximum Iterations: 25000
Maximum Line Iterations: 5

Gaussian chain interaction parameters:
---------------------------------------

Bead parameters:
Type  Volume  Diffusion  Viscosity  Expansion  ExtFieldConst  ChargeType  Charge  pK   Dielec  ImplIonInter  
A     1       1          1          0.1        1              Strong      0       N/A  1       0             
B     1       1          1          0.1        1              Strong      0       N/A  1       0             

Binary interaction parameters:
Type1  Type2  Chi  ChiL  
A      B      0.5  0     

Soft core model interaction parameters:
---------------------------------------

Bead parameters:
Type  Mass  BondValence  Diffusion  Sigma  ExtFieldConst  ChargeType  Charge  pK   Dielec  ImplIonInter  
P     1     2            0.01       0.8    1              Strong      0       N/A  1       0             

Pair interaction parameters:
Type1  Type2  A   
P      P      15  

Mesoscopic bead-field hybrid interaction parameters:
----------------------------------------------------

Bead-Field coupling parameters:
Bead  Field  parameter  
P     A      6          
P     B      12         

System Details:
---------------

Box: 64 X 64 X 1
GAUSSIANCHAIN: bcp (A20B16):  (Average number density: 0.90625)
Overall gaussian beads number density: 0.90625
SOFTCOREMOLECULE: np: 1024 (Bead fraction: 0.216216)
Overall Soft-core bead number density: 0.25

Initial Gaussian Chains Density Inhomogeneity: 0.0372134

Initial Explicit Charge: 0

Initial Energies:
Softcore molecules bond stretching energy: 0
Softcore molecules angle bending energy: 0
Softcore molecules torsional energy: 0
Softcore molecules non-bonded energy: 4.69369
Softcore molecules electrostatics energy: 0
Softcore molecules external potential energy: 0
Softcore molecules Potential energy: 7544.53
Gaussian total free energy: 378.378
Gaussian ideal free energy: -478.056
Gaussian contact free energy: 416.78
Gaussian compressibility free energy: 439.654
Gaussian electrostatic free energy: 0
Softcore molecules field coupling energy: 7539.84

Average Energies:
Softcore molecules bond stretching energy: 0
Softcore molecules angle bending energy: 0
Softcore molecules torsional energy: 0
Softcore molecules non-bonded energy: 129.907
Softcore molecules electrostatics energy: 0
Softcore molecules external potential energy: 0
Softcore molecules Potential energy: 4128.53
Gaussian total free energy: 1043.16
Gaussian ideal free energy: -224.342
Gaussian contact free energy: 208.481
Gaussian compressibility free energy: 1059.02
Gaussian electrostatic free energy: 0
Softcore molecules field coupling energy: 3998.62

Average Explicit Charge: 0

Average Gaussian Chains Density Inhomogeneity: 0.354275

Final Energies:
Softcore molecules bond stretching energy: 0
Softcore molecules angle bending energy: 0
Softcore molecules torsional energy: 0
Softcore molecules non-bonded energy: 148.908
Softcore molecules electrostatics energy: 0
Softcore molecules external potential energy: 0
Softcore molecules Potential energy: 3970.74
Gaussian total free energy: 1102.12
Gaussian ideal free energy: -240.13
Gaussian contact free energy: 203.362
Gaussian compressibility free energy: 1138.89
Gaussian electrostatic free energy: 0
Softcore molecules field coupling energy: 3821.83

Final Gaussian Chains Density Inhomogeneity: 0.356458

Iteration report, DDFT Molecular Diffusion
Number of solves: 1100000
Number of function calls: 8813272
Average number of iterations: 7.01207 (min 6, max 10)
Average end norm: 7.49358e-05 (min 4.82802e-05, max 9.99985e-05)


Final Explicit Charge: 0

Time used by 1100000 calculation steps on 4 processors: 11 Hours 35 Minutes 2 Seconds.

