@CulgiVersion: 5.0.1
MBF-Hybrid Simulation of box
Job Start time: Mon Sep 19 18:50:56 2011
----------------------------------------------------------------------------

Simulation Parameters:
----------------------

Field Diffusion: on
Bead Diffusion: on
Temperature: 0.1
Bead Diffusion frequency: 1
Field Diffusion frequency: 1
Time step: 0.01

DDFT Engine parameters: 
Field diffusion Method: EntropyFieldDynamics
Kappa: 15
Reference density: 1

NLESolverEngine parameters, DDFT Molecular Diffusion
Strict tolerance: On
Direction optimization Method: SteepestDescent
Starting Alpha: 0.5
Reset Alpha: On
Tolerance: 0.0001
Maximum Iterations: 25000
Maximum Line Iterations: 5

Gaussian chain interaction parameters:
---------------------------------------

Bead parameters:
Type  Volume  Diffusion  Viscosity  Expansion  ExtFieldConst  ChargeType  Charge  pK   Dielec  ImplIonInter  
A     1       1          1          0.1        1              Strong      0       N/A  1       0             
B     1       1          1          0.1        1              Strong      0       N/A  1       0             

Binary interaction parameters:
Type1  Type2  Chi      ChiL  
A      B      1.33333  0     

Soft core model interaction parameters:
---------------------------------------

Bead parameters:
Type  Mass  BondValence  Diffusion  Sigma  ExtFieldConst  ChargeType  Charge  pK   Dielec  ImplIonInter  
P     1     2            0.1        0.8    1              Strong      0       N/A  1       0             

Pair interaction parameters:
Type1  Type2  A   
P      P      25  

Mesoscopic bead-field hybrid interaction parameters:
----------------------------------------------------

Bead-Field coupling parameters:
Bead  Field  parameter  
P     A      6          
P     B      12         

System Details:
---------------

Box: 64 X 64 X 1
GAUSSIANCHAIN: bcp (A20B16):  (Average number density: 0.908447)
Overall gaussian beads number density: 0.908447
SOFTCOREMOLECULE: np: 1000 (Bead fraction: 0.21182)
Overall Soft-core bead number density: 0.244141

Initial Gaussian Chains Density Inhomogeneity: 1.93456e-14

Initial Explicit Charge: 0

Initial Energies:
Softcore molecules bond stretching energy: 0
Softcore molecules angle bending energy: 0
Softcore molecules torsional energy: 0
Softcore molecules non-bonded energy: 810.751
Softcore molecules electrostatics energy: 0
Softcore molecules external potential energy: 0
Softcore molecules Potential energy: 8683.96
Gaussian total free energy: 886.676
Gaussian ideal free energy: -483.682
Gaussian contact free energy: 1112.87
Gaussian compressibility free energy: 257.492
Gaussian electrostatic free energy: 0
Softcore molecules field coupling energy: 7873.21

Average Energies:
Softcore molecules bond stretching energy: 0
Softcore molecules angle bending energy: 0
Softcore molecules torsional energy: 0
Softcore molecules non-bonded energy: 93.8605
Softcore molecules electrostatics energy: 0
Softcore molecules external potential energy: 0
Softcore molecules Potential energy: 3958.56
Gaussian total free energy: 1557.29
Gaussian ideal free energy: -100.943
Gaussian contact free energy: 309.196
Gaussian compressibility free energy: 1349.04
Gaussian electrostatic free energy: 0
Softcore molecules field coupling energy: 3864.7

Average Explicit Charge: 0

Average Gaussian Chains Density Inhomogeneity: 0.421611

Final Energies:
Softcore molecules bond stretching energy: 0
Softcore molecules angle bending energy: 0
Softcore molecules torsional energy: 0
Softcore molecules non-bonded energy: 99.7253
Softcore molecules electrostatics energy: 0
Softcore molecules external potential energy: 0
Softcore molecules Potential energy: 3886.96
Gaussian total free energy: 1276.8
Gaussian ideal free energy: -97.4171
Gaussian contact free energy: 292.632
Gaussian compressibility free energy: 1081.58
Gaussian electrostatic free energy: 0
Softcore molecules field coupling energy: 3787.23

Final Gaussian Chains Density Inhomogeneity: 0.419655

Iteration report, DDFT Molecular Diffusion
Number of solves: 1100000
Number of function calls: 10063198
Average number of iterations: 8.11416 (min 8, max 208)
Average end norm: 8.09288e-05 (min 5.54759e-07, max 9.99999e-05)


Final Explicit Charge: 0

Time used by 1100000 calculation steps on 2 processors: 23 Hours 1 Minutes 23 Seconds.

