@CulgiVersion: 5.0.1
MBF-Hybrid Simulation of box
Job Start time: Thu Sep  8 22:33:46 2011
----------------------------------------------------------------------------

Simulation Parameters:
----------------------

Field Diffusion: on
Bead Diffusion: on
Temperature: 0.1
Bead Diffusion frequency: 1
Field Diffusion frequency: 1
Time step: 0.01

DDFT Engine parameters: 
Field diffusion Method: EntropyFieldDynamics
Kappa: 15
Reference density: 1

NLESolverEngine parameters, DDFT Molecular Diffusion
Strict tolerance: On
Direction optimization Method: SteepestDescent
Starting Alpha: 0.5
Reset Alpha: On
Tolerance: 0.0001
Maximum Iterations: 25000
Maximum Line Iterations: 5

Gaussian chain interaction parameters:
---------------------------------------

Bead parameters:
Type  Volume  Diffusion  Viscosity  Expansion  ExtFieldConst  ChargeType  Charge  pK   Dielec  ImplIonInter  
A     1       1          1          0.1        1              Strong      0       N/A  1       0             
B     1       1          1          0.1        1              Strong      0       N/A  1       0             

Binary interaction parameters:
Type1  Type2  Chi       ChiL  
A      B      0.666667  0     

Soft core model interaction parameters:
---------------------------------------

Bead parameters:
Type  Mass  BondValence  Diffusion  Sigma  ExtFieldConst  ChargeType  Charge  pK   Dielec  ImplIonInter  
P     1     2            0.01       0.8    1              Strong      0       N/A  1       0             

Pair interaction parameters:
Type1  Type2  A   
P      P      25  

Mesoscopic bead-field hybrid interaction parameters:
----------------------------------------------------

Bead-Field coupling parameters:
Bead  Field  parameter  
P     A      16         
P     B      24         

System Details:
---------------

Box: 64 X 64 X 1
GAUSSIANCHAIN: bcp (A20B16):  (Average number density: 0.511719)
Overall gaussian beads number density: 0.511719
SOFTCOREMOLECULE: np: 2000 (Bead fraction: 0.488281)
Overall Soft-core bead number density: 0.488281

Initial Gaussian Chains Density Inhomogeneity: 8.04912e-16

Initial Explicit Charge: 0

Initial Energies:
Softcore molecules bond stretching energy: 0
Softcore molecules angle bending energy: 0
Softcore molecules torsional energy: 0
Softcore molecules non-bonded energy: 3442.82
Softcore molecules electrostatics energy: 0
Softcore molecules external potential energy: 0
Softcore molecules Potential energy: 23456.7
Gaussian total free energy: 7194.9
Gaussian ideal free energy: -305.87
Gaussian contact free energy: 176.553
Gaussian compressibility free energy: 7324.22
Gaussian electrostatic free energy: 0
Softcore molecules field coupling energy: 20013.9

Average Energies:
Softcore molecules bond stretching energy: 0
Softcore molecules angle bending energy: 0
Softcore molecules torsional energy: 0
Softcore molecules non-bonded energy: 1102.61
Softcore molecules electrostatics energy: 0
Softcore molecules external potential energy: 0
Softcore molecules Potential energy: 2713.82
Gaussian total free energy: 11971.2
Gaussian ideal free energy: -32.0627
Gaussian contact free energy: 147.591
Gaussian compressibility free energy: 11855.6
Gaussian electrostatic free energy: 0
Softcore molecules field coupling energy: 1611.21

Average Explicit Charge: 0

Average Gaussian Chains Density Inhomogeneity: 0.299893

Final Energies:
Softcore molecules bond stretching energy: 0
Softcore molecules angle bending energy: 0
Softcore molecules torsional energy: 0
Softcore molecules non-bonded energy: 1106.91
Softcore molecules electrostatics energy: 0
Softcore molecules external potential energy: 0
Softcore molecules Potential energy: 2445.24
Gaussian total free energy: 11898.9
Gaussian ideal free energy: -52.8636
Gaussian contact free energy: 141.577
Gaussian compressibility free energy: 11810.2
Gaussian electrostatic free energy: 0
Softcore molecules field coupling energy: 1338.34

Final Gaussian Chains Density Inhomogeneity: 0.301681

Iteration report, DDFT Molecular Diffusion
Number of solves: 1100000
Number of function calls: 11005287
Average number of iterations: 9.00481 (min 9, max 13)
Average end norm: 7.40195e-05 (min 4.90977e-05, max 0.0001)


Final Explicit Charge: 0

Time used by 1100000 calculation steps on 8 processors: 9 Hours 23 Minutes 13 Seconds.

