@CulgiVersion: 5.0.1
MBF-Hybrid Simulation of box
Job Start time: Sat Sep 24 09:39:21 2011
----------------------------------------------------------------------------

Simulation Parameters:
----------------------

Field Diffusion: on
Bead Diffusion: on
Temperature: 0.1
Bead Diffusion frequency: 1
Field Diffusion frequency: 1
Time step: 0.01

DDFT Engine parameters: 
Field diffusion Method: EntropyFieldDynamics
Kappa: 15
Reference density: 1

NLESolverEngine parameters, DDFT Molecular Diffusion
Strict tolerance: On
Direction optimization Method: SteepestDescent
Starting Alpha: 0.5
Reset Alpha: On
Tolerance: 0.0001
Maximum Iterations: 25000
Maximum Line Iterations: 5

Gaussian chain interaction parameters:
---------------------------------------

Bead parameters:
Type  Volume  Diffusion  Viscosity  Expansion  ExtFieldConst  ChargeType  Charge  pK   Dielec  ImplIonInter  
A     1       1          1          0.1        1              Strong      0       N/A  1       0             
B     1       1          1          0.1        1              Strong      0       N/A  1       0             

Binary interaction parameters:
Type1  Type2  Chi      ChiL  
A      B      1.33333  0     

Soft core model interaction parameters:
---------------------------------------

Bead parameters:
Type  Mass  BondValence  Diffusion  Sigma  ExtFieldConst  ChargeType  Charge  pK   Dielec  ImplIonInter  
P     1     2            0.1        0.8    1              Strong      0       N/A  1       0             

Pair interaction parameters:
Type1  Type2  A   
P      P      25  

Mesoscopic bead-field hybrid interaction parameters:
----------------------------------------------------

Bead-Field coupling parameters:
Bead  Field  parameter  
P     A      6          
P     B      12         

System Details:
---------------

Box: 64 X 64 X 1
GAUSSIANCHAIN: bcp (A10B8):  (Average number density: 0.908447)
Overall gaussian beads number density: 0.908447
SOFTCOREMOLECULE: np: 1000 (Bead fraction: 0.21182)
Overall Soft-core bead number density: 0.244141

Initial Gaussian Chains Density Inhomogeneity: 5.02376e-15

Initial Explicit Charge: 0

Initial Energies:
Softcore molecules bond stretching energy: 0
Softcore molecules angle bending energy: 0
Softcore molecules torsional energy: 0
Softcore molecules non-bonded energy: 738.581
Softcore molecules electrostatics energy: 0
Softcore molecules external potential energy: 0
Softcore molecules Potential energy: 8611.79
Gaussian total free energy: 546.283
Gaussian ideal free energy: -824.075
Gaussian contact free energy: 1112.87
Gaussian compressibility free energy: 257.492
Gaussian electrostatic free energy: 0
Softcore molecules field coupling energy: 7873.21

Average Energies:
Softcore molecules bond stretching energy: 0
Softcore molecules angle bending energy: 0
Softcore molecules torsional energy: 0
Softcore molecules non-bonded energy: 95.9459
Softcore molecules electrostatics energy: 0
Softcore molecules external potential energy: 0
Softcore molecules Potential energy: 4016.37
Gaussian total free energy: 1700.88
Gaussian ideal free energy: -256.783
Gaussian contact free energy: 473.71
Gaussian compressibility free energy: 1483.96
Gaussian electrostatic free energy: 0
Softcore molecules field coupling energy: 3920.42

Average Explicit Charge: 0

Average Gaussian Chains Density Inhomogeneity: 0.391534

Final Energies:
Softcore molecules bond stretching energy: 0
Softcore molecules angle bending energy: 0
Softcore molecules torsional energy: 0
Softcore molecules non-bonded energy: 103.942
Softcore molecules electrostatics energy: 0
Softcore molecules external potential energy: 0
Softcore molecules Potential energy: 3949.67
Gaussian total free energy: 1268.04
Gaussian ideal free energy: -251.153
Gaussian contact free energy: 458.767
Gaussian compressibility free energy: 1060.43
Gaussian electrostatic free energy: 0
Softcore molecules field coupling energy: 3845.73

Final Gaussian Chains Density Inhomogeneity: 0.385819

Iteration report, DDFT Molecular Diffusion
Number of solves: 1100000
Number of function calls: 10010063
Average number of iterations: 8.09976 (min 8, max 724)
Average end norm: 8.05255e-05 (min 1.32428e-06, max 0.0001)


Final Explicit Charge: 0

Time used by 1100000 calculation steps on 4 processors: 7 Hours 53 Minutes 4 Seconds.

