@CulgiVersion: 5.0.1
MBF-Hybrid Simulation of box
Job Start time: Fri Sep 30 06:14:03 2011
----------------------------------------------------------------------------

Simulation Parameters:
----------------------

Field Diffusion: on
Bead Diffusion: on
Temperature: 0.1
Bead Diffusion frequency: 1
Field Diffusion frequency: 1
Time step: 0.01

DDFT Engine parameters: 
Field diffusion Method: EntropyFieldDynamics
Kappa: 15
Reference density: 1

NLESolverEngine parameters, DDFT Molecular Diffusion
Strict tolerance: On
Direction optimization Method: SteepestDescent
Starting Alpha: 0.5
Reset Alpha: On
Tolerance: 0.0001
Maximum Iterations: 25000
Maximum Line Iterations: 5

Gaussian chain interaction parameters:
---------------------------------------

Bead parameters:
Type  Volume  Diffusion  Viscosity  Expansion  ExtFieldConst  ChargeType  Charge  pK   Dielec  ImplIonInter  
A     1       1          1          0.1        1              Strong      0       N/A  1       0             
B     1       1          1          0.1        1              Strong      0       N/A  1       0             

Binary interaction parameters:
Type1  Type2  Chi  ChiL  
A      B      0    0     

Soft core model interaction parameters:
---------------------------------------

Bead parameters:
Type  Mass  BondValence  Diffusion  Sigma  ExtFieldConst  ChargeType  Charge  pK   Dielec  ImplIonInter  
P     1     2            0          0.8    1              Strong      0       N/A  1       0             

Pair interaction parameters:
Type1  Type2  A   
P      P      25  

Mesoscopic bead-field hybrid interaction parameters:
----------------------------------------------------

Bead-Field coupling parameters:
Bead  Field  parameter  
P     A      8          
P     B      8          

System Details:
---------------

Box: 64 X 64 X 1
GAUSSIANCHAIN: bcp (A20B16):  (Average number density: 0.816895)
Overall gaussian beads number density: 0.816895
SOFTCOREMOLECULE: np: 1500 (Bead fraction: 0.309534)
Overall Soft-core bead number density: 0.366211

Initial Gaussian Chains Density Inhomogeneity: 1.65701e-14

Initial Explicit Charge: 0

Initial Energies:
Softcore molecules bond stretching energy: 0
Softcore molecules angle bending energy: 0
Softcore molecules torsional energy: 0
Softcore molecules non-bonded energy: 3.22747
Softcore molecules electrostatics energy: 0
Softcore molecules external potential energy: 0
Softcore molecules Potential energy: 9805.96
Gaussian total free energy: 585.158
Gaussian ideal free energy: -444.81
Gaussian contact free energy: 0
Gaussian compressibility free energy: 1029.97
Gaussian electrostatic free energy: 0
Softcore molecules field coupling energy: 9802.73

Average Energies:
Softcore molecules bond stretching energy: 0
Softcore molecules angle bending energy: 0
Softcore molecules torsional energy: 0
Softcore molecules non-bonded energy: 3.22747
Softcore molecules electrostatics energy: 0
Softcore molecules external potential energy: 0
Softcore molecules Potential energy: 9512.92
Gaussian total free energy: 731.68
Gaussian ideal free energy: -438.742
Gaussian contact free energy: 0
Gaussian compressibility free energy: 1170.42
Gaussian electrostatic free energy: 0
Softcore molecules field coupling energy: 9509.7

Average Explicit Charge: 0

Average Gaussian Chains Density Inhomogeneity: 0.03386

Final Energies:
Softcore molecules bond stretching energy: 0
Softcore molecules angle bending energy: 0
Softcore molecules torsional energy: 0
Softcore molecules non-bonded energy: 3.22747
Softcore molecules electrostatics energy: 0
Softcore molecules external potential energy: 0
Softcore molecules Potential energy: 9512.8
Gaussian total free energy: 731.763
Gaussian ideal free energy: -438.738
Gaussian contact free energy: 0
Gaussian compressibility free energy: 1170.5
Gaussian electrostatic free energy: 0
Softcore molecules field coupling energy: 9509.57

Final Gaussian Chains Density Inhomogeneity: 0.0338709

Iteration report, DDFT Molecular Diffusion
Number of solves: 10000
Number of function calls: 56626
Average number of iterations: 4.6626 (min 4, max 7)
Average end norm: 6.69969e-05 (min 4.56695e-05, max 9.9999e-05)


Final Explicit Charge: 0

Time used by 10000 calculation steps on 2 processors: 0 Hours 7 Minutes 47 Seconds.

@CulgiVersion: 5.0.1
MBF-Hybrid Simulation of box
Job Start time: Fri Sep 30 06:21:50 2011
----------------------------------------------------------------------------

Simulation Parameters:
----------------------

Field Diffusion: on
Bead Diffusion: on
Temperature: 0.1
Bead Diffusion frequency: 1
Field Diffusion frequency: 1
Time step: 0.01

DDFT Engine parameters: 
Field diffusion Method: EntropyFieldDynamics
Kappa: 15
Reference density: 1

NLESolverEngine parameters, DDFT Molecular Diffusion
Strict tolerance: On
Direction optimization Method: SteepestDescent
Starting Alpha: 0.5
Reset Alpha: On
Tolerance: 0.0001
Maximum Iterations: 25000
Maximum Line Iterations: 5

Gaussian chain interaction parameters:
---------------------------------------

Bead parameters:
Type  Volume  Diffusion  Viscosity  Expansion  ExtFieldConst  ChargeType  Charge  pK   Dielec  ImplIonInter  
A     1       1          1          0.1        1              Strong      0       N/A  1       0             
B     1       1          1          0.1        1              Strong      0       N/A  1       0             

Binary interaction parameters:
Type1  Type2  Chi       ChiL  
A      B      0.666667  0     

Soft core model interaction parameters:
---------------------------------------

Bead parameters:
Type  Mass  BondValence  Diffusion  Sigma  ExtFieldConst  ChargeType  Charge  pK   Dielec  ImplIonInter  
P     1     2            0.1        0.8    1              Strong      0       N/A  1       0             

Pair interaction parameters:
Type1  Type2  A   
P      P      25  

Mesoscopic bead-field hybrid interaction parameters:
----------------------------------------------------

Bead-Field coupling parameters:
Bead  Field  parameter  
P     A      8          
P     B      16         

System Details:
---------------

Box: 64 X 64 X 1
GAUSSIANCHAIN: bcp (A20B16):  (Average number density: 0.816895)
Overall gaussian beads number density: 0.816895
SOFTCOREMOLECULE: np: 1500 (Bead fraction: 0.309534)
Overall Soft-core bead number density: 0.366211

Initial Gaussian Chains Density Inhomogeneity: 0.0338709

Initial Explicit Charge: 0

Initial Energies:
Softcore molecules bond stretching energy: 0
Softcore molecules angle bending energy: 0
Softcore molecules torsional energy: 0
Softcore molecules non-bonded energy: 3.22747
Softcore molecules electrostatics energy: 0
Softcore molecules external potential energy: 0
Softcore molecules Potential energy: 13739.6
Gaussian total free energy: 1182.79
Gaussian ideal free energy: -438.738
Gaussian contact free energy: 451.028
Gaussian compressibility free energy: 1170.5
Gaussian electrostatic free energy: 0
Softcore molecules field coupling energy: 13736.4

Average Energies:
Softcore molecules bond stretching energy: 0
Softcore molecules angle bending energy: 0
Softcore molecules torsional energy: 0
Softcore molecules non-bonded energy: 447.933
Softcore molecules electrostatics energy: 0
Softcore molecules external potential energy: 0
Softcore molecules Potential energy: 4953.66
Gaussian total free energy: 3690.42
Gaussian ideal free energy: -174.861
Gaussian contact free energy: 201.55
Gaussian compressibility free energy: 3663.73
Gaussian electrostatic free energy: 0
Softcore molecules field coupling energy: 4505.73

Average Explicit Charge: 0

Average Gaussian Chains Density Inhomogeneity: 0.376827

Final Energies:
Softcore molecules bond stretching energy: 0
Softcore molecules angle bending energy: 0
Softcore molecules torsional energy: 0
Softcore molecules non-bonded energy: 430.065
Softcore molecules electrostatics energy: 0
Softcore molecules external potential energy: 0
Softcore molecules Potential energy: 4846.3
Gaussian total free energy: 3738.65
Gaussian ideal free energy: -177.261
Gaussian contact free energy: 202.172
Gaussian compressibility free energy: 3713.74
Gaussian electrostatic free energy: 0
Softcore molecules field coupling energy: 4416.23

Final Gaussian Chains Density Inhomogeneity: 0.377329

Iteration report, DDFT Molecular Diffusion
Number of solves: 5500000
Number of function calls: 54567952
Average number of iterations: 8.92145 (min 8, max 10)
Average end norm: 5.94071e-05 (min 4.72867e-05, max 0.0001)


Final Explicit Charge: 0

Time used by 5500000 calculation steps on 2 processors: 130 Hours 35 Minutes 38 Seconds.

