@CulgiVersion: 6.0.0
MBF-Hybrid Simulation of box
Job Start time: Fri Feb 24 12:41:57 2012
----------------------------------------------------------------------------

Simulation Parameters:
----------------------

Field Diffusion: off
Bead Diffusion: on
Temperature: 0.1
Bead Diffusion frequency: 1
Time step: 0.01

Soft core model interaction parameters:
---------------------------------------

Bead parameters:
Type  Mass  BondValence  Diffusion  Sigma  ExtFieldConst  ChargeType  Charge  pK   Dielec  ImplIonInter  
C     1     2            0.04       0.8    1              Strong      0       N/A  1       0             
S     1     2            0.04       0.8    1              Strong      0       N/A  1       0             

Pair interaction parameters:
Type1  Type2  A   
C      C      25  
C      S      25  
S      S      25  

Mesoscopic bead-field hybrid interaction parameters:
----------------------------------------------------

Bead-Field coupling parameters:
Bead  Field  parameter  
C     A      0          
C     B      0          
S     A      0          
S     B      0          

System Details:
---------------

Box: 64 X 64 X 1
GAUSSIANCHAIN: bcp (A20B16):  (Average number density: 0.982422)
Overall gaussian beads number density: 0.982422
SOFTCORECOLLOID: np: 128 (Bead fraction: 0.222566)
Overall Soft-core bead number density: 0.28125


Initial Explicit Charge: 0

Initial Energies:
Softcore molecules bond stretching energy: 0
Softcore molecules angle bending energy: 0
Softcore molecules torsional energy: 0
Softcore molecules non-bonded energy: 769.769
Softcore molecules electrostatics energy: 0
Softcore molecules external potential energy: 0
Softcore molecules Potential energy: 769.769
Softcore molecules field coupling energy: 0

Average Energies:
Softcore molecules bond stretching energy: 0
Softcore molecules angle bending energy: 0
Softcore molecules torsional energy: 0
Softcore molecules non-bonded energy: 0.212384
Softcore molecules electrostatics energy: 0
Softcore molecules external potential energy: 0
Softcore molecules Potential energy: 0.212384
Softcore molecules field coupling energy: 0

Average Explicit Charge: 0

Final Energies:
Softcore molecules bond stretching energy: 0
Softcore molecules angle bending energy: 0
Softcore molecules torsional energy: 0
Softcore molecules non-bonded energy: 0.0248323
Softcore molecules electrostatics energy: 0
Softcore molecules external potential energy: 0
Softcore molecules Potential energy: 0.0248323
Softcore molecules field coupling energy: 0

Final Explicit Charge: 0

Time used by 100900 calculation steps on 1 processors: 0 Hours 1 Minutes 8 Seconds.

@CulgiVersion: 6.0.0
MBF-Hybrid Simulation of box
Job Start time: Fri Feb 24 12:43:05 2012
----------------------------------------------------------------------------

Simulation Parameters:
----------------------

Field Diffusion: on
Bead Diffusion: off
Field Diffusion frequency: 1
Time step: 0.01

DDFT Engine parameters: 
Field diffusion Method: EntropyFieldDynamics
Kappa: 15
Reference density: 1

NLESolverEngine parameters, DDFT Molecular Diffusion
Strict tolerance: On
Direction optimization Method: SteepestDescent
Starting Alpha: 0.5
Reset Alpha: On
Tolerance: 0.0001
Maximum Iterations: 25000
Maximum Line Iterations: 5

Gaussian chain interaction parameters:
---------------------------------------

Bead parameters:
Type  Volume  Diffusion  Viscosity  Expansion  ExtFieldConst  ChargeType  Charge  pK   Dielec  ImplIonInter  
A     1       1          1          0.1        1              Strong      0       N/A  1       0             
B     1       1          1          0.1        1              Strong      0       N/A  1       0             

Binary interaction parameters:
Type1  Type2  Chi  ChiL  
A      B      0    0     

Mesoscopic bead-field hybrid interaction parameters:
----------------------------------------------------

Bead-Field coupling parameters:
Bead  Field  parameter  
C     A      1          
C     B      1          
S     A      1          
S     B      1          

System Details:
---------------

Box: 64 X 64 X 1
GAUSSIANCHAIN: bcp (A20B16):  (Average number density: 0.982422)
Overall gaussian beads number density: 0.982422
SOFTCORECOLLOID: np: 128 (Bead fraction: 0.222566)
Overall Soft-core bead number density: 0.28125


Initial Gaussian Chains Density Inhomogeneity: 4.33265e-14

Initial Explicit Charge: 0

Initial Energies:
Gaussian total free energy: -504.826
Gaussian ideal free energy: -514.318
Gaussian contact free energy: 0
Gaussian compressibility free energy: 9.49219
Gaussian electrostatic free energy: 0
Softcore molecules field coupling energy: 1131.75

Average Energies:
Gaussian total free energy: -443.508
Gaussian ideal free energy: -512.999
Gaussian contact free energy: 0
Gaussian compressibility free energy: 69.4903
Gaussian electrostatic free energy: 0
Softcore molecules field coupling energy: 1009.07

Average Explicit Charge: 0

Average Gaussian Chains Density Inhomogeneity: 0.02221

Final Energies:
Gaussian total free energy: -443.545
Gaussian ideal free energy: -512.999
Gaussian contact free energy: 0
Gaussian compressibility free energy: 69.4539
Gaussian electrostatic free energy: 0
Softcore molecules field coupling energy: 1009.09

Final Gaussian Chains Density Inhomogeneity: 0.0222049

Iteration report, DDFT Molecular Diffusion
Number of solves: 10000
Number of function calls: 56412
Average number of iterations: 4.6412 (min 4, max 6)
Average end norm: 6.80014e-05 (min 4.50919e-05, max 9.99954e-05)


Final Explicit Charge: 0

Time used by 10000 calculation steps on 1 processors: 0 Hours 13 Minutes 5 Seconds.

@CulgiVersion: 6.0.0
MBF-Hybrid Simulation of box
Job Start time: Fri Feb 24 12:56:10 2012
----------------------------------------------------------------------------

Simulation Parameters:
----------------------

Field Diffusion: on
Bead Diffusion: on
Temperature: 0.1
Bead Diffusion frequency: 1
Field Diffusion frequency: 1
Time step: 0.01

DDFT Engine parameters: 
Field diffusion Method: EntropyFieldDynamics
Kappa: 15
Reference density: 1

NLESolverEngine parameters, DDFT Molecular Diffusion
Strict tolerance: On
Direction optimization Method: SteepestDescent
Starting Alpha: 0.5
Reset Alpha: On
Tolerance: 0.0001
Maximum Iterations: 25000
Maximum Line Iterations: 5

Gaussian chain interaction parameters:
---------------------------------------

Bead parameters:
Type  Volume  Diffusion  Viscosity  Expansion  ExtFieldConst  ChargeType  Charge  pK   Dielec  ImplIonInter  
A     1       1          1          0.1        1              Strong      0       N/A  1       0             
B     1       1          1          0.1        1              Strong      0       N/A  1       0             

Binary interaction parameters:
Type1  Type2  Chi       ChiL  
A      B      0.666667  0     

Soft core model interaction parameters:
---------------------------------------

Bead parameters:
Type  Mass  BondValence  Diffusion  Sigma  ExtFieldConst  ChargeType  Charge  pK   Dielec  ImplIonInter  
C     1     2            0.04       0.8    1              Strong      0       N/A  1       0             
S     1     2            0.04       0.8    1              Strong      0       N/A  1       0             

Pair interaction parameters:
Type1  Type2  A   
C      C      25  
C      S      25  
S      S      25  

Mesoscopic bead-field hybrid interaction parameters:
----------------------------------------------------

Bead-Field coupling parameters:
Bead  Field  parameter  
C     A      1          
C     B      2          
S     A      1          
S     B      2          

System Details:
---------------

Box: 64 X 64 X 1
GAUSSIANCHAIN: bcp (A20B16):  (Average number density: 0.982422)
Overall gaussian beads number density: 0.982422
SOFTCORECOLLOID: np: 128 (Bead fraction: 0.222566)
Overall Soft-core bead number density: 0.28125


Initial Gaussian Chains Density Inhomogeneity: 0.0222049

Initial Explicit Charge: 0

Initial Energies:
Softcore molecules bond stretching energy: 0
Softcore molecules angle bending energy: 0
Softcore molecules torsional energy: 0
Softcore molecules non-bonded energy: 0.0248323
Softcore molecules electrostatics energy: 0
Softcore molecules external potential energy: 0
Softcore molecules Potential energy: 1458.08
Gaussian total free energy: 207.991
Gaussian ideal free energy: -512.999
Gaussian contact free energy: 651.536
Gaussian compressibility free energy: 69.4539
Gaussian electrostatic free energy: 0
Softcore molecules field coupling energy: 1458.05

Average Energies:
Softcore molecules bond stretching energy: 0
Softcore molecules angle bending energy: 0
Softcore molecules torsional energy: 0
Softcore molecules non-bonded energy: 0.770794
Softcore molecules electrostatics energy: 0
Softcore molecules external potential energy: 0
Softcore molecules Potential energy: 1006.22
Gaussian total free energy: 88.1467
Gaussian ideal free energy: -238.168
Gaussian contact free energy: 253.514
Gaussian compressibility free energy: 72.8002
Gaussian electrostatic free energy: 0
Softcore molecules field coupling energy: 1005.45

Average Explicit Charge: 0

Average Gaussian Chains Density Inhomogeneity: 0.397987

Final Energies:
Softcore molecules bond stretching energy: 0
Softcore molecules angle bending energy: 0
Softcore molecules torsional energy: 0
Softcore molecules non-bonded energy: 0.59676
Softcore molecules electrostatics energy: 0
Softcore molecules external potential energy: 0
Softcore molecules Potential energy: 1006.18
Gaussian total free energy: 84.5143
Gaussian ideal free energy: -233.781
Gaussian contact free energy: 245.76
Gaussian compressibility free energy: 72.5353
Gaussian electrostatic free energy: 0
Softcore molecules field coupling energy: 1005.58

Final Gaussian Chains Density Inhomogeneity: 0.400952

Iteration report, DDFT Molecular Diffusion
Number of solves: 1100000
Number of function calls: 7856474
Average number of iterations: 6.14225 (min 6, max 10)
Average end norm: 8.08886e-05 (min 4.85956e-05, max 9.99999e-05)


Final Explicit Charge: 0

Plugins and corresponding results from this calculation:----------

Archive Plugin:
Archive mode: Text
Archive file name: tt11000.csa
Archive frequency: 100

Instant results Plugin:
Instant results file name: tt11000_Inst.ctf
Instant results frequency: 10

Time used by 1100000 calculation steps on 1 processors: 32 Hours 12 Minutes 48 Seconds.

