@CulgiVersion: 5.0.1
MBF-Hybrid Simulation of box
Job Start time: Thu Oct 27 12:23:58 2011
----------------------------------------------------------------------------

Simulation Parameters:
----------------------

Field Diffusion: off
Bead Diffusion: on
Temperature: 0.1
Bead Diffusion frequency: 1
Time step: 0.01

Soft core model interaction parameters:
---------------------------------------

Bead parameters:
Type  Mass  BondValence  Diffusion  Sigma  ExtFieldConst  ChargeType  Charge  pK   Dielec  ImplIonInter  
P     1     2            0.01       0.8    1              Strong      0       N/A  1       0             

Pair interaction parameters:
Type1  Type2  A   
P      P      15  

Mesoscopic bead-field hybrid interaction parameters:
----------------------------------------------------

Bead-Field coupling parameters:
Bead  Field  parameter  
P     A      0          
P     B      0          

System Details:
---------------

Box: 64 X 64 X 1
GAUSSIANCHAIN: bcp (A20B16):  (Average number density: 0.90625)
Overall gaussian beads number density: 0.90625
SOFTCOREMOLECULE: np: 1024 (Bead fraction: 0.216216)
Overall Soft-core bead number density: 0.25

Initial Explicit Charge: 0

Initial Energies:
Softcore molecules bond stretching energy: 0
Softcore molecules angle bending energy: 0
Softcore molecules torsional energy: 0
Softcore molecules non-bonded energy: 1.19695
Softcore molecules electrostatics energy: 0
Softcore molecules external potential energy: 0
Softcore molecules Potential energy: 1.19695
Softcore molecules field coupling energy: 0

Average Energies:
Softcore molecules bond stretching energy: 0
Softcore molecules angle bending energy: 0
Softcore molecules torsional energy: 0
Softcore molecules non-bonded energy: 3.80469
Softcore molecules electrostatics energy: 0
Softcore molecules external potential energy: 0
Softcore molecules Potential energy: 3.80469
Softcore molecules field coupling energy: 0

Average Explicit Charge: 0

Final Energies:
Softcore molecules bond stretching energy: 0
Softcore molecules angle bending energy: 0
Softcore molecules torsional energy: 0
Softcore molecules non-bonded energy: 3.88858
Softcore molecules electrostatics energy: 0
Softcore molecules external potential energy: 0
Softcore molecules Potential energy: 3.88858
Softcore molecules field coupling energy: 0

Final Explicit Charge: 0

Time used by 100900 calculation steps on 2 processors: 0 Hours 1 Minutes 0 Seconds.

@CulgiVersion: 5.0.1
MBF-Hybrid Simulation of box
Job Start time: Thu Oct 27 12:24:58 2011
----------------------------------------------------------------------------

Simulation Parameters:
----------------------

Field Diffusion: on
Bead Diffusion: off
Field Diffusion frequency: 1
Time step: 0.01

DDFT Engine parameters: 
Field diffusion Method: EntropyFieldDynamics
Kappa: 15
Reference density: 1

NLESolverEngine parameters, DDFT Molecular Diffusion
Strict tolerance: On
Direction optimization Method: SteepestDescent
Starting Alpha: 0.5
Reset Alpha: On
Tolerance: 0.0001
Maximum Iterations: 25000
Maximum Line Iterations: 5

Gaussian chain interaction parameters:
---------------------------------------

Bead parameters:
Type  Volume  Diffusion  Viscosity  Expansion  ExtFieldConst  ChargeType  Charge  pK   Dielec  ImplIonInter  
A     1       1          1          0.1        1              Strong      0       N/A  1       0             
B     1       1          1          0.1        1              Strong      0       N/A  1       0             

Binary interaction parameters:
Type1  Type2  Chi  ChiL  
A      B      0    0     

Mesoscopic bead-field hybrid interaction parameters:
----------------------------------------------------

Bead-Field coupling parameters:
Bead  Field  parameter  
P     A      6          
P     B      6          

System Details:
---------------

Box: 64 X 64 X 1
GAUSSIANCHAIN: bcp (A20B16):  (Average number density: 0.90625)
Overall gaussian beads number density: 0.90625
SOFTCOREMOLECULE: np: 1024 (Bead fraction: 0.216216)
Overall Soft-core bead number density: 0.25

Initial Gaussian Chains Density Inhomogeneity: 1.92901e-14

Initial Explicit Charge: 0

Initial Energies:
Gaussian total free energy: -212.762
Gaussian ideal free energy: -482.762
Gaussian contact free energy: 0
Gaussian compressibility free energy: 270
Gaussian electrostatic free energy: 0
Softcore molecules field coupling energy: 2773.12

Average Energies:
Gaussian total free energy: -43.0041
Gaussian ideal free energy: -478.186
Gaussian contact free energy: 0
Gaussian compressibility free energy: 435.182
Gaussian electrostatic free energy: 0
Softcore molecules field coupling energy: 2603.05

Average Explicit Charge: 0

Average Gaussian Chains Density Inhomogeneity: 0.0367223

Final Energies:
Gaussian total free energy: -43.0369
Gaussian ideal free energy: -478.188
Gaussian contact free energy: 0
Gaussian compressibility free energy: 435.151
Gaussian electrostatic free energy: 0
Softcore molecules field coupling energy: 2603.08

Final Gaussian Chains Density Inhomogeneity: 0.0367217

Iteration report, DDFT Molecular Diffusion
Number of solves: 10000
Number of function calls: 56444
Average number of iterations: 4.6444 (min 4, max 7)
Average end norm: 6.77834e-05 (min 3.84292e-05, max 9.99993e-05)


Final Explicit Charge: 0

Time used by 10000 calculation steps on 2 processors: 0 Hours 7 Minutes 15 Seconds.

@CulgiVersion: 5.0.1
MBF-Hybrid Simulation of box
Job Start time: Thu Oct 27 12:32:13 2011
----------------------------------------------------------------------------

Simulation Parameters:
----------------------

Field Diffusion: on
Bead Diffusion: on
Temperature: 0.1
Bead Diffusion frequency: 1
Field Diffusion frequency: 1
Time step: 0.01

DDFT Engine parameters: 
Field diffusion Method: EntropyFieldDynamics
Kappa: 15
Reference density: 1

NLESolverEngine parameters, DDFT Molecular Diffusion
Strict tolerance: On
Direction optimization Method: SteepestDescent
Starting Alpha: 0.5
Reset Alpha: On
Tolerance: 0.0001
Maximum Iterations: 25000
Maximum Line Iterations: 5

Gaussian chain interaction parameters:
---------------------------------------

Bead parameters:
Type  Volume  Diffusion  Viscosity  Expansion  ExtFieldConst  ChargeType  Charge  pK   Dielec  ImplIonInter  
A     1       1          1          0.1        1              Strong      0       N/A  1       0             
B     1       1          1          0.1        1              Strong      0       N/A  1       0             

Binary interaction parameters:
Type1  Type2  Chi       ChiL  
A      B      0.333333  0     

Soft core model interaction parameters:
---------------------------------------

Bead parameters:
Type  Mass  BondValence  Diffusion  Sigma  ExtFieldConst  ChargeType  Charge  pK   Dielec  ImplIonInter  
P     1     2            0.01       0.8    1              Strong      0       N/A  1       0             

Pair interaction parameters:
Type1  Type2  A   
P      P      15  

Mesoscopic bead-field hybrid interaction parameters:
----------------------------------------------------

Bead-Field coupling parameters:
Bead  Field  parameter  
P     A      6          
P     B      12         

System Details:
---------------

Box: 64 X 64 X 1
GAUSSIANCHAIN: bcp (A20B16):  (Average number density: 0.90625)
Overall gaussian beads number density: 0.90625
SOFTCOREMOLECULE: np: 1024 (Bead fraction: 0.216216)
Overall Soft-core bead number density: 0.25

Initial Gaussian Chains Density Inhomogeneity: 0.0367217

Initial Explicit Charge: 0

Initial Energies:
Softcore molecules bond stretching energy: 0
Softcore molecules angle bending energy: 0
Softcore molecules torsional energy: 0
Softcore molecules non-bonded energy: 3.88858
Softcore molecules electrostatics energy: 0
Softcore molecules external potential energy: 0
Softcore molecules Potential energy: 7557.2
Gaussian total free energy: 234.789
Gaussian ideal free energy: -478.188
Gaussian contact free energy: 277.826
Gaussian compressibility free energy: 435.151
Gaussian electrostatic free energy: 0
Softcore molecules field coupling energy: 7553.31

Average Energies:
Softcore molecules bond stretching energy: 0
Softcore molecules angle bending energy: 0
Softcore molecules torsional energy: 0
Softcore molecules non-bonded energy: 136.859
Softcore molecules electrostatics energy: 0
Softcore molecules external potential energy: 0
Softcore molecules Potential energy: 4117.23
Gaussian total free energy: 981.434
Gaussian ideal free energy: -266.719
Gaussian contact free energy: 171.012
Gaussian compressibility free energy: 1077.14
Gaussian electrostatic free energy: 0
Softcore molecules field coupling energy: 3980.37

Average Explicit Charge: 0

Average Gaussian Chains Density Inhomogeneity: 0.317456

Final Energies:
Softcore molecules bond stretching energy: 0
Softcore molecules angle bending energy: 0
Softcore molecules torsional energy: 0
Softcore molecules non-bonded energy: 157.546
Softcore molecules electrostatics energy: 0
Softcore molecules external potential energy: 0
Softcore molecules Potential energy: 3953.92
Gaussian total free energy: 1041.86
Gaussian ideal free energy: -295.465
Gaussian contact free energy: 178.904
Gaussian compressibility free energy: 1158.42
Gaussian electrostatic free energy: 0
Softcore molecules field coupling energy: 3796.38

Final Gaussian Chains Density Inhomogeneity: 0.306065

Iteration report, DDFT Molecular Diffusion
Number of solves: 1100000
Number of function calls: 8814227
Average number of iterations: 7.01293 (min 6, max 10)
Average end norm: 7.5299e-05 (min 4.84628e-05, max 9.99992e-05)


Final Explicit Charge: 0

Time used by 1100000 calculation steps on 2 processors: 20 Hours 14 Minutes 51 Seconds.

