@CulgiVersion: 5.0.1
MBF-Hybrid Simulation of box
Job Start time: Fri Sep 30 06:10:23 2011
----------------------------------------------------------------------------

Simulation Parameters:
----------------------

Field Diffusion: on
Bead Diffusion: on
Temperature: 0.1
Bead Diffusion frequency: 1
Field Diffusion frequency: 1
Time step: 0.01

DDFT Engine parameters: 
Field diffusion Method: EntropyFieldDynamics
Kappa: 15
Reference density: 1

NLESolverEngine parameters, DDFT Molecular Diffusion
Strict tolerance: On
Direction optimization Method: SteepestDescent
Starting Alpha: 0.5
Reset Alpha: On
Tolerance: 0.0001
Maximum Iterations: 25000
Maximum Line Iterations: 5

Gaussian chain interaction parameters:
---------------------------------------

Bead parameters:
Type  Volume  Diffusion  Viscosity  Expansion  ExtFieldConst  ChargeType  Charge  pK   Dielec  ImplIonInter  
A     1       1          1          0.1        1              Strong      0       N/A  1       0             
B     1       1          1          0.1        1              Strong      0       N/A  1       0             

Binary interaction parameters:
Type1  Type2  Chi  ChiL  
A      B      0    0     

Soft core model interaction parameters:
---------------------------------------

Bead parameters:
Type  Mass  BondValence  Diffusion  Sigma  ExtFieldConst  ChargeType  Charge  pK   Dielec  ImplIonInter  
P     1     2            0          0.8    1              Strong      0       N/A  1       0             

Pair interaction parameters:
Type1  Type2  A   
P      P      25  

Mesoscopic bead-field hybrid interaction parameters:
----------------------------------------------------

Bead-Field coupling parameters:
Bead  Field  parameter  
P     A      7          
P     B      7          

System Details:
---------------

Box: 64 X 64 X 1
GAUSSIANCHAIN: bcp (A20B16):  (Average number density: 0.839783)
Overall gaussian beads number density: 0.839783
SOFTCOREMOLECULE: np: 1500 (Bead fraction: 0.303659)
Overall Soft-core bead number density: 0.366211

Initial Gaussian Chains Density Inhomogeneity: 1.68476e-14

Initial Explicit Charge: 0

Initial Energies:
Softcore molecules bond stretching energy: 0
Softcore molecules angle bending energy: 0
Softcore molecules torsional energy: 0
Softcore molecules non-bonded energy: 2.05277
Softcore molecules electrostatics energy: 0
Softcore molecules external potential energy: 0
Softcore molecules Potential energy: 8819.77
Gaussian total free energy: 333.937
Gaussian ideal free energy: -454.633
Gaussian contact free energy: 0
Gaussian compressibility free energy: 788.569
Gaussian electrostatic free energy: 0
Softcore molecules field coupling energy: 8817.72

Average Energies:
Softcore molecules bond stretching energy: 0
Softcore molecules angle bending energy: 0
Softcore molecules torsional energy: 0
Softcore molecules non-bonded energy: 2.05277
Softcore molecules electrostatics energy: 0
Softcore molecules external potential energy: 0
Softcore molecules Potential energy: 8597.8
Gaussian total free energy: 444.937
Gaussian ideal free energy: -450.233
Gaussian contact free energy: 0
Gaussian compressibility free energy: 895.17
Gaussian electrostatic free energy: 0
Softcore molecules field coupling energy: 8595.75

Average Explicit Charge: 0

Average Gaussian Chains Density Inhomogeneity: 0.0295157

Final Energies:
Softcore molecules bond stretching energy: 0
Softcore molecules angle bending energy: 0
Softcore molecules torsional energy: 0
Softcore molecules non-bonded energy: 2.05277
Softcore molecules electrostatics energy: 0
Softcore molecules external potential energy: 0
Softcore molecules Potential energy: 8597.72
Gaussian total free energy: 444.995
Gaussian ideal free energy: -450.232
Gaussian contact free energy: 0
Gaussian compressibility free energy: 895.227
Gaussian electrostatic free energy: 0
Softcore molecules field coupling energy: 8595.66

Final Gaussian Chains Density Inhomogeneity: 0.0295244

Iteration report, DDFT Molecular Diffusion
Number of solves: 10000
Number of function calls: 56518
Average number of iterations: 4.6518 (min 4, max 7)
Average end norm: 6.74814e-05 (min 4.38776e-05, max 9.9997e-05)


Final Explicit Charge: 0

Time used by 10000 calculation steps on 2 processors: 0 Hours 7 Minutes 49 Seconds.

@CulgiVersion: 5.0.1
MBF-Hybrid Simulation of box
Job Start time: Fri Sep 30 06:18:12 2011
----------------------------------------------------------------------------

Simulation Parameters:
----------------------

Field Diffusion: on
Bead Diffusion: on
Temperature: 0.1
Bead Diffusion frequency: 1
Field Diffusion frequency: 1
Time step: 0.01

DDFT Engine parameters: 
Field diffusion Method: EntropyFieldDynamics
Kappa: 15
Reference density: 1

NLESolverEngine parameters, DDFT Molecular Diffusion
Strict tolerance: On
Direction optimization Method: SteepestDescent
Starting Alpha: 0.5
Reset Alpha: On
Tolerance: 0.0001
Maximum Iterations: 25000
Maximum Line Iterations: 5

Gaussian chain interaction parameters:
---------------------------------------

Bead parameters:
Type  Volume  Diffusion  Viscosity  Expansion  ExtFieldConst  ChargeType  Charge  pK   Dielec  ImplIonInter  
A     1       1          1          0.1        1              Strong      0       N/A  1       0             
B     1       1          1          0.1        1              Strong      0       N/A  1       0             

Binary interaction parameters:
Type1  Type2  Chi       ChiL  
A      B      0.666667  0     

Soft core model interaction parameters:
---------------------------------------

Bead parameters:
Type  Mass  BondValence  Diffusion  Sigma  ExtFieldConst  ChargeType  Charge  pK   Dielec  ImplIonInter  
P     1     2            0.01       0.8    1              Strong      0       N/A  1       0             

Pair interaction parameters:
Type1  Type2  A   
P      P      25  

Mesoscopic bead-field hybrid interaction parameters:
----------------------------------------------------

Bead-Field coupling parameters:
Bead  Field  parameter  
P     A      7          
P     B      14         

System Details:
---------------

Box: 64 X 64 X 1
GAUSSIANCHAIN: bcp (A20B16):  (Average number density: 0.839783)
Overall gaussian beads number density: 0.839783
SOFTCOREMOLECULE: np: 1500 (Bead fraction: 0.303659)
Overall Soft-core bead number density: 0.366211

Initial Gaussian Chains Density Inhomogeneity: 0.0295244

Initial Explicit Charge: 0

Initial Energies:
Softcore molecules bond stretching energy: 0
Softcore molecules angle bending energy: 0
Softcore molecules torsional energy: 0
Softcore molecules non-bonded energy: 2.05277
Softcore molecules electrostatics energy: 0
Softcore molecules external potential energy: 0
Softcore molecules Potential energy: 12418.3
Gaussian total free energy: 921.344
Gaussian ideal free energy: -450.232
Gaussian contact free energy: 476.349
Gaussian compressibility free energy: 895.227
Gaussian electrostatic free energy: 0
Softcore molecules field coupling energy: 12416.3

Average Energies:
Softcore molecules bond stretching energy: 0
Softcore molecules angle bending energy: 0
Softcore molecules torsional energy: 0
Softcore molecules non-bonded energy: 250.032
Softcore molecules electrostatics energy: 0
Softcore molecules external potential energy: 0
Softcore molecules Potential energy: 5694.58
Gaussian total free energy: 2501.12
Gaussian ideal free energy: -169.131
Gaussian contact free energy: 203.083
Gaussian compressibility free energy: 2467.16
Gaussian electrostatic free energy: 0
Softcore molecules field coupling energy: 5444.55

Average Explicit Charge: 0

Average Gaussian Chains Density Inhomogeneity: 0.368438

Final Energies:
Softcore molecules bond stretching energy: 0
Softcore molecules angle bending energy: 0
Softcore molecules torsional energy: 0
Softcore molecules non-bonded energy: 264.568
Softcore molecules electrostatics energy: 0
Softcore molecules external potential energy: 0
Softcore molecules Potential energy: 5491.24
Gaussian total free energy: 2599.48
Gaussian ideal free energy: -171.409
Gaussian contact free energy: 195.693
Gaussian compressibility free energy: 2575.2
Gaussian electrostatic free energy: 0
Softcore molecules field coupling energy: 5226.67

Final Gaussian Chains Density Inhomogeneity: 0.372879

Iteration report, DDFT Molecular Diffusion
Number of solves: 5500000
Number of function calls: 44955029
Average number of iterations: 7.17364 (min 7, max 9)
Average end norm: 8.21912e-05 (min 4.7912e-05, max 0.0001)


Final Explicit Charge: 0

Time used by 5500000 calculation steps on 2 processors: 110 Hours 14 Minutes 6 Seconds.

