@CulgiVersion: 5.0.1
MBF-Hybrid Simulation of box
Job Start time: Sun Sep 18 22:50:34 2011
----------------------------------------------------------------------------

Simulation Parameters:
----------------------

Field Diffusion: on
Bead Diffusion: on
Temperature: 0.1
Bead Diffusion frequency: 1
Field Diffusion frequency: 1
Time step: 0.01

DDFT Engine parameters: 
Field diffusion Method: EntropyFieldDynamics
Kappa: 15
Reference density: 1

NLESolverEngine parameters, DDFT Molecular Diffusion
Strict tolerance: On
Direction optimization Method: SteepestDescent
Starting Alpha: 0.5
Reset Alpha: On
Tolerance: 0.0001
Maximum Iterations: 25000
Maximum Line Iterations: 5

Gaussian chain interaction parameters:
---------------------------------------

Bead parameters:
Type  Volume  Diffusion  Viscosity  Expansion  ExtFieldConst  ChargeType  Charge  pK   Dielec  ImplIonInter  
A     1       1          1          0.1        1              Strong      0       N/A  1       0             
B     1       1          1          0.1        1              Strong      0       N/A  1       0             

Binary interaction parameters:
Type1  Type2  Chi       ChiL  
A      B      0.666667  0     

Soft core model interaction parameters:
---------------------------------------

Bead parameters:
Type  Mass  BondValence  Diffusion  Sigma  ExtFieldConst  ChargeType  Charge  pK   Dielec  ImplIonInter  
P     1     2            0.1        0.8    1              Strong      0       N/A  1       0             

Pair interaction parameters:
Type1  Type2  A   
P      P      25  

Mesoscopic bead-field hybrid interaction parameters:
----------------------------------------------------

Bead-Field coupling parameters:
Bead  Field  parameter  
P     A      7          
P     B      14         

System Details:
---------------

Box: 64 X 64 X 1
GAUSSIANCHAIN: bcp (A20B16):  (Average number density: 0.786377)
Overall gaussian beads number density: 0.786377
SOFTCOREMOLECULE: np: 2000 (Bead fraction: 0.383068)
Overall Soft-core bead number density: 0.488281

Initial Gaussian Chains Density Inhomogeneity: 8.10463e-15

Initial Explicit Charge: 0

Initial Energies:
Softcore molecules bond stretching energy: 0
Softcore molecules angle bending energy: 0
Softcore molecules torsional energy: 0
Softcore molecules non-bonded energy: 3267.81
Softcore molecules electrostatics energy: 0
Softcore molecules external potential energy: 0
Softcore molecules Potential energy: 19170.1
Gaussian total free energy: 1387.24
Gaussian ideal free energy: -431.6
Gaussian contact free energy: 416.942
Gaussian compressibility free energy: 1401.9
Gaussian electrostatic free energy: 0
Softcore molecules field coupling energy: 15902.3

Average Energies:
Softcore molecules bond stretching energy: 0
Softcore molecules angle bending energy: 0
Softcore molecules torsional energy: 0
Softcore molecules non-bonded energy: 379.756
Softcore molecules electrostatics energy: 0
Softcore molecules external potential energy: 0
Softcore molecules Potential energy: 7217.09
Gaussian total free energy: 3539.26
Gaussian ideal free energy: -131.105
Gaussian contact free energy: 174.712
Gaussian compressibility free energy: 3495.65
Gaussian electrostatic free energy: 0
Softcore molecules field coupling energy: 6837.34

Average Explicit Charge: 0

Average Gaussian Chains Density Inhomogeneity: 0.359229

Final Energies:
Softcore molecules bond stretching energy: 0
Softcore molecules angle bending energy: 0
Softcore molecules torsional energy: 0
Softcore molecules non-bonded energy: 395.637
Softcore molecules electrostatics energy: 0
Softcore molecules external potential energy: 0
Softcore molecules Potential energy: 7077.15
Gaussian total free energy: 3611.68
Gaussian ideal free energy: -130.144
Gaussian contact free energy: 171.486
Gaussian compressibility free energy: 3570.33
Gaussian electrostatic free energy: 0
Softcore molecules field coupling energy: 6681.51

Final Gaussian Chains Density Inhomogeneity: 0.361272

Iteration report, DDFT Molecular Diffusion
Number of solves: 1100000
Number of function calls: 10379467
Average number of iterations: 8.43582 (min 8, max 51)
Average end norm: 7.55555e-05 (min 3.26551e-05, max 0.0001)


Final Explicit Charge: 0

Time used by 1100000 calculation steps on 4 processors: 14 Hours 32 Minutes 2 Seconds.

