@CulgiVersion: 6.0.0
MBF-Hybrid Simulation of box
Job Start time: Tue May  8 23:36:47 2012
----------------------------------------------------------------------------

Simulation Parameters:
----------------------

Field Diffusion: off
Bead Diffusion: on
Temperature: 0.1
Bead Diffusion frequency: 1
Time step: 0.01

Soft core model interaction parameters:
---------------------------------------

Bead parameters:
Type  Mass  BondValence  Diffusion  Sigma  ExtFieldConst  ChargeType  Charge  pK   Dielec  ImplIonInter  
C     1     2            0.04       0.8    1              Strong      0       N/A  1       0             
S     1     2            0.04       0.8    1              Strong      0       N/A  1       0             

Pair interaction parameters:
Type1  Type2  A   
C      C      10  
C      S      10  
S      S      10  

Mesoscopic bead-field hybrid interaction parameters:
----------------------------------------------------

Bead-Field coupling parameters:
Bead  Field  parameter  
C     A      0          
C     B      0          
S     A      0          
S     B      0          

System Details:
---------------

Box: 64 X 64 X 1
GAUSSIANCHAIN: bcp (A20B16):  (Average number density: 0.859375)
Overall gaussian beads number density: 0.859375
SOFTCORECOLLOID: np: 512 (Bead fraction: 0.566929)
Overall Soft-core bead number density: 1.125


Initial Explicit Charge: 0

Initial Energies:
Softcore molecules bond stretching energy: 0
Softcore molecules angle bending energy: 0
Softcore molecules torsional energy: 0
Softcore molecules non-bonded energy: 6874.85
Softcore molecules electrostatics energy: 0
Softcore molecules external potential energy: 0
Softcore molecules Potential energy: 6874.85
Softcore molecules field coupling energy: 0

Average Energies:
Softcore molecules bond stretching energy: 0
Softcore molecules angle bending energy: 0
Softcore molecules torsional energy: 0
Softcore molecules non-bonded energy: 23.5183
Softcore molecules electrostatics energy: 0
Softcore molecules external potential energy: 0
Softcore molecules Potential energy: 23.5183
Softcore molecules field coupling energy: 0

Average Explicit Charge: 0

Final Energies:
Softcore molecules bond stretching energy: 0
Softcore molecules angle bending energy: 0
Softcore molecules torsional energy: 0
Softcore molecules non-bonded energy: 3.40959
Softcore molecules electrostatics energy: 0
Softcore molecules external potential energy: 0
Softcore molecules Potential energy: 3.40959
Softcore molecules field coupling energy: 0

Final Explicit Charge: 0

Time used by 100000 calculation steps on 1 processors: 0 Hours 5 Minutes 54 Seconds.

@CulgiVersion: 6.0.0
MBF-Hybrid Simulation of box
Job Start time: Tue May  8 23:42:41 2012
----------------------------------------------------------------------------

Simulation Parameters:
----------------------

Field Diffusion: on
Bead Diffusion: off
Field Diffusion frequency: 1
Time step: 0.01

DDFT Engine parameters: 
Field diffusion Method: EntropyFieldDynamics
Kappa: 15
Reference density: 1

NLESolverEngine parameters, DDFT Molecular Diffusion
Strict tolerance: On
Direction optimization Method: SteepestDescent
Starting Alpha: 0.5
Reset Alpha: On
Tolerance: 0.0001
Maximum Iterations: 25000
Maximum Line Iterations: 5

Gaussian chain interaction parameters:
---------------------------------------

Bead parameters:
Type  Volume  Diffusion  Viscosity  Expansion  ExtFieldConst  ChargeType  Charge  pK   Dielec  ImplIonInter  
A     1       1          1          0.1        1              Strong      0       N/A  1       0             
B     1       1          1          0.1        1              Strong      0       N/A  1       0             

Binary interaction parameters:
Type1  Type2  Chi  ChiL  
A      B      0    0     

Mesoscopic bead-field hybrid interaction parameters:
----------------------------------------------------

Bead-Field coupling parameters:
Bead  Field  parameter  
C     A      2          
C     B      2          
S     A      2          
S     B      2          

System Details:
---------------

Box: 64 X 64 X 1
GAUSSIANCHAIN: bcp (A20B16):  (Average number density: 0.859375)
Overall gaussian beads number density: 0.859375
SOFTCORECOLLOID: np: 512 (Bead fraction: 0.566929)
Overall Soft-core bead number density: 1.125


Initial Gaussian Chains Density Inhomogeneity: 3.5083e-14

Initial Explicit Charge: 0

Initial Energies:
Gaussian total free energy: 144.515
Gaussian ideal free energy: -462.985
Gaussian contact free energy: 0
Gaussian compressibility free energy: 607.5
Gaussian electrostatic free energy: 0
Softcore molecules field coupling energy: 7920

Average Energies:
Gaussian total free energy: 781.617
Gaussian ideal free energy: -446.311
Gaussian contact free energy: 0
Gaussian compressibility free energy: 1227.93
Gaussian electrostatic free energy: 0
Softcore molecules field coupling energy: 6643.82

Average Explicit Charge: 0

Average Gaussian Chains Density Inhomogeneity: 0.0710839

Final Energies:
Gaussian total free energy: 781.78
Gaussian ideal free energy: -446.303
Gaussian contact free energy: 0
Gaussian compressibility free energy: 1228.08
Gaussian electrostatic free energy: 0
Softcore molecules field coupling energy: 6643.46

Final Gaussian Chains Density Inhomogeneity: 0.0710959

Iteration report, DDFT Molecular Diffusion
Number of solves: 10000
Number of function calls: 56563
Average number of iterations: 4.6563 (min 4, max 8)
Average end norm: 6.73379e-05 (min 3.92924e-05, max 9.99997e-05)


Final Explicit Charge: 0

Time used by 10000 calculation steps on 1 processors: 0 Hours 15 Minutes 39 Seconds.

@CulgiVersion: 6.0.0
MBF-Hybrid Simulation of box
Job Start time: Tue May  8 23:58:21 2012
----------------------------------------------------------------------------

Simulation Parameters:
----------------------

Field Diffusion: on
Bead Diffusion: on
Temperature: 0.1
Bead Diffusion frequency: 1
Field Diffusion frequency: 1
Time step: 0.01

DDFT Engine parameters: 
Field diffusion Method: EntropyFieldDynamics
Kappa: 15
Reference density: 1

NLESolverEngine parameters, DDFT Molecular Diffusion
Strict tolerance: On
Direction optimization Method: SteepestDescent
Starting Alpha: 0.5
Reset Alpha: On
Tolerance: 0.0001
Maximum Iterations: 25000
Maximum Line Iterations: 5

Gaussian chain interaction parameters:
---------------------------------------

Bead parameters:
Type  Volume  Diffusion  Viscosity  Expansion  ExtFieldConst  ChargeType  Charge  pK   Dielec  ImplIonInter  
A     1       1          1          0.1        1              Strong      0       N/A  1       0             
B     1       1          1          0.1        1              Strong      0       N/A  1       0             

Binary interaction parameters:
Type1  Type2  Chi       ChiL  
A      B      0.666667  0     

Soft core model interaction parameters:
---------------------------------------

Bead parameters:
Type  Mass  BondValence  Diffusion  Sigma  ExtFieldConst  ChargeType  Charge  pK   Dielec  ImplIonInter  
C     1     2            0.04       0.8    1              Strong      0       N/A  1       0             
S     1     2            0.04       0.8    1              Strong      0       N/A  1       0             

Pair interaction parameters:
Type1  Type2  A   
C      C      10  
C      S      10  
S      S      10  

Mesoscopic bead-field hybrid interaction parameters:
----------------------------------------------------

Bead-Field coupling parameters:
Bead  Field  parameter  
C     A      2          
C     B      4          
S     A      2          
S     B      4          

System Details:
---------------

Box: 64 X 64 X 1
GAUSSIANCHAIN: bcp (A20B16):  (Average number density: 0.859375)
Overall gaussian beads number density: 0.859375
SOFTCORECOLLOID: np: 512 (Bead fraction: 0.566929)
Overall Soft-core bead number density: 1.125


Initial Gaussian Chains Density Inhomogeneity: 0.0710959

Initial Explicit Charge: 0

Initial Energies:
Softcore molecules bond stretching energy: 0
Softcore molecules angle bending energy: 0
Softcore molecules torsional energy: 0
Softcore molecules non-bonded energy: 3.40959
Softcore molecules electrostatics energy: 0
Softcore molecules external potential energy: 0
Softcore molecules Potential energy: 9603.19
Gaussian total free energy: 1287.83
Gaussian ideal free energy: -446.303
Gaussian contact free energy: 506.049
Gaussian compressibility free energy: 1228.08
Gaussian electrostatic free energy: 0
Softcore molecules field coupling energy: 9599.78

Average Energies:
Softcore molecules bond stretching energy: 0
Softcore molecules angle bending energy: 0
Softcore molecules torsional energy: 0
Softcore molecules non-bonded energy: 59.1937
Softcore molecules electrostatics energy: 0
Softcore molecules external potential energy: 0
Softcore molecules Potential energy: 6376.89
Gaussian total free energy: 1741.9
Gaussian ideal free energy: -24.0167
Gaussian contact free energy: 230.829
Gaussian compressibility free energy: 1535.09
Gaussian electrostatic free energy: 0
Softcore molecules field coupling energy: 6317.7

Average Explicit Charge: 0

Average Gaussian Chains Density Inhomogeneity: 0.369439

Final Energies:
Softcore molecules bond stretching energy: 0
Softcore molecules angle bending energy: 0
Softcore molecules torsional energy: 0
Softcore molecules non-bonded energy: 77.2375
Softcore molecules electrostatics energy: 0
Softcore molecules external potential energy: 0
Softcore molecules Potential energy: 6171.77
Gaussian total free energy: 1754.18
Gaussian ideal free energy: -63.6643
Gaussian contact free energy: 229.003
Gaussian compressibility free energy: 1588.85
Gaussian electrostatic free energy: 0
Softcore molecules field coupling energy: 6094.53

Final Gaussian Chains Density Inhomogeneity: 0.367293

Iteration report, DDFT Molecular Diffusion
Number of solves: 110000
Number of function calls: 772012
Average number of iterations: 6.01829 (min 6, max 11)
Average end norm: 7.67974e-05 (min 4.84427e-05, max 9.99987e-05)


Final Explicit Charge: 0

Plugins and corresponding results from this calculation:----------

Archive Plugin:
Archive mode: Text
Archive file name: tt1100_ts0.01.csa
Archive frequency: 100

Instant results Plugin:
Instant results file name: tt1100_ts0.01_Inst.ctf
Instant results frequency: 10

Time used by 110000 calculation steps on 1 processors: 3 Hours 46 Minutes 34 Seconds.

