@CulgiVersion: 6.0.0
MBF-Hybrid Simulation of box
Job Start time: Wed May 16 17:34:34 2012
----------------------------------------------------------------------------

Simulation Parameters:
----------------------

Field Diffusion: off
Bead Diffusion: on
Temperature: 0.01
Bead Diffusion frequency: 1
Time step: 0.01

Soft core model interaction parameters:
---------------------------------------

Bead parameters:
Type  Mass  BondValence  Diffusion  Sigma  ExtFieldConst  ChargeType  Charge  pK   Dielec  ImplIonInter  
C     1     2            0.04       0.8    1              Strong      0       N/A  1       0             
S     1     2            0.04       0.8    1              Strong      0       N/A  1       0             

Pair interaction parameters:
Type1  Type2  A   
C      C      10  
C      S      10  
S      S      10  

Mesoscopic bead-field hybrid interaction parameters:
----------------------------------------------------

Bead-Field coupling parameters:
Bead  Field  parameter  
C     A      0          
C     B      0          
S     A      0          
S     B      0          

System Details:
---------------

Box: 64 X 64 X 1
GAUSSIANCHAIN: bcp (A20B16):  (Average number density: 0.910156)
Overall gaussian beads number density: 0.910156
SOFTCORECOLLOID: np: 256 (Bead fraction: 0.381963)
Overall Soft-core bead number density: 0.5625


Initial Explicit Charge: 0

Initial Energies:
Softcore molecules bond stretching energy: 0
Softcore molecules angle bending energy: 0
Softcore molecules torsional energy: 0
Softcore molecules non-bonded energy: 1754.83
Softcore molecules electrostatics energy: 0
Softcore molecules external potential energy: 0
Softcore molecules Potential energy: 1754.83
Softcore molecules field coupling energy: 0

Average Energies:
Softcore molecules bond stretching energy: 0
Softcore molecules angle bending energy: 0
Softcore molecules torsional energy: 0
Softcore molecules non-bonded energy: 37.2586
Softcore molecules electrostatics energy: 0
Softcore molecules external potential energy: 0
Softcore molecules Potential energy: 37.2586
Softcore molecules field coupling energy: 0

Average Explicit Charge: 0

Final Energies:
Softcore molecules bond stretching energy: 0
Softcore molecules angle bending energy: 0
Softcore molecules torsional energy: 0
Softcore molecules non-bonded energy: 0.380285
Softcore molecules electrostatics energy: 0
Softcore molecules external potential energy: 0
Softcore molecules Potential energy: 0.380285
Softcore molecules field coupling energy: 0

Final Explicit Charge: 0

Time used by 100000 calculation steps on 1 processors: 0 Hours 2 Minutes 39 Seconds.

@CulgiVersion: 6.0.0
MBF-Hybrid Simulation of box
Job Start time: Wed May 16 17:37:13 2012
----------------------------------------------------------------------------

Simulation Parameters:
----------------------

Field Diffusion: on
Bead Diffusion: off
Field Diffusion frequency: 1
Time step: 0.01

DDFT Engine parameters: 
Field diffusion Method: EntropyFieldDynamics
Kappa: 15
Reference density: 1

NLESolverEngine parameters, DDFT Molecular Diffusion
Strict tolerance: On
Direction optimization Method: SteepestDescent
Starting Alpha: 0.5
Reset Alpha: On
Tolerance: 0.0001
Maximum Iterations: 25000
Maximum Line Iterations: 5

Gaussian chain interaction parameters:
---------------------------------------

Bead parameters:
Type  Volume  Diffusion  Viscosity  Expansion  ExtFieldConst  ChargeType  Charge  pK   Dielec  ImplIonInter  
A     1       1          1          0.1        1              Strong      0       N/A  1       0             
B     1       1          1          0.1        1              Strong      0       N/A  1       0             

Binary interaction parameters:
Type1  Type2  Chi  ChiL  
A      B      0    0     

Mesoscopic bead-field hybrid interaction parameters:
----------------------------------------------------

Bead-Field coupling parameters:
Bead  Field  parameter  
C     A      15         
C     B      15         
S     A      1          
S     B      1          

System Details:
---------------

Box: 64 X 64 X 1
GAUSSIANCHAIN: bcp (A20B16):  (Average number density: 0.910156)
Overall gaussian beads number density: 0.910156
SOFTCORECOLLOID: np: 256 (Bead fraction: 0.381963)
Overall Soft-core bead number density: 0.5625


Initial Gaussian Chains Density Inhomogeneity: 2.01505e-14

Initial Explicit Charge: 0

Initial Energies:
Gaussian total free energy: -236.429
Gaussian ideal free energy: -484.397
Gaussian contact free energy: 0
Gaussian compressibility free energy: 247.969
Gaussian electrostatic free energy: 0
Softcore molecules field coupling energy: 5359

Average Energies:
Gaussian total free energy: 360.088
Gaussian ideal free energy: -467.429
Gaussian contact free energy: 0
Gaussian compressibility free energy: 827.516
Gaussian electrostatic free energy: 0
Softcore molecules field coupling energy: 4161.73

Average Explicit Charge: 0

Average Gaussian Chains Density Inhomogeneity: 0.0687073

Final Energies:
Gaussian total free energy: 360.392
Gaussian ideal free energy: -467.422
Gaussian contact free energy: 0
Gaussian compressibility free energy: 827.814
Gaussian electrostatic free energy: 0
Softcore molecules field coupling energy: 4161.18

Final Gaussian Chains Density Inhomogeneity: 0.0687276

Iteration report, DDFT Molecular Diffusion
Number of solves: 10000
Number of function calls: 56487
Average number of iterations: 4.6487 (min 4, max 8)
Average end norm: 6.77205e-05 (min 4.70586e-05, max 9.9999e-05)


Final Explicit Charge: 0

Time used by 10000 calculation steps on 1 processors: 0 Hours 14 Minutes 4 Seconds.

@CulgiVersion: 6.0.0
MBF-Hybrid Simulation of box
Job Start time: Wed May 16 17:51:17 2012
----------------------------------------------------------------------------

Simulation Parameters:
----------------------

Field Diffusion: on
Bead Diffusion: on
Temperature: 0.01
Bead Diffusion frequency: 1
Field Diffusion frequency: 1
Time step: 0.01

DDFT Engine parameters: 
Field diffusion Method: EntropyFieldDynamics
Kappa: 15
Reference density: 1

NLESolverEngine parameters, DDFT Molecular Diffusion
Strict tolerance: On
Direction optimization Method: SteepestDescent
Starting Alpha: 0.5
Reset Alpha: On
Tolerance: 0.0001
Maximum Iterations: 25000
Maximum Line Iterations: 5

Gaussian chain interaction parameters:
---------------------------------------

Bead parameters:
Type  Volume  Diffusion  Viscosity  Expansion  ExtFieldConst  ChargeType  Charge  pK   Dielec  ImplIonInter  
A     1       1          1          0.1        1              Strong      0       N/A  1       0             
B     1       1          1          0.1        1              Strong      0       N/A  1       0             

Binary interaction parameters:
Type1  Type2  Chi       ChiL  
A      B      0.666667  0     

Soft core model interaction parameters:
---------------------------------------

Bead parameters:
Type  Mass  BondValence  Diffusion  Sigma  ExtFieldConst  ChargeType  Charge  pK   Dielec  ImplIonInter  
C     1     2            0.04       0.8    1              Strong      0       N/A  1       0             
S     1     2            0.04       0.8    1              Strong      0       N/A  1       0             

Pair interaction parameters:
Type1  Type2  A   
C      C      10  
C      S      10  
S      S      10  

Mesoscopic bead-field hybrid interaction parameters:
----------------------------------------------------

Bead-Field coupling parameters:
Bead  Field  parameter  
C     A      15         
C     B      15         
S     A      1          
S     B      2          

System Details:
---------------

Box: 64 X 64 X 1
GAUSSIANCHAIN: bcp (A20B16):  (Average number density: 0.910156)
Overall gaussian beads number density: 0.910156
SOFTCORECOLLOID: np: 256 (Bead fraction: 0.381963)
Overall Soft-core bead number density: 0.5625


Initial Gaussian Chains Density Inhomogeneity: 0.0687276

Initial Explicit Charge: 0

Initial Energies:
Softcore molecules bond stretching energy: 0
Softcore molecules angle bending energy: 0
Softcore molecules torsional energy: 0
Softcore molecules non-bonded energy: 0.380285
Softcore molecules electrostatics energy: 0
Softcore molecules external potential energy: 0
Softcore molecules Potential energy: 4868
Gaussian total free energy: 926.256
Gaussian ideal free energy: -467.422
Gaussian contact free energy: 565.864
Gaussian compressibility free energy: 827.814
Gaussian electrostatic free energy: 0
Softcore molecules field coupling energy: 4867.62

Average Energies:
Softcore molecules bond stretching energy: 0
Softcore molecules angle bending energy: 0
Softcore molecules torsional energy: 0
Softcore molecules non-bonded energy: 8.52763
Softcore molecules electrostatics energy: 0
Softcore molecules external potential energy: 0
Softcore molecules Potential energy: 4204.27
Gaussian total free energy: 965.272
Gaussian ideal free energy: -152.422
Gaussian contact free energy: 241.102
Gaussian compressibility free energy: 876.592
Gaussian electrostatic free energy: 0
Softcore molecules field coupling energy: 4195.75

Average Explicit Charge: 0

Average Gaussian Chains Density Inhomogeneity: 0.375564

Final Energies:
Softcore molecules bond stretching energy: 0
Softcore molecules angle bending energy: 0
Softcore molecules torsional energy: 0
Softcore molecules non-bonded energy: 11.6128
Softcore molecules electrostatics energy: 0
Softcore molecules external potential energy: 0
Softcore molecules Potential energy: 4162.76
Gaussian total free energy: 967.403
Gaussian ideal free energy: -151.232
Gaussian contact free energy: 233.744
Gaussian compressibility free energy: 884.891
Gaussian electrostatic free energy: 0
Softcore molecules field coupling energy: 4151.15

Final Gaussian Chains Density Inhomogeneity: 0.378949

Iteration report, DDFT Molecular Diffusion
Number of solves: 110000
Number of function calls: 661084
Average number of iterations: 5.00985 (min 5, max 8)
Average end norm: 8.26143e-05 (min 4.81918e-05, max 9.99875e-05)


Final Explicit Charge: 0

Plugins and corresponding results from this calculation:----------

Archive Plugin:
Archive mode: Text
Archive file name: tt1100_ts0.01_np8.csa
Archive frequency: 100

Instant results Plugin:
Instant results file name: tt1100_ts0.01_np8_Inst.ctf
Instant results frequency: 10

Time used by 110000 calculation steps on 1 processors: 3 Hours 0 Minutes 23 Seconds.

