@CulgiVersion: 5.0.1
MBF-Hybrid Simulation of box
Job Start time: Wed Sep 14 10:10:41 2011
----------------------------------------------------------------------------

Simulation Parameters:
----------------------

Field Diffusion: on
Bead Diffusion: on
Temperature: 0.1
Bead Diffusion frequency: 1
Field Diffusion frequency: 1
Time step: 0.01

DDFT Engine parameters: 
Field diffusion Method: EntropyFieldDynamics
Kappa: 15
Reference density: 1

NLESolverEngine parameters, DDFT Molecular Diffusion
Strict tolerance: On
Direction optimization Method: SteepestDescent
Starting Alpha: 0.5
Reset Alpha: On
Tolerance: 0.0001
Maximum Iterations: 25000
Maximum Line Iterations: 5

Gaussian chain interaction parameters:
---------------------------------------

Bead parameters:
Type  Volume  Diffusion  Viscosity  Expansion  ExtFieldConst  ChargeType  Charge  pK   Dielec  ImplIonInter  
A     1       1          1          0.1        1              Strong      0       N/A  1       0             
B     1       1          1          0.1        1              Strong      0       N/A  1       0             

Binary interaction parameters:
Type1  Type2  Chi       ChiL  
A      B      0.666667  0     

Soft core model interaction parameters:
---------------------------------------

Bead parameters:
Type  Mass  BondValence  Diffusion  Sigma  ExtFieldConst  ChargeType  Charge  pK   Dielec  ImplIonInter  
P     1     2            0.1        0.8    1              Strong      0       N/A  1       0             

Pair interaction parameters:
Type1  Type2  A   
P      P      25  

Mesoscopic bead-field hybrid interaction parameters:
----------------------------------------------------

Bead-Field coupling parameters:
Bead  Field  parameter  
P     A      10         
P     B      18         

System Details:
---------------

Box: 64 X 64 X 1
GAUSSIANCHAIN: bcp (A20B16):  (Average number density: 0.694824)
Overall gaussian beads number density: 0.694824
SOFTCOREMOLECULE: np: 2000 (Bead fraction: 0.412712)
Overall Soft-core bead number density: 0.488281

Initial Gaussian Chains Density Inhomogeneity: 4.85723e-15

Initial Explicit Charge: 0

Initial Energies:
Softcore molecules bond stretching energy: 0
Softcore molecules angle bending energy: 0
Softcore molecules torsional energy: 0
Softcore molecules non-bonded energy: 3538.03
Softcore molecules electrostatics energy: 0
Softcore molecules external potential energy: 0
Softcore molecules Potential energy: 22375.5
Gaussian total free energy: 2795.4
Gaussian ideal free energy: -391.136
Gaussian contact free energy: 325.509
Gaussian compressibility free energy: 2861.02
Gaussian electrostatic free energy: 0
Softcore molecules field coupling energy: 18837.5

Average Energies:
Softcore molecules bond stretching energy: 0
Softcore molecules angle bending energy: 0
Softcore molecules torsional energy: 0
Softcore molecules non-bonded energy: 1514.69
Softcore molecules electrostatics energy: 0
Softcore molecules external potential energy: 0
Softcore molecules Potential energy: 3908.92
Gaussian total free energy: 8397.41
Gaussian ideal free energy: -137.863
Gaussian contact free energy: 190.906
Gaussian compressibility free energy: 8344.37
Gaussian electrostatic free energy: 0
Softcore molecules field coupling energy: 2394.22

Average Explicit Charge: 0

Average Gaussian Chains Density Inhomogeneity: 0.384208

Final Energies:
Softcore molecules bond stretching energy: 0
Softcore molecules angle bending energy: 0
Softcore molecules torsional energy: 0
Softcore molecules non-bonded energy: 1556.56
Softcore molecules electrostatics energy: 0
Softcore molecules external potential energy: 0
Softcore molecules Potential energy: 3535.85
Gaussian total free energy: 8587.8
Gaussian ideal free energy: -147.517
Gaussian contact free energy: 185.774
Gaussian compressibility free energy: 8549.54
Gaussian electrostatic free energy: 0
Softcore molecules field coupling energy: 1979.29

Final Gaussian Chains Density Inhomogeneity: 0.390058

Iteration report, DDFT Molecular Diffusion
Number of solves: 1100000
Number of function calls: 11840999
Average number of iterations: 9.76454 (min 9, max 32)
Average end norm: 6.46716e-05 (min 4.82578e-05, max 9.99999e-05)


Final Explicit Charge: 0

Time used by 1100000 calculation steps on 4 processors: 16 Hours 53 Minutes 57 Seconds.

