@CulgiVersion: 6.0.0
MBF-Hybrid Simulation of box
Job Start time: Sat Apr 14 17:32:16 2012
----------------------------------------------------------------------------

Simulation Parameters:
----------------------

Field Diffusion: off
Bead Diffusion: on
Temperature: 0.1
Bead Diffusion frequency: 1
Time step: 0.01

Soft core model interaction parameters:
---------------------------------------

Bead parameters:
Type  Mass  BondValence  Diffusion  Sigma  ExtFieldConst  ChargeType  Charge  pK   Dielec  ImplIonInter  
C     1     2            0.04       0.8    1              Strong      0       N/A  1       0             
S     1     2            0.04       0.8    1              Strong      0       N/A  1       0             

Pair interaction parameters:
Type1  Type2  A   
C      C      10  
C      S      10  
S      S      10  

Mesoscopic bead-field hybrid interaction parameters:
----------------------------------------------------

Bead-Field coupling parameters:
Bead  Field  parameter  
C     A      0          
C     B      0          
S     A      0          
S     B      0          

System Details:
---------------

Box: 64 X 64 X 1
GAUSSIANCHAIN: bcp (A20B16):  (Average number density: 0.975543)
Overall gaussian beads number density: 0.975543
SOFTCORECOLLOID: np: 256 (Bead fraction: 0.365724)
Overall Soft-core bead number density: 0.5625


Initial Explicit Charge: 0

Initial Energies:
Softcore molecules bond stretching energy: 0
Softcore molecules angle bending energy: 0
Softcore molecules torsional energy: 0
Softcore molecules non-bonded energy: 1231.21
Softcore molecules electrostatics energy: 0
Softcore molecules external potential energy: 0
Softcore molecules Potential energy: 1231.21
Softcore molecules field coupling energy: 0

Average Energies:
Softcore molecules bond stretching energy: 0
Softcore molecules angle bending energy: 0
Softcore molecules torsional energy: 0
Softcore molecules non-bonded energy: 0.921931
Softcore molecules electrostatics energy: 0
Softcore molecules external potential energy: 0
Softcore molecules Potential energy: 0.921931
Softcore molecules field coupling energy: 0

Average Explicit Charge: 0

Final Energies:
Softcore molecules bond stretching energy: 0
Softcore molecules angle bending energy: 0
Softcore molecules torsional energy: 0
Softcore molecules non-bonded energy: 0.203003
Softcore molecules electrostatics energy: 0
Softcore molecules external potential energy: 0
Softcore molecules Potential energy: 0.203003
Softcore molecules field coupling energy: 0

Final Explicit Charge: 0

Time used by 100000 calculation steps on 1 processors: 0 Hours 2 Minutes 20 Seconds.

@CulgiVersion: 6.0.0
MBF-Hybrid Simulation of box
Job Start time: Sat Apr 14 17:34:36 2012
----------------------------------------------------------------------------

Simulation Parameters:
----------------------

Field Diffusion: on
Bead Diffusion: off
Field Diffusion frequency: 1
Time step: 0.01

DDFT Engine parameters: 
Field diffusion Method: EntropyFieldDynamics
Kappa: 45
Reference density: 1

NLESolverEngine parameters, DDFT Molecular Diffusion
Strict tolerance: On
Direction optimization Method: SteepestDescent
Starting Alpha: 0.5
Reset Alpha: On
Tolerance: 0.0001
Maximum Iterations: 25000
Maximum Line Iterations: 5

Gaussian chain interaction parameters:
---------------------------------------

Bead parameters:
Type  Volume  Diffusion  Viscosity  Expansion  ExtFieldConst  ChargeType  Charge  pK   Dielec  ImplIonInter  
A     1       1          1          0.1        1              Strong      0       N/A  1       0             
B     1       1          1          0.1        1              Strong      0       N/A  1       0             

Binary interaction parameters:
Type1  Type2  Chi  ChiL  
A      B      0    0     

Mesoscopic bead-field hybrid interaction parameters:
----------------------------------------------------

Bead-Field coupling parameters:
Bead  Field  parameter  
C     A      2          
C     B      2          
S     A      2          
S     B      2          

System Details:
---------------

Box: 64 X 64 X 1
GAUSSIANCHAIN: bcp (A20B16):  (Average number density: 0.975543)
Overall gaussian beads number density: 0.975543
SOFTCORECOLLOID: np: 256 (Bead fraction: 0.365724)
Overall Soft-core bead number density: 0.5625


Initial Gaussian Chains Density Inhomogeneity: 2.38143e-14

Initial Explicit Charge: 0

Initial Energies:
Gaussian total free energy: -456.374
Gaussian ideal free energy: -511.497
Gaussian contact free energy: 0
Gaussian compressibility free energy: 55.1229
Gaussian electrostatic free energy: 0
Softcore molecules field coupling energy: 4495.3

Average Energies:
Gaussian total free energy: -311.39
Gaussian ideal free energy: -510.392
Gaussian contact free energy: 0
Gaussian compressibility free energy: 199.002
Gaussian electrostatic free energy: 0
Softcore molecules field coupling energy: 4205.36

Average Explicit Charge: 0

Average Gaussian Chains Density Inhomogeneity: 0.0198809

Final Energies:
Gaussian total free energy: -311.342
Gaussian ideal free energy: -510.392
Gaussian contact free energy: 0
Gaussian compressibility free energy: 199.05
Gaussian electrostatic free energy: 0
Softcore molecules field coupling energy: 4205.28

Final Gaussian Chains Density Inhomogeneity: 0.0198862

Iteration report, DDFT Molecular Diffusion
Number of solves: 10000
Number of function calls: 56439
Average number of iterations: 4.6439 (min 4, max 5)
Average end norm: 6.78986e-05 (min 4.72172e-05, max 9.99966e-05)


Final Explicit Charge: 0

Time used by 10000 calculation steps on 1 processors: 0 Hours 14 Minutes 7 Seconds.

@CulgiVersion: 6.0.0
MBF-Hybrid Simulation of box
Job Start time: Sat Apr 14 17:48:44 2012
----------------------------------------------------------------------------

Simulation Parameters:
----------------------

Field Diffusion: on
Bead Diffusion: on
Temperature: 0.1
Bead Diffusion frequency: 1
Field Diffusion frequency: 1
Time step: 0.01

DDFT Engine parameters: 
Field diffusion Method: EntropyFieldDynamics
Kappa: 45
Reference density: 1

NLESolverEngine parameters, DDFT Molecular Diffusion
Strict tolerance: On
Direction optimization Method: SteepestDescent
Starting Alpha: 0.5
Reset Alpha: On
Tolerance: 0.0001
Maximum Iterations: 25000
Maximum Line Iterations: 5

Gaussian chain interaction parameters:
---------------------------------------

Bead parameters:
Type  Volume  Diffusion  Viscosity  Expansion  ExtFieldConst  ChargeType  Charge  pK   Dielec  ImplIonInter  
A     1       1          1          0.1        1              Strong      0       N/A  1       0             
B     1       1          1          0.1        1              Strong      0       N/A  1       0             

Binary interaction parameters:
Type1  Type2  Chi       ChiL  
A      B      0.666667  0     

Soft core model interaction parameters:
---------------------------------------

Bead parameters:
Type  Mass  BondValence  Diffusion  Sigma  ExtFieldConst  ChargeType  Charge  pK   Dielec  ImplIonInter  
C     1     2            0.04       0.8    1              Strong      0       N/A  1       0             
S     1     2            0.04       0.8    1              Strong      0       N/A  1       0             

Pair interaction parameters:
Type1  Type2  A   
C      C      10  
C      S      10  
S      S      10  

Mesoscopic bead-field hybrid interaction parameters:
----------------------------------------------------

Bead-Field coupling parameters:
Bead  Field  parameter  
C     A      2          
C     B      4          
S     A      2          
S     B      4          

System Details:
---------------

Box: 64 X 64 X 1
GAUSSIANCHAIN: bcp (A20B16):  (Average number density: 0.975543)
Overall gaussian beads number density: 0.975543
SOFTCORECOLLOID: np: 256 (Bead fraction: 0.365724)
Overall Soft-core bead number density: 0.5625


Initial Gaussian Chains Density Inhomogeneity: 0.0198862

Initial Explicit Charge: 0

Initial Energies:
Softcore molecules bond stretching energy: 0
Softcore molecules angle bending energy: 0
Softcore molecules torsional energy: 0
Softcore molecules non-bonded energy: 0.203003
Softcore molecules electrostatics energy: 0
Softcore molecules external potential energy: 0
Softcore molecules Potential energy: 6075.31
Gaussian total free energy: 330.93
Gaussian ideal free energy: -510.392
Gaussian contact free energy: 642.272
Gaussian compressibility free energy: 199.05
Gaussian electrostatic free energy: 0
Softcore molecules field coupling energy: 6075.1

Average Energies:
Softcore molecules bond stretching energy: 0
Softcore molecules angle bending energy: 0
Softcore molecules torsional energy: 0
Softcore molecules non-bonded energy: 7.42693
Softcore molecules electrostatics energy: 0
Softcore molecules external potential energy: 0
Softcore molecules Potential energy: 4138.91
Gaussian total free energy: 272.649
Gaussian ideal free energy: -203.945
Gaussian contact free energy: 235.559
Gaussian compressibility free energy: 241.036
Gaussian electrostatic free energy: 0
Softcore molecules field coupling energy: 4131.49

Average Explicit Charge: 0

Average Gaussian Chains Density Inhomogeneity: 0.403447

Final Energies:
Softcore molecules bond stretching energy: 0
Softcore molecules angle bending energy: 0
Softcore molecules torsional energy: 0
Softcore molecules non-bonded energy: 7.381
Softcore molecules electrostatics energy: 0
Softcore molecules external potential energy: 0
Softcore molecules Potential energy: 4127.44
Gaussian total free energy: 268.198
Gaussian ideal free energy: -205.776
Gaussian contact free energy: 228.998
Gaussian compressibility free energy: 244.976
Gaussian electrostatic free energy: 0
Softcore molecules field coupling energy: 4120.06

Final Gaussian Chains Density Inhomogeneity: 0.405127

Iteration report, DDFT Molecular Diffusion
Number of solves: 1100000
Number of function calls: 9038661
Average number of iterations: 7.20727 (min 7, max 693)
Average end norm: 8.13824e-05 (min 6.27763e-07, max 0.0001)


Final Explicit Charge: 0

Plugins and corresponding results from this calculation:----------

Archive Plugin:
Archive mode: Text
Archive file name: tt11000.csa
Archive frequency: 100

Instant results Plugin:
Instant results file name: tt11000_Inst.ctf
Instant results frequency: 10

Time used by 1100000 calculation steps on 1 processors: 38 Hours 51 Minutes 42 Seconds.

