@CulgiVersion: 6.0.0
MBF-Hybrid Simulation of box
Job Start time: Fri Apr  6 15:49:21 2012
----------------------------------------------------------------------------

Simulation Parameters:
----------------------

Field Diffusion: off
Bead Diffusion: on
Temperature: 0.1
Bead Diffusion frequency: 1
Time step: 0.01

Soft core model interaction parameters:
---------------------------------------

Bead parameters:
Type  Mass  BondValence  Diffusion  Sigma  ExtFieldConst  ChargeType  Charge  pK   Dielec  ImplIonInter  
C     1     2            0.04       0.8    1              Strong      0       N/A  1       0             
S     1     2            0.04       0.8    1              Strong      0       N/A  1       0             

Pair interaction parameters:
Type1  Type2  A  
C      C      1  
C      S      1  
S      S      1  

Mesoscopic bead-field hybrid interaction parameters:
----------------------------------------------------

Bead-Field coupling parameters:
Bead  Field  parameter  
C     A      0          
C     B      0          
S     A      0          
S     B      0          

System Details:
---------------

Box: 64 X 64 X 1
GAUSSIANCHAIN: bcp (A20B16):  (Average number density: 0.929688)
Overall gaussian beads number density: 0.929688
SOFTCORECOLLOID: np: 256 (Bead fraction: 0.376963)
Overall Soft-core bead number density: 0.5625


Initial Explicit Charge: 0

Initial Energies:
Softcore molecules bond stretching energy: 0
Softcore molecules angle bending energy: 0
Softcore molecules torsional energy: 0
Softcore molecules non-bonded energy: 191.581
Softcore molecules electrostatics energy: 0
Softcore molecules external potential energy: 0
Softcore molecules Potential energy: 191.581
Softcore molecules field coupling energy: 0

Average Energies:
Softcore molecules bond stretching energy: 0
Softcore molecules angle bending energy: 0
Softcore molecules torsional energy: 0
Softcore molecules non-bonded energy: 1.54666
Softcore molecules electrostatics energy: 0
Softcore molecules external potential energy: 0
Softcore molecules Potential energy: 1.54666
Softcore molecules field coupling energy: 0

Average Explicit Charge: 0

Final Energies:
Softcore molecules bond stretching energy: 0
Softcore molecules angle bending energy: 0
Softcore molecules torsional energy: 0
Softcore molecules non-bonded energy: 0.449405
Softcore molecules electrostatics energy: 0
Softcore molecules external potential energy: 0
Softcore molecules Potential energy: 0.449405
Softcore molecules field coupling energy: 0

Final Explicit Charge: 0

Time used by 100000 calculation steps on 1 processors: 0 Hours 2 Minutes 24 Seconds.

@CulgiVersion: 6.0.0
MBF-Hybrid Simulation of box
Job Start time: Fri Apr  6 15:51:45 2012
----------------------------------------------------------------------------

Simulation Parameters:
----------------------

Field Diffusion: on
Bead Diffusion: off
Field Diffusion frequency: 1
Time step: 0.01

DDFT Engine parameters: 
Field diffusion Method: EntropyFieldDynamics
Kappa: 15
Reference density: 1

NLESolverEngine parameters, DDFT Molecular Diffusion
Strict tolerance: On
Direction optimization Method: SteepestDescent
Starting Alpha: 0.5
Reset Alpha: On
Tolerance: 0.0001
Maximum Iterations: 25000
Maximum Line Iterations: 5

Gaussian chain interaction parameters:
---------------------------------------

Bead parameters:
Type  Volume  Diffusion  Viscosity  Expansion  ExtFieldConst  ChargeType  Charge  pK   Dielec  ImplIonInter  
A     1       1          1          0.1        1              Strong      0       N/A  1       0             
B     1       1          1          0.1        1              Strong      0       N/A  1       0             

Binary interaction parameters:
Type1  Type2  Chi  ChiL  
A      B      0    0     

Mesoscopic bead-field hybrid interaction parameters:
----------------------------------------------------

Bead-Field coupling parameters:
Bead  Field  parameter  
C     A      2          
C     B      2          
S     A      2          
S     B      2          

System Details:
---------------

Box: 64 X 64 X 1
GAUSSIANCHAIN: bcp (A20B16):  (Average number density: 0.929688)
Overall gaussian beads number density: 0.929688
SOFTCORECOLLOID: np: 256 (Bead fraction: 0.376963)
Overall Soft-core bead number density: 0.5625


Initial Gaussian Chains Density Inhomogeneity: 4.00791e-14

Initial Explicit Charge: 0

Initial Energies:
Gaussian total free energy: -340.671
Gaussian ideal free energy: -492.546
Gaussian contact free energy: 0
Gaussian compressibility free energy: 151.875
Gaussian electrostatic free energy: 0
Softcore molecules field coupling energy: 4284

Average Energies:
Gaussian total free energy: 92.1774
Gaussian ideal free energy: -481.99
Gaussian contact free energy: 0
Gaussian compressibility free energy: 574.168
Gaussian electrostatic free energy: 0
Softcore molecules field coupling energy: 3416.42

Average Explicit Charge: 0

Average Gaussian Chains Density Inhomogeneity: 0.0586612

Final Energies:
Gaussian total free energy: 92.3013
Gaussian ideal free energy: -481.986
Gaussian contact free energy: 0
Gaussian compressibility free energy: 574.287
Gaussian electrostatic free energy: 0
Softcore molecules field coupling energy: 3416.17

Final Gaussian Chains Density Inhomogeneity: 0.0586726

Iteration report, DDFT Molecular Diffusion
Number of solves: 10000
Number of function calls: 56379
Average number of iterations: 4.6379 (min 4, max 8)
Average end norm: 6.81591e-05 (min 3.91188e-05, max 9.99999e-05)


Final Explicit Charge: 0

Time used by 10000 calculation steps on 1 processors: 0 Hours 13 Minutes 45 Seconds.

@CulgiVersion: 6.0.0
MBF-Hybrid Simulation of box
Job Start time: Fri Apr  6 16:05:31 2012
----------------------------------------------------------------------------

Simulation Parameters:
----------------------

Field Diffusion: on
Bead Diffusion: on
Temperature: 0.1
Bead Diffusion frequency: 1
Field Diffusion frequency: 1
Time step: 0.01

DDFT Engine parameters: 
Field diffusion Method: EntropyFieldDynamics
Kappa: 15
Reference density: 1

NLESolverEngine parameters, DDFT Molecular Diffusion
Strict tolerance: On
Direction optimization Method: SteepestDescent
Starting Alpha: 0.5
Reset Alpha: On
Tolerance: 0.0001
Maximum Iterations: 25000
Maximum Line Iterations: 5

Gaussian chain interaction parameters:
---------------------------------------

Bead parameters:
Type  Volume  Diffusion  Viscosity  Expansion  ExtFieldConst  ChargeType  Charge  pK   Dielec  ImplIonInter  
A     1       1          1          0.1        1              Strong      0       N/A  1       0             
B     1       1          1          0.1        1              Strong      0       N/A  1       0             

Binary interaction parameters:
Type1  Type2  Chi       ChiL  
A      B      0.666667  0     

Soft core model interaction parameters:
---------------------------------------

Bead parameters:
Type  Mass  BondValence  Diffusion  Sigma  ExtFieldConst  ChargeType  Charge  pK   Dielec  ImplIonInter  
C     1     2            0.04       0.8    1              Strong      0       N/A  1       0             
S     1     2            0.04       0.8    1              Strong      0       N/A  1       0             

Pair interaction parameters:
Type1  Type2  A  
C      C      1  
C      S      1  
S      S      1  

Mesoscopic bead-field hybrid interaction parameters:
----------------------------------------------------

Bead-Field coupling parameters:
Bead  Field  parameter  
C     A      2          
C     B      4          
S     A      2          
S     B      4          

System Details:
---------------

Box: 64 X 64 X 1
GAUSSIANCHAIN: bcp (A20B16):  (Average number density: 0.929688)
Overall gaussian beads number density: 0.929688
SOFTCORECOLLOID: np: 256 (Bead fraction: 0.376963)
Overall Soft-core bead number density: 0.5625


Initial Gaussian Chains Density Inhomogeneity: 0.0586726

Initial Explicit Charge: 0

Initial Energies:
Softcore molecules bond stretching energy: 0
Softcore molecules angle bending energy: 0
Softcore molecules torsional energy: 0
Softcore molecules non-bonded energy: 0.449405
Softcore molecules electrostatics energy: 0
Softcore molecules external potential energy: 0
Softcore molecules Potential energy: 4937.05
Gaussian total free energy: 680.66
Gaussian ideal free energy: -481.986
Gaussian contact free energy: 588.358
Gaussian compressibility free energy: 574.287
Gaussian electrostatic free energy: 0
Softcore molecules field coupling energy: 4936.6

Average Energies:
Softcore molecules bond stretching energy: 0
Softcore molecules angle bending energy: 0
Softcore molecules torsional energy: 0
Softcore molecules non-bonded energy: 245.178
Softcore molecules electrostatics energy: 0
Softcore molecules external potential energy: 0
Softcore molecules Potential energy: 2270.88
Gaussian total free energy: 1282.19
Gaussian ideal free energy: -217.18
Gaussian contact free energy: 245.626
Gaussian compressibility free energy: 1253.75
Gaussian electrostatic free energy: 0
Softcore molecules field coupling energy: 2025.7

Average Explicit Charge: 0

Average Gaussian Chains Density Inhomogeneity: 0.390744

Final Energies:
Softcore molecules bond stretching energy: 0
Softcore molecules angle bending energy: 0
Softcore molecules torsional energy: 0
Softcore molecules non-bonded energy: 284.438
Softcore molecules electrostatics energy: 0
Softcore molecules external potential energy: 0
Softcore molecules Potential energy: 2117.82
Gaussian total free energy: 1368.2
Gaussian ideal free energy: -218.948
Gaussian contact free energy: 240.449
Gaussian compressibility free energy: 1346.69
Gaussian electrostatic free energy: 0
Softcore molecules field coupling energy: 1833.39

Final Gaussian Chains Density Inhomogeneity: 0.394223

Iteration report, DDFT Molecular Diffusion
Number of solves: 1100000
Number of function calls: 9893058
Average number of iterations: 7.99369 (min 7, max 11)
Average end norm: 6.91697e-05 (min 4.80305e-05, max 9.99998e-05)


Final Explicit Charge: 0

Plugins and corresponding results from this calculation:----------

Archive Plugin:
Archive mode: Text
Archive file name: tt11000.csa
Archive frequency: 100

Instant results Plugin:
Instant results file name: tt11000_Inst.ctf
Instant results frequency: 10

Time used by 1100000 calculation steps on 1 processors: 43 Hours 42 Minutes 29 Seconds.

