@CulgiVersion: 5.0.1
MBF-Hybrid Simulation of box
Job Start time: Fri Sep  9 07:05:13 2011
----------------------------------------------------------------------------

Simulation Parameters:
----------------------

Field Diffusion: on
Bead Diffusion: on
Temperature: 0.1
Bead Diffusion frequency: 1
Field Diffusion frequency: 1
Time step: 0.01

DDFT Engine parameters: 
Field diffusion Method: EntropyFieldDynamics
Kappa: 15
Reference density: 1

NLESolverEngine parameters, DDFT Molecular Diffusion
Strict tolerance: On
Direction optimization Method: SteepestDescent
Starting Alpha: 0.5
Reset Alpha: On
Tolerance: 0.0001
Maximum Iterations: 25000
Maximum Line Iterations: 5

Gaussian chain interaction parameters:
---------------------------------------

Bead parameters:
Type  Volume  Diffusion  Viscosity  Expansion  ExtFieldConst  ChargeType  Charge  pK   Dielec  ImplIonInter  
A     1       1          1          0.1        1              Strong      0       N/A  1       0             
B     1       1          1          0.1        1              Strong      0       N/A  1       0             

Binary interaction parameters:
Type1  Type2  Chi       ChiL  
A      B      0.666667  0     

Soft core model interaction parameters:
---------------------------------------

Bead parameters:
Type  Mass  BondValence  Diffusion  Sigma  ExtFieldConst  ChargeType  Charge  pK   Dielec  ImplIonInter  
P     1     2            1          0.8    1              Strong      0       N/A  1       0             

Pair interaction parameters:
Type1  Type2  A   
P      P      25  

Mesoscopic bead-field hybrid interaction parameters:
----------------------------------------------------

Bead-Field coupling parameters:
Bead  Field  parameter  
P     A      16         
P     B      24         

System Details:
---------------

Box: 64 X 64 X 1
GAUSSIANCHAIN: bcp (A20B16):  (Average number density: 0.267578)
Overall gaussian beads number density: 0.267578
SOFTCOREMOLECULE: np: 3000 (Bead fraction: 0.732422)
Overall Soft-core bead number density: 0.732422

Initial Gaussian Chains Density Inhomogeneity: 1.50574e-15

Initial Explicit Charge: 0

Initial Energies:
Softcore molecules bond stretching energy: 0
Softcore molecules angle bending energy: 0
Softcore molecules torsional energy: 0
Softcore molecules non-bonded energy: 7299.01
Softcore molecules electrostatics energy: 0
Softcore molecules external potential energy: 0
Softcore molecules Potential energy: 22996.9
Gaussian total free energy: 16348.1
Gaussian ideal free energy: -179.679
Gaussian contact free energy: 48.2742
Gaussian compressibility free energy: 16479.5
Gaussian electrostatic free energy: 0
Softcore molecules field coupling energy: 15697.9

Average Energies:
Softcore molecules bond stretching energy: 0
Softcore molecules angle bending energy: 0
Softcore molecules torsional energy: 0
Softcore molecules non-bonded energy: 900.891
Softcore molecules electrostatics energy: 0
Softcore molecules external potential energy: 0
Softcore molecules Potential energy: 1528.21
Gaussian total free energy: 19816.7
Gaussian ideal free energy: -17.4582
Gaussian contact free energy: 66.9954
Gaussian compressibility free energy: 19767.2
Gaussian electrostatic free energy: 0
Softcore molecules field coupling energy: 627.318

Average Explicit Charge: 0

Average Gaussian Chains Density Inhomogeneity: 0.220322

Final Energies:
Softcore molecules bond stretching energy: 0
Softcore molecules angle bending energy: 0
Softcore molecules torsional energy: 0
Softcore molecules non-bonded energy: 870.176
Softcore molecules electrostatics energy: 0
Softcore molecules external potential energy: 0
Softcore molecules Potential energy: 1371.83
Gaussian total free energy: 19792.1
Gaussian ideal free energy: -31.4325
Gaussian contact free energy: 65.298
Gaussian compressibility free energy: 19758.2
Gaussian electrostatic free energy: 0
Softcore molecules field coupling energy: 501.658

Final Gaussian Chains Density Inhomogeneity: 0.22093

Iteration report, DDFT Molecular Diffusion
Number of solves: 1100000
Number of function calls: 12706547
Average number of iterations: 10.5487 (min 10, max 12832)
Average end norm: 7.85156e-05 (min 4.39554e-08, max 0.0001)


Final Explicit Charge: 0

Time used by 1100000 calculation steps on 8 processors: 11 Hours 15 Minutes 54 Seconds.

