@CulgiVersion: 6.0.0
MBF-Hybrid Simulation of box
Job Start time: Wed May  9 12:14:09 2012
----------------------------------------------------------------------------

Simulation Parameters:
----------------------

Field Diffusion: off
Bead Diffusion: on
Temperature: 0.1
Bead Diffusion frequency: 1
Time step: 0.01

Soft core model interaction parameters:
---------------------------------------

Bead parameters:
Type  Mass  BondValence  Diffusion  Sigma  ExtFieldConst  ChargeType  Charge  pK   Dielec  ImplIonInter  
C     1     2            0.04       0.8    1              Strong      0       N/A  1       0             
S     1     2            0.04       0.8    1              Strong      0       N/A  1       0             

Pair interaction parameters:
Type1  Type2  A   
C      C      10  
C      S      10  
S      S      10  

Mesoscopic bead-field hybrid interaction parameters:
----------------------------------------------------

Bead-Field coupling parameters:
Bead  Field  parameter  
C     A      0          
C     B      0          
S     A      0          
S     B      0          

System Details:
---------------

Box: 64 X 64 X 1
GAUSSIANCHAIN: bcp (A20B16):  (Average number density: 0.71875)
Overall gaussian beads number density: 0.71875
SOFTCORECOLLOID: np: 512 (Bead fraction: 0.610169)
Overall Soft-core bead number density: 1.125


Initial Explicit Charge: 0

Initial Energies:
Softcore molecules bond stretching energy: 0
Softcore molecules angle bending energy: 0
Softcore molecules torsional energy: 0
Softcore molecules non-bonded energy: 11.7063
Softcore molecules electrostatics energy: 0
Softcore molecules external potential energy: 0
Softcore molecules Potential energy: 11.7063
Softcore molecules field coupling energy: 0

Average Energies:
Softcore molecules bond stretching energy: 0
Softcore molecules angle bending energy: 0
Softcore molecules torsional energy: 0
Softcore molecules non-bonded energy: 11.523
Softcore molecules electrostatics energy: 0
Softcore molecules external potential energy: 0
Softcore molecules Potential energy: 11.523
Softcore molecules field coupling energy: 0

Average Explicit Charge: 0

Final Energies:
Softcore molecules bond stretching energy: 0
Softcore molecules angle bending energy: 0
Softcore molecules torsional energy: 0
Softcore molecules non-bonded energy: 11.4122
Softcore molecules electrostatics energy: 0
Softcore molecules external potential energy: 0
Softcore molecules Potential energy: 11.4122
Softcore molecules field coupling energy: 0

Final Explicit Charge: 0

Time used by 100 calculation steps on 1 processors: 0 Hours 0 Minutes 0 Seconds.

@CulgiVersion: 6.0.0
MBF-Hybrid Simulation of box
Job Start time: Wed May  9 12:14:10 2012
----------------------------------------------------------------------------

Simulation Parameters:
----------------------

Field Diffusion: on
Bead Diffusion: off
Field Diffusion frequency: 1
Time step: 0.01

DDFT Engine parameters: 
Field diffusion Method: EntropyFieldDynamics
Kappa: 15
Reference density: 1

NLESolverEngine parameters, DDFT Molecular Diffusion
Strict tolerance: On
Direction optimization Method: SteepestDescent
Starting Alpha: 0.5
Reset Alpha: On
Tolerance: 0.0001
Maximum Iterations: 25000
Maximum Line Iterations: 5

Gaussian chain interaction parameters:
---------------------------------------

Bead parameters:
Type  Volume  Diffusion  Viscosity  Expansion  ExtFieldConst  ChargeType  Charge  pK   Dielec  ImplIonInter  
A     1       1          1          0          1              Strong      0       N/A  1       0             
B     1       1          1          0          1              Strong      0       N/A  1       0             

Binary interaction parameters:
Type1  Type2  Chi  ChiL  
A      B      0    0     

Mesoscopic bead-field hybrid interaction parameters:
----------------------------------------------------

Bead-Field coupling parameters:
Bead  Field  parameter  
C     A      4          
C     B      4          
S     A      4          
S     B      4          

System Details:
---------------

Box: 64 X 64 X 1
GAUSSIANCHAIN: bcp (A20B16):  (Average number density: 0.71875)
Overall gaussian beads number density: 0.71875
SOFTCORECOLLOID: np: 512 (Bead fraction: 0.610169)
Overall Soft-core bead number density: 1.125


Initial Gaussian Chains Density Inhomogeneity: 2.22045e-14

Initial Explicit Charge: 0

Initial Energies:
Gaussian total free energy: 2028.16
Gaussian ideal free energy: -401.836
Gaussian contact free energy: 0
Gaussian compressibility free energy: 2430
Gaussian electrostatic free energy: 0
Softcore molecules field coupling energy: 13248

Average Energies:
Gaussian total free energy: 4384.93
Gaussian ideal free energy: -303.424
Gaussian contact free energy: 0
Gaussian compressibility free energy: 4688.36
Gaussian electrostatic free energy: 0
Softcore molecules field coupling energy: 8476.01

Average Explicit Charge: 0

Average Gaussian Chains Density Inhomogeneity: 0.135563

Final Energies:
Gaussian total free energy: 4386.56
Gaussian ideal free energy: -303.367
Gaussian contact free energy: 0
Gaussian compressibility free energy: 4689.93
Gaussian electrostatic free energy: 0
Softcore molecules field coupling energy: 8473.44

Final Gaussian Chains Density Inhomogeneity: 0.135617

Iteration report, DDFT Molecular Diffusion
Number of solves: 10000
Number of function calls: 20858
Average number of iterations: 1.0858 (min 1, max 10)
Average end norm: 5.01988e-06 (min 3.10862e-15, max 9.94701e-05)


Final Explicit Charge: 0

Time used by 10000 calculation steps on 1 processors: 0 Hours 7 Minutes 33 Seconds.

@CulgiVersion: 6.0.0
MBF-Hybrid Simulation of box
Job Start time: Wed May  9 12:21:44 2012
----------------------------------------------------------------------------

Simulation Parameters:
----------------------

Field Diffusion: on
Bead Diffusion: on
Temperature: 0.1
Bead Diffusion frequency: 1
Field Diffusion frequency: 1
Time step: 0.01

DDFT Engine parameters: 
Field diffusion Method: EntropyFieldDynamics
Kappa: 15
Reference density: 1

NLESolverEngine parameters, DDFT Molecular Diffusion
Strict tolerance: On
Direction optimization Method: SteepestDescent
Starting Alpha: 0.5
Reset Alpha: On
Tolerance: 0.0001
Maximum Iterations: 25000
Maximum Line Iterations: 5

Gaussian chain interaction parameters:
---------------------------------------

Bead parameters:
Type  Volume  Diffusion  Viscosity  Expansion  ExtFieldConst  ChargeType  Charge  pK   Dielec  ImplIonInter  
A     1       1          1          0          1              Strong      0       N/A  1       0             
B     1       1          1          0          1              Strong      0       N/A  1       0             

Binary interaction parameters:
Type1  Type2  Chi       ChiL  
A      B      0.666667  0     

Soft core model interaction parameters:
---------------------------------------

Bead parameters:
Type  Mass  BondValence  Diffusion  Sigma  ExtFieldConst  ChargeType  Charge  pK   Dielec  ImplIonInter  
C     1     2            0.04       0.8    1              Strong      0       N/A  1       0             
S     1     2            0.04       0.8    1              Strong      0       N/A  1       0             

Pair interaction parameters:
Type1  Type2  A   
C      C      10  
C      S      10  
S      S      10  

Mesoscopic bead-field hybrid interaction parameters:
----------------------------------------------------

Bead-Field coupling parameters:
Bead  Field  parameter  
C     A      4          
C     B      8          
S     A      4          
S     B      8          

System Details:
---------------

Box: 64 X 64 X 1
GAUSSIANCHAIN: bcp (A20B16):  (Average number density: 0.71875)
Overall gaussian beads number density: 0.71875
SOFTCORECOLLOID: np: 512 (Bead fraction: 0.610169)
Overall Soft-core bead number density: 1.125


Initial Gaussian Chains Density Inhomogeneity: 0.135617

Initial Explicit Charge: 0

Initial Energies:
Softcore molecules bond stretching energy: 0
Softcore molecules angle bending energy: 0
Softcore molecules torsional energy: 0
Softcore molecules non-bonded energy: 11.4122
Softcore molecules electrostatics energy: 0
Softcore molecules external potential energy: 0
Softcore molecules Potential energy: 12261.3
Gaussian total free energy: 4762.4
Gaussian ideal free energy: -303.367
Gaussian contact free energy: 375.838
Gaussian compressibility free energy: 4689.93
Gaussian electrostatic free energy: 0
Softcore molecules field coupling energy: 12249.9

Average Energies:
Softcore molecules bond stretching energy: 0
Softcore molecules angle bending energy: 0
Softcore molecules torsional energy: 0
Softcore molecules non-bonded energy: 117.713
Softcore molecules electrostatics energy: 0
Softcore molecules external potential energy: 0
Softcore molecules Potential energy: 7772.48
Gaussian total free energy: 5720.28
Gaussian ideal free energy: 173.05
Gaussian contact free energy: 189.753
Gaussian compressibility free energy: 5357.47
Gaussian electrostatic free energy: 0
Softcore molecules field coupling energy: 7654.76

Average Explicit Charge: 0

Average Gaussian Chains Density Inhomogeneity: 0.357164

Final Energies:
Softcore molecules bond stretching energy: 0
Softcore molecules angle bending energy: 0
Softcore molecules torsional energy: 0
Softcore molecules non-bonded energy: 207.663
Softcore molecules electrostatics energy: 0
Softcore molecules external potential energy: 0
Softcore molecules Potential energy: 7072.08
Gaussian total free energy: 5972.56
Gaussian ideal free energy: 151.269
Gaussian contact free energy: 195.284
Gaussian compressibility free energy: 5626
Gaussian electrostatic free energy: 0
Softcore molecules field coupling energy: 6864.42

Final Gaussian Chains Density Inhomogeneity: 0.360192

Iteration report, DDFT Molecular Diffusion
Number of solves: 110000
Number of function calls: 745764
Average number of iterations: 5.77785 (min 5, max 12)
Average end norm: 6.7367e-05 (min 1.71762e-05, max 0.0001)


Final Explicit Charge: 0

Plugins and corresponding results from this calculation:----------

Archive Plugin:
Archive mode: Text
Archive file name: tt1100_ts0.01.csa
Archive frequency: 100

Instant results Plugin:
Instant results file name: tt1100_ts0.01_Inst.ctf
Instant results frequency: 10

Time used by 110000 calculation steps on 1 processors: 3 Hours 42 Minutes 4 Seconds.

