@CulgiVersion: 6.0.0
MBF-Hybrid Simulation of box
Job Start time: Wed May  9 23:07:53 2012
----------------------------------------------------------------------------

Simulation Parameters:
----------------------

Field Diffusion: off
Bead Diffusion: on
Temperature: 0
Bead Diffusion frequency: 1
Time step: 0.01

Soft core model interaction parameters:
---------------------------------------

Bead parameters:
Type  Mass  BondValence  Diffusion  Sigma  ExtFieldConst  ChargeType  Charge  pK   Dielec  ImplIonInter  
C     1     2            0.04       0.8    1              Strong      0       N/A  1       0             
S     1     2            0.04       0.8    1              Strong      0       N/A  1       0             

Pair interaction parameters:
Type1  Type2  A   
C      C      10  
C      S      10  
S      S      10  

Mesoscopic bead-field hybrid interaction parameters:
----------------------------------------------------

Bead-Field coupling parameters:
Bead  Field  parameter  
C     A      0          
C     B      0          
S     A      0          
S     B      0          

System Details:
---------------

Box: 80 X 80 X 1
GAUSSIANCHAIN: bcp (A20B16):  (Average number density: 0.775)
Overall gaussian beads number density: 0.775
SOFTCORECOLLOID: np: 640 (Bead fraction: 0.537313)
Overall Soft-core bead number density: 0.9


Initial Explicit Charge: 0

Initial Energies:
Softcore molecules bond stretching energy: 0
Softcore molecules angle bending energy: 0
Softcore molecules torsional energy: 0
Softcore molecules non-bonded energy: 7017.08
Softcore molecules electrostatics energy: 0
Softcore molecules external potential energy: 0
Softcore molecules Potential energy: 7017.08
Softcore molecules field coupling energy: 0

Average Energies:
Softcore molecules bond stretching energy: 0
Softcore molecules angle bending energy: 0
Softcore molecules torsional energy: 0
Softcore molecules non-bonded energy: 18.4281
Softcore molecules electrostatics energy: 0
Softcore molecules external potential energy: 0
Softcore molecules Potential energy: 18.4281
Softcore molecules field coupling energy: 0

Average Explicit Charge: 0

Final Energies:
Softcore molecules bond stretching energy: 0
Softcore molecules angle bending energy: 0
Softcore molecules torsional energy: 0
Softcore molecules non-bonded energy: 3.84397e-05
Softcore molecules electrostatics energy: 0
Softcore molecules external potential energy: 0
Softcore molecules Potential energy: 3.84397e-05
Softcore molecules field coupling energy: 0

Final Explicit Charge: 0

Time used by 100000 calculation steps on 1 processors: 0 Hours 7 Minutes 55 Seconds.

@CulgiVersion: 6.0.0
MBF-Hybrid Simulation of box
Job Start time: Wed May  9 23:15:49 2012
----------------------------------------------------------------------------

Simulation Parameters:
----------------------

Field Diffusion: on
Bead Diffusion: off
Field Diffusion frequency: 1
Time step: 0.01

DDFT Engine parameters: 
Field diffusion Method: EntropyFieldDynamics
Kappa: 15
Reference density: 1

NLESolverEngine parameters, DDFT Molecular Diffusion
Strict tolerance: On
Direction optimization Method: SteepestDescent
Starting Alpha: 0.5
Reset Alpha: On
Tolerance: 0.0001
Maximum Iterations: 25000
Maximum Line Iterations: 5

Gaussian chain interaction parameters:
---------------------------------------

Bead parameters:
Type  Volume  Diffusion  Viscosity  Expansion  ExtFieldConst  ChargeType  Charge  pK   Dielec  ImplIonInter  
A     1       1          1          0          1              Strong      0       N/A  1       0             
B     1       1          1          0          1              Strong      0       N/A  1       0             

Binary interaction parameters:
Type1  Type2  Chi  ChiL  
A      B      0    0     

Mesoscopic bead-field hybrid interaction parameters:
----------------------------------------------------

Bead-Field coupling parameters:
Bead  Field  parameter  
C     A      4          
C     B      4          
S     A      4          
S     B      4          

System Details:
---------------

Box: 80 X 80 X 1
GAUSSIANCHAIN: bcp (A20B16):  (Average number density: 0.775)
Overall gaussian beads number density: 0.775
SOFTCORECOLLOID: np: 640 (Bead fraction: 0.537313)
Overall Soft-core bead number density: 0.9


Initial Gaussian Chains Density Inhomogeneity: 3.43892e-14

Initial Explicit Charge: 0

Initial Energies:
Gaussian total free energy: 1763.37
Gaussian ideal free energy: -666.626
Gaussian contact free energy: 0
Gaussian compressibility free energy: 2430
Gaussian electrostatic free energy: 0
Softcore molecules field coupling energy: 17856

Average Energies:
Gaussian total free energy: 5573.75
Gaussian ideal free energy: -543.18
Gaussian contact free energy: 0
Gaussian compressibility free energy: 6116.93
Gaussian electrostatic free energy: 0
Softcore molecules field coupling energy: 10146.6

Average Explicit Charge: 0

Average Gaussian Chains Density Inhomogeneity: 0.138569

Final Energies:
Gaussian total free energy: 5576.74
Gaussian ideal free energy: -543.099
Gaussian contact free energy: 0
Gaussian compressibility free energy: 6119.84
Gaussian electrostatic free energy: 0
Softcore molecules field coupling energy: 10141.9

Final Gaussian Chains Density Inhomogeneity: 0.138631

Iteration report, DDFT Molecular Diffusion
Number of solves: 10000
Number of function calls: 20880
Average number of iterations: 1.088 (min 1, max 10)
Average end norm: 5.5155e-06 (min 2.1938e-13, max 9.98754e-05)


Final Explicit Charge: 0

Time used by 10000 calculation steps on 1 processors: 0 Hours 11 Minutes 13 Seconds.

@CulgiVersion: 6.0.0
MBF-Hybrid Simulation of box
Job Start time: Wed May  9 23:27:02 2012
----------------------------------------------------------------------------

Simulation Parameters:
----------------------

Field Diffusion: on
Bead Diffusion: on
Temperature: 0
Bead Diffusion frequency: 1
Field Diffusion frequency: 1
Time step: 0.01

DDFT Engine parameters: 
Field diffusion Method: EntropyFieldDynamics
Kappa: 15
Reference density: 1

NLESolverEngine parameters, DDFT Molecular Diffusion
Strict tolerance: On
Direction optimization Method: SteepestDescent
Starting Alpha: 0.5
Reset Alpha: On
Tolerance: 0.0001
Maximum Iterations: 25000
Maximum Line Iterations: 5

Gaussian chain interaction parameters:
---------------------------------------

Bead parameters:
Type  Volume  Diffusion  Viscosity  Expansion  ExtFieldConst  ChargeType  Charge  pK   Dielec  ImplIonInter  
A     1       1          1          0          1              Strong      0       N/A  1       0             
B     1       1          1          0          1              Strong      0       N/A  1       0             

Binary interaction parameters:
Type1  Type2  Chi       ChiL  
A      B      0.666667  0     

Soft core model interaction parameters:
---------------------------------------

Bead parameters:
Type  Mass  BondValence  Diffusion  Sigma  ExtFieldConst  ChargeType  Charge  pK   Dielec  ImplIonInter  
C     1     2            0.04       0.8    1              Strong      0       N/A  1       0             
S     1     2            0.04       0.8    1              Strong      0       N/A  1       0             

Pair interaction parameters:
Type1  Type2  A   
C      C      10  
C      S      10  
S      S      10  

Mesoscopic bead-field hybrid interaction parameters:
----------------------------------------------------

Bead-Field coupling parameters:
Bead  Field  parameter  
C     A      4          
C     B      8          
S     A      4          
S     B      8          

System Details:
---------------

Box: 80 X 80 X 1
GAUSSIANCHAIN: bcp (A20B16):  (Average number density: 0.775)
Overall gaussian beads number density: 0.775
SOFTCORECOLLOID: np: 640 (Bead fraction: 0.537313)
Overall Soft-core bead number density: 0.9


Initial Gaussian Chains Density Inhomogeneity: 0.138631

Initial Explicit Charge: 0

Initial Energies:
Softcore molecules bond stretching energy: 0
Softcore molecules angle bending energy: 0
Softcore molecules torsional energy: 0
Softcore molecules non-bonded energy: 3.84397e-05
Softcore molecules electrostatics energy: 0
Softcore molecules external potential energy: 0
Softcore molecules Potential energy: 14668.7
Gaussian total free energy: 6261.75
Gaussian ideal free energy: -543.099
Gaussian contact free energy: 685.007
Gaussian compressibility free energy: 6119.84
Gaussian electrostatic free energy: 0
Softcore molecules field coupling energy: 14668.7

Average Energies:
Softcore molecules bond stretching energy: 0
Softcore molecules angle bending energy: 0
Softcore molecules torsional energy: 0
Softcore molecules non-bonded energy: 400.479
Softcore molecules electrostatics energy: 0
Softcore molecules external potential energy: 0
Softcore molecules Potential energy: 7632.94
Gaussian total free energy: 7823.31
Gaussian ideal free energy: 30.1029
Gaussian contact free energy: 352.952
Gaussian compressibility free energy: 7440.25
Gaussian electrostatic free energy: 0
Softcore molecules field coupling energy: 7232.46

Average Explicit Charge: 0

Average Gaussian Chains Density Inhomogeneity: 0.367722

Final Energies:
Softcore molecules bond stretching energy: 0
Softcore molecules angle bending energy: 0
Softcore molecules torsional energy: 0
Softcore molecules non-bonded energy: 472.192
Softcore molecules electrostatics energy: 0
Softcore molecules external potential energy: 0
Softcore molecules Potential energy: 7031.85
Gaussian total free energy: 8041.02
Gaussian ideal free energy: 1.16166
Gaussian contact free energy: 355.189
Gaussian compressibility free energy: 7684.67
Gaussian electrostatic free energy: 0
Softcore molecules field coupling energy: 6559.66

Final Gaussian Chains Density Inhomogeneity: 0.369241

Iteration report, DDFT Molecular Diffusion
Number of solves: 110000
Number of function calls: 616343
Average number of iterations: 4.60275 (min 3, max 12)
Average end norm: 7.16674e-05 (min 3.58773e-05, max 0.0001)


Final Explicit Charge: 0

Plugins and corresponding results from this calculation:----------

Archive Plugin:
Archive mode: Text
Archive file name: tt1100_ts0.01.csa
Archive frequency: 100

Instant results Plugin:
Instant results file name: tt1100_ts0.01_Inst.ctf
Instant results frequency: 10

Time used by 110000 calculation steps on 1 processors: 4 Hours 45 Minutes 46 Seconds.

